2024-03-20T09:01:02.806+09:00  INFO 6676 --- [sboard] [restartedMain] kr.co.sboard.SboardApplication           : Starting SboardApplication using Java 17.0.9 with PID 6676 (C:\Users\java\Desktop\Workspace\Spring\sboard\build\classes\java\main started by java in C:\Users\java\Desktop\Workspace\Spring\sboard)
2024-03-20T09:01:02.809+09:00  INFO 6676 --- [sboard] [restartedMain] kr.co.sboard.SboardApplication           : No active profile set, falling back to 1 default profile: "default"
2024-03-20T09:01:02.937+09:00  INFO 6676 --- [sboard] [restartedMain] .e.DevToolsPropertyDefaultsPostProcessor : Devtools property defaults active! Set 'spring.devtools.add-properties' to 'false' to disable
2024-03-20T09:01:02.937+09:00  INFO 6676 --- [sboard] [restartedMain] .e.DevToolsPropertyDefaultsPostProcessor : For additional web related logging consider setting the 'logging.level.web' property to 'DEBUG'
2024-03-20T09:01:03.358+09:00  INFO 6676 --- [sboard] [restartedMain] .s.d.r.c.RepositoryConfigurationDelegate : Bootstrapping Spring Data JPA repositories in DEFAULT mode.
2024-03-20T09:01:03.386+09:00  INFO 6676 --- [sboard] [restartedMain] .s.d.r.c.RepositoryConfigurationDelegate : Finished Spring Data repository scanning in 23 ms. Found 3 JPA repository interfaces.
2024-03-20T09:01:03.719+09:00  INFO 6676 --- [sboard] [restartedMain] o.s.b.w.embedded.tomcat.TomcatWebServer  : Tomcat initialized with port 8080 (http)
2024-03-20T09:01:03.726+09:00  INFO 6676 --- [sboard] [restartedMain] o.apache.catalina.core.StandardService   : Starting service [Tomcat]
2024-03-20T09:01:03.727+09:00  INFO 6676 --- [sboard] [restartedMain] o.apache.catalina.core.StandardEngine    : Starting Servlet engine: [Apache Tomcat/10.1.19]
2024-03-20T09:01:03.755+09:00  INFO 6676 --- [sboard] [restartedMain] o.a.c.c.C.[.[localhost].[/sboard]        : Initializing Spring embedded WebApplicationContext
2024-03-20T09:01:03.755+09:00  INFO 6676 --- [sboard] [restartedMain] w.s.c.ServletWebServerApplicationContext : Root WebApplicationContext: initialization completed in 818 ms
2024-03-20T09:01:03.863+09:00  INFO 6676 --- [sboard] [restartedMain] o.hibernate.jpa.internal.util.LogHelper  : HHH000204: Processing PersistenceUnitInfo [name: default]
2024-03-20T09:01:03.900+09:00  INFO 6676 --- [sboard] [restartedMain] org.hibernate.Version                    : HHH000412: Hibernate ORM core version 6.4.4.Final
2024-03-20T09:01:03.920+09:00  INFO 6676 --- [sboard] [restartedMain] o.h.c.internal.RegionFactoryInitiator    : HHH000026: Second-level cache disabled
2024-03-20T09:01:04.082+09:00  INFO 6676 --- [sboard] [restartedMain] o.s.o.j.p.SpringPersistenceUnitInfo      : No LoadTimeWeaver setup: ignoring JPA class transformer
2024-03-20T09:01:04.099+09:00  INFO 6676 --- [sboard] [restartedMain] com.zaxxer.hikari.HikariDataSource       : HikariPool-1 - Starting...
2024-03-20T09:01:04.286+09:00  INFO 6676 --- [sboard] [restartedMain] com.zaxxer.hikari.pool.HikariPool        : HikariPool-1 - Added connection com.mysql.cj.jdbc.ConnectionImpl@478d6bbd
2024-03-20T09:01:04.287+09:00  INFO 6676 --- [sboard] [restartedMain] com.zaxxer.hikari.HikariDataSource       : HikariPool-1 - Start completed.
2024-03-20T09:01:04.321+09:00  WARN 6676 --- [sboard] [restartedMain] org.hibernate.orm.deprecation            : HHH90000025: MySQLDialect does not need to be specified explicitly using 'hibernate.dialect' (remove the property setting and it will be selected by default)
2024-03-20T09:01:05.035+09:00  INFO 6676 --- [sboard] [restartedMain] o.h.e.t.j.p.i.JtaPlatformInitiator       : HHH000489: No JTA platform available (set 'hibernate.transaction.jta.platform' to enable JTA platform integration)
2024-03-20T09:01:05.071+09:00  INFO 6676 --- [sboard] [restartedMain] j.LocalContainerEntityManagerFactoryBean : Initialized JPA EntityManagerFactory for persistence unit 'default'
2024-03-20T09:01:05.413+09:00  WARN 6676 --- [sboard] [restartedMain] JpaBaseConfiguration$JpaWebConfiguration : spring.jpa.open-in-view is enabled by default. Therefore, database queries may be performed during view rendering. Explicitly configure spring.jpa.open-in-view to disable this warning
2024-03-20T09:01:05.501+09:00  INFO 6676 --- [sboard] [restartedMain] o.s.b.a.w.s.WelcomePageHandlerMapping    : Adding welcome page template: index
2024-03-20T09:01:05.622+09:00  INFO 6676 --- [sboard] [restartedMain] o.s.s.web.DefaultSecurityFilterChain     : Will secure any request with [org.springframework.security.web.session.DisableEncodeUrlFilter@2ac6e55b, org.springframework.security.web.context.request.async.WebAsyncManagerIntegrationFilter@5219b270, org.springframework.security.web.context.SecurityContextHolderFilter@b1b0168, org.springframework.security.web.header.HeaderWriterFilter@31928f3, org.springframework.web.filter.CorsFilter@2e69bda8, org.springframework.security.web.authentication.logout.LogoutFilter@51b8a203, org.springframework.security.web.authentication.UsernamePasswordAuthenticationFilter@76e6e341, org.springframework.security.web.savedrequest.RequestCacheAwareFilter@386ec767, org.springframework.security.web.servletapi.SecurityContextHolderAwareRequestFilter@46ff20c6, org.springframework.security.web.authentication.AnonymousAuthenticationFilter@4ed390e4, org.springframework.security.web.access.ExceptionTranslationFilter@645fe0e6, org.springframework.security.web.access.intercept.AuthorizationFilter@20f4506]
2024-03-20T09:01:05.796+09:00  INFO 6676 --- [sboard] [restartedMain] o.s.b.d.a.OptionalLiveReloadServer       : LiveReload server is running on port 35729
2024-03-20T09:01:05.818+09:00  INFO 6676 --- [sboard] [restartedMain] o.s.b.w.embedded.tomcat.TomcatWebServer  : Tomcat started on port 8080 (http) with context path '/sboard'
2024-03-20T09:01:05.823+09:00  INFO 6676 --- [sboard] [restartedMain] kr.co.sboard.SboardApplication           : Started SboardApplication in 3.274 seconds (process running for 3.677)
2024-03-20T09:01:05.942+09:00  INFO 6676 --- [sboard] [http-nio-8080-exec-1] o.a.c.c.C.[.[localhost].[/sboard]        : Initializing Spring DispatcherServlet 'dispatcherServlet'
2024-03-20T09:01:05.942+09:00  INFO 6676 --- [sboard] [http-nio-8080-exec-1] o.s.web.servlet.DispatcherServlet        : Initializing Servlet 'dispatcherServlet'
2024-03-20T09:01:05.943+09:00  INFO 6676 --- [sboard] [http-nio-8080-exec-1] o.s.web.servlet.DispatcherServlet        : Completed initialization in 1 ms
2024-03-20T09:01:06.278+09:00  WARN 6676 --- [sboard] [http-nio-8080-exec-1] n.n.u.t.e.ExpressionProcessor            : Fragment expression "/layout/userLayout.html" is being wrapped as a Thymeleaf 3 fragment expression (~{...}) for backwards compatibility purposes.  This wrapping will be dropped in the next major version of the expression processor, so please rewrite as a Thymeleaf 3 fragment expression to future-proof your code.  See https://github.com/thymeleaf/thymeleaf/issues/451 for more information.
2024-03-20T09:01:16.409+09:00  INFO 6676 --- [sboard] [http-nio-8080-exec-8] kr.co.sboard.controller.MainController   : appVersion : 0.0.1-SNAPSHOT
2024-03-20T09:01:16.413+09:00  WARN 6676 --- [sboard] [http-nio-8080-exec-8] n.n.u.t.e.ExpressionProcessor            : Fragment expression "/layout/defaultLayout.html" is being wrapped as a Thymeleaf 3 fragment expression (~{...}) for backwards compatibility purposes.  This wrapping will be dropped in the next major version of the expression processor, so please rewrite as a Thymeleaf 3 fragment expression to future-proof your code.  See https://github.com/thymeleaf/thymeleaf/issues/451 for more information.
2024-03-20T09:01:33.958+09:00  INFO 6676 --- [sboard] [http-nio-8080-exec-4] kr.co.sboard.controller.MainController   : appVersion : 0.0.1-SNAPSHOT
2024-03-20T09:01:51.366+09:00  INFO 6676 --- [sboard] [http-nio-8080-exec-5] kr.co.sboard.controller.MainController   : appVersion : 0.0.1-SNAPSHOT
2024-03-20T09:15:44.267+09:00  INFO 6676 --- [sboard] [File Watcher] rtingClassPathChangeChangedEventListener : Restarting due to 5 class path changes (0 additions, 4 deletions, 1 modification)
2024-03-20T09:15:44.281+09:00  INFO 6676 --- [sboard] [Thread-5] j.LocalContainerEntityManagerFactoryBean : Closing JPA EntityManagerFactory for persistence unit 'default'
2024-03-20T09:15:44.287+09:00  INFO 6676 --- [sboard] [Thread-5] com.zaxxer.hikari.HikariDataSource       : HikariPool-1 - Shutdown initiated...
2024-03-20T09:15:44.295+09:00  INFO 6676 --- [sboard] [Thread-5] com.zaxxer.hikari.HikariDataSource       : HikariPool-1 - Shutdown completed.
2024-03-20T09:15:44.380+09:00  INFO 6676 --- [sboard] [restartedMain] kr.co.sboard.SboardApplication           : Starting SboardApplication using Java 17.0.9 with PID 6676 (C:\Users\java\Desktop\Workspace\Spring\sboard\build\classes\java\main started by java in C:\Users\java\Desktop\Workspace\Spring\sboard)
2024-03-20T09:15:44.380+09:00  INFO 6676 --- [sboard] [restartedMain] kr.co.sboard.SboardApplication           : No active profile set, falling back to 1 default profile: "default"
2024-03-20T09:15:44.542+09:00  INFO 6676 --- [sboard] [restartedMain] .s.d.r.c.RepositoryConfigurationDelegate : Bootstrapping Spring Data JPA repositories in DEFAULT mode.
2024-03-20T09:15:44.550+09:00  INFO 6676 --- [sboard] [restartedMain] .s.d.r.c.RepositoryConfigurationDelegate : Finished Spring Data repository scanning in 7 ms. Found 3 JPA repository interfaces.
2024-03-20T09:15:44.612+09:00  INFO 6676 --- [sboard] [restartedMain] o.s.b.w.embedded.tomcat.TomcatWebServer  : Tomcat initialized with port 8080 (http)
2024-03-20T09:15:44.613+09:00  INFO 6676 --- [sboard] [restartedMain] o.apache.catalina.core.StandardService   : Starting service [Tomcat]
2024-03-20T09:15:44.613+09:00  INFO 6676 --- [sboard] [restartedMain] o.apache.catalina.core.StandardEngine    : Starting Servlet engine: [Apache Tomcat/10.1.19]
2024-03-20T09:15:44.621+09:00  INFO 6676 --- [sboard] [restartedMain] o.a.c.c.C.[.[localhost].[/sboard]        : Initializing Spring embedded WebApplicationContext
2024-03-20T09:15:44.621+09:00  INFO 6676 --- [sboard] [restartedMain] w.s.c.ServletWebServerApplicationContext : Root WebApplicationContext: initialization completed in 238 ms
2024-03-20T09:15:44.630+09:00  WARN 6676 --- [sboard] [restartedMain] o.a.c.c.C.[.[localhost].[/sboard]        : Cannot deserialize session attribute [SPRING_SECURITY_CONTEXT] for session [393BE0BA4572A9107B909E876910C730]
2024-03-20T09:15:44.644+09:00  INFO 6676 --- [sboard] [restartedMain] o.hibernate.jpa.internal.util.LogHelper  : HHH000204: Processing PersistenceUnitInfo [name: default]
2024-03-20T09:15:44.646+09:00  INFO 6676 --- [sboard] [restartedMain] o.h.c.internal.RegionFactoryInitiator    : HHH000026: Second-level cache disabled
2024-03-20T09:15:44.650+09:00  INFO 6676 --- [sboard] [restartedMain] o.s.o.j.p.SpringPersistenceUnitInfo      : No LoadTimeWeaver setup: ignoring JPA class transformer
2024-03-20T09:15:44.650+09:00  INFO 6676 --- [sboard] [restartedMain] com.zaxxer.hikari.HikariDataSource       : HikariPool-2 - Starting...
2024-03-20T09:15:44.657+09:00  INFO 6676 --- [sboard] [restartedMain] com.zaxxer.hikari.pool.HikariPool        : HikariPool-2 - Added connection com.mysql.cj.jdbc.ConnectionImpl@4fdf0327
2024-03-20T09:15:44.657+09:00  INFO 6676 --- [sboard] [restartedMain] com.zaxxer.hikari.HikariDataSource       : HikariPool-2 - Start completed.
2024-03-20T09:15:44.658+09:00  WARN 6676 --- [sboard] [restartedMain] org.hibernate.orm.deprecation            : HHH90000025: MySQLDialect does not need to be specified explicitly using 'hibernate.dialect' (remove the property setting and it will be selected by default)
2024-03-20T09:15:44.686+09:00  INFO 6676 --- [sboard] [restartedMain] o.h.e.t.j.p.i.JtaPlatformInitiator       : HHH000489: No JTA platform available (set 'hibernate.transaction.jta.platform' to enable JTA platform integration)
2024-03-20T09:15:44.691+09:00  INFO 6676 --- [sboard] [restartedMain] j.LocalContainerEntityManagerFactoryBean : Initialized JPA EntityManagerFactory for persistence unit 'default'
2024-03-20T09:15:44.717+09:00  WARN 6676 --- [sboard] [restartedMain] ConfigServletWebServerApplicationContext : Exception encountered during context initialization - cancelling refresh attempt: org.springframework.beans.factory.UnsatisfiedDependencyException: Error creating bean with name 'articleController' defined in file [C:\Users\java\Desktop\Workspace\Spring\sboard\build\classes\java\main\kr\co\sboard\controller\ArticleController.class]: Unsatisfied dependency expressed through constructor parameter 0: Error creating bean with name 'articleService': Injection of autowired dependencies failed
2024-03-20T09:15:44.717+09:00  INFO 6676 --- [sboard] [restartedMain] j.LocalContainerEntityManagerFactoryBean : Closing JPA EntityManagerFactory for persistence unit 'default'
2024-03-20T09:15:44.717+09:00  INFO 6676 --- [sboard] [restartedMain] com.zaxxer.hikari.HikariDataSource       : HikariPool-2 - Shutdown initiated...
2024-03-20T09:15:44.718+09:00  INFO 6676 --- [sboard] [restartedMain] com.zaxxer.hikari.HikariDataSource       : HikariPool-2 - Shutdown completed.
2024-03-20T09:15:44.718+09:00  INFO 6676 --- [sboard] [restartedMain] o.apache.catalina.core.StandardService   : Stopping service [Tomcat]
2024-03-20T09:15:44.721+09:00  INFO 6676 --- [sboard] [restartedMain] .s.b.a.l.ConditionEvaluationReportLogger : 

Error starting ApplicationContext. To display the condition evaluation report re-run your application with 'debug' enabled.
2024-03-20T09:15:44.734+09:00 ERROR 6676 --- [sboard] [restartedMain] o.s.boot.SpringApplication               : Application run failed

org.springframework.beans.factory.UnsatisfiedDependencyException: Error creating bean with name 'articleController' defined in file [C:\Users\java\Desktop\Workspace\Spring\sboard\build\classes\java\main\kr\co\sboard\controller\ArticleController.class]: Unsatisfied dependency expressed through constructor parameter 0: Error creating bean with name 'articleService': Injection of autowired dependencies failed
	at org.springframework.beans.factory.support.ConstructorResolver.createArgumentArray(ConstructorResolver.java:798) ~[spring-beans-6.1.4.jar:6.1.4]
	at org.springframework.beans.factory.support.ConstructorResolver.autowireConstructor(ConstructorResolver.java:237) ~[spring-beans-6.1.4.jar:6.1.4]
	at org.springframework.beans.factory.support.AbstractAutowireCapableBeanFactory.autowireConstructor(AbstractAutowireCapableBeanFactory.java:1355) ~[spring-beans-6.1.4.jar:6.1.4]
	at org.springframework.beans.factory.support.AbstractAutowireCapableBeanFactory.createBeanInstance(AbstractAutowireCapableBeanFactory.java:1192) ~[spring-beans-6.1.4.jar:6.1.4]
	at org.springframework.beans.factory.support.AbstractAutowireCapableBeanFactory.doCreateBean(AbstractAutowireCapableBeanFactory.java:562) ~[spring-beans-6.1.4.jar:6.1.4]
	at org.springframework.beans.factory.support.AbstractAutowireCapableBeanFactory.createBean(AbstractAutowireCapableBeanFactory.java:522) ~[spring-beans-6.1.4.jar:6.1.4]
	at org.springframework.beans.factory.support.AbstractBeanFactory.lambda$doGetBean$0(AbstractBeanFactory.java:325) ~[spring-beans-6.1.4.jar:6.1.4]
	at org.springframework.beans.factory.support.DefaultSingletonBeanRegistry.getSingleton(DefaultSingletonBeanRegistry.java:234) ~[spring-beans-6.1.4.jar:6.1.4]
	at org.springframework.beans.factory.support.AbstractBeanFactory.doGetBean(AbstractBeanFactory.java:323) ~[spring-beans-6.1.4.jar:6.1.4]
	at org.springframework.beans.factory.support.AbstractBeanFactory.getBean(AbstractBeanFactory.java:199) ~[spring-beans-6.1.4.jar:6.1.4]
	at org.springframework.beans.factory.support.DefaultListableBeanFactory.preInstantiateSingletons(DefaultListableBeanFactory.java:975) ~[spring-beans-6.1.4.jar:6.1.4]
	at org.springframework.context.support.AbstractApplicationContext.finishBeanFactoryInitialization(AbstractApplicationContext.java:959) ~[spring-context-6.1.4.jar:6.1.4]
	at org.springframework.context.support.AbstractApplicationContext.refresh(AbstractApplicationContext.java:624) ~[spring-context-6.1.4.jar:6.1.4]
	at org.springframework.boot.web.servlet.context.ServletWebServerApplicationContext.refresh(ServletWebServerApplicationContext.java:146) ~[spring-boot-3.2.3.jar:3.2.3]
	at org.springframework.boot.SpringApplication.refresh(SpringApplication.java:754) ~[spring-boot-3.2.3.jar:3.2.3]
	at org.springframework.boot.SpringApplication.refreshContext(SpringApplication.java:456) ~[spring-boot-3.2.3.jar:3.2.3]
	at org.springframework.boot.SpringApplication.run(SpringApplication.java:334) ~[spring-boot-3.2.3.jar:3.2.3]
	at org.springframework.boot.SpringApplication.run(SpringApplication.java:1354) ~[spring-boot-3.2.3.jar:3.2.3]
	at org.springframework.boot.SpringApplication.run(SpringApplication.java:1343) ~[spring-boot-3.2.3.jar:3.2.3]
	at kr.co.sboard.SboardApplication.main(SboardApplication.java:10) ~[main/:na]
	at java.base/jdk.internal.reflect.NativeMethodAccessorImpl.invoke0(Native Method) ~[na:na]
	at java.base/jdk.internal.reflect.NativeMethodAccessorImpl.invoke(NativeMethodAccessorImpl.java:77) ~[na:na]
	at java.base/jdk.internal.reflect.DelegatingMethodAccessorImpl.invoke(DelegatingMethodAccessorImpl.java:43) ~[na:na]
	at java.base/java.lang.reflect.Method.invoke(Method.java:568) ~[na:na]
	at org.springframework.boot.devtools.restart.RestartLauncher.run(RestartLauncher.java:50) ~[spring-boot-devtools-3.2.3.jar:3.2.3]
Caused by: org.springframework.beans.factory.BeanCreationException: Error creating bean with name 'articleService': Injection of autowired dependencies failed
	at org.springframework.beans.factory.annotation.AutowiredAnnotationBeanPostProcessor.postProcessProperties(AutowiredAnnotationBeanPostProcessor.java:514) ~[spring-beans-6.1.4.jar:6.1.4]
	at org.springframework.beans.factory.support.AbstractAutowireCapableBeanFactory.populateBean(AbstractAutowireCapableBeanFactory.java:1419) ~[spring-beans-6.1.4.jar:6.1.4]
	at org.springframework.beans.factory.support.AbstractAutowireCapableBeanFactory.doCreateBean(AbstractAutowireCapableBeanFactory.java:599) ~[spring-beans-6.1.4.jar:6.1.4]
	at org.springframework.beans.factory.support.AbstractAutowireCapableBeanFactory.createBean(AbstractAutowireCapableBeanFactory.java:522) ~[spring-beans-6.1.4.jar:6.1.4]
	at org.springframework.beans.factory.support.AbstractBeanFactory.lambda$doGetBean$0(AbstractBeanFactory.java:325) ~[spring-beans-6.1.4.jar:6.1.4]
	at org.springframework.beans.factory.support.DefaultSingletonBeanRegistry.getSingleton(DefaultSingletonBeanRegistry.java:234) ~[spring-beans-6.1.4.jar:6.1.4]
	at org.springframework.beans.factory.support.AbstractBeanFactory.doGetBean(AbstractBeanFactory.java:323) ~[spring-beans-6.1.4.jar:6.1.4]
	at org.springframework.beans.factory.support.AbstractBeanFactory.getBean(AbstractBeanFactory.java:199) ~[spring-beans-6.1.4.jar:6.1.4]
	at org.springframework.beans.factory.config.DependencyDescriptor.resolveCandidate(DependencyDescriptor.java:254) ~[spring-beans-6.1.4.jar:6.1.4]
	at org.springframework.beans.factory.support.DefaultListableBeanFactory.doResolveDependency(DefaultListableBeanFactory.java:1443) ~[spring-beans-6.1.4.jar:6.1.4]
	at org.springframework.beans.factory.support.DefaultListableBeanFactory.resolveDependency(DefaultListableBeanFactory.java:1353) ~[spring-beans-6.1.4.jar:6.1.4]
	at org.springframework.beans.factory.support.ConstructorResolver.resolveAutowiredArgument(ConstructorResolver.java:907) ~[spring-beans-6.1.4.jar:6.1.4]
	at org.springframework.beans.factory.support.ConstructorResolver.createArgumentArray(ConstructorResolver.java:785) ~[spring-beans-6.1.4.jar:6.1.4]
	... 24 common frames omitted
Caused by: java.lang.IllegalArgumentException: Could not resolve placeholder 'file.upload.path' in value "${file.upload.path}"
	at org.springframework.util.PropertyPlaceholderHelper.parseStringValue(PropertyPlaceholderHelper.java:180) ~[spring-core-6.1.4.jar:6.1.4]
	at org.springframework.util.PropertyPlaceholderHelper.replacePlaceholders(PropertyPlaceholderHelper.java:126) ~[spring-core-6.1.4.jar:6.1.4]
	at org.springframework.core.env.AbstractPropertyResolver.doResolvePlaceholders(AbstractPropertyResolver.java:239) ~[spring-core-6.1.4.jar:6.1.4]
	at org.springframework.core.env.AbstractPropertyResolver.resolveRequiredPlaceholders(AbstractPropertyResolver.java:210) ~[spring-core-6.1.4.jar:6.1.4]
	at org.springframework.context.support.PropertySourcesPlaceholderConfigurer.lambda$processProperties$0(PropertySourcesPlaceholderConfigurer.java:200) ~[spring-context-6.1.4.jar:6.1.4]
	at org.springframework.beans.factory.support.AbstractBeanFactory.resolveEmbeddedValue(AbstractBeanFactory.java:921) ~[spring-beans-6.1.4.jar:6.1.4]
	at org.springframework.beans.factory.support.DefaultListableBeanFactory.doResolveDependency(DefaultListableBeanFactory.java:1374) ~[spring-beans-6.1.4.jar:6.1.4]
	at org.springframework.beans.factory.support.DefaultListableBeanFactory.resolveDependency(DefaultListableBeanFactory.java:1353) ~[spring-beans-6.1.4.jar:6.1.4]
	at org.springframework.beans.factory.annotation.AutowiredAnnotationBeanPostProcessor$AutowiredFieldElement.resolveFieldValue(AutowiredAnnotationBeanPostProcessor.java:784) ~[spring-beans-6.1.4.jar:6.1.4]
	at org.springframework.beans.factory.annotation.AutowiredAnnotationBeanPostProcessor$AutowiredFieldElement.inject(AutowiredAnnotationBeanPostProcessor.java:767) ~[spring-beans-6.1.4.jar:6.1.4]
	at org.springframework.beans.factory.annotation.InjectionMetadata.inject(InjectionMetadata.java:145) ~[spring-beans-6.1.4.jar:6.1.4]
	at org.springframework.beans.factory.annotation.AutowiredAnnotationBeanPostProcessor.postProcessProperties(AutowiredAnnotationBeanPostProcessor.java:508) ~[spring-beans-6.1.4.jar:6.1.4]
	... 36 common frames omitted

2024-03-20T09:15:46.217+09:00  INFO 6676 --- [sboard] [restartedMain] kr.co.sboard.SboardApplication           : Starting SboardApplication using Java 17.0.9 with PID 6676 (C:\Users\java\Desktop\Workspace\Spring\sboard\build\classes\java\main started by java in C:\Users\java\Desktop\Workspace\Spring\sboard)
2024-03-20T09:15:46.217+09:00  INFO 6676 --- [sboard] [restartedMain] kr.co.sboard.SboardApplication           : No active profile set, falling back to 1 default profile: "default"
2024-03-20T09:15:46.306+09:00  INFO 6676 --- [sboard] [restartedMain] .s.d.r.c.RepositoryConfigurationDelegate : Bootstrapping Spring Data JPA repositories in DEFAULT mode.
2024-03-20T09:15:46.311+09:00  INFO 6676 --- [sboard] [restartedMain] .s.d.r.c.RepositoryConfigurationDelegate : Finished Spring Data repository scanning in 4 ms. Found 3 JPA repository interfaces.
2024-03-20T09:15:46.357+09:00  INFO 6676 --- [sboard] [restartedMain] o.s.b.w.embedded.tomcat.TomcatWebServer  : Tomcat initialized with port 8080 (http)
2024-03-20T09:15:46.358+09:00  INFO 6676 --- [sboard] [restartedMain] o.apache.catalina.core.StandardService   : Starting service [Tomcat]
2024-03-20T09:15:46.358+09:00  INFO 6676 --- [sboard] [restartedMain] o.apache.catalina.core.StandardEngine    : Starting Servlet engine: [Apache Tomcat/10.1.19]
2024-03-20T09:15:46.367+09:00  INFO 6676 --- [sboard] [restartedMain] o.a.c.c.C.[.[localhost].[/sboard]        : Initializing Spring embedded WebApplicationContext
2024-03-20T09:15:46.367+09:00  INFO 6676 --- [sboard] [restartedMain] w.s.c.ServletWebServerApplicationContext : Root WebApplicationContext: initialization completed in 149 ms
2024-03-20T09:15:46.382+09:00  INFO 6676 --- [sboard] [restartedMain] o.hibernate.jpa.internal.util.LogHelper  : HHH000204: Processing PersistenceUnitInfo [name: default]
2024-03-20T09:15:46.384+09:00  INFO 6676 --- [sboard] [restartedMain] o.h.c.internal.RegionFactoryInitiator    : HHH000026: Second-level cache disabled
2024-03-20T09:15:46.387+09:00  INFO 6676 --- [sboard] [restartedMain] o.s.o.j.p.SpringPersistenceUnitInfo      : No LoadTimeWeaver setup: ignoring JPA class transformer
2024-03-20T09:15:46.387+09:00  INFO 6676 --- [sboard] [restartedMain] com.zaxxer.hikari.HikariDataSource       : HikariPool-3 - Starting...
2024-03-20T09:15:46.393+09:00  INFO 6676 --- [sboard] [restartedMain] com.zaxxer.hikari.pool.HikariPool        : HikariPool-3 - Added connection com.mysql.cj.jdbc.ConnectionImpl@2d094e6c
2024-03-20T09:15:46.393+09:00  INFO 6676 --- [sboard] [restartedMain] com.zaxxer.hikari.HikariDataSource       : HikariPool-3 - Start completed.
2024-03-20T09:15:46.394+09:00  WARN 6676 --- [sboard] [restartedMain] org.hibernate.orm.deprecation            : HHH90000025: MySQLDialect does not need to be specified explicitly using 'hibernate.dialect' (remove the property setting and it will be selected by default)
2024-03-20T09:15:46.420+09:00  INFO 6676 --- [sboard] [restartedMain] o.h.e.t.j.p.i.JtaPlatformInitiator       : HHH000489: No JTA platform available (set 'hibernate.transaction.jta.platform' to enable JTA platform integration)
2024-03-20T09:15:46.425+09:00  INFO 6676 --- [sboard] [restartedMain] j.LocalContainerEntityManagerFactoryBean : Initialized JPA EntityManagerFactory for persistence unit 'default'
2024-03-20T09:15:46.484+09:00  WARN 6676 --- [sboard] [restartedMain] JpaBaseConfiguration$JpaWebConfiguration : spring.jpa.open-in-view is enabled by default. Therefore, database queries may be performed during view rendering. Explicitly configure spring.jpa.open-in-view to disable this warning
2024-03-20T09:15:46.494+09:00  INFO 6676 --- [sboard] [restartedMain] o.s.b.a.w.s.WelcomePageHandlerMapping    : Adding welcome page template: index
2024-03-20T09:15:46.532+09:00  INFO 6676 --- [sboard] [restartedMain] o.s.s.web.DefaultSecurityFilterChain     : Will secure any request with [org.springframework.security.web.session.DisableEncodeUrlFilter@642da12f, org.springframework.security.web.context.request.async.WebAsyncManagerIntegrationFilter@1914d295, org.springframework.security.web.context.SecurityContextHolderFilter@6aad27de, org.springframework.security.web.header.HeaderWriterFilter@55ca5047, org.springframework.web.filter.CorsFilter@5414e437, org.springframework.security.web.authentication.logout.LogoutFilter@63ef0983, org.springframework.security.web.authentication.UsernamePasswordAuthenticationFilter@197fc0e2, org.springframework.security.web.savedrequest.RequestCacheAwareFilter@5b8fe98f, org.springframework.security.web.servletapi.SecurityContextHolderAwareRequestFilter@43d737b3, org.springframework.security.web.authentication.AnonymousAuthenticationFilter@47fe461f, org.springframework.security.web.access.ExceptionTranslationFilter@4aea4548, org.springframework.security.web.access.intercept.AuthorizationFilter@332097b]
2024-03-20T09:15:46.574+09:00  INFO 6676 --- [sboard] [restartedMain] o.s.b.d.a.OptionalLiveReloadServer       : LiveReload server is running on port 35729
2024-03-20T09:15:46.580+09:00  INFO 6676 --- [sboard] [restartedMain] o.s.b.w.embedded.tomcat.TomcatWebServer  : Tomcat started on port 8080 (http) with context path '/sboard'
2024-03-20T09:15:46.583+09:00  INFO 6676 --- [sboard] [restartedMain] kr.co.sboard.SboardApplication           : Started SboardApplication in 0.396 seconds (process running for 884.437)
2024-03-20T09:15:46.584+09:00  INFO 6676 --- [sboard] [restartedMain] .ConditionEvaluationDeltaLoggingListener : Condition evaluation unchanged
2024-03-20T09:15:46.593+09:00  INFO 6676 --- [sboard] [http-nio-8080-exec-1] o.a.c.c.C.[.[localhost].[/sboard]        : Initializing Spring DispatcherServlet 'dispatcherServlet'
2024-03-20T09:15:46.593+09:00  INFO 6676 --- [sboard] [http-nio-8080-exec-1] o.s.web.servlet.DispatcherServlet        : Initializing Servlet 'dispatcherServlet'
2024-03-20T09:15:46.594+09:00  INFO 6676 --- [sboard] [http-nio-8080-exec-1] o.s.web.servlet.DispatcherServlet        : Completed initialization in 0 ms
2024-03-20T09:15:48.499+09:00  INFO 6676 --- [sboard] [SpringApplicationShutdownHook] j.LocalContainerEntityManagerFactoryBean : Closing JPA EntityManagerFactory for persistence unit 'default'
2024-03-20T09:15:48.499+09:00  INFO 6676 --- [sboard] [SpringApplicationShutdownHook] com.zaxxer.hikari.HikariDataSource       : HikariPool-3 - Shutdown initiated...
2024-03-20T09:15:48.501+09:00  INFO 6676 --- [sboard] [SpringApplicationShutdownHook] com.zaxxer.hikari.HikariDataSource       : HikariPool-3 - Shutdown completed.
2024-03-20T09:15:49.913+09:00  INFO 2668 --- [sboard] [restartedMain] kr.co.sboard.SboardApplication           : Starting SboardApplication using Java 17.0.9 with PID 2668 (C:\Users\java\Desktop\Workspace\Spring\sboard\build\classes\java\main started by java in C:\Users\java\Desktop\Workspace\Spring\sboard)
2024-03-20T09:15:49.914+09:00  INFO 2668 --- [sboard] [restartedMain] kr.co.sboard.SboardApplication           : No active profile set, falling back to 1 default profile: "default"
2024-03-20T09:15:50.027+09:00  INFO 2668 --- [sboard] [restartedMain] .e.DevToolsPropertyDefaultsPostProcessor : Devtools property defaults active! Set 'spring.devtools.add-properties' to 'false' to disable
2024-03-20T09:15:50.027+09:00  INFO 2668 --- [sboard] [restartedMain] .e.DevToolsPropertyDefaultsPostProcessor : For additional web related logging consider setting the 'logging.level.web' property to 'DEBUG'
2024-03-20T09:15:50.369+09:00  INFO 2668 --- [sboard] [restartedMain] .s.d.r.c.RepositoryConfigurationDelegate : Bootstrapping Spring Data JPA repositories in DEFAULT mode.
2024-03-20T09:15:50.397+09:00  INFO 2668 --- [sboard] [restartedMain] .s.d.r.c.RepositoryConfigurationDelegate : Finished Spring Data repository scanning in 23 ms. Found 3 JPA repository interfaces.
2024-03-20T09:15:50.686+09:00  INFO 2668 --- [sboard] [restartedMain] o.s.b.w.embedded.tomcat.TomcatWebServer  : Tomcat initialized with port 8080 (http)
2024-03-20T09:15:50.692+09:00  INFO 2668 --- [sboard] [restartedMain] o.apache.catalina.core.StandardService   : Starting service [Tomcat]
2024-03-20T09:15:50.693+09:00  INFO 2668 --- [sboard] [restartedMain] o.apache.catalina.core.StandardEngine    : Starting Servlet engine: [Apache Tomcat/10.1.19]
2024-03-20T09:15:50.718+09:00  INFO 2668 --- [sboard] [restartedMain] o.a.c.c.C.[.[localhost].[/sboard]        : Initializing Spring embedded WebApplicationContext
2024-03-20T09:15:50.718+09:00  INFO 2668 --- [sboard] [restartedMain] w.s.c.ServletWebServerApplicationContext : Root WebApplicationContext: initialization completed in 691 ms
2024-03-20T09:15:50.806+09:00  INFO 2668 --- [sboard] [restartedMain] o.hibernate.jpa.internal.util.LogHelper  : HHH000204: Processing PersistenceUnitInfo [name: default]
2024-03-20T09:15:50.832+09:00  INFO 2668 --- [sboard] [restartedMain] org.hibernate.Version                    : HHH000412: Hibernate ORM core version 6.4.4.Final
2024-03-20T09:15:50.847+09:00  INFO 2668 --- [sboard] [restartedMain] o.h.c.internal.RegionFactoryInitiator    : HHH000026: Second-level cache disabled
2024-03-20T09:15:50.976+09:00  INFO 2668 --- [sboard] [restartedMain] o.s.o.j.p.SpringPersistenceUnitInfo      : No LoadTimeWeaver setup: ignoring JPA class transformer
2024-03-20T09:15:50.990+09:00  INFO 2668 --- [sboard] [restartedMain] com.zaxxer.hikari.HikariDataSource       : HikariPool-1 - Starting...
2024-03-20T09:15:51.120+09:00  INFO 2668 --- [sboard] [restartedMain] com.zaxxer.hikari.pool.HikariPool        : HikariPool-1 - Added connection com.mysql.cj.jdbc.ConnectionImpl@6cc547d4
2024-03-20T09:15:51.121+09:00  INFO 2668 --- [sboard] [restartedMain] com.zaxxer.hikari.HikariDataSource       : HikariPool-1 - Start completed.
2024-03-20T09:15:51.147+09:00  WARN 2668 --- [sboard] [restartedMain] org.hibernate.orm.deprecation            : HHH90000025: MySQLDialect does not need to be specified explicitly using 'hibernate.dialect' (remove the property setting and it will be selected by default)
2024-03-20T09:15:51.691+09:00  INFO 2668 --- [sboard] [restartedMain] o.h.e.t.j.p.i.JtaPlatformInitiator       : HHH000489: No JTA platform available (set 'hibernate.transaction.jta.platform' to enable JTA platform integration)
2024-03-20T09:15:51.714+09:00  INFO 2668 --- [sboard] [restartedMain] j.LocalContainerEntityManagerFactoryBean : Initialized JPA EntityManagerFactory for persistence unit 'default'
2024-03-20T09:15:51.955+09:00  WARN 2668 --- [sboard] [restartedMain] JpaBaseConfiguration$JpaWebConfiguration : spring.jpa.open-in-view is enabled by default. Therefore, database queries may be performed during view rendering. Explicitly configure spring.jpa.open-in-view to disable this warning
2024-03-20T09:15:52.011+09:00  INFO 2668 --- [sboard] [restartedMain] o.s.b.a.w.s.WelcomePageHandlerMapping    : Adding welcome page template: index
2024-03-20T09:15:52.096+09:00  INFO 2668 --- [sboard] [restartedMain] o.s.s.web.DefaultSecurityFilterChain     : Will secure any request with [org.springframework.security.web.session.DisableEncodeUrlFilter@236e9e0f, org.springframework.security.web.context.request.async.WebAsyncManagerIntegrationFilter@58afb839, org.springframework.security.web.context.SecurityContextHolderFilter@645fe0e6, org.springframework.security.web.header.HeaderWriterFilter@840b063, org.springframework.web.filter.CorsFilter@20f4506, org.springframework.security.web.authentication.logout.LogoutFilter@46e76f3c, org.springframework.security.web.authentication.UsernamePasswordAuthenticationFilter@76a480f1, org.springframework.security.web.savedrequest.RequestCacheAwareFilter@31928f3, org.springframework.security.web.servletapi.SecurityContextHolderAwareRequestFilter@75118137, org.springframework.security.web.authentication.AnonymousAuthenticationFilter@58c48902, org.springframework.security.web.access.ExceptionTranslationFilter@75fb968d, org.springframework.security.web.access.intercept.AuthorizationFilter@3b380043]
2024-03-20T09:15:52.241+09:00  INFO 2668 --- [sboard] [restartedMain] o.s.b.d.a.OptionalLiveReloadServer       : LiveReload server is running on port 35729
2024-03-20T09:15:52.258+09:00  INFO 2668 --- [sboard] [restartedMain] o.s.b.w.embedded.tomcat.TomcatWebServer  : Tomcat started on port 8080 (http) with context path '/sboard'
2024-03-20T09:15:52.263+09:00  INFO 2668 --- [sboard] [restartedMain] kr.co.sboard.SboardApplication           : Started SboardApplication in 2.552 seconds (process running for 2.819)
2024-03-20T09:15:52.307+09:00  INFO 2668 --- [sboard] [http-nio-8080-exec-1] o.a.c.c.C.[.[localhost].[/sboard]        : Initializing Spring DispatcherServlet 'dispatcherServlet'
2024-03-20T09:15:52.307+09:00  INFO 2668 --- [sboard] [http-nio-8080-exec-1] o.s.web.servlet.DispatcherServlet        : Initializing Servlet 'dispatcherServlet'
2024-03-20T09:15:52.308+09:00  INFO 2668 --- [sboard] [http-nio-8080-exec-1] o.s.web.servlet.DispatcherServlet        : Completed initialization in 1 ms
2024-03-20T09:15:52.621+09:00  WARN 2668 --- [sboard] [http-nio-8080-exec-1] n.n.u.t.e.ExpressionProcessor            : Fragment expression "/layout/userLayout.html" is being wrapped as a Thymeleaf 3 fragment expression (~{...}) for backwards compatibility purposes.  This wrapping will be dropped in the next major version of the expression processor, so please rewrite as a Thymeleaf 3 fragment expression to future-proof your code.  See https://github.com/thymeleaf/thymeleaf/issues/451 for more information.
2024-03-20T09:15:52.621+09:00  WARN 2668 --- [sboard] [http-nio-8080-exec-2] n.n.u.t.e.ExpressionProcessor            : Fragment expression "/layout/userLayout.html" is being wrapped as a Thymeleaf 3 fragment expression (~{...}) for backwards compatibility purposes.  This wrapping will be dropped in the next major version of the expression processor, so please rewrite as a Thymeleaf 3 fragment expression to future-proof your code.  See https://github.com/thymeleaf/thymeleaf/issues/451 for more information.
2024-03-20T09:15:58.676+09:00  WARN 2668 --- [sboard] [http-nio-8080-exec-4] n.n.u.t.e.ExpressionProcessor            : Fragment expression "/layout/defaultLayout.html" is being wrapped as a Thymeleaf 3 fragment expression (~{...}) for backwards compatibility purposes.  This wrapping will be dropped in the next major version of the expression processor, so please rewrite as a Thymeleaf 3 fragment expression to future-proof your code.  See https://github.com/thymeleaf/thymeleaf/issues/451 for more information.
2024-03-20T09:16:09.103+09:00  INFO 2668 --- [sboard] [http-nio-8080-exec-7] k.c.sboard.controller.ArticleController  : ArticleDTO(no=0, parent=0, comment=0, cate=notice, title=ds, content=ds, file=0, hit=0, writer=rhkddms123, regip=0:0:0:0:0:0:0:1, rdate=null, files=[org.springframework.web.multipart.support.StandardMultipartHttpServletRequest$StandardMultipartFile@21ba9883])
2024-03-20T09:16:09.104+09:00  INFO 2668 --- [sboard] [http-nio-8080-exec-7] kr.co.sboard.service.ArticleService      : oName : 4.application.jsp
2024-03-20T09:16:09.124+09:00  INFO 2668 --- [sboard] [http-nio-8080-exec-7] kr.co.sboard.service.ArticleService      : Article(no=0, parent=0, comment=0, cate=notice, title=ds, content=ds, file=0, hit=0, writer=rhkddms123, regip=0:0:0:0:0:0:0:1, rdate=null)
2024-03-20T09:16:46.703+09:00  INFO 2668 --- [sboard] [http-nio-8080-exec-8] k.c.sboard.controller.ArticleController  : ArticleDTO(no=0, parent=0, comment=0, cate=, title=ds, content=ds, file=0, hit=0, writer=rhkddms123, regip=0:0:0:0:0:0:0:1, rdate=null, files=[org.springframework.web.multipart.support.StandardMultipartHttpServletRequest$StandardMultipartFile@7a5891c6, org.springframework.web.multipart.support.StandardMultipartHttpServletRequest$StandardMultipartFile@1fccbd1f])
2024-03-20T09:16:46.703+09:00  INFO 2668 --- [sboard] [http-nio-8080-exec-8] kr.co.sboard.service.ArticleService      : oName : 5.session.jsp
2024-03-20T09:16:46.703+09:00  INFO 2668 --- [sboard] [http-nio-8080-exec-8] kr.co.sboard.service.ArticleService      : oName : 6.exception.jsp
2024-03-20T09:16:46.704+09:00  INFO 2668 --- [sboard] [http-nio-8080-exec-8] kr.co.sboard.service.ArticleService      : Article(no=0, parent=0, comment=0, cate=, title=ds, content=ds, file=0, hit=0, writer=rhkddms123, regip=0:0:0:0:0:0:0:1, rdate=null)
2024-03-20T09:17:01.696+09:00  INFO 2668 --- [sboard] [http-nio-8080-exec-5] k.c.sboard.controller.ArticleController  : ArticleDTO(no=0, parent=0, comment=0, cate=, title=sa, content=sa, file=0, hit=0, writer=rhkddms123, regip=0:0:0:0:0:0:0:1, rdate=null, files=[org.springframework.web.multipart.support.StandardMultipartHttpServletRequest$StandardMultipartFile@2491f2be, org.springframework.web.multipart.support.StandardMultipartHttpServletRequest$StandardMultipartFile@13b29507, org.springframework.web.multipart.support.StandardMultipartHttpServletRequest$StandardMultipartFile@673e8181])
2024-03-20T09:17:01.697+09:00  INFO 2668 --- [sboard] [http-nio-8080-exec-5] kr.co.sboard.service.ArticleService      : oName : 1.request.jsp
2024-03-20T09:17:01.697+09:00  INFO 2668 --- [sboard] [http-nio-8080-exec-5] kr.co.sboard.service.ArticleService      : oName : 2.response.jsp
2024-03-20T09:17:01.697+09:00  INFO 2668 --- [sboard] [http-nio-8080-exec-5] kr.co.sboard.service.ArticleService      : oName : 3.pageContext.jsp
2024-03-20T09:17:01.697+09:00  INFO 2668 --- [sboard] [http-nio-8080-exec-5] kr.co.sboard.service.ArticleService      : Article(no=0, parent=0, comment=0, cate=, title=sa, content=sa, file=0, hit=0, writer=rhkddms123, regip=0:0:0:0:0:0:0:1, rdate=null)
2024-03-20T09:25:20.189+09:00  INFO 2668 --- [sboard] [File Watcher] rtingClassPathChangeChangedEventListener : Restarting due to 3 class path changes (0 additions, 0 deletions, 3 modifications)
2024-03-20T09:25:20.201+09:00  INFO 2668 --- [sboard] [Thread-5] j.LocalContainerEntityManagerFactoryBean : Closing JPA EntityManagerFactory for persistence unit 'default'
2024-03-20T09:25:20.204+09:00  INFO 2668 --- [sboard] [Thread-5] com.zaxxer.hikari.HikariDataSource       : HikariPool-1 - Shutdown initiated...
2024-03-20T09:25:20.209+09:00  INFO 2668 --- [sboard] [Thread-5] com.zaxxer.hikari.HikariDataSource       : HikariPool-1 - Shutdown completed.
2024-03-20T09:25:20.266+09:00  INFO 2668 --- [sboard] [restartedMain] kr.co.sboard.SboardApplication           : Starting SboardApplication using Java 17.0.9 with PID 2668 (C:\Users\java\Desktop\Workspace\Spring\sboard\build\classes\java\main started by java in C:\Users\java\Desktop\Workspace\Spring\sboard)
2024-03-20T09:25:20.266+09:00  INFO 2668 --- [sboard] [restartedMain] kr.co.sboard.SboardApplication           : No active profile set, falling back to 1 default profile: "default"
2024-03-20T09:25:20.366+09:00  INFO 2668 --- [sboard] [restartedMain] .s.d.r.c.RepositoryConfigurationDelegate : Bootstrapping Spring Data JPA repositories in DEFAULT mode.
2024-03-20T09:25:20.371+09:00  INFO 2668 --- [sboard] [restartedMain] .s.d.r.c.RepositoryConfigurationDelegate : Finished Spring Data repository scanning in 4 ms. Found 3 JPA repository interfaces.
2024-03-20T09:25:20.427+09:00  INFO 2668 --- [sboard] [restartedMain] o.s.b.w.embedded.tomcat.TomcatWebServer  : Tomcat initialized with port 8080 (http)
2024-03-20T09:25:20.428+09:00  INFO 2668 --- [sboard] [restartedMain] o.apache.catalina.core.StandardService   : Starting service [Tomcat]
2024-03-20T09:25:20.428+09:00  INFO 2668 --- [sboard] [restartedMain] o.apache.catalina.core.StandardEngine    : Starting Servlet engine: [Apache Tomcat/10.1.19]
2024-03-20T09:25:20.436+09:00  INFO 2668 --- [sboard] [restartedMain] o.a.c.c.C.[.[localhost].[/sboard]        : Initializing Spring embedded WebApplicationContext
2024-03-20T09:25:20.436+09:00  INFO 2668 --- [sboard] [restartedMain] w.s.c.ServletWebServerApplicationContext : Root WebApplicationContext: initialization completed in 167 ms
2024-03-20T09:25:20.444+09:00  WARN 2668 --- [sboard] [restartedMain] o.a.c.c.C.[.[localhost].[/sboard]        : Cannot deserialize session attribute [SPRING_SECURITY_CONTEXT] for session [467E768A881B5048F861B35D90675158]
2024-03-20T09:25:20.458+09:00  INFO 2668 --- [sboard] [restartedMain] o.hibernate.jpa.internal.util.LogHelper  : HHH000204: Processing PersistenceUnitInfo [name: default]
2024-03-20T09:25:20.460+09:00  INFO 2668 --- [sboard] [restartedMain] o.h.c.internal.RegionFactoryInitiator    : HHH000026: Second-level cache disabled
2024-03-20T09:25:20.463+09:00  INFO 2668 --- [sboard] [restartedMain] o.s.o.j.p.SpringPersistenceUnitInfo      : No LoadTimeWeaver setup: ignoring JPA class transformer
2024-03-20T09:25:20.463+09:00  INFO 2668 --- [sboard] [restartedMain] com.zaxxer.hikari.HikariDataSource       : HikariPool-2 - Starting...
2024-03-20T09:25:20.471+09:00  INFO 2668 --- [sboard] [restartedMain] com.zaxxer.hikari.pool.HikariPool        : HikariPool-2 - Added connection com.mysql.cj.jdbc.ConnectionImpl@5bb79b9
2024-03-20T09:25:20.471+09:00  INFO 2668 --- [sboard] [restartedMain] com.zaxxer.hikari.HikariDataSource       : HikariPool-2 - Start completed.
2024-03-20T09:25:20.472+09:00  WARN 2668 --- [sboard] [restartedMain] org.hibernate.orm.deprecation            : HHH90000025: MySQLDialect does not need to be specified explicitly using 'hibernate.dialect' (remove the property setting and it will be selected by default)
2024-03-20T09:25:20.506+09:00  INFO 2668 --- [sboard] [restartedMain] o.h.e.t.j.p.i.JtaPlatformInitiator       : HHH000489: No JTA platform available (set 'hibernate.transaction.jta.platform' to enable JTA platform integration)
2024-03-20T09:25:20.511+09:00  INFO 2668 --- [sboard] [restartedMain] j.LocalContainerEntityManagerFactoryBean : Initialized JPA EntityManagerFactory for persistence unit 'default'
2024-03-20T09:25:20.569+09:00  WARN 2668 --- [sboard] [restartedMain] JpaBaseConfiguration$JpaWebConfiguration : spring.jpa.open-in-view is enabled by default. Therefore, database queries may be performed during view rendering. Explicitly configure spring.jpa.open-in-view to disable this warning
2024-03-20T09:25:20.577+09:00  INFO 2668 --- [sboard] [restartedMain] o.s.b.a.w.s.WelcomePageHandlerMapping    : Adding welcome page template: index
2024-03-20T09:25:20.604+09:00  INFO 2668 --- [sboard] [restartedMain] o.s.s.web.DefaultSecurityFilterChain     : Will secure any request with [org.springframework.security.web.session.DisableEncodeUrlFilter@7ab236e6, org.springframework.security.web.context.request.async.WebAsyncManagerIntegrationFilter@6b63bf5b, org.springframework.security.web.context.SecurityContextHolderFilter@46078c90, org.springframework.security.web.header.HeaderWriterFilter@58662b54, org.springframework.web.filter.CorsFilter@3532a6fa, org.springframework.security.web.authentication.logout.LogoutFilter@586f7a54, org.springframework.security.web.authentication.UsernamePasswordAuthenticationFilter@661d0dc0, org.springframework.security.web.savedrequest.RequestCacheAwareFilter@79087317, org.springframework.security.web.servletapi.SecurityContextHolderAwareRequestFilter@7109e8b9, org.springframework.security.web.authentication.AnonymousAuthenticationFilter@3bc69c38, org.springframework.security.web.access.ExceptionTranslationFilter@610d12, org.springframework.security.web.access.intercept.AuthorizationFilter@74cf46b2]
2024-03-20T09:25:20.647+09:00  INFO 2668 --- [sboard] [restartedMain] o.s.b.d.a.OptionalLiveReloadServer       : LiveReload server is running on port 35729
2024-03-20T09:25:20.653+09:00  INFO 2668 --- [sboard] [restartedMain] o.s.b.w.embedded.tomcat.TomcatWebServer  : Tomcat started on port 8080 (http) with context path '/sboard'
2024-03-20T09:25:20.655+09:00  INFO 2668 --- [sboard] [restartedMain] kr.co.sboard.SboardApplication           : Started SboardApplication in 0.404 seconds (process running for 571.211)
2024-03-20T09:25:20.656+09:00  INFO 2668 --- [sboard] [restartedMain] .ConditionEvaluationDeltaLoggingListener : Condition evaluation unchanged
2024-03-20T09:25:20.746+09:00  INFO 2668 --- [sboard] [http-nio-8080-exec-1] o.a.c.c.C.[.[localhost].[/sboard]        : Initializing Spring DispatcherServlet 'dispatcherServlet'
2024-03-20T09:25:20.746+09:00  INFO 2668 --- [sboard] [http-nio-8080-exec-1] o.s.web.servlet.DispatcherServlet        : Initializing Servlet 'dispatcherServlet'
2024-03-20T09:25:20.747+09:00  INFO 2668 --- [sboard] [http-nio-8080-exec-1] o.s.web.servlet.DispatcherServlet        : Completed initialization in 1 ms
2024-03-20T09:25:42.886+09:00  INFO 2668 --- [sboard] [http-nio-8080-exec-6] k.c.sboard.controller.ArticleController  : ArticleDTO(no=0, parent=0, comment=0, cate=, title=qw, content=qw, file=0, hit=0, writer=rhkddms123, regip=0:0:0:0:0:0:0:1, rdate=null, files=[org.springframework.web.multipart.support.StandardMultipartHttpServletRequest$StandardMultipartFile@142f5f2e, org.springframework.web.multipart.support.StandardMultipartHttpServletRequest$StandardMultipartFile@688e9acf])
2024-03-20T09:25:42.887+09:00  INFO 2668 --- [sboard] [http-nio-8080-exec-6] kr.co.sboard.service.ArticleService      : oName : 2.response.jsp
2024-03-20T09:25:42.887+09:00 ERROR 2668 --- [sboard] [http-nio-8080-exec-6] kr.co.sboard.service.ArticleService      : fileUpload : java.io.FileNotFoundException: C:\Users\java\Desktop\Workspace\Spring\sboard\uploads\e85a0af4-250f-4857-8853-cf92dda077b9.jsp (지정된 경로를 찾을 수 없습니다)
2024-03-20T09:25:42.887+09:00  INFO 2668 --- [sboard] [http-nio-8080-exec-6] kr.co.sboard.service.ArticleService      : oName : 3.pageContext.jsp
2024-03-20T09:25:42.888+09:00 ERROR 2668 --- [sboard] [http-nio-8080-exec-6] kr.co.sboard.service.ArticleService      : fileUpload : java.io.FileNotFoundException: C:\Users\java\Desktop\Workspace\Spring\sboard\uploads\89bf6f8f-c38d-4123-bd99-879608fd955e.jsp (지정된 경로를 찾을 수 없습니다)
2024-03-20T09:25:42.891+09:00  INFO 2668 --- [sboard] [http-nio-8080-exec-6] kr.co.sboard.service.ArticleService      : Article(no=0, parent=0, comment=0, cate=, title=qw, content=qw, file=0, hit=0, writer=rhkddms123, regip=0:0:0:0:0:0:0:1, rdate=null)
2024-03-20T09:28:24.169+09:00  INFO 2668 --- [sboard] [SpringApplicationShutdownHook] j.LocalContainerEntityManagerFactoryBean : Closing JPA EntityManagerFactory for persistence unit 'default'
2024-03-20T09:28:24.170+09:00  INFO 2668 --- [sboard] [SpringApplicationShutdownHook] com.zaxxer.hikari.HikariDataSource       : HikariPool-2 - Shutdown initiated...
2024-03-20T09:28:24.174+09:00  INFO 2668 --- [sboard] [SpringApplicationShutdownHook] com.zaxxer.hikari.HikariDataSource       : HikariPool-2 - Shutdown completed.
2024-03-20T09:28:25.620+09:00  INFO 7840 --- [sboard] [restartedMain] kr.co.sboard.SboardApplication           : Starting SboardApplication using Java 17.0.9 with PID 7840 (C:\Users\java\Desktop\Workspace\Spring\sboard\build\classes\java\main started by java in C:\Users\java\Desktop\Workspace\Spring\sboard)
2024-03-20T09:28:25.621+09:00  INFO 7840 --- [sboard] [restartedMain] kr.co.sboard.SboardApplication           : No active profile set, falling back to 1 default profile: "default"
2024-03-20T09:28:25.729+09:00  INFO 7840 --- [sboard] [restartedMain] .e.DevToolsPropertyDefaultsPostProcessor : Devtools property defaults active! Set 'spring.devtools.add-properties' to 'false' to disable
2024-03-20T09:28:25.729+09:00  INFO 7840 --- [sboard] [restartedMain] .e.DevToolsPropertyDefaultsPostProcessor : For additional web related logging consider setting the 'logging.level.web' property to 'DEBUG'
2024-03-20T09:28:26.053+09:00  INFO 7840 --- [sboard] [restartedMain] .s.d.r.c.RepositoryConfigurationDelegate : Bootstrapping Spring Data JPA repositories in DEFAULT mode.
2024-03-20T09:28:26.079+09:00  INFO 7840 --- [sboard] [restartedMain] .s.d.r.c.RepositoryConfigurationDelegate : Finished Spring Data repository scanning in 21 ms. Found 3 JPA repository interfaces.
2024-03-20T09:28:26.378+09:00  INFO 7840 --- [sboard] [restartedMain] o.s.b.w.embedded.tomcat.TomcatWebServer  : Tomcat initialized with port 8080 (http)
2024-03-20T09:28:26.384+09:00  INFO 7840 --- [sboard] [restartedMain] o.apache.catalina.core.StandardService   : Starting service [Tomcat]
2024-03-20T09:28:26.384+09:00  INFO 7840 --- [sboard] [restartedMain] o.apache.catalina.core.StandardEngine    : Starting Servlet engine: [Apache Tomcat/10.1.19]
2024-03-20T09:28:26.409+09:00  INFO 7840 --- [sboard] [restartedMain] o.a.c.c.C.[.[localhost].[/sboard]        : Initializing Spring embedded WebApplicationContext
2024-03-20T09:28:26.409+09:00  INFO 7840 --- [sboard] [restartedMain] w.s.c.ServletWebServerApplicationContext : Root WebApplicationContext: initialization completed in 680 ms
2024-03-20T09:28:26.439+09:00  WARN 7840 --- [sboard] [restartedMain] o.a.c.c.C.[.[localhost].[/sboard]        : Cannot deserialize session attribute [SPRING_SECURITY_CONTEXT] for session [0B1EA292F020EBFCB73DF2E9BF5580ED]
2024-03-20T09:28:26.497+09:00  INFO 7840 --- [sboard] [restartedMain] o.hibernate.jpa.internal.util.LogHelper  : HHH000204: Processing PersistenceUnitInfo [name: default]
2024-03-20T09:28:26.522+09:00  INFO 7840 --- [sboard] [restartedMain] org.hibernate.Version                    : HHH000412: Hibernate ORM core version 6.4.4.Final
2024-03-20T09:28:26.538+09:00  INFO 7840 --- [sboard] [restartedMain] o.h.c.internal.RegionFactoryInitiator    : HHH000026: Second-level cache disabled
2024-03-20T09:28:26.666+09:00  INFO 7840 --- [sboard] [restartedMain] o.s.o.j.p.SpringPersistenceUnitInfo      : No LoadTimeWeaver setup: ignoring JPA class transformer
2024-03-20T09:28:26.680+09:00  INFO 7840 --- [sboard] [restartedMain] com.zaxxer.hikari.HikariDataSource       : HikariPool-1 - Starting...
2024-03-20T09:28:26.806+09:00  INFO 7840 --- [sboard] [restartedMain] com.zaxxer.hikari.pool.HikariPool        : HikariPool-1 - Added connection com.mysql.cj.jdbc.ConnectionImpl@f2641ac
2024-03-20T09:28:26.807+09:00  INFO 7840 --- [sboard] [restartedMain] com.zaxxer.hikari.HikariDataSource       : HikariPool-1 - Start completed.
2024-03-20T09:28:26.834+09:00  WARN 7840 --- [sboard] [restartedMain] org.hibernate.orm.deprecation            : HHH90000025: MySQLDialect does not need to be specified explicitly using 'hibernate.dialect' (remove the property setting and it will be selected by default)
2024-03-20T09:28:27.296+09:00  INFO 7840 --- [sboard] [restartedMain] o.h.e.t.j.p.i.JtaPlatformInitiator       : HHH000489: No JTA platform available (set 'hibernate.transaction.jta.platform' to enable JTA platform integration)
2024-03-20T09:28:27.319+09:00  INFO 7840 --- [sboard] [restartedMain] j.LocalContainerEntityManagerFactoryBean : Initialized JPA EntityManagerFactory for persistence unit 'default'
2024-03-20T09:28:27.558+09:00  WARN 7840 --- [sboard] [restartedMain] JpaBaseConfiguration$JpaWebConfiguration : spring.jpa.open-in-view is enabled by default. Therefore, database queries may be performed during view rendering. Explicitly configure spring.jpa.open-in-view to disable this warning
2024-03-20T09:28:27.614+09:00  INFO 7840 --- [sboard] [restartedMain] o.s.b.a.w.s.WelcomePageHandlerMapping    : Adding welcome page template: index
2024-03-20T09:28:27.714+09:00  INFO 7840 --- [sboard] [restartedMain] o.s.s.web.DefaultSecurityFilterChain     : Will secure any request with [org.springframework.security.web.session.DisableEncodeUrlFilter@609d49f5, org.springframework.security.web.context.request.async.WebAsyncManagerIntegrationFilter@4770a9e3, org.springframework.security.web.context.SecurityContextHolderFilter@74e44bd7, org.springframework.security.web.header.HeaderWriterFilter@29f516fc, org.springframework.web.filter.CorsFilter@323cf41d, org.springframework.security.web.authentication.logout.LogoutFilter@4b824cdd, org.springframework.security.web.authentication.UsernamePasswordAuthenticationFilter@58c8a97f, org.springframework.security.web.savedrequest.RequestCacheAwareFilter@12071217, org.springframework.security.web.servletapi.SecurityContextHolderAwareRequestFilter@374ecc2a, org.springframework.security.web.authentication.AnonymousAuthenticationFilter@666e9aff, org.springframework.security.web.access.ExceptionTranslationFilter@7ddcdf98, org.springframework.security.web.access.intercept.AuthorizationFilter@5e3f2eb3]
2024-03-20T09:28:27.859+09:00  INFO 7840 --- [sboard] [restartedMain] o.s.b.d.a.OptionalLiveReloadServer       : LiveReload server is running on port 35729
2024-03-20T09:28:27.877+09:00  INFO 7840 --- [sboard] [restartedMain] o.s.b.w.embedded.tomcat.TomcatWebServer  : Tomcat started on port 8080 (http) with context path '/sboard'
2024-03-20T09:28:27.881+09:00  INFO 7840 --- [sboard] [restartedMain] kr.co.sboard.SboardApplication           : Started SboardApplication in 2.479 seconds (process running for 2.795)
2024-03-20T09:28:31.607+09:00  INFO 7840 --- [sboard] [http-nio-8080-exec-1] o.a.c.c.C.[.[localhost].[/sboard]        : Initializing Spring DispatcherServlet 'dispatcherServlet'
2024-03-20T09:28:31.607+09:00  INFO 7840 --- [sboard] [http-nio-8080-exec-1] o.s.web.servlet.DispatcherServlet        : Initializing Servlet 'dispatcherServlet'
2024-03-20T09:28:31.608+09:00  INFO 7840 --- [sboard] [http-nio-8080-exec-1] o.s.web.servlet.DispatcherServlet        : Completed initialization in 1 ms
2024-03-20T09:28:31.886+09:00  WARN 7840 --- [sboard] [http-nio-8080-exec-3] n.n.u.t.e.ExpressionProcessor            : Fragment expression "/layout/userLayout.html" is being wrapped as a Thymeleaf 3 fragment expression (~{...}) for backwards compatibility purposes.  This wrapping will be dropped in the next major version of the expression processor, so please rewrite as a Thymeleaf 3 fragment expression to future-proof your code.  See https://github.com/thymeleaf/thymeleaf/issues/451 for more information.
2024-03-20T09:28:38.610+09:00  WARN 7840 --- [sboard] [http-nio-8080-exec-7] n.n.u.t.e.ExpressionProcessor            : Fragment expression "/layout/defaultLayout.html" is being wrapped as a Thymeleaf 3 fragment expression (~{...}) for backwards compatibility purposes.  This wrapping will be dropped in the next major version of the expression processor, so please rewrite as a Thymeleaf 3 fragment expression to future-proof your code.  See https://github.com/thymeleaf/thymeleaf/issues/451 for more information.
2024-03-20T09:28:49.092+09:00  WARN 7840 --- [sboard] [http-nio-8080-exec-10] org.apache.catalina.connector.Request    : Creating the temporary upload location [C:\Users\java\AppData\Local\Temp\tomcat.8080.2528675333810051556\work\Tomcat\localhost\sboard\uploads] as it is required by the servlet [dispatcherServlet]
2024-03-20T09:28:49.111+09:00  INFO 7840 --- [sboard] [http-nio-8080-exec-10] k.c.sboard.controller.ArticleController  : ArticleDTO(no=0, parent=0, comment=0, cate=, title=qwqw, content=qwqw, file=0, hit=0, writer=rhkddms123, regip=0:0:0:0:0:0:0:1, rdate=null, files=[org.springframework.web.multipart.support.StandardMultipartHttpServletRequest$StandardMultipartFile@678cbcd1])
2024-03-20T09:28:49.113+09:00 ERROR 7840 --- [sboard] [http-nio-8080-exec-10] o.a.c.c.C.[.[.[.[dispatcherServlet]      : Servlet.service() for servlet [dispatcherServlet] in context with path [/sboard] threw exception [Request processing failed: java.lang.StringIndexOutOfBoundsException: begin -1, end 0, length 0] with root cause

java.lang.StringIndexOutOfBoundsException: begin -1, end 0, length 0
	at java.base/java.lang.String.checkBoundsBeginEnd(String.java:4608) ~[na:na]
	at java.base/java.lang.String.substring(String.java:2711) ~[na:na]
	at java.base/java.lang.String.substring(String.java:2684) ~[na:na]
	at kr.co.sboard.service.ArticleService.fileUpload(ArticleService.java:52) ~[main/:na]
	at kr.co.sboard.service.ArticleService.insertArticle(ArticleService.java:31) ~[main/:na]
	at kr.co.sboard.controller.ArticleController.write(ArticleController.java:45) ~[main/:na]
	at java.base/jdk.internal.reflect.NativeMethodAccessorImpl.invoke0(Native Method) ~[na:na]
	at java.base/jdk.internal.reflect.NativeMethodAccessorImpl.invoke(NativeMethodAccessorImpl.java:77) ~[na:na]
	at java.base/jdk.internal.reflect.DelegatingMethodAccessorImpl.invoke(DelegatingMethodAccessorImpl.java:43) ~[na:na]
	at java.base/java.lang.reflect.Method.invoke(Method.java:568) ~[na:na]
	at org.springframework.web.method.support.InvocableHandlerMethod.doInvoke(InvocableHandlerMethod.java:259) ~[spring-web-6.1.4.jar:6.1.4]
	at org.springframework.web.method.support.InvocableHandlerMethod.invokeForRequest(InvocableHandlerMethod.java:192) ~[spring-web-6.1.4.jar:6.1.4]
	at org.springframework.web.servlet.mvc.method.annotation.ServletInvocableHandlerMethod.invokeAndHandle(ServletInvocableHandlerMethod.java:118) ~[spring-webmvc-6.1.4.jar:6.1.4]
	at org.springframework.web.servlet.mvc.method.annotation.RequestMappingHandlerAdapter.invokeHandlerMethod(RequestMappingHandlerAdapter.java:920) ~[spring-webmvc-6.1.4.jar:6.1.4]
	at org.springframework.web.servlet.mvc.method.annotation.RequestMappingHandlerAdapter.handleInternal(RequestMappingHandlerAdapter.java:830) ~[spring-webmvc-6.1.4.jar:6.1.4]
	at org.springframework.web.servlet.mvc.method.AbstractHandlerMethodAdapter.handle(AbstractHandlerMethodAdapter.java:87) ~[spring-webmvc-6.1.4.jar:6.1.4]
	at org.springframework.web.servlet.DispatcherServlet.doDispatch(DispatcherServlet.java:1089) ~[spring-webmvc-6.1.4.jar:6.1.4]
	at org.springframework.web.servlet.DispatcherServlet.doService(DispatcherServlet.java:979) ~[spring-webmvc-6.1.4.jar:6.1.4]
	at org.springframework.web.servlet.FrameworkServlet.processRequest(FrameworkServlet.java:1014) ~[spring-webmvc-6.1.4.jar:6.1.4]
	at org.springframework.web.servlet.FrameworkServlet.doPost(FrameworkServlet.java:914) ~[spring-webmvc-6.1.4.jar:6.1.4]
	at jakarta.servlet.http.HttpServlet.service(HttpServlet.java:590) ~[tomcat-embed-core-10.1.19.jar:6.0]
	at org.springframework.web.servlet.FrameworkServlet.service(FrameworkServlet.java:885) ~[spring-webmvc-6.1.4.jar:6.1.4]
	at jakarta.servlet.http.HttpServlet.service(HttpServlet.java:658) ~[tomcat-embed-core-10.1.19.jar:6.0]
	at org.apache.catalina.core.ApplicationFilterChain.internalDoFilter(ApplicationFilterChain.java:205) ~[tomcat-embed-core-10.1.19.jar:10.1.19]
	at org.apache.catalina.core.ApplicationFilterChain.doFilter(ApplicationFilterChain.java:149) ~[tomcat-embed-core-10.1.19.jar:10.1.19]
	at org.apache.tomcat.websocket.server.WsFilter.doFilter(WsFilter.java:51) ~[tomcat-embed-websocket-10.1.19.jar:10.1.19]
	at org.apache.catalina.core.ApplicationFilterChain.internalDoFilter(ApplicationFilterChain.java:174) ~[tomcat-embed-core-10.1.19.jar:10.1.19]
	at org.apache.catalina.core.ApplicationFilterChain.doFilter(ApplicationFilterChain.java:149) ~[tomcat-embed-core-10.1.19.jar:10.1.19]
	at org.springframework.web.filter.CompositeFilter$VirtualFilterChain.doFilter(CompositeFilter.java:108) ~[spring-web-6.1.4.jar:6.1.4]
	at org.springframework.security.web.FilterChainProxy.lambda$doFilterInternal$3(FilterChainProxy.java:231) ~[spring-security-web-6.2.2.jar:6.2.2]
	at org.springframework.security.web.FilterChainProxy$VirtualFilterChain.doFilter(FilterChainProxy.java:365) ~[spring-security-web-6.2.2.jar:6.2.2]
	at org.springframework.security.web.access.intercept.AuthorizationFilter.doFilter(AuthorizationFilter.java:100) ~[spring-security-web-6.2.2.jar:6.2.2]
	at org.springframework.security.web.FilterChainProxy$VirtualFilterChain.doFilter(FilterChainProxy.java:374) ~[spring-security-web-6.2.2.jar:6.2.2]
	at org.springframework.security.web.access.ExceptionTranslationFilter.doFilter(ExceptionTranslationFilter.java:126) ~[spring-security-web-6.2.2.jar:6.2.2]
	at org.springframework.security.web.access.ExceptionTranslationFilter.doFilter(ExceptionTranslationFilter.java:120) ~[spring-security-web-6.2.2.jar:6.2.2]
	at org.springframework.security.web.FilterChainProxy$VirtualFilterChain.doFilter(FilterChainProxy.java:374) ~[spring-security-web-6.2.2.jar:6.2.2]
	at org.springframework.security.web.authentication.AnonymousAuthenticationFilter.doFilter(AnonymousAuthenticationFilter.java:100) ~[spring-security-web-6.2.2.jar:6.2.2]
	at org.springframework.security.web.FilterChainProxy$VirtualFilterChain.doFilter(FilterChainProxy.java:374) ~[spring-security-web-6.2.2.jar:6.2.2]
	at org.springframework.security.web.servletapi.SecurityContextHolderAwareRequestFilter.doFilter(SecurityContextHolderAwareRequestFilter.java:179) ~[spring-security-web-6.2.2.jar:6.2.2]
	at org.springframework.security.web.FilterChainProxy$VirtualFilterChain.doFilter(FilterChainProxy.java:374) ~[spring-security-web-6.2.2.jar:6.2.2]
	at org.springframework.security.web.savedrequest.RequestCacheAwareFilter.doFilter(RequestCacheAwareFilter.java:63) ~[spring-security-web-6.2.2.jar:6.2.2]
	at org.springframework.security.web.FilterChainProxy$VirtualFilterChain.doFilter(FilterChainProxy.java:374) ~[spring-security-web-6.2.2.jar:6.2.2]
	at org.springframework.security.web.authentication.AbstractAuthenticationProcessingFilter.doFilter(AbstractAuthenticationProcessingFilter.java:227) ~[spring-security-web-6.2.2.jar:6.2.2]
	at org.springframework.security.web.authentication.AbstractAuthenticationProcessingFilter.doFilter(AbstractAuthenticationProcessingFilter.java:221) ~[spring-security-web-6.2.2.jar:6.2.2]
	at org.springframework.security.web.FilterChainProxy$VirtualFilterChain.doFilter(FilterChainProxy.java:374) ~[spring-security-web-6.2.2.jar:6.2.2]
	at org.springframework.security.web.authentication.logout.LogoutFilter.doFilter(LogoutFilter.java:107) ~[spring-security-web-6.2.2.jar:6.2.2]
	at org.springframework.security.web.authentication.logout.LogoutFilter.doFilter(LogoutFilter.java:93) ~[spring-security-web-6.2.2.jar:6.2.2]
	at org.springframework.security.web.FilterChainProxy$VirtualFilterChain.doFilter(FilterChainProxy.java:374) ~[spring-security-web-6.2.2.jar:6.2.2]
	at org.springframework.web.filter.CorsFilter.doFilterInternal(CorsFilter.java:91) ~[spring-web-6.1.4.jar:6.1.4]
	at org.springframework.web.filter.OncePerRequestFilter.doFilter(OncePerRequestFilter.java:116) ~[spring-web-6.1.4.jar:6.1.4]
	at org.springframework.security.web.FilterChainProxy$VirtualFilterChain.doFilter(FilterChainProxy.java:374) ~[spring-security-web-6.2.2.jar:6.2.2]
	at org.springframework.security.web.header.HeaderWriterFilter.doHeadersAfter(HeaderWriterFilter.java:90) ~[spring-security-web-6.2.2.jar:6.2.2]
	at org.springframework.security.web.header.HeaderWriterFilter.doFilterInternal(HeaderWriterFilter.java:75) ~[spring-security-web-6.2.2.jar:6.2.2]
	at org.springframework.web.filter.OncePerRequestFilter.doFilter(OncePerRequestFilter.java:116) ~[spring-web-6.1.4.jar:6.1.4]
	at org.springframework.security.web.FilterChainProxy$VirtualFilterChain.doFilter(FilterChainProxy.java:374) ~[spring-security-web-6.2.2.jar:6.2.2]
	at org.springframework.security.web.context.SecurityContextHolderFilter.doFilter(SecurityContextHolderFilter.java:82) ~[spring-security-web-6.2.2.jar:6.2.2]
	at org.springframework.security.web.context.SecurityContextHolderFilter.doFilter(SecurityContextHolderFilter.java:69) ~[spring-security-web-6.2.2.jar:6.2.2]
	at org.springframework.security.web.FilterChainProxy$VirtualFilterChain.doFilter(FilterChainProxy.java:374) ~[spring-security-web-6.2.2.jar:6.2.2]
	at org.springframework.security.web.context.request.async.WebAsyncManagerIntegrationFilter.doFilterInternal(WebAsyncManagerIntegrationFilter.java:62) ~[spring-security-web-6.2.2.jar:6.2.2]
	at org.springframework.web.filter.OncePerRequestFilter.doFilter(OncePerRequestFilter.java:116) ~[spring-web-6.1.4.jar:6.1.4]
	at org.springframework.security.web.FilterChainProxy$VirtualFilterChain.doFilter(FilterChainProxy.java:374) ~[spring-security-web-6.2.2.jar:6.2.2]
	at org.springframework.security.web.session.DisableEncodeUrlFilter.doFilterInternal(DisableEncodeUrlFilter.java:42) ~[spring-security-web-6.2.2.jar:6.2.2]
	at org.springframework.web.filter.OncePerRequestFilter.doFilter(OncePerRequestFilter.java:116) ~[spring-web-6.1.4.jar:6.1.4]
	at org.springframework.security.web.FilterChainProxy$VirtualFilterChain.doFilter(FilterChainProxy.java:374) ~[spring-security-web-6.2.2.jar:6.2.2]
	at org.springframework.security.web.FilterChainProxy.doFilterInternal(FilterChainProxy.java:233) ~[spring-security-web-6.2.2.jar:6.2.2]
	at org.springframework.security.web.FilterChainProxy.doFilter(FilterChainProxy.java:191) ~[spring-security-web-6.2.2.jar:6.2.2]
	at org.springframework.web.filter.CompositeFilter$VirtualFilterChain.doFilter(CompositeFilter.java:113) ~[spring-web-6.1.4.jar:6.1.4]
	at org.springframework.web.servlet.handler.HandlerMappingIntrospector.lambda$createCacheFilter$3(HandlerMappingIntrospector.java:195) ~[spring-webmvc-6.1.4.jar:6.1.4]
	at org.springframework.web.filter.CompositeFilter$VirtualFilterChain.doFilter(CompositeFilter.java:113) ~[spring-web-6.1.4.jar:6.1.4]
	at org.springframework.web.filter.CompositeFilter.doFilter(CompositeFilter.java:74) ~[spring-web-6.1.4.jar:6.1.4]
	at org.springframework.security.config.annotation.web.configuration.WebMvcSecurityConfiguration$CompositeFilterChainProxy.doFilter(WebMvcSecurityConfiguration.java:230) ~[spring-security-config-6.2.2.jar:6.2.2]
	at org.springframework.web.filter.DelegatingFilterProxy.invokeDelegate(DelegatingFilterProxy.java:352) ~[spring-web-6.1.4.jar:6.1.4]
	at org.springframework.web.filter.DelegatingFilterProxy.doFilter(DelegatingFilterProxy.java:268) ~[spring-web-6.1.4.jar:6.1.4]
	at org.apache.catalina.core.ApplicationFilterChain.internalDoFilter(ApplicationFilterChain.java:174) ~[tomcat-embed-core-10.1.19.jar:10.1.19]
	at org.apache.catalina.core.ApplicationFilterChain.doFilter(ApplicationFilterChain.java:149) ~[tomcat-embed-core-10.1.19.jar:10.1.19]
	at org.springframework.web.filter.RequestContextFilter.doFilterInternal(RequestContextFilter.java:100) ~[spring-web-6.1.4.jar:6.1.4]
	at org.springframework.web.filter.OncePerRequestFilter.doFilter(OncePerRequestFilter.java:116) ~[spring-web-6.1.4.jar:6.1.4]
	at org.apache.catalina.core.ApplicationFilterChain.internalDoFilter(ApplicationFilterChain.java:174) ~[tomcat-embed-core-10.1.19.jar:10.1.19]
	at org.apache.catalina.core.ApplicationFilterChain.doFilter(ApplicationFilterChain.java:149) ~[tomcat-embed-core-10.1.19.jar:10.1.19]
	at org.springframework.web.filter.FormContentFilter.doFilterInternal(FormContentFilter.java:93) ~[spring-web-6.1.4.jar:6.1.4]
	at org.springframework.web.filter.OncePerRequestFilter.doFilter(OncePerRequestFilter.java:116) ~[spring-web-6.1.4.jar:6.1.4]
	at org.apache.catalina.core.ApplicationFilterChain.internalDoFilter(ApplicationFilterChain.java:174) ~[tomcat-embed-core-10.1.19.jar:10.1.19]
	at org.apache.catalina.core.ApplicationFilterChain.doFilter(ApplicationFilterChain.java:149) ~[tomcat-embed-core-10.1.19.jar:10.1.19]
	at org.springframework.web.filter.CharacterEncodingFilter.doFilterInternal(CharacterEncodingFilter.java:201) ~[spring-web-6.1.4.jar:6.1.4]
	at org.springframework.web.filter.OncePerRequestFilter.doFilter(OncePerRequestFilter.java:116) ~[spring-web-6.1.4.jar:6.1.4]
	at org.apache.catalina.core.ApplicationFilterChain.internalDoFilter(ApplicationFilterChain.java:174) ~[tomcat-embed-core-10.1.19.jar:10.1.19]
	at org.apache.catalina.core.ApplicationFilterChain.doFilter(ApplicationFilterChain.java:149) ~[tomcat-embed-core-10.1.19.jar:10.1.19]
	at org.apache.catalina.core.StandardWrapperValve.invoke(StandardWrapperValve.java:167) ~[tomcat-embed-core-10.1.19.jar:10.1.19]
	at org.apache.catalina.core.StandardContextValve.invoke(StandardContextValve.java:90) ~[tomcat-embed-core-10.1.19.jar:10.1.19]
	at org.apache.catalina.authenticator.AuthenticatorBase.invoke(AuthenticatorBase.java:482) ~[tomcat-embed-core-10.1.19.jar:10.1.19]
	at org.apache.catalina.core.StandardHostValve.invoke(StandardHostValve.java:115) ~[tomcat-embed-core-10.1.19.jar:10.1.19]
	at org.apache.catalina.valves.ErrorReportValve.invoke(ErrorReportValve.java:93) ~[tomcat-embed-core-10.1.19.jar:10.1.19]
	at org.apache.catalina.core.StandardEngineValve.invoke(StandardEngineValve.java:74) ~[tomcat-embed-core-10.1.19.jar:10.1.19]
	at org.apache.catalina.connector.CoyoteAdapter.service(CoyoteAdapter.java:344) ~[tomcat-embed-core-10.1.19.jar:10.1.19]
	at org.apache.coyote.http11.Http11Processor.service(Http11Processor.java:391) ~[tomcat-embed-core-10.1.19.jar:10.1.19]
	at org.apache.coyote.AbstractProcessorLight.process(AbstractProcessorLight.java:63) ~[tomcat-embed-core-10.1.19.jar:10.1.19]
	at org.apache.coyote.AbstractProtocol$ConnectionHandler.process(AbstractProtocol.java:896) ~[tomcat-embed-core-10.1.19.jar:10.1.19]
	at org.apache.tomcat.util.net.NioEndpoint$SocketProcessor.doRun(NioEndpoint.java:1744) ~[tomcat-embed-core-10.1.19.jar:10.1.19]
	at org.apache.tomcat.util.net.SocketProcessorBase.run(SocketProcessorBase.java:52) ~[tomcat-embed-core-10.1.19.jar:10.1.19]
	at org.apache.tomcat.util.threads.ThreadPoolExecutor.runWorker(ThreadPoolExecutor.java:1191) ~[tomcat-embed-core-10.1.19.jar:10.1.19]
	at org.apache.tomcat.util.threads.ThreadPoolExecutor$Worker.run(ThreadPoolExecutor.java:659) ~[tomcat-embed-core-10.1.19.jar:10.1.19]
	at org.apache.tomcat.util.threads.TaskThread$WrappingRunnable.run(TaskThread.java:63) ~[tomcat-embed-core-10.1.19.jar:10.1.19]
	at java.base/java.lang.Thread.run(Thread.java:842) ~[na:na]

2024-03-20T09:29:46.409+09:00  INFO 7840 --- [sboard] [SpringApplicationShutdownHook] j.LocalContainerEntityManagerFactoryBean : Closing JPA EntityManagerFactory for persistence unit 'default'
2024-03-20T09:29:46.411+09:00  INFO 7840 --- [sboard] [SpringApplicationShutdownHook] com.zaxxer.hikari.HikariDataSource       : HikariPool-1 - Shutdown initiated...
2024-03-20T09:29:46.417+09:00  INFO 7840 --- [sboard] [SpringApplicationShutdownHook] com.zaxxer.hikari.HikariDataSource       : HikariPool-1 - Shutdown completed.
