2024-03-12T08:25:35.327+09:00  INFO 14260 --- [restartedMain] kr.co.ch06.Ch06Application               : Starting Ch06Application using Java 17.0.9 with PID 14260 (C:\Users\java\Desktop\Workspace\Spring\ch06\build\classes\java\main started by java in C:\Users\java\Desktop\Workspace\Spring\ch06)
2024-03-12T08:25:35.331+09:00  INFO 14260 --- [restartedMain] kr.co.ch06.Ch06Application               : No active profile set, falling back to 1 default profile: "default"
2024-03-12T08:25:35.471+09:00  INFO 14260 --- [restartedMain] .e.DevToolsPropertyDefaultsPostProcessor : Devtools property defaults active! Set 'spring.devtools.add-properties' to 'false' to disable
2024-03-12T08:25:35.471+09:00  INFO 14260 --- [restartedMain] .e.DevToolsPropertyDefaultsPostProcessor : For additional web related logging consider setting the 'logging.level.web' property to 'DEBUG'
2024-03-12T08:25:36.049+09:00  INFO 14260 --- [restartedMain] o.s.b.w.embedded.tomcat.TomcatWebServer  : Tomcat initialized with port 8080 (http)
2024-03-12T08:25:36.056+09:00  INFO 14260 --- [restartedMain] o.apache.catalina.core.StandardService   : Starting service [Tomcat]
2024-03-12T08:25:36.056+09:00  INFO 14260 --- [restartedMain] o.apache.catalina.core.StandardEngine    : Starting Servlet engine: [Apache Tomcat/10.1.19]
2024-03-12T08:25:36.082+09:00  INFO 14260 --- [restartedMain] o.a.c.c.C.[Tomcat].[localhost].[/ch06]   : Initializing Spring embedded WebApplicationContext
2024-03-12T08:25:36.082+09:00  INFO 14260 --- [restartedMain] w.s.c.ServletWebServerApplicationContext : Root WebApplicationContext: initialization completed in 611 ms
2024-03-12T08:25:36.289+09:00  INFO 14260 --- [restartedMain] o.s.b.a.w.s.WelcomePageHandlerMapping    : Adding welcome page template: index
2024-03-12T08:25:36.478+09:00  INFO 14260 --- [restartedMain] o.s.b.d.a.OptionalLiveReloadServer       : LiveReload server is running on port 35729
2024-03-12T08:25:36.494+09:00  INFO 14260 --- [restartedMain] o.s.b.w.embedded.tomcat.TomcatWebServer  : Tomcat started on port 8080 (http) with context path '/ch06'
2024-03-12T08:25:36.500+09:00  INFO 14260 --- [restartedMain] kr.co.ch06.Ch06Application               : Started Ch06Application in 1.397 seconds (process running for 1.756)
2024-03-12T08:25:50.834+09:00  INFO 14260 --- [http-nio-8080-exec-2] o.a.c.c.C.[Tomcat].[localhost].[/ch06]   : Initializing Spring DispatcherServlet 'dispatcherServlet'
2024-03-12T08:25:50.834+09:00  INFO 14260 --- [http-nio-8080-exec-2] o.s.web.servlet.DispatcherServlet        : Initializing Servlet 'dispatcherServlet'
2024-03-12T08:25:50.835+09:00  INFO 14260 --- [http-nio-8080-exec-2] o.s.web.servlet.DispatcherServlet        : Completed initialization in 1 ms
2024-03-12T08:25:51.027+09:00  WARN 14260 --- [http-nio-8080-exec-2] o.t.s.p.StandardIncludeTagProcessor      : [THYMELEAF][http-nio-8080-exec-2][/index] Deprecated attribute {th:include,data-th-include} found in template /index, line 61, col 11. Please use {th:insert,data-th-insert} instead, this deprecated attribute will be removed in future versions of Thymeleaf.
2024-03-12T08:25:51.028+09:00  WARN 14260 --- [http-nio-8080-exec-2] actStandardFragmentInsertionTagProcessor : [THYMELEAF][http-nio-8080-exec-2][/index] Deprecated unwrapped fragment expression "/include/_header.html" found in template /index, line 61, col 11. Please use the complete syntax of fragment expressions instead ("~{/include/_header.html}"). The old, unwrapped syntax for fragment expressions will be removed in future versions of Thymeleaf.
2024-03-12T08:25:51.033+09:00  WARN 14260 --- [http-nio-8080-exec-2] o.t.s.p.StandardIncludeTagProcessor      : [THYMELEAF][http-nio-8080-exec-2][/index] Deprecated attribute {th:include,data-th-include} found in template /index, line 62, col 11. Please use {th:insert,data-th-insert} instead, this deprecated attribute will be removed in future versions of Thymeleaf.
2024-03-12T08:25:51.034+09:00  WARN 14260 --- [http-nio-8080-exec-2] actStandardFragmentInsertionTagProcessor : [THYMELEAF][http-nio-8080-exec-2][/index] Deprecated unwrapped fragment expression "/include/_footer.html" found in template /index, line 62, col 11. Please use the complete syntax of fragment expressions instead ("~{/include/_footer.html}"). The old, unwrapped syntax for fragment expressions will be removed in future versions of Thymeleaf.
2024-03-12T08:25:51.034+09:00  WARN 14260 --- [http-nio-8080-exec-2] actStandardFragmentInsertionTagProcessor : [THYMELEAF][http-nio-8080-exec-2][/index] Deprecated unwrapped fragment expression "/include/_header.html" found in template /index, line 64, col 6. Please use the complete syntax of fragment expressions instead ("~{/include/_header.html}"). The old, unwrapped syntax for fragment expressions will be removed in future versions of Thymeleaf.
2024-03-12T08:25:51.035+09:00  WARN 14260 --- [http-nio-8080-exec-2] actStandardFragmentInsertionTagProcessor : [THYMELEAF][http-nio-8080-exec-2][/index] Deprecated unwrapped fragment expression "/include/_footer.html" found in template /index, line 65, col 6. Please use the complete syntax of fragment expressions instead ("~{/include/_footer.html}"). The old, unwrapped syntax for fragment expressions will be removed in future versions of Thymeleaf.
2024-03-12T08:25:51.035+09:00  WARN 14260 --- [http-nio-8080-exec-2] actStandardFragmentInsertionTagProcessor : [THYMELEAF][http-nio-8080-exec-2][/index] Deprecated unwrapped fragment expression "/include/_header.html" found in template /index, line 67, col 6. Please use the complete syntax of fragment expressions instead ("~{/include/_header.html}"). The old, unwrapped syntax for fragment expressions will be removed in future versions of Thymeleaf.
2024-03-12T08:25:51.035+09:00  WARN 14260 --- [http-nio-8080-exec-2] actStandardFragmentInsertionTagProcessor : [THYMELEAF][http-nio-8080-exec-2][/index] Deprecated unwrapped fragment expression "/include/_footer.html" found in template /index, line 68, col 6. Please use the complete syntax of fragment expressions instead ("~{/include/_footer.html}"). The old, unwrapped syntax for fragment expressions will be removed in future versions of Thymeleaf.
2024-03-12T08:25:51.036+09:00  WARN 14260 --- [http-nio-8080-exec-2] o.t.s.p.StandardIncludeTagProcessor      : [THYMELEAF][http-nio-8080-exec-2][/index] Deprecated attribute {th:include,data-th-include} found in template /index, line 70, col 11. Please use {th:insert,data-th-insert} instead, this deprecated attribute will be removed in future versions of Thymeleaf.
2024-03-12T08:25:51.041+09:00  WARN 14260 --- [http-nio-8080-exec-2] o.t.s.p.StandardIncludeTagProcessor      : [THYMELEAF][http-nio-8080-exec-2][/index] Deprecated attribute {th:include,data-th-include} found in template /index, line 71, col 11. Please use {th:insert,data-th-insert} instead, this deprecated attribute will be removed in future versions of Thymeleaf.
2024-03-12T08:25:53.794+09:00  INFO 14260 --- [http-nio-8080-exec-3] com.zaxxer.hikari.HikariDataSource       : HikariPool-1 - Starting...
2024-03-12T08:25:53.951+09:00  INFO 14260 --- [http-nio-8080-exec-3] com.zaxxer.hikari.pool.HikariPool        : HikariPool-1 - Added connection com.mysql.cj.jdbc.ConnectionImpl@19c34813
2024-03-12T08:25:53.953+09:00  INFO 14260 --- [http-nio-8080-exec-3] com.zaxxer.hikari.HikariDataSource       : HikariPool-1 - Start completed.
2024-03-12T08:31:26.777+09:00  WARN 14260 --- [http-nio-8080-exec-10] o.t.s.p.StandardIncludeTagProcessor      : [THYMELEAF][http-nio-8080-exec-10][/index] Deprecated attribute {th:include,data-th-include} found in template /index, line 61, col 11. Please use {th:insert,data-th-insert} instead, this deprecated attribute will be removed in future versions of Thymeleaf.
2024-03-12T08:31:26.777+09:00  WARN 14260 --- [http-nio-8080-exec-10] actStandardFragmentInsertionTagProcessor : [THYMELEAF][http-nio-8080-exec-10][/index] Deprecated unwrapped fragment expression "/include/_header.html" found in template /index, line 61, col 11. Please use the complete syntax of fragment expressions instead ("~{/include/_header.html}"). The old, unwrapped syntax for fragment expressions will be removed in future versions of Thymeleaf.
2024-03-12T08:31:26.777+09:00  WARN 14260 --- [http-nio-8080-exec-10] o.t.s.p.StandardIncludeTagProcessor      : [THYMELEAF][http-nio-8080-exec-10][/index] Deprecated attribute {th:include,data-th-include} found in template /index, line 62, col 11. Please use {th:insert,data-th-insert} instead, this deprecated attribute will be removed in future versions of Thymeleaf.
2024-03-12T08:31:26.777+09:00  WARN 14260 --- [http-nio-8080-exec-10] actStandardFragmentInsertionTagProcessor : [THYMELEAF][http-nio-8080-exec-10][/index] Deprecated unwrapped fragment expression "/include/_footer.html" found in template /index, line 62, col 11. Please use the complete syntax of fragment expressions instead ("~{/include/_footer.html}"). The old, unwrapped syntax for fragment expressions will be removed in future versions of Thymeleaf.
2024-03-12T08:31:26.778+09:00  WARN 14260 --- [http-nio-8080-exec-10] actStandardFragmentInsertionTagProcessor : [THYMELEAF][http-nio-8080-exec-10][/index] Deprecated unwrapped fragment expression "/include/_header.html" found in template /index, line 64, col 6. Please use the complete syntax of fragment expressions instead ("~{/include/_header.html}"). The old, unwrapped syntax for fragment expressions will be removed in future versions of Thymeleaf.
2024-03-12T08:31:26.778+09:00  WARN 14260 --- [http-nio-8080-exec-10] actStandardFragmentInsertionTagProcessor : [THYMELEAF][http-nio-8080-exec-10][/index] Deprecated unwrapped fragment expression "/include/_footer.html" found in template /index, line 65, col 6. Please use the complete syntax of fragment expressions instead ("~{/include/_footer.html}"). The old, unwrapped syntax for fragment expressions will be removed in future versions of Thymeleaf.
2024-03-12T08:31:26.779+09:00  WARN 14260 --- [http-nio-8080-exec-10] actStandardFragmentInsertionTagProcessor : [THYMELEAF][http-nio-8080-exec-10][/index] Deprecated unwrapped fragment expression "/include/_header.html" found in template /index, line 67, col 6. Please use the complete syntax of fragment expressions instead ("~{/include/_header.html}"). The old, unwrapped syntax for fragment expressions will be removed in future versions of Thymeleaf.
2024-03-12T08:31:26.780+09:00  WARN 14260 --- [http-nio-8080-exec-10] actStandardFragmentInsertionTagProcessor : [THYMELEAF][http-nio-8080-exec-10][/index] Deprecated unwrapped fragment expression "/include/_footer.html" found in template /index, line 68, col 6. Please use the complete syntax of fragment expressions instead ("~{/include/_footer.html}"). The old, unwrapped syntax for fragment expressions will be removed in future versions of Thymeleaf.
2024-03-12T08:31:26.781+09:00  WARN 14260 --- [http-nio-8080-exec-10] o.t.s.p.StandardIncludeTagProcessor      : [THYMELEAF][http-nio-8080-exec-10][/index] Deprecated attribute {th:include,data-th-include} found in template /index, line 70, col 11. Please use {th:insert,data-th-insert} instead, this deprecated attribute will be removed in future versions of Thymeleaf.
2024-03-12T08:31:26.781+09:00  WARN 14260 --- [http-nio-8080-exec-10] o.t.s.p.StandardIncludeTagProcessor      : [THYMELEAF][http-nio-8080-exec-10][/index] Deprecated attribute {th:include,data-th-include} found in template /index, line 71, col 11. Please use {th:insert,data-th-insert} instead, this deprecated attribute will be removed in future versions of Thymeleaf.
2024-03-12T08:45:00.305+09:00  INFO 8676 --- [main] k.co.ch06.controller.MainControllerTest  : Starting MainControllerTest using Java 17.0.9 with PID 8676 (started by java in C:\Users\java\Desktop\Workspace\Spring\ch06)
2024-03-12T08:45:00.306+09:00  INFO 8676 --- [main] k.co.ch06.controller.MainControllerTest  : No active profile set, falling back to 1 default profile: "default"
2024-03-12T08:45:01.133+09:00  INFO 8676 --- [main] o.s.b.a.w.s.WelcomePageHandlerMapping    : Adding welcome page template: index
2024-03-12T08:45:01.507+09:00  INFO 8676 --- [main] o.s.b.t.m.w.SpringBootMockServletContext : Initializing Spring TestDispatcherServlet ''
2024-03-12T08:45:01.508+09:00  INFO 8676 --- [main] o.s.t.web.servlet.TestDispatcherServlet  : Initializing Servlet ''
2024-03-12T08:45:01.508+09:00  INFO 8676 --- [main] o.s.t.web.servlet.TestDispatcherServlet  : Completed initialization in 0 ms
2024-03-12T08:45:01.532+09:00  INFO 8676 --- [main] k.co.ch06.controller.MainControllerTest  : Started MainControllerTest in 1.376 seconds (process running for 1.886)
2024-03-12T08:45:02.127+09:00  INFO 8676 --- [main] kr.co.ch06.controller.MainController     : name : 홍길동
2024-03-12T08:45:02.127+09:00  INFO 8676 --- [main] kr.co.ch06.controller.MainController     : age : 23
2024-03-12T08:46:11.785+09:00  INFO 11924 --- [main] k.co.ch06.controller.MainControllerTest  : Starting MainControllerTest using Java 17.0.9 with PID 11924 (started by java in C:\Users\java\Desktop\Workspace\Spring\ch06)
2024-03-12T08:46:11.786+09:00  INFO 11924 --- [main] k.co.ch06.controller.MainControllerTest  : No active profile set, falling back to 1 default profile: "default"
2024-03-12T08:46:12.681+09:00  INFO 11924 --- [main] o.s.b.a.w.s.WelcomePageHandlerMapping    : Adding welcome page template: index
2024-03-12T08:46:13.026+09:00  INFO 11924 --- [main] o.s.b.t.m.w.SpringBootMockServletContext : Initializing Spring TestDispatcherServlet ''
2024-03-12T08:46:13.026+09:00  INFO 11924 --- [main] o.s.t.web.servlet.TestDispatcherServlet  : Initializing Servlet ''
2024-03-12T08:46:13.028+09:00  INFO 11924 --- [main] o.s.t.web.servlet.TestDispatcherServlet  : Completed initialization in 2 ms
2024-03-12T08:46:13.057+09:00  INFO 11924 --- [main] k.co.ch06.controller.MainControllerTest  : Started MainControllerTest in 1.425 seconds (process running for 1.919)
2024-03-12T08:46:13.595+09:00  INFO 11924 --- [main] kr.co.ch06.controller.MainController     : name : 홍길동
2024-03-12T08:46:13.596+09:00  INFO 11924 --- [main] kr.co.ch06.controller.MainController     : age : 23
2024-03-12T08:46:53.302+09:00  INFO 8720 --- [main] kr.co.ch06.Mapper.User2MapperTest        : Starting User2MapperTest using Java 17.0.9 with PID 8720 (started by java in C:\Users\java\Desktop\Workspace\Spring\ch06)
2024-03-12T08:46:53.303+09:00  INFO 8720 --- [main] kr.co.ch06.Mapper.User2MapperTest        : No active profile set, falling back to 1 default profile: "default"
2024-03-12T08:46:54.194+09:00  INFO 8720 --- [main] o.s.b.a.w.s.WelcomePageHandlerMapping    : Adding welcome page template: index
2024-03-12T08:46:54.624+09:00  INFO 8720 --- [main] kr.co.ch06.Mapper.User2MapperTest        : Started User2MapperTest in 1.496 seconds (process running for 2.01)
2024-03-12T08:46:55.134+09:00  INFO 8720 --- [main] kr.co.ch06.Mapper.User2MapperTest        : insertUser2...
2024-03-12T08:46:55.143+09:00  INFO 8720 --- [main] com.zaxxer.hikari.HikariDataSource       : HikariPool-1 - Starting...
2024-03-12T08:46:55.319+09:00  INFO 8720 --- [main] com.zaxxer.hikari.pool.HikariPool        : HikariPool-1 - Added connection com.mysql.cj.jdbc.ConnectionImpl@1534bdc6
2024-03-12T08:46:55.321+09:00  INFO 8720 --- [main] com.zaxxer.hikari.HikariDataSource       : HikariPool-1 - Start completed.
2024-03-12T08:46:55.362+09:00  INFO 8720 --- [SpringApplicationShutdownHook] com.zaxxer.hikari.HikariDataSource       : HikariPool-1 - Shutdown initiated...
2024-03-12T08:46:55.364+09:00  INFO 8720 --- [SpringApplicationShutdownHook] com.zaxxer.hikari.HikariDataSource       : HikariPool-1 - Shutdown completed.
2024-03-12T09:18:04.626+09:00  INFO 14260 --- [SpringApplicationShutdownHook] com.zaxxer.hikari.HikariDataSource       : HikariPool-1 - Shutdown initiated...
2024-03-12T09:18:04.631+09:00  INFO 14260 --- [SpringApplicationShutdownHook] com.zaxxer.hikari.HikariDataSource       : HikariPool-1 - Shutdown completed.
2024-03-12T13:22:17.463+09:00  INFO 6936 --- [main] kr.co.ch06.Mapper.User2MapperTest        : Starting User2MapperTest using Java 17.0.9 with PID 6936 (started by java in C:\Users\java\Desktop\Workspace\Spring\ch06)
2024-03-12T13:22:17.464+09:00  INFO 6936 --- [main] kr.co.ch06.Mapper.User2MapperTest        : No active profile set, falling back to 1 default profile: "default"
2024-03-12T13:22:18.338+09:00  INFO 6936 --- [main] o.s.b.a.w.s.WelcomePageHandlerMapping    : Adding welcome page template: index
2024-03-12T13:22:18.698+09:00  INFO 6936 --- [main] kr.co.ch06.Mapper.User2MapperTest        : Started User2MapperTest in 1.393 seconds (process running for 1.896)
2024-03-12T13:22:19.186+09:00  INFO 6936 --- [main] kr.co.ch06.Mapper.User2MapperTest        : insertUser2...
2024-03-12T13:22:19.196+09:00  INFO 6936 --- [main] com.zaxxer.hikari.HikariDataSource       : HikariPool-1 - Starting...
2024-03-12T13:22:19.373+09:00  INFO 6936 --- [main] com.zaxxer.hikari.pool.HikariPool        : HikariPool-1 - Added connection com.mysql.cj.jdbc.ConnectionImpl@68360fb9
2024-03-12T13:22:19.375+09:00  INFO 6936 --- [main] com.zaxxer.hikari.HikariDataSource       : HikariPool-1 - Start completed.
2024-03-12T13:22:19.416+09:00  INFO 6936 --- [SpringApplicationShutdownHook] com.zaxxer.hikari.HikariDataSource       : HikariPool-1 - Shutdown initiated...
2024-03-12T13:22:19.419+09:00  INFO 6936 --- [SpringApplicationShutdownHook] com.zaxxer.hikari.HikariDataSource       : HikariPool-1 - Shutdown completed.
2024-03-12T13:29:04.243+09:00  INFO 8240 --- [main] kr.co.ch06.Mapper.User2MapperTest        : Starting User2MapperTest using Java 17.0.9 with PID 8240 (started by java in C:\Users\java\Desktop\Workspace\Spring\ch06)
2024-03-12T13:29:04.244+09:00  INFO 8240 --- [main] kr.co.ch06.Mapper.User2MapperTest        : No active profile set, falling back to 1 default profile: "default"
2024-03-12T13:29:05.076+09:00  INFO 8240 --- [main] o.s.b.a.w.s.WelcomePageHandlerMapping    : Adding welcome page template: index
2024-03-12T13:29:05.469+09:00  INFO 8240 --- [main] kr.co.ch06.Mapper.User2MapperTest        : Started User2MapperTest in 1.385 seconds (process running for 1.91)
2024-03-12T13:29:05.990+09:00  INFO 8240 --- [main] kr.co.ch06.Mapper.User2MapperTest        : selectUser2...
2024-03-12T13:29:05.999+09:00  INFO 8240 --- [main] com.zaxxer.hikari.HikariDataSource       : HikariPool-1 - Starting...
2024-03-12T13:29:06.166+09:00  INFO 8240 --- [main] com.zaxxer.hikari.pool.HikariPool        : HikariPool-1 - Added connection com.mysql.cj.jdbc.ConnectionImpl@3bda1f0
2024-03-12T13:29:06.167+09:00  INFO 8240 --- [main] com.zaxxer.hikari.HikariDataSource       : HikariPool-1 - Start completed.
2024-03-12T13:29:06.193+09:00  INFO 8240 --- [main] kr.co.ch06.Mapper.User2MapperTest        : User2DTO(uid=j107, name=강감찬, birth=1934-02-01, addr=제주)
2024-03-12T13:29:06.206+09:00  INFO 8240 --- [SpringApplicationShutdownHook] com.zaxxer.hikari.HikariDataSource       : HikariPool-1 - Shutdown initiated...
2024-03-12T13:29:06.209+09:00  INFO 8240 --- [SpringApplicationShutdownHook] com.zaxxer.hikari.HikariDataSource       : HikariPool-1 - Shutdown completed.
2024-03-12T13:31:14.872+09:00  INFO 8124 --- [main] kr.co.ch06.Mapper.User2MapperTest        : Starting User2MapperTest using Java 17.0.9 with PID 8124 (started by java in C:\Users\java\Desktop\Workspace\Spring\ch06)
2024-03-12T13:31:14.873+09:00  INFO 8124 --- [main] kr.co.ch06.Mapper.User2MapperTest        : No active profile set, falling back to 1 default profile: "default"
2024-03-12T13:31:15.715+09:00  INFO 8124 --- [main] o.s.b.a.w.s.WelcomePageHandlerMapping    : Adding welcome page template: index
2024-03-12T13:31:16.094+09:00  INFO 8124 --- [main] kr.co.ch06.Mapper.User2MapperTest        : Started User2MapperTest in 1.378 seconds (process running for 1.863)
2024-03-12T13:31:16.641+09:00  INFO 8124 --- [main] kr.co.ch06.Mapper.User2MapperTest        : selectUser2s...
2024-03-12T13:31:16.660+09:00  INFO 8124 --- [main] com.zaxxer.hikari.HikariDataSource       : HikariPool-1 - Starting...
2024-03-12T13:31:16.829+09:00  INFO 8124 --- [main] com.zaxxer.hikari.pool.HikariPool        : HikariPool-1 - Added connection com.mysql.cj.jdbc.ConnectionImpl@5a06eeef
2024-03-12T13:31:16.831+09:00  INFO 8124 --- [main] com.zaxxer.hikari.HikariDataSource       : HikariPool-1 - Start completed.
2024-03-12T13:31:16.856+09:00  INFO 8124 --- [main] kr.co.ch06.Mapper.User2MapperTest        : User2DTO(uid=a101, name=장보고, birth=1975-01-11, addr=김해)
2024-03-12T13:31:16.856+09:00  INFO 8124 --- [main] kr.co.ch06.Mapper.User2MapperTest        : User2DTO(uid=a102, name=김유신, birth=2024-02-10, addr=대구)
2024-03-12T13:31:16.857+09:00  INFO 8124 --- [main] kr.co.ch06.Mapper.User2MapperTest        : User2DTO(uid=a103, name=관창, birth=2024-02-03, addr=창원)
2024-03-12T13:31:16.857+09:00  INFO 8124 --- [main] kr.co.ch06.Mapper.User2MapperTest        : User2DTO(uid=a1111, name=이삼, birth=2024-02-06, addr=거제)
2024-03-12T13:31:16.857+09:00  INFO 8124 --- [main] kr.co.ch06.Mapper.User2MapperTest        : User2DTO(uid=a112, name=강감찬, birth=1934-02-01, addr=제주)
2024-03-12T13:31:16.857+09:00  INFO 8124 --- [main] kr.co.ch06.Mapper.User2MapperTest        : User2DTO(uid=j107, name=강감찬, birth=1934-02-01, addr=제주)
2024-03-12T13:31:16.868+09:00  INFO 8124 --- [SpringApplicationShutdownHook] com.zaxxer.hikari.HikariDataSource       : HikariPool-1 - Shutdown initiated...
2024-03-12T13:31:16.871+09:00  INFO 8124 --- [SpringApplicationShutdownHook] com.zaxxer.hikari.HikariDataSource       : HikariPool-1 - Shutdown completed.
2024-03-12T13:36:48.320+09:00  INFO 6128 --- [main] kr.co.ch06.Mapper.User2MapperTest        : Starting User2MapperTest using Java 17.0.9 with PID 6128 (started by java in C:\Users\java\Desktop\Workspace\Spring\ch06)
2024-03-12T13:36:48.321+09:00  INFO 6128 --- [main] kr.co.ch06.Mapper.User2MapperTest        : No active profile set, falling back to 1 default profile: "default"
2024-03-12T13:36:49.206+09:00  INFO 6128 --- [main] o.s.b.a.w.s.WelcomePageHandlerMapping    : Adding welcome page template: index
2024-03-12T13:36:49.590+09:00  INFO 6128 --- [main] kr.co.ch06.Mapper.User2MapperTest        : Started User2MapperTest in 1.43 seconds (process running for 1.969)
2024-03-12T13:36:50.099+09:00  INFO 6128 --- [main] kr.co.ch06.Mapper.User2MapperTest        : updateUser2...
2024-03-12T13:36:50.108+09:00  INFO 6128 --- [main] com.zaxxer.hikari.HikariDataSource       : HikariPool-1 - Starting...
2024-03-12T13:36:50.271+09:00  INFO 6128 --- [main] com.zaxxer.hikari.pool.HikariPool        : HikariPool-1 - Added connection com.mysql.cj.jdbc.ConnectionImpl@415262a0
2024-03-12T13:36:50.272+09:00  INFO 6128 --- [main] com.zaxxer.hikari.HikariDataSource       : HikariPool-1 - Start completed.
2024-03-12T13:36:50.320+09:00  INFO 6128 --- [SpringApplicationShutdownHook] com.zaxxer.hikari.HikariDataSource       : HikariPool-1 - Shutdown initiated...
2024-03-12T13:36:50.322+09:00  INFO 6128 --- [SpringApplicationShutdownHook] com.zaxxer.hikari.HikariDataSource       : HikariPool-1 - Shutdown completed.
2024-03-12T13:38:46.297+09:00  INFO 11668 --- [main] kr.co.ch06.Mapper.User2MapperTest        : Starting User2MapperTest using Java 17.0.9 with PID 11668 (started by java in C:\Users\java\Desktop\Workspace\Spring\ch06)
2024-03-12T13:38:46.298+09:00  INFO 11668 --- [main] kr.co.ch06.Mapper.User2MapperTest        : No active profile set, falling back to 1 default profile: "default"
2024-03-12T13:38:47.238+09:00  INFO 11668 --- [main] o.s.b.a.w.s.WelcomePageHandlerMapping    : Adding welcome page template: index
2024-03-12T13:38:47.662+09:00  INFO 11668 --- [main] kr.co.ch06.Mapper.User2MapperTest        : Started User2MapperTest in 1.521 seconds (process running for 2.005)
2024-03-12T13:38:48.210+09:00  INFO 11668 --- [main] kr.co.ch06.Mapper.User2MapperTest        : deleteUser2...
2024-03-12T13:38:48.218+09:00  INFO 11668 --- [main] com.zaxxer.hikari.HikariDataSource       : HikariPool-1 - Starting...
2024-03-12T13:38:48.391+09:00  INFO 11668 --- [main] com.zaxxer.hikari.pool.HikariPool        : HikariPool-1 - Added connection com.mysql.cj.jdbc.ConnectionImpl@1534bdc6
2024-03-12T13:38:48.392+09:00  INFO 11668 --- [main] com.zaxxer.hikari.HikariDataSource       : HikariPool-1 - Start completed.
2024-03-12T13:38:48.438+09:00  INFO 11668 --- [SpringApplicationShutdownHook] com.zaxxer.hikari.HikariDataSource       : HikariPool-1 - Shutdown initiated...
2024-03-12T13:38:48.442+09:00  INFO 11668 --- [SpringApplicationShutdownHook] com.zaxxer.hikari.HikariDataSource       : HikariPool-1 - Shutdown completed.
2024-03-12T13:46:22.646+09:00  INFO 9708 --- [main] kr.co.ch06.Mapper.User2MapperTest        : Starting User2MapperTest using Java 17.0.9 with PID 9708 (started by java in C:\Users\java\Desktop\Workspace\Spring\ch06)
2024-03-12T13:46:22.647+09:00  INFO 9708 --- [main] kr.co.ch06.Mapper.User2MapperTest        : No active profile set, falling back to 1 default profile: "default"
2024-03-12T13:46:23.525+09:00  INFO 9708 --- [main] o.s.b.a.w.s.WelcomePageHandlerMapping    : Adding welcome page template: index
2024-03-12T13:46:23.926+09:00  INFO 9708 --- [main] kr.co.ch06.Mapper.User2MapperTest        : Started User2MapperTest in 1.435 seconds (process running for 1.97)
2024-03-12T13:46:24.451+09:00  INFO 9708 --- [main] kr.co.ch06.Mapper.User2MapperTest        : deleteUser2...
2024-03-12T13:46:24.461+09:00  INFO 9708 --- [main] com.zaxxer.hikari.HikariDataSource       : HikariPool-1 - Starting...
2024-03-12T13:46:24.623+09:00  INFO 9708 --- [main] com.zaxxer.hikari.pool.HikariPool        : HikariPool-1 - Added connection com.mysql.cj.jdbc.ConnectionImpl@53079ae6
2024-03-12T13:46:24.624+09:00  INFO 9708 --- [main] com.zaxxer.hikari.HikariDataSource       : HikariPool-1 - Start completed.
2024-03-12T13:46:24.662+09:00  INFO 9708 --- [SpringApplicationShutdownHook] com.zaxxer.hikari.HikariDataSource       : HikariPool-1 - Shutdown initiated...
2024-03-12T13:46:24.664+09:00  INFO 9708 --- [SpringApplicationShutdownHook] com.zaxxer.hikari.HikariDataSource       : HikariPool-1 - Shutdown completed.
2024-03-12T13:46:47.908+09:00  INFO 6788 --- [main] kr.co.ch06.Mapper.User3MapperTest        : Starting User3MapperTest using Java 17.0.9 with PID 6788 (started by java in C:\Users\java\Desktop\Workspace\Spring\ch06)
2024-03-12T13:46:47.909+09:00  INFO 6788 --- [main] kr.co.ch06.Mapper.User3MapperTest        : No active profile set, falling back to 1 default profile: "default"
2024-03-12T13:46:48.767+09:00  INFO 6788 --- [main] o.s.b.a.w.s.WelcomePageHandlerMapping    : Adding welcome page template: index
2024-03-12T13:46:49.129+09:00  INFO 6788 --- [main] kr.co.ch06.Mapper.User3MapperTest        : Started User3MapperTest in 1.4 seconds (process running for 1.916)
2024-03-12T13:46:49.646+09:00  INFO 6788 --- [main] kr.co.ch06.Mapper.User3MapperTest        : insertUser3...
2024-03-12T13:46:49.661+09:00  INFO 6788 --- [main] com.zaxxer.hikari.HikariDataSource       : HikariPool-1 - Starting...
2024-03-12T13:46:49.823+09:00  INFO 6788 --- [main] com.zaxxer.hikari.pool.HikariPool        : HikariPool-1 - Added connection com.mysql.cj.jdbc.ConnectionImpl@19c1f6f4
2024-03-12T13:46:49.825+09:00  INFO 6788 --- [main] com.zaxxer.hikari.HikariDataSource       : HikariPool-1 - Start completed.
2024-03-12T13:46:49.865+09:00  INFO 6788 --- [SpringApplicationShutdownHook] com.zaxxer.hikari.HikariDataSource       : HikariPool-1 - Shutdown initiated...
2024-03-12T13:46:49.867+09:00  INFO 6788 --- [SpringApplicationShutdownHook] com.zaxxer.hikari.HikariDataSource       : HikariPool-1 - Shutdown completed.
2024-03-12T13:51:06.210+09:00  INFO 7092 --- [main] kr.co.ch06.Mapper.User3MapperTest        : Starting User3MapperTest using Java 17.0.9 with PID 7092 (started by java in C:\Users\java\Desktop\Workspace\Spring\ch06)
2024-03-12T13:51:06.211+09:00  INFO 7092 --- [main] kr.co.ch06.Mapper.User3MapperTest        : No active profile set, falling back to 1 default profile: "default"
2024-03-12T13:51:07.050+09:00  INFO 7092 --- [main] o.s.b.a.w.s.WelcomePageHandlerMapping    : Adding welcome page template: index
2024-03-12T13:51:07.452+09:00  INFO 7092 --- [main] kr.co.ch06.Mapper.User3MapperTest        : Started User3MapperTest in 1.4 seconds (process running for 1.929)
2024-03-12T13:51:07.978+09:00  INFO 7092 --- [main] kr.co.ch06.Mapper.User3MapperTest        : selectUser3...
2024-03-12T13:51:07.988+09:00  INFO 7092 --- [main] com.zaxxer.hikari.HikariDataSource       : HikariPool-1 - Starting...
2024-03-12T13:51:08.165+09:00  INFO 7092 --- [main] com.zaxxer.hikari.pool.HikariPool        : HikariPool-1 - Added connection com.mysql.cj.jdbc.ConnectionImpl@7e8c58fd
2024-03-12T13:51:08.166+09:00  INFO 7092 --- [main] com.zaxxer.hikari.HikariDataSource       : HikariPool-1 - Start completed.
2024-03-12T13:51:08.194+09:00  INFO 7092 --- [main] kr.co.ch06.Mapper.User3MapperTest        : User3DTO(uid=j107, name=강감찬, birth=1900-01-01, hp=010-0000-0001, addr=부산)
2024-03-12T13:51:08.206+09:00  INFO 7092 --- [SpringApplicationShutdownHook] com.zaxxer.hikari.HikariDataSource       : HikariPool-1 - Shutdown initiated...
2024-03-12T13:51:08.208+09:00  INFO 7092 --- [SpringApplicationShutdownHook] com.zaxxer.hikari.HikariDataSource       : HikariPool-1 - Shutdown completed.
2024-03-12T13:51:17.594+09:00  INFO 10668 --- [main] kr.co.ch06.Mapper.User3MapperTest        : Starting User3MapperTest using Java 17.0.9 with PID 10668 (started by java in C:\Users\java\Desktop\Workspace\Spring\ch06)
2024-03-12T13:51:17.595+09:00  INFO 10668 --- [main] kr.co.ch06.Mapper.User3MapperTest        : No active profile set, falling back to 1 default profile: "default"
2024-03-12T13:51:18.473+09:00  INFO 10668 --- [main] o.s.b.a.w.s.WelcomePageHandlerMapping    : Adding welcome page template: index
2024-03-12T13:51:18.884+09:00  INFO 10668 --- [main] kr.co.ch06.Mapper.User3MapperTest        : Started User3MapperTest in 1.453 seconds (process running for 1.969)
2024-03-12T13:51:19.367+09:00  INFO 10668 --- [main] kr.co.ch06.Mapper.User3MapperTest        : selectUser3s...
2024-03-12T13:51:19.381+09:00  INFO 10668 --- [main] com.zaxxer.hikari.HikariDataSource       : HikariPool-1 - Starting...
2024-03-12T13:51:19.548+09:00  INFO 10668 --- [main] com.zaxxer.hikari.pool.HikariPool        : HikariPool-1 - Added connection com.mysql.cj.jdbc.ConnectionImpl@73e399cc
2024-03-12T13:51:19.549+09:00  INFO 10668 --- [main] com.zaxxer.hikari.HikariDataSource       : HikariPool-1 - Start completed.
2024-03-12T13:51:19.575+09:00  INFO 10668 --- [main] kr.co.ch06.Mapper.User3MapperTest        : User3DTO(uid=j107, name=강감찬, birth=1900-01-01, hp=010-0000-0001, addr=부산)
2024-03-12T13:51:19.575+09:00  INFO 10668 --- [main] kr.co.ch06.Mapper.User3MapperTest        : User3DTO(uid=sundal, name=김선달, birth=2024-03-01, hp=010-1111-1155, addr=010-2323-5352)
2024-03-12T13:51:19.587+09:00  INFO 10668 --- [SpringApplicationShutdownHook] com.zaxxer.hikari.HikariDataSource       : HikariPool-1 - Shutdown initiated...
2024-03-12T13:51:19.590+09:00  INFO 10668 --- [SpringApplicationShutdownHook] com.zaxxer.hikari.HikariDataSource       : HikariPool-1 - Shutdown completed.
2024-03-12T13:55:15.629+09:00  INFO 14200 --- [main] kr.co.ch06.Mapper.User3MapperTest        : Starting User3MapperTest using Java 17.0.9 with PID 14200 (started by java in C:\Users\java\Desktop\Workspace\Spring\ch06)
2024-03-12T13:55:15.630+09:00  INFO 14200 --- [main] kr.co.ch06.Mapper.User3MapperTest        : No active profile set, falling back to 1 default profile: "default"
2024-03-12T13:55:16.436+09:00  INFO 14200 --- [main] o.s.b.a.w.s.WelcomePageHandlerMapping    : Adding welcome page template: index
2024-03-12T13:55:16.856+09:00  INFO 14200 --- [main] kr.co.ch06.Mapper.User3MapperTest        : Started User3MapperTest in 1.39 seconds (process running for 1.936)
2024-03-12T13:55:17.391+09:00  INFO 14200 --- [main] kr.co.ch06.Mapper.User3MapperTest        : updateUser3...
2024-03-12T13:55:17.399+09:00  INFO 14200 --- [main] com.zaxxer.hikari.HikariDataSource       : HikariPool-1 - Starting...
2024-03-12T13:55:17.565+09:00  INFO 14200 --- [main] com.zaxxer.hikari.pool.HikariPool        : HikariPool-1 - Added connection com.mysql.cj.jdbc.ConnectionImpl@50d666a2
2024-03-12T13:55:17.567+09:00  INFO 14200 --- [main] com.zaxxer.hikari.HikariDataSource       : HikariPool-1 - Start completed.
2024-03-12T13:55:17.613+09:00  INFO 14200 --- [SpringApplicationShutdownHook] com.zaxxer.hikari.HikariDataSource       : HikariPool-1 - Shutdown initiated...
2024-03-12T13:55:17.616+09:00  INFO 14200 --- [SpringApplicationShutdownHook] com.zaxxer.hikari.HikariDataSource       : HikariPool-1 - Shutdown completed.
2024-03-12T13:59:11.062+09:00  INFO 8364 --- [main] kr.co.ch06.Mapper.User3MapperTest        : Starting User3MapperTest using Java 17.0.9 with PID 8364 (started by java in C:\Users\java\Desktop\Workspace\Spring\ch06)
2024-03-12T13:59:11.063+09:00  INFO 8364 --- [main] kr.co.ch06.Mapper.User3MapperTest        : No active profile set, falling back to 1 default profile: "default"
2024-03-12T13:59:11.904+09:00  INFO 8364 --- [main] o.s.b.a.w.s.WelcomePageHandlerMapping    : Adding welcome page template: index
2024-03-12T13:59:12.330+09:00  INFO 8364 --- [main] kr.co.ch06.Mapper.User3MapperTest        : Started User3MapperTest in 1.435 seconds (process running for 1.994)
2024-03-12T13:59:12.810+09:00  INFO 8364 --- [main] kr.co.ch06.Mapper.User3MapperTest        : deleteUser3...
2024-03-12T13:59:12.819+09:00  INFO 8364 --- [main] com.zaxxer.hikari.HikariDataSource       : HikariPool-1 - Starting...
2024-03-12T13:59:12.980+09:00  INFO 8364 --- [main] com.zaxxer.hikari.pool.HikariPool        : HikariPool-1 - Added connection com.mysql.cj.jdbc.ConnectionImpl@5a06eeef
2024-03-12T13:59:12.981+09:00  INFO 8364 --- [main] com.zaxxer.hikari.HikariDataSource       : HikariPool-1 - Start completed.
2024-03-12T13:59:13.017+09:00  INFO 8364 --- [SpringApplicationShutdownHook] com.zaxxer.hikari.HikariDataSource       : HikariPool-1 - Shutdown initiated...
2024-03-12T13:59:13.020+09:00  INFO 8364 --- [SpringApplicationShutdownHook] com.zaxxer.hikari.HikariDataSource       : HikariPool-1 - Shutdown completed.
2024-03-12T15:38:27.970+09:00  INFO 8500 --- [restartedMain] kr.co.ch06.Ch06Application               : Starting Ch06Application using Java 17.0.9 with PID 8500 (C:\Users\java\Desktop\Workspace\Spring\ch06\build\classes\java\main started by java in C:\Users\java\Desktop\Workspace\Spring\ch06)
2024-03-12T15:38:27.971+09:00  INFO 8500 --- [restartedMain] kr.co.ch06.Ch06Application               : No active profile set, falling back to 1 default profile: "default"
2024-03-12T15:38:28.086+09:00  INFO 8500 --- [restartedMain] .e.DevToolsPropertyDefaultsPostProcessor : Devtools property defaults active! Set 'spring.devtools.add-properties' to 'false' to disable
2024-03-12T15:38:28.086+09:00  INFO 8500 --- [restartedMain] .e.DevToolsPropertyDefaultsPostProcessor : For additional web related logging consider setting the 'logging.level.web' property to 'DEBUG'
2024-03-12T15:38:28.581+09:00  INFO 8500 --- [restartedMain] o.s.b.w.embedded.tomcat.TomcatWebServer  : Tomcat initialized with port 8080 (http)
2024-03-12T15:38:28.587+09:00  INFO 8500 --- [restartedMain] o.apache.catalina.core.StandardService   : Starting service [Tomcat]
2024-03-12T15:38:28.587+09:00  INFO 8500 --- [restartedMain] o.apache.catalina.core.StandardEngine    : Starting Servlet engine: [Apache Tomcat/10.1.19]
2024-03-12T15:38:28.612+09:00  INFO 8500 --- [restartedMain] o.a.c.c.C.[Tomcat].[localhost].[/ch06]   : Initializing Spring embedded WebApplicationContext
2024-03-12T15:38:28.612+09:00  INFO 8500 --- [restartedMain] w.s.c.ServletWebServerApplicationContext : Root WebApplicationContext: initialization completed in 525 ms
2024-03-12T15:38:28.782+09:00  INFO 8500 --- [restartedMain] o.s.b.a.w.s.WelcomePageHandlerMapping    : Adding welcome page template: index
2024-03-12T15:38:28.961+09:00  INFO 8500 --- [restartedMain] o.s.b.d.a.OptionalLiveReloadServer       : LiveReload server is running on port 35729
2024-03-12T15:38:28.977+09:00  INFO 8500 --- [restartedMain] o.s.b.w.embedded.tomcat.TomcatWebServer  : Tomcat started on port 8080 (http) with context path '/ch06'
2024-03-12T15:38:28.981+09:00  INFO 8500 --- [restartedMain] kr.co.ch06.Ch06Application               : Started Ch06Application in 1.202 seconds (process running for 1.494)
2024-03-12T15:38:43.596+09:00  INFO 8376 --- [main] kr.co.ch06.Mapper.User3MapperTest        : Starting User3MapperTest using Java 17.0.9 with PID 8376 (started by java in C:\Users\java\Desktop\Workspace\Spring\ch06)
2024-03-12T15:38:43.596+09:00  INFO 8376 --- [main] kr.co.ch06.Mapper.User3MapperTest        : No active profile set, falling back to 1 default profile: "default"
2024-03-12T15:38:44.450+09:00  INFO 8376 --- [main] o.s.b.a.w.s.WelcomePageHandlerMapping    : Adding welcome page template: index
2024-03-12T15:38:44.804+09:00  INFO 8376 --- [main] kr.co.ch06.Mapper.User3MapperTest        : Started User3MapperTest in 1.376 seconds (process running for 1.909)
2024-03-12T15:38:45.327+09:00  INFO 8376 --- [main] kr.co.ch06.Mapper.User3MapperTest        : deleteUser3...
2024-03-12T15:38:45.336+09:00  INFO 8376 --- [main] com.zaxxer.hikari.HikariDataSource       : HikariPool-1 - Starting...
2024-03-12T15:38:45.503+09:00  INFO 8376 --- [main] com.zaxxer.hikari.pool.HikariPool        : HikariPool-1 - Added connection com.mysql.cj.jdbc.ConnectionImpl@50d666a2
2024-03-12T15:38:45.505+09:00  INFO 8376 --- [main] com.zaxxer.hikari.HikariDataSource       : HikariPool-1 - Start completed.
2024-03-12T15:38:45.540+09:00  INFO 8376 --- [SpringApplicationShutdownHook] com.zaxxer.hikari.HikariDataSource       : HikariPool-1 - Shutdown initiated...
2024-03-12T15:38:45.543+09:00  INFO 8376 --- [SpringApplicationShutdownHook] com.zaxxer.hikari.HikariDataSource       : HikariPool-1 - Shutdown completed.
2024-03-12T15:50:44.086+09:00  INFO 12940 --- [main] kr.co.ch06.Mapper.User4MapperTest        : Starting User4MapperTest using Java 17.0.9 with PID 12940 (started by java in C:\Users\java\Desktop\Workspace\Spring\ch06)
2024-03-12T15:50:44.087+09:00  INFO 12940 --- [main] kr.co.ch06.Mapper.User4MapperTest        : No active profile set, falling back to 1 default profile: "default"
2024-03-12T15:50:44.928+09:00  INFO 12940 --- [main] o.s.b.a.w.s.WelcomePageHandlerMapping    : Adding welcome page template: index
2024-03-12T15:50:45.292+09:00  INFO 12940 --- [main] kr.co.ch06.Mapper.User4MapperTest        : Started User4MapperTest in 1.37 seconds (process running for 1.865)
2024-03-12T15:50:45.772+09:00  INFO 12940 --- [main] kr.co.ch06.Mapper.User4MapperTest        : insertUser4...
2024-03-12T15:50:45.783+09:00  INFO 12940 --- [main] com.zaxxer.hikari.HikariDataSource       : HikariPool-1 - Starting...
2024-03-12T15:50:45.947+09:00  INFO 12940 --- [main] com.zaxxer.hikari.pool.HikariPool        : HikariPool-1 - Added connection com.mysql.cj.jdbc.ConnectionImpl@3f6906f4
2024-03-12T15:50:45.949+09:00  INFO 12940 --- [main] com.zaxxer.hikari.HikariDataSource       : HikariPool-1 - Start completed.
2024-03-12T15:50:46.009+09:00  INFO 12940 --- [SpringApplicationShutdownHook] com.zaxxer.hikari.HikariDataSource       : HikariPool-1 - Shutdown initiated...
2024-03-12T15:50:46.012+09:00  INFO 12940 --- [SpringApplicationShutdownHook] com.zaxxer.hikari.HikariDataSource       : HikariPool-1 - Shutdown completed.
2024-03-12T15:52:44.121+09:00  INFO 8984 --- [main] kr.co.ch06.Mapper.User4MapperTest        : Starting User4MapperTest using Java 17.0.9 with PID 8984 (started by java in C:\Users\java\Desktop\Workspace\Spring\ch06)
2024-03-12T15:52:44.122+09:00  INFO 8984 --- [main] kr.co.ch06.Mapper.User4MapperTest        : No active profile set, falling back to 1 default profile: "default"
2024-03-12T15:52:45.062+09:00  INFO 8984 --- [main] o.s.b.a.w.s.WelcomePageHandlerMapping    : Adding welcome page template: index
2024-03-12T15:52:45.430+09:00  INFO 8984 --- [main] kr.co.ch06.Mapper.User4MapperTest        : Started User4MapperTest in 1.482 seconds (process running for 2.001)
2024-03-12T15:52:45.938+09:00  INFO 8984 --- [main] kr.co.ch06.Mapper.User4MapperTest        : selectUser4...
2024-03-12T15:52:45.948+09:00  INFO 8984 --- [main] com.zaxxer.hikari.HikariDataSource       : HikariPool-1 - Starting...
2024-03-12T15:52:46.127+09:00  INFO 8984 --- [main] com.zaxxer.hikari.pool.HikariPool        : HikariPool-1 - Added connection com.mysql.cj.jdbc.ConnectionImpl@538905d2
2024-03-12T15:52:46.128+09:00  INFO 8984 --- [main] com.zaxxer.hikari.HikariDataSource       : HikariPool-1 - Start completed.
2024-03-12T15:52:46.153+09:00  INFO 8984 --- [main] kr.co.ch06.Mapper.User4MapperTest        : User4DTO(uid=j107, name=강감찬, gender=M, age=22, hp=010-0000-0001, addr=서울)
2024-03-12T15:52:46.166+09:00  INFO 8984 --- [SpringApplicationShutdownHook] com.zaxxer.hikari.HikariDataSource       : HikariPool-1 - Shutdown initiated...
2024-03-12T15:52:46.169+09:00  INFO 8984 --- [SpringApplicationShutdownHook] com.zaxxer.hikari.HikariDataSource       : HikariPool-1 - Shutdown completed.
2024-03-12T15:54:58.283+09:00  INFO 10088 --- [main] kr.co.ch06.Mapper.User4MapperTest        : Starting User4MapperTest using Java 17.0.9 with PID 10088 (started by java in C:\Users\java\Desktop\Workspace\Spring\ch06)
2024-03-12T15:54:58.284+09:00  INFO 10088 --- [main] kr.co.ch06.Mapper.User4MapperTest        : No active profile set, falling back to 1 default profile: "default"
2024-03-12T15:54:59.103+09:00  INFO 10088 --- [main] o.s.b.a.w.s.WelcomePageHandlerMapping    : Adding welcome page template: index
2024-03-12T15:54:59.479+09:00  INFO 10088 --- [main] kr.co.ch06.Mapper.User4MapperTest        : Started User4MapperTest in 1.36 seconds (process running for 1.882)
2024-03-12T15:54:59.992+09:00  INFO 10088 --- [main] kr.co.ch06.Mapper.User4MapperTest        : selectUser4s...
2024-03-12T15:55:00.001+09:00  INFO 10088 --- [main] com.zaxxer.hikari.HikariDataSource       : HikariPool-1 - Starting...
2024-03-12T15:55:00.183+09:00  INFO 10088 --- [main] com.zaxxer.hikari.pool.HikariPool        : HikariPool-1 - Added connection com.mysql.cj.jdbc.ConnectionImpl@1859e55c
2024-03-12T15:55:00.185+09:00  INFO 10088 --- [main] com.zaxxer.hikari.HikariDataSource       : HikariPool-1 - Start completed.
2024-03-12T15:55:00.214+09:00  INFO 10088 --- [main] kr.co.ch06.Mapper.User4MapperTest        : User4DTO(uid=A101, name=김유신, gender=M, age=25, hp=010-1234-1111, addr=경남 김해시)
2024-03-12T15:55:00.214+09:00  INFO 10088 --- [main] kr.co.ch06.Mapper.User4MapperTest        : User4DTO(uid=A102, name=김춘추, gender=M, age=25, hp=010-1234-2222, addr=경남 경주시)
2024-03-12T15:55:00.214+09:00  INFO 10088 --- [main] kr.co.ch06.Mapper.User4MapperTest        : User4DTO(uid=A103, name=장보고, gender=M, age=25, hp=010-1234-3333, addr=전남 완도시)
2024-03-12T15:55:00.214+09:00  INFO 10088 --- [main] kr.co.ch06.Mapper.User4MapperTest        : User4DTO(uid=A104, name=강감찬, gender=M, age=25, hp=010-1234-4444, addr=서울시 관악구)
2024-03-12T15:55:00.215+09:00  INFO 10088 --- [main] kr.co.ch06.Mapper.User4MapperTest        : User4DTO(uid=A105, name=이순신, gender=M, age=1, hp=010-1234-5555, addr=부산시 진구)
2024-03-12T15:55:00.215+09:00  INFO 10088 --- [main] kr.co.ch06.Mapper.User4MapperTest        : User4DTO(uid=A106, name=신사임당, gender=F, age=25, hp=null, addr=강릉시)
2024-03-12T15:55:00.215+09:00  INFO 10088 --- [main] kr.co.ch06.Mapper.User4MapperTest        : User4DTO(uid=A107, name=허난설현, gender=F, age=25, hp=null, addr=경기도 광주시)
2024-03-12T15:55:00.215+09:00  INFO 10088 --- [main] kr.co.ch06.Mapper.User4MapperTest        : User4DTO(uid=j107, name=강감찬, gender=M, age=22, hp=010-0000-0001, addr=서울)
2024-03-12T15:55:00.229+09:00  INFO 10088 --- [SpringApplicationShutdownHook] com.zaxxer.hikari.HikariDataSource       : HikariPool-1 - Shutdown initiated...
2024-03-12T15:55:00.232+09:00  INFO 10088 --- [SpringApplicationShutdownHook] com.zaxxer.hikari.HikariDataSource       : HikariPool-1 - Shutdown completed.
2024-03-12T15:58:27.026+09:00  INFO 9684 --- [main] kr.co.ch06.Mapper.User4MapperTest        : Starting User4MapperTest using Java 17.0.9 with PID 9684 (started by java in C:\Users\java\Desktop\Workspace\Spring\ch06)
2024-03-12T15:58:27.027+09:00  INFO 9684 --- [main] kr.co.ch06.Mapper.User4MapperTest        : No active profile set, falling back to 1 default profile: "default"
2024-03-12T15:58:27.980+09:00  INFO 9684 --- [main] o.s.b.a.w.s.WelcomePageHandlerMapping    : Adding welcome page template: index
2024-03-12T15:58:28.322+09:00  INFO 9684 --- [main] kr.co.ch06.Mapper.User4MapperTest        : Started User4MapperTest in 1.478 seconds (process running for 2.039)
2024-03-12T15:58:28.826+09:00  INFO 9684 --- [main] kr.co.ch06.Mapper.User4MapperTest        : updateUser4...
2024-03-12T15:58:28.845+09:00  INFO 9684 --- [main] com.zaxxer.hikari.HikariDataSource       : HikariPool-1 - Starting...
2024-03-12T15:58:29.034+09:00  INFO 9684 --- [main] com.zaxxer.hikari.pool.HikariPool        : HikariPool-1 - Added connection com.mysql.cj.jdbc.ConnectionImpl@3d02ff64
2024-03-12T15:58:29.035+09:00  INFO 9684 --- [main] com.zaxxer.hikari.HikariDataSource       : HikariPool-1 - Start completed.
2024-03-12T15:58:29.073+09:00  INFO 9684 --- [SpringApplicationShutdownHook] com.zaxxer.hikari.HikariDataSource       : HikariPool-1 - Shutdown initiated...
2024-03-12T15:58:29.075+09:00  INFO 9684 --- [SpringApplicationShutdownHook] com.zaxxer.hikari.HikariDataSource       : HikariPool-1 - Shutdown completed.
2024-03-12T16:00:36.619+09:00  INFO 11508 --- [main] kr.co.ch06.Mapper.User4MapperTest        : Starting User4MapperTest using Java 17.0.9 with PID 11508 (started by java in C:\Users\java\Desktop\Workspace\Spring\ch06)
2024-03-12T16:00:36.620+09:00  INFO 11508 --- [main] kr.co.ch06.Mapper.User4MapperTest        : No active profile set, falling back to 1 default profile: "default"
2024-03-12T16:00:37.499+09:00  INFO 11508 --- [main] o.s.b.a.w.s.WelcomePageHandlerMapping    : Adding welcome page template: index
2024-03-12T16:00:37.832+09:00  INFO 11508 --- [main] kr.co.ch06.Mapper.User4MapperTest        : Started User4MapperTest in 1.381 seconds (process running for 1.909)
2024-03-12T16:00:38.360+09:00  INFO 11508 --- [main] kr.co.ch06.Mapper.User4MapperTest        : deleteUser4...
2024-03-12T16:00:38.370+09:00  INFO 11508 --- [main] com.zaxxer.hikari.HikariDataSource       : HikariPool-1 - Starting...
2024-03-12T16:00:38.534+09:00  INFO 11508 --- [main] com.zaxxer.hikari.pool.HikariPool        : HikariPool-1 - Added connection com.mysql.cj.jdbc.ConnectionImpl@50d666a2
2024-03-12T16:00:38.536+09:00  INFO 11508 --- [main] com.zaxxer.hikari.HikariDataSource       : HikariPool-1 - Start completed.
2024-03-12T16:00:38.573+09:00  INFO 11508 --- [SpringApplicationShutdownHook] com.zaxxer.hikari.HikariDataSource       : HikariPool-1 - Shutdown initiated...
2024-03-12T16:00:38.575+09:00  INFO 11508 --- [SpringApplicationShutdownHook] com.zaxxer.hikari.HikariDataSource       : HikariPool-1 - Shutdown completed.
2024-03-12T16:59:22.497+09:00  INFO 8500 --- [main] kr.co.ch06.Mapper.User5MapperTest        : Starting User5MapperTest using Java 17.0.9 with PID 8500 (started by java in C:\Users\java\Desktop\Workspace\Spring\ch06)
2024-03-12T16:59:22.499+09:00  INFO 8500 --- [main] kr.co.ch06.Mapper.User5MapperTest        : No active profile set, falling back to 1 default profile: "default"
2024-03-12T16:59:23.356+09:00  INFO 8500 --- [main] o.s.b.a.w.s.WelcomePageHandlerMapping    : Adding welcome page template: index
2024-03-12T16:59:31.693+09:00  INFO 12792 --- [main] kr.co.ch06.Mapper.User5MapperTest        : Starting User5MapperTest using Java 17.0.9 with PID 12792 (started by java in C:\Users\java\Desktop\Workspace\Spring\ch06)
2024-03-12T16:59:31.694+09:00  INFO 12792 --- [main] kr.co.ch06.Mapper.User5MapperTest        : No active profile set, falling back to 1 default profile: "default"
2024-03-12T16:59:32.584+09:00  INFO 12792 --- [main] o.s.b.a.w.s.WelcomePageHandlerMapping    : Adding welcome page template: index
2024-03-12T22:49:53.554+09:00  INFO 16492 --- [restartedMain] kr.co.ch06.Ch06Application               : Starting Ch06Application using Java 17.0.9 with PID 16492 (C:\Users\123rh\Workspace\Spring\ch06\build\classes\java\main started by kwangeun in C:\Users\123rh\Workspace\Spring\ch06)
2024-03-12T22:49:53.555+09:00  INFO 16492 --- [restartedMain] kr.co.ch06.Ch06Application               : No active profile set, falling back to 1 default profile: "default"
2024-03-12T22:49:53.701+09:00  INFO 16492 --- [restartedMain] .e.DevToolsPropertyDefaultsPostProcessor : Devtools property defaults active! Set 'spring.devtools.add-properties' to 'false' to disable
2024-03-12T22:49:53.701+09:00  INFO 16492 --- [restartedMain] .e.DevToolsPropertyDefaultsPostProcessor : For additional web related logging consider setting the 'logging.level.web' property to 'DEBUG'
2024-03-12T22:49:54.322+09:00  INFO 16492 --- [restartedMain] o.s.b.w.embedded.tomcat.TomcatWebServer  : Tomcat initialized with port 8080 (http)
2024-03-12T22:49:54.330+09:00  INFO 16492 --- [restartedMain] o.apache.catalina.core.StandardService   : Starting service [Tomcat]
2024-03-12T22:49:54.330+09:00  INFO 16492 --- [restartedMain] o.apache.catalina.core.StandardEngine    : Starting Servlet engine: [Apache Tomcat/10.1.19]
2024-03-12T22:49:54.366+09:00  INFO 16492 --- [restartedMain] o.a.c.c.C.[Tomcat].[localhost].[/ch06]   : Initializing Spring embedded WebApplicationContext
2024-03-12T22:49:54.367+09:00  INFO 16492 --- [restartedMain] w.s.c.ServletWebServerApplicationContext : Root WebApplicationContext: initialization completed in 665 ms
2024-03-12T22:49:54.568+09:00  INFO 16492 --- [restartedMain] o.s.b.a.w.s.WelcomePageHandlerMapping    : Adding welcome page template: index
2024-03-12T22:49:54.783+09:00  INFO 16492 --- [restartedMain] o.s.b.d.a.OptionalLiveReloadServer       : LiveReload server is running on port 35729
2024-03-12T22:49:54.806+09:00  INFO 16492 --- [restartedMain] o.s.b.w.embedded.tomcat.TomcatWebServer  : Tomcat started on port 8080 (http) with context path '/ch06'
2024-03-12T22:49:54.815+09:00  INFO 16492 --- [restartedMain] kr.co.ch06.Ch06Application               : Started Ch06Application in 1.535 seconds (process running for 1.964)
2024-03-12T22:50:24.177+09:00  INFO 16492 --- [http-nio-8080-exec-1] o.a.c.c.C.[Tomcat].[localhost].[/ch06]   : Initializing Spring DispatcherServlet 'dispatcherServlet'
2024-03-12T22:50:24.178+09:00  INFO 16492 --- [http-nio-8080-exec-1] o.s.web.servlet.DispatcherServlet        : Initializing Servlet 'dispatcherServlet'
2024-03-12T22:50:24.178+09:00  INFO 16492 --- [http-nio-8080-exec-1] o.s.web.servlet.DispatcherServlet        : Completed initialization in 0 ms
2024-03-12T22:50:27.766+09:00  WARN 16492 --- [http-nio-8080-exec-4] o.t.s.p.StandardIncludeTagProcessor      : [THYMELEAF][http-nio-8080-exec-4][/index] Deprecated attribute {th:include,data-th-include} found in template /index, line 61, col 11. Please use {th:insert,data-th-insert} instead, this deprecated attribute will be removed in future versions of Thymeleaf.
2024-03-12T22:50:27.768+09:00  WARN 16492 --- [http-nio-8080-exec-4] actStandardFragmentInsertionTagProcessor : [THYMELEAF][http-nio-8080-exec-4][/index] Deprecated unwrapped fragment expression "/include/_header.html" found in template /index, line 61, col 11. Please use the complete syntax of fragment expressions instead ("~{/include/_header.html}"). The old, unwrapped syntax for fragment expressions will be removed in future versions of Thymeleaf.
2024-03-12T22:50:27.769+09:00  WARN 16492 --- [http-nio-8080-exec-4] o.t.s.p.StandardIncludeTagProcessor      : [THYMELEAF][http-nio-8080-exec-4][/index] Deprecated attribute {th:include,data-th-include} found in template /index, line 62, col 11. Please use {th:insert,data-th-insert} instead, this deprecated attribute will be removed in future versions of Thymeleaf.
2024-03-12T22:50:27.770+09:00  WARN 16492 --- [http-nio-8080-exec-4] actStandardFragmentInsertionTagProcessor : [THYMELEAF][http-nio-8080-exec-4][/index] Deprecated unwrapped fragment expression "/include/_footer.html" found in template /index, line 62, col 11. Please use the complete syntax of fragment expressions instead ("~{/include/_footer.html}"). The old, unwrapped syntax for fragment expressions will be removed in future versions of Thymeleaf.
2024-03-12T22:50:27.771+09:00  WARN 16492 --- [http-nio-8080-exec-4] actStandardFragmentInsertionTagProcessor : [THYMELEAF][http-nio-8080-exec-4][/index] Deprecated unwrapped fragment expression "/include/_header.html" found in template /index, line 64, col 6. Please use the complete syntax of fragment expressions instead ("~{/include/_header.html}"). The old, unwrapped syntax for fragment expressions will be removed in future versions of Thymeleaf.
2024-03-12T22:50:27.771+09:00  WARN 16492 --- [http-nio-8080-exec-4] actStandardFragmentInsertionTagProcessor : [THYMELEAF][http-nio-8080-exec-4][/index] Deprecated unwrapped fragment expression "/include/_footer.html" found in template /index, line 65, col 6. Please use the complete syntax of fragment expressions instead ("~{/include/_footer.html}"). The old, unwrapped syntax for fragment expressions will be removed in future versions of Thymeleaf.
2024-03-12T22:50:27.772+09:00  WARN 16492 --- [http-nio-8080-exec-4] actStandardFragmentInsertionTagProcessor : [THYMELEAF][http-nio-8080-exec-4][/index] Deprecated unwrapped fragment expression "/include/_header.html" found in template /index, line 67, col 6. Please use the complete syntax of fragment expressions instead ("~{/include/_header.html}"). The old, unwrapped syntax for fragment expressions will be removed in future versions of Thymeleaf.
2024-03-12T22:50:27.773+09:00  WARN 16492 --- [http-nio-8080-exec-4] actStandardFragmentInsertionTagProcessor : [THYMELEAF][http-nio-8080-exec-4][/index] Deprecated unwrapped fragment expression "/include/_footer.html" found in template /index, line 68, col 6. Please use the complete syntax of fragment expressions instead ("~{/include/_footer.html}"). The old, unwrapped syntax for fragment expressions will be removed in future versions of Thymeleaf.
2024-03-12T22:50:27.774+09:00  WARN 16492 --- [http-nio-8080-exec-4] o.t.s.p.StandardIncludeTagProcessor      : [THYMELEAF][http-nio-8080-exec-4][/index] Deprecated attribute {th:include,data-th-include} found in template /index, line 70, col 11. Please use {th:insert,data-th-insert} instead, this deprecated attribute will be removed in future versions of Thymeleaf.
2024-03-12T22:50:27.780+09:00  WARN 16492 --- [http-nio-8080-exec-4] o.t.s.p.StandardIncludeTagProcessor      : [THYMELEAF][http-nio-8080-exec-4][/index] Deprecated attribute {th:include,data-th-include} found in template /index, line 71, col 11. Please use {th:insert,data-th-insert} instead, this deprecated attribute will be removed in future versions of Thymeleaf.
2024-03-12T22:50:30.492+09:00  INFO 16492 --- [http-nio-8080-exec-5] com.zaxxer.hikari.HikariDataSource       : HikariPool-1 - Starting...
2024-03-12T22:50:30.656+09:00  INFO 16492 --- [http-nio-8080-exec-5] com.zaxxer.hikari.pool.HikariPool        : HikariPool-1 - Added connection com.mysql.cj.jdbc.ConnectionImpl@7926700b
2024-03-12T22:50:30.657+09:00  INFO 16492 --- [http-nio-8080-exec-5] com.zaxxer.hikari.HikariDataSource       : HikariPool-1 - Start completed.
2024-03-12T22:50:30.683+09:00  INFO 16492 --- [http-nio-8080-exec-5] kr.co.ch06.controller.User1Controller    : [User1DTO(uid=A102, name=김춘추, birth=2024-02-02, hp=010-1234-2222, age=22), User1DTO(uid=asxfdc, name=홍길동, birth=2024-02-16, hp=010-2222-2222, age=24)]
2024-03-12T22:50:56.487+09:00  INFO 16492 --- [SpringApplicationShutdownHook] com.zaxxer.hikari.HikariDataSource       : HikariPool-1 - Shutdown initiated...
2024-03-12T22:50:56.494+09:00  INFO 16492 --- [SpringApplicationShutdownHook] com.zaxxer.hikari.HikariDataSource       : HikariPool-1 - Shutdown completed.
2024-03-13T08:42:45.986+09:00  INFO 6080 --- [main] kr.co.ch06.Mapper.User5MapperTest        : Starting User5MapperTest using Java 17.0.9 with PID 6080 (started by java in C:\Users\java\Desktop\Workspace\Spring\ch06)
2024-03-13T08:42:45.987+09:00  INFO 6080 --- [main] kr.co.ch06.Mapper.User5MapperTest        : No active profile set, falling back to 1 default profile: "default"
2024-03-13T08:42:46.919+09:00  INFO 6080 --- [main] o.s.b.a.w.s.WelcomePageHandlerMapping    : Adding welcome page template: index
2024-03-13T08:42:47.285+09:00  INFO 6080 --- [main] kr.co.ch06.Mapper.User5MapperTest        : Started User5MapperTest in 1.463 seconds (process running for 2.088)
2024-03-13T08:42:47.805+09:00  INFO 6080 --- [main] kr.co.ch06.Mapper.User5MapperTest        : insertUser5...
2024-03-13T08:42:47.819+09:00  INFO 6080 --- [main] com.zaxxer.hikari.HikariDataSource       : HikariPool-1 - Starting...
2024-03-13T08:42:48.002+09:00  INFO 6080 --- [main] com.zaxxer.hikari.pool.HikariPool        : HikariPool-1 - Added connection com.mysql.cj.jdbc.ConnectionImpl@104bc677
2024-03-13T08:42:48.004+09:00  INFO 6080 --- [main] com.zaxxer.hikari.HikariDataSource       : HikariPool-1 - Start completed.
2024-03-13T08:42:48.046+09:00  INFO 6080 --- [SpringApplicationShutdownHook] com.zaxxer.hikari.HikariDataSource       : HikariPool-1 - Shutdown initiated...
2024-03-13T08:42:48.049+09:00  INFO 6080 --- [SpringApplicationShutdownHook] com.zaxxer.hikari.HikariDataSource       : HikariPool-1 - Shutdown completed.
2024-03-13T08:43:41.103+09:00  INFO 10904 --- [main] kr.co.ch06.Mapper.User5MapperTest        : Starting User5MapperTest using Java 17.0.9 with PID 10904 (started by java in C:\Users\java\Desktop\Workspace\Spring\ch06)
2024-03-13T08:43:41.104+09:00  INFO 10904 --- [main] kr.co.ch06.Mapper.User5MapperTest        : No active profile set, falling back to 1 default profile: "default"
2024-03-13T08:43:41.952+09:00  INFO 10904 --- [main] o.s.b.a.w.s.WelcomePageHandlerMapping    : Adding welcome page template: index
2024-03-13T08:43:42.318+09:00  INFO 10904 --- [main] kr.co.ch06.Mapper.User5MapperTest        : Started User5MapperTest in 1.378 seconds (process running for 1.918)
2024-03-13T08:43:42.844+09:00  INFO 10904 --- [main] kr.co.ch06.Mapper.User5MapperTest        : insertUser5...
2024-03-13T08:43:42.853+09:00  INFO 10904 --- [main] com.zaxxer.hikari.HikariDataSource       : HikariPool-1 - Starting...
2024-03-13T08:43:43.022+09:00  INFO 10904 --- [main] com.zaxxer.hikari.pool.HikariPool        : HikariPool-1 - Added connection com.mysql.cj.jdbc.ConnectionImpl@190bf8e4
2024-03-13T08:43:43.023+09:00  INFO 10904 --- [main] com.zaxxer.hikari.HikariDataSource       : HikariPool-1 - Start completed.
2024-03-13T08:43:43.065+09:00  INFO 10904 --- [SpringApplicationShutdownHook] com.zaxxer.hikari.HikariDataSource       : HikariPool-1 - Shutdown initiated...
2024-03-13T08:43:43.068+09:00  INFO 10904 --- [SpringApplicationShutdownHook] com.zaxxer.hikari.HikariDataSource       : HikariPool-1 - Shutdown completed.
2024-03-13T08:44:03.537+09:00  INFO 6460 --- [main] kr.co.ch06.Mapper.User5MapperTest        : Starting User5MapperTest using Java 17.0.9 with PID 6460 (started by java in C:\Users\java\Desktop\Workspace\Spring\ch06)
2024-03-13T08:44:03.538+09:00  INFO 6460 --- [main] kr.co.ch06.Mapper.User5MapperTest        : No active profile set, falling back to 1 default profile: "default"
2024-03-13T08:44:04.432+09:00  INFO 6460 --- [main] o.s.b.a.w.s.WelcomePageHandlerMapping    : Adding welcome page template: index
2024-03-13T08:44:04.788+09:00  INFO 6460 --- [main] kr.co.ch06.Mapper.User5MapperTest        : Started User5MapperTest in 1.417 seconds (process running for 1.904)
2024-03-13T08:44:05.304+09:00  INFO 6460 --- [main] kr.co.ch06.Mapper.User5MapperTest        : insertUser5...
2024-03-13T08:44:05.316+09:00  INFO 6460 --- [main] com.zaxxer.hikari.HikariDataSource       : HikariPool-1 - Starting...
2024-03-13T08:44:05.489+09:00  INFO 6460 --- [main] com.zaxxer.hikari.pool.HikariPool        : HikariPool-1 - Added connection com.mysql.cj.jdbc.ConnectionImpl@46fa2a7e
2024-03-13T08:44:05.490+09:00  INFO 6460 --- [main] com.zaxxer.hikari.HikariDataSource       : HikariPool-1 - Start completed.
2024-03-13T08:44:05.533+09:00  INFO 6460 --- [SpringApplicationShutdownHook] com.zaxxer.hikari.HikariDataSource       : HikariPool-1 - Shutdown initiated...
2024-03-13T08:44:05.536+09:00  INFO 6460 --- [SpringApplicationShutdownHook] com.zaxxer.hikari.HikariDataSource       : HikariPool-1 - Shutdown completed.
2024-03-13T08:44:15.926+09:00  INFO 2664 --- [main] kr.co.ch06.Mapper.User5MapperTest        : Starting User5MapperTest using Java 17.0.9 with PID 2664 (started by java in C:\Users\java\Desktop\Workspace\Spring\ch06)
2024-03-13T08:44:15.927+09:00  INFO 2664 --- [main] kr.co.ch06.Mapper.User5MapperTest        : No active profile set, falling back to 1 default profile: "default"
2024-03-13T08:44:16.720+09:00  INFO 2664 --- [main] o.s.b.a.w.s.WelcomePageHandlerMapping    : Adding welcome page template: index
2024-03-13T08:44:17.109+09:00  INFO 2664 --- [main] kr.co.ch06.Mapper.User5MapperTest        : Started User5MapperTest in 1.351 seconds (process running for 1.876)
2024-03-13T08:44:17.572+09:00  INFO 2664 --- [main] kr.co.ch06.Mapper.User5MapperTest        : insertUser5...
2024-03-13T08:44:17.581+09:00  INFO 2664 --- [main] com.zaxxer.hikari.HikariDataSource       : HikariPool-1 - Starting...
2024-03-13T08:44:17.741+09:00  INFO 2664 --- [main] com.zaxxer.hikari.pool.HikariPool        : HikariPool-1 - Added connection com.mysql.cj.jdbc.ConnectionImpl@6ec98ccc
2024-03-13T08:44:17.742+09:00  INFO 2664 --- [main] com.zaxxer.hikari.HikariDataSource       : HikariPool-1 - Start completed.
2024-03-13T08:44:17.784+09:00  INFO 2664 --- [SpringApplicationShutdownHook] com.zaxxer.hikari.HikariDataSource       : HikariPool-1 - Shutdown initiated...
2024-03-13T08:44:17.787+09:00  INFO 2664 --- [SpringApplicationShutdownHook] com.zaxxer.hikari.HikariDataSource       : HikariPool-1 - Shutdown completed.
2024-03-13T08:46:05.719+09:00  INFO 7876 --- [main] kr.co.ch06.Mapper.User5MapperTest        : Starting User5MapperTest using Java 17.0.9 with PID 7876 (started by java in C:\Users\java\Desktop\Workspace\Spring\ch06)
2024-03-13T08:46:05.720+09:00  INFO 7876 --- [main] kr.co.ch06.Mapper.User5MapperTest        : No active profile set, falling back to 1 default profile: "default"
2024-03-13T08:46:06.551+09:00  INFO 7876 --- [main] o.s.b.a.w.s.WelcomePageHandlerMapping    : Adding welcome page template: index
2024-03-13T08:46:06.958+09:00  INFO 7876 --- [main] kr.co.ch06.Mapper.User5MapperTest        : Started User5MapperTest in 1.399 seconds (process running for 1.89)
2024-03-13T08:46:07.518+09:00  INFO 7876 --- [main] kr.co.ch06.Mapper.User5MapperTest        : insertUser5...
2024-03-13T08:46:07.527+09:00  INFO 7876 --- [main] com.zaxxer.hikari.HikariDataSource       : HikariPool-1 - Starting...
2024-03-13T08:46:07.708+09:00  INFO 7876 --- [main] com.zaxxer.hikari.pool.HikariPool        : HikariPool-1 - Added connection com.mysql.cj.jdbc.ConnectionImpl@3c65f00e
2024-03-13T08:46:07.709+09:00  INFO 7876 --- [main] com.zaxxer.hikari.HikariDataSource       : HikariPool-1 - Start completed.
2024-03-13T08:46:07.752+09:00  INFO 7876 --- [SpringApplicationShutdownHook] com.zaxxer.hikari.HikariDataSource       : HikariPool-1 - Shutdown initiated...
2024-03-13T08:46:07.754+09:00  INFO 7876 --- [SpringApplicationShutdownHook] com.zaxxer.hikari.HikariDataSource       : HikariPool-1 - Shutdown completed.
2024-03-13T08:48:01.300+09:00  INFO 8820 --- [main] kr.co.ch06.Mapper.User5MapperTest        : Starting User5MapperTest using Java 17.0.9 with PID 8820 (started by java in C:\Users\java\Desktop\Workspace\Spring\ch06)
2024-03-13T08:48:01.301+09:00  INFO 8820 --- [main] kr.co.ch06.Mapper.User5MapperTest        : No active profile set, falling back to 1 default profile: "default"
2024-03-13T08:48:02.137+09:00  INFO 8820 --- [main] o.s.b.a.w.s.WelcomePageHandlerMapping    : Adding welcome page template: index
2024-03-13T08:48:02.554+09:00  INFO 8820 --- [main] kr.co.ch06.Mapper.User5MapperTest        : Started User5MapperTest in 1.425 seconds (process running for 1.951)
2024-03-13T08:48:03.042+09:00  INFO 8820 --- [main] kr.co.ch06.Mapper.User5MapperTest        : insertUser5...
2024-03-13T08:48:03.056+09:00  INFO 8820 --- [main] com.zaxxer.hikari.HikariDataSource       : HikariPool-1 - Starting...
2024-03-13T08:48:03.212+09:00  INFO 8820 --- [main] com.zaxxer.hikari.pool.HikariPool        : HikariPool-1 - Added connection com.mysql.cj.jdbc.ConnectionImpl@7977f046
2024-03-13T08:48:03.213+09:00  INFO 8820 --- [main] com.zaxxer.hikari.HikariDataSource       : HikariPool-1 - Start completed.
2024-03-13T08:48:03.256+09:00  INFO 8820 --- [SpringApplicationShutdownHook] com.zaxxer.hikari.HikariDataSource       : HikariPool-1 - Shutdown initiated...
2024-03-13T08:48:03.258+09:00  INFO 8820 --- [SpringApplicationShutdownHook] com.zaxxer.hikari.HikariDataSource       : HikariPool-1 - Shutdown completed.
2024-03-13T08:48:27.406+09:00  INFO 11980 --- [main] kr.co.ch06.Mapper.User5MapperTest        : Starting User5MapperTest using Java 17.0.9 with PID 11980 (started by java in C:\Users\java\Desktop\Workspace\Spring\ch06)
2024-03-13T08:48:27.407+09:00  INFO 11980 --- [main] kr.co.ch06.Mapper.User5MapperTest        : No active profile set, falling back to 1 default profile: "default"
2024-03-13T08:48:28.229+09:00  INFO 11980 --- [main] o.s.b.a.w.s.WelcomePageHandlerMapping    : Adding welcome page template: index
2024-03-13T08:48:28.626+09:00  INFO 11980 --- [main] kr.co.ch06.Mapper.User5MapperTest        : Started User5MapperTest in 1.38 seconds (process running for 1.889)
2024-03-13T08:48:29.115+09:00  INFO 11980 --- [main] kr.co.ch06.Mapper.User5MapperTest        : insertUser5...
2024-03-13T08:48:29.125+09:00  INFO 11980 --- [main] com.zaxxer.hikari.HikariDataSource       : HikariPool-1 - Starting...
2024-03-13T08:48:29.282+09:00  INFO 11980 --- [main] com.zaxxer.hikari.pool.HikariPool        : HikariPool-1 - Added connection com.mysql.cj.jdbc.ConnectionImpl@1859e55c
2024-03-13T08:48:29.283+09:00  INFO 11980 --- [main] com.zaxxer.hikari.HikariDataSource       : HikariPool-1 - Start completed.
2024-03-13T08:48:29.328+09:00  INFO 11980 --- [SpringApplicationShutdownHook] com.zaxxer.hikari.HikariDataSource       : HikariPool-1 - Shutdown initiated...
2024-03-13T08:48:29.331+09:00  INFO 11980 --- [SpringApplicationShutdownHook] com.zaxxer.hikari.HikariDataSource       : HikariPool-1 - Shutdown completed.
2024-03-13T08:49:39.086+09:00  INFO 3172 --- [main] kr.co.ch06.Mapper.User5MapperTest        : Starting User5MapperTest using Java 17.0.9 with PID 3172 (started by java in C:\Users\java\Desktop\Workspace\Spring\ch06)
2024-03-13T08:49:39.087+09:00  INFO 3172 --- [main] kr.co.ch06.Mapper.User5MapperTest        : No active profile set, falling back to 1 default profile: "default"
2024-03-13T08:49:39.999+09:00  INFO 3172 --- [main] o.s.b.a.w.s.WelcomePageHandlerMapping    : Adding welcome page template: index
2024-03-13T08:49:40.419+09:00  INFO 3172 --- [main] kr.co.ch06.Mapper.User5MapperTest        : Started User5MapperTest in 1.503 seconds (process running for 2.053)
2024-03-13T08:49:40.965+09:00  INFO 3172 --- [main] kr.co.ch06.Mapper.User5MapperTest        : insertUser5...
2024-03-13T08:49:40.965+09:00  INFO 3172 --- [main] kr.co.ch06.Mapper.User5MapperTest        : Before insertUser5
2024-03-13T08:49:40.973+09:00  INFO 3172 --- [main] com.zaxxer.hikari.HikariDataSource       : HikariPool-1 - Starting...
2024-03-13T08:49:41.153+09:00  INFO 3172 --- [main] com.zaxxer.hikari.pool.HikariPool        : HikariPool-1 - Added connection com.mysql.cj.jdbc.ConnectionImpl@190bf8e4
2024-03-13T08:49:41.154+09:00  INFO 3172 --- [main] com.zaxxer.hikari.HikariDataSource       : HikariPool-1 - Start completed.
2024-03-13T08:49:41.170+09:00  INFO 3172 --- [main] kr.co.ch06.Mapper.User5MapperTest        : After insertUser5
2024-03-13T08:49:41.170+09:00  INFO 3172 --- [main] kr.co.ch06.Mapper.User5MapperTest        : Before selectUser5
2024-03-13T08:49:41.181+09:00  INFO 3172 --- [main] kr.co.ch06.Mapper.User5MapperTest        : After selectUser5
2024-03-13T08:49:41.197+09:00  INFO 3172 --- [SpringApplicationShutdownHook] com.zaxxer.hikari.HikariDataSource       : HikariPool-1 - Shutdown initiated...
2024-03-13T08:49:41.200+09:00  INFO 3172 --- [SpringApplicationShutdownHook] com.zaxxer.hikari.HikariDataSource       : HikariPool-1 - Shutdown completed.
2024-03-13T08:50:30.494+09:00  INFO 10236 --- [main] kr.co.ch06.Mapper.User5MapperTest        : Starting User5MapperTest using Java 17.0.9 with PID 10236 (started by java in C:\Users\java\Desktop\Workspace\Spring\ch06)
2024-03-13T08:50:30.495+09:00  INFO 10236 --- [main] kr.co.ch06.Mapper.User5MapperTest        : No active profile set, falling back to 1 default profile: "default"
2024-03-13T08:50:31.316+09:00  INFO 10236 --- [main] o.s.b.a.w.s.WelcomePageHandlerMapping    : Adding welcome page template: index
2024-03-13T08:50:31.648+09:00  INFO 10236 --- [main] kr.co.ch06.Mapper.User5MapperTest        : Started User5MapperTest in 1.309 seconds (process running for 1.787)
2024-03-13T08:50:32.117+09:00  INFO 10236 --- [main] kr.co.ch06.Mapper.User5MapperTest        : insertUser5...
2024-03-13T08:50:32.130+09:00  INFO 10236 --- [main] com.zaxxer.hikari.HikariDataSource       : HikariPool-1 - Starting...
2024-03-13T08:50:32.292+09:00  INFO 10236 --- [main] com.zaxxer.hikari.pool.HikariPool        : HikariPool-1 - Added connection com.mysql.cj.jdbc.ConnectionImpl@1859e55c
2024-03-13T08:50:32.293+09:00  INFO 10236 --- [main] com.zaxxer.hikari.HikariDataSource       : HikariPool-1 - Start completed.
2024-03-13T08:50:32.342+09:00  INFO 10236 --- [SpringApplicationShutdownHook] com.zaxxer.hikari.HikariDataSource       : HikariPool-1 - Shutdown initiated...
2024-03-13T08:50:32.344+09:00  INFO 10236 --- [SpringApplicationShutdownHook] com.zaxxer.hikari.HikariDataSource       : HikariPool-1 - Shutdown completed.
2024-03-13T08:51:42.651+09:00  INFO 12008 --- [main] kr.co.ch06.Mapper.User5MapperTest        : Starting User5MapperTest using Java 17.0.9 with PID 12008 (started by java in C:\Users\java\Desktop\Workspace\Spring\ch06)
2024-03-13T08:51:42.652+09:00  INFO 12008 --- [main] kr.co.ch06.Mapper.User5MapperTest        : No active profile set, falling back to 1 default profile: "default"
2024-03-13T08:51:43.493+09:00  INFO 12008 --- [main] o.s.b.a.w.s.WelcomePageHandlerMapping    : Adding welcome page template: index
2024-03-13T08:51:43.885+09:00  INFO 12008 --- [main] kr.co.ch06.Mapper.User5MapperTest        : Started User5MapperTest in 1.403 seconds (process running for 1.953)
2024-03-13T08:51:44.345+09:00  INFO 12008 --- [main] kr.co.ch06.Mapper.User5MapperTest        : insertUser5...
2024-03-13T08:51:44.354+09:00  INFO 12008 --- [main] com.zaxxer.hikari.HikariDataSource       : HikariPool-1 - Starting...
2024-03-13T08:51:44.515+09:00  INFO 12008 --- [main] com.zaxxer.hikari.pool.HikariPool        : HikariPool-1 - Added connection com.mysql.cj.jdbc.ConnectionImpl@190bf8e4
2024-03-13T08:51:44.517+09:00  INFO 12008 --- [main] com.zaxxer.hikari.HikariDataSource       : HikariPool-1 - Start completed.
2024-03-13T08:51:44.558+09:00  INFO 12008 --- [SpringApplicationShutdownHook] com.zaxxer.hikari.HikariDataSource       : HikariPool-1 - Shutdown initiated...
2024-03-13T08:51:44.560+09:00  INFO 12008 --- [SpringApplicationShutdownHook] com.zaxxer.hikari.HikariDataSource       : HikariPool-1 - Shutdown completed.
2024-03-13T08:52:02.030+09:00  INFO 6300 --- [main] kr.co.ch06.Mapper.User5MapperTest        : Starting User5MapperTest using Java 17.0.9 with PID 6300 (started by java in C:\Users\java\Desktop\Workspace\Spring\ch06)
2024-03-13T08:52:02.031+09:00  INFO 6300 --- [main] kr.co.ch06.Mapper.User5MapperTest        : No active profile set, falling back to 1 default profile: "default"
2024-03-13T08:52:02.846+09:00  INFO 6300 --- [main] o.s.b.a.w.s.WelcomePageHandlerMapping    : Adding welcome page template: index
2024-03-13T08:52:03.263+09:00  INFO 6300 --- [main] kr.co.ch06.Mapper.User5MapperTest        : Started User5MapperTest in 1.409 seconds (process running for 1.961)
2024-03-13T08:52:03.775+09:00  INFO 6300 --- [main] kr.co.ch06.Mapper.User5MapperTest        : insertUser5...
2024-03-13T08:52:03.785+09:00  INFO 6300 --- [main] com.zaxxer.hikari.HikariDataSource       : HikariPool-1 - Starting...
2024-03-13T08:52:03.957+09:00  INFO 6300 --- [main] com.zaxxer.hikari.pool.HikariPool        : HikariPool-1 - Added connection com.mysql.cj.jdbc.ConnectionImpl@3d02ff64
2024-03-13T08:52:03.958+09:00  INFO 6300 --- [main] com.zaxxer.hikari.HikariDataSource       : HikariPool-1 - Start completed.
2024-03-13T08:52:03.999+09:00  INFO 6300 --- [SpringApplicationShutdownHook] com.zaxxer.hikari.HikariDataSource       : HikariPool-1 - Shutdown initiated...
2024-03-13T08:52:04.001+09:00  INFO 6300 --- [SpringApplicationShutdownHook] com.zaxxer.hikari.HikariDataSource       : HikariPool-1 - Shutdown completed.
2024-03-13T08:52:46.271+09:00  INFO 4784 --- [main] kr.co.ch06.Mapper.User5MapperTest        : Starting User5MapperTest using Java 17.0.9 with PID 4784 (started by java in C:\Users\java\Desktop\Workspace\Spring\ch06)
2024-03-13T08:52:46.272+09:00  INFO 4784 --- [main] kr.co.ch06.Mapper.User5MapperTest        : No active profile set, falling back to 1 default profile: "default"
2024-03-13T08:52:47.125+09:00  INFO 4784 --- [main] o.s.b.a.w.s.WelcomePageHandlerMapping    : Adding welcome page template: index
2024-03-13T08:52:47.527+09:00  INFO 4784 --- [main] kr.co.ch06.Mapper.User5MapperTest        : Started User5MapperTest in 1.411 seconds (process running for 1.952)
2024-03-13T08:52:48.007+09:00  INFO 4784 --- [main] kr.co.ch06.Mapper.User5MapperTest        : insertUser5...
2024-03-13T08:52:48.016+09:00  INFO 4784 --- [main] com.zaxxer.hikari.HikariDataSource       : HikariPool-1 - Starting...
2024-03-13T08:52:48.181+09:00  INFO 4784 --- [main] com.zaxxer.hikari.pool.HikariPool        : HikariPool-1 - Added connection com.mysql.cj.jdbc.ConnectionImpl@190bf8e4
2024-03-13T08:52:48.182+09:00  INFO 4784 --- [main] com.zaxxer.hikari.HikariDataSource       : HikariPool-1 - Start completed.
2024-03-13T08:52:48.233+09:00  INFO 4784 --- [SpringApplicationShutdownHook] com.zaxxer.hikari.HikariDataSource       : HikariPool-1 - Shutdown initiated...
2024-03-13T08:52:48.235+09:00  INFO 4784 --- [SpringApplicationShutdownHook] com.zaxxer.hikari.HikariDataSource       : HikariPool-1 - Shutdown completed.
2024-03-13T08:53:03.801+09:00  INFO 1816 --- [main] kr.co.ch06.Mapper.User5MapperTest        : Starting User5MapperTest using Java 17.0.9 with PID 1816 (started by java in C:\Users\java\Desktop\Workspace\Spring\ch06)
2024-03-13T08:53:03.804+09:00  INFO 1816 --- [main] kr.co.ch06.Mapper.User5MapperTest        : No active profile set, falling back to 1 default profile: "default"
2024-03-13T08:53:04.601+09:00  INFO 1816 --- [main] o.s.b.a.w.s.WelcomePageHandlerMapping    : Adding welcome page template: index
2024-03-13T08:53:04.931+09:00  INFO 1816 --- [main] kr.co.ch06.Mapper.User5MapperTest        : Started User5MapperTest in 1.311 seconds (process running for 1.815)
2024-03-13T08:53:05.441+09:00  INFO 1816 --- [main] kr.co.ch06.Mapper.User5MapperTest        : insertUser5...
2024-03-13T08:53:05.449+09:00  INFO 1816 --- [main] com.zaxxer.hikari.HikariDataSource       : HikariPool-1 - Starting...
2024-03-13T08:53:05.616+09:00  INFO 1816 --- [main] com.zaxxer.hikari.pool.HikariPool        : HikariPool-1 - Added connection com.mysql.cj.jdbc.ConnectionImpl@190bf8e4
2024-03-13T08:53:05.617+09:00  INFO 1816 --- [main] com.zaxxer.hikari.HikariDataSource       : HikariPool-1 - Start completed.
2024-03-13T08:53:05.662+09:00  INFO 1816 --- [SpringApplicationShutdownHook] com.zaxxer.hikari.HikariDataSource       : HikariPool-1 - Shutdown initiated...
2024-03-13T08:53:05.665+09:00  INFO 1816 --- [SpringApplicationShutdownHook] com.zaxxer.hikari.HikariDataSource       : HikariPool-1 - Shutdown completed.
2024-03-13T08:58:15.719+09:00  INFO 9348 --- [main] kr.co.ch06.Mapper.User5MapperTest        : Starting User5MapperTest using Java 17.0.9 with PID 9348 (started by java in C:\Users\java\Desktop\Workspace\Spring\ch06)
2024-03-13T08:58:15.720+09:00  INFO 9348 --- [main] kr.co.ch06.Mapper.User5MapperTest        : No active profile set, falling back to 1 default profile: "default"
2024-03-13T08:58:16.562+09:00  INFO 9348 --- [main] o.s.b.a.w.s.WelcomePageHandlerMapping    : Adding welcome page template: index
2024-03-13T08:58:16.962+09:00  INFO 9348 --- [main] kr.co.ch06.Mapper.User5MapperTest        : Started User5MapperTest in 1.422 seconds (process running for 1.972)
2024-03-13T08:58:17.452+09:00  INFO 9348 --- [main] kr.co.ch06.Mapper.User5MapperTest        : insertUser5...
2024-03-13T08:58:17.460+09:00  INFO 9348 --- [main] com.zaxxer.hikari.HikariDataSource       : HikariPool-1 - Starting...
2024-03-13T08:58:17.613+09:00  INFO 9348 --- [main] com.zaxxer.hikari.pool.HikariPool        : HikariPool-1 - Added connection com.mysql.cj.jdbc.ConnectionImpl@190bf8e4
2024-03-13T08:58:17.614+09:00  INFO 9348 --- [main] com.zaxxer.hikari.HikariDataSource       : HikariPool-1 - Start completed.
2024-03-13T08:58:17.664+09:00  INFO 9348 --- [SpringApplicationShutdownHook] com.zaxxer.hikari.HikariDataSource       : HikariPool-1 - Shutdown initiated...
2024-03-13T08:58:17.667+09:00  INFO 9348 --- [SpringApplicationShutdownHook] com.zaxxer.hikari.HikariDataSource       : HikariPool-1 - Shutdown completed.
2024-03-13T08:58:41.200+09:00  INFO 13376 --- [main] kr.co.ch06.Mapper.User5MapperTest        : Starting User5MapperTest using Java 17.0.9 with PID 13376 (started by java in C:\Users\java\Desktop\Workspace\Spring\ch06)
2024-03-13T08:58:41.201+09:00  INFO 13376 --- [main] kr.co.ch06.Mapper.User5MapperTest        : No active profile set, falling back to 1 default profile: "default"
2024-03-13T08:58:42.033+09:00  INFO 13376 --- [main] o.s.b.a.w.s.WelcomePageHandlerMapping    : Adding welcome page template: index
2024-03-13T08:58:42.384+09:00  INFO 13376 --- [main] kr.co.ch06.Mapper.User5MapperTest        : Started User5MapperTest in 1.338 seconds (process running for 1.835)
2024-03-13T08:58:42.961+09:00  INFO 13376 --- [main] kr.co.ch06.Mapper.User5MapperTest        : insertUser5...
2024-03-13T08:58:42.970+09:00  INFO 13376 --- [main] com.zaxxer.hikari.HikariDataSource       : HikariPool-1 - Starting...
2024-03-13T08:58:43.137+09:00  INFO 13376 --- [main] com.zaxxer.hikari.pool.HikariPool        : HikariPool-1 - Added connection com.mysql.cj.jdbc.ConnectionImpl@7977f046
2024-03-13T08:58:43.138+09:00  INFO 13376 --- [main] com.zaxxer.hikari.HikariDataSource       : HikariPool-1 - Start completed.
2024-03-13T08:58:43.186+09:00  INFO 13376 --- [SpringApplicationShutdownHook] com.zaxxer.hikari.HikariDataSource       : HikariPool-1 - Shutdown initiated...
2024-03-13T08:58:43.189+09:00  INFO 13376 --- [SpringApplicationShutdownHook] com.zaxxer.hikari.HikariDataSource       : HikariPool-1 - Shutdown completed.
2024-03-13T09:00:28.694+09:00  INFO 1396 --- [main] kr.co.ch06.Mapper.User5MapperTest        : Starting User5MapperTest using Java 17.0.9 with PID 1396 (started by java in C:\Users\java\Desktop\Workspace\Spring\ch06)
2024-03-13T09:00:28.695+09:00  INFO 1396 --- [main] kr.co.ch06.Mapper.User5MapperTest        : No active profile set, falling back to 1 default profile: "default"
2024-03-13T09:00:29.539+09:00  INFO 1396 --- [main] o.s.b.a.w.s.WelcomePageHandlerMapping    : Adding welcome page template: index
2024-03-13T09:00:29.892+09:00  INFO 1396 --- [main] kr.co.ch06.Mapper.User5MapperTest        : Started User5MapperTest in 1.379 seconds (process running for 1.935)
2024-03-13T09:00:30.399+09:00  INFO 1396 --- [main] kr.co.ch06.Mapper.User5MapperTest        : insertUser5...
2024-03-13T09:00:30.408+09:00  INFO 1396 --- [main] com.zaxxer.hikari.HikariDataSource       : HikariPool-1 - Starting...
2024-03-13T09:00:30.578+09:00  INFO 1396 --- [main] com.zaxxer.hikari.pool.HikariPool        : HikariPool-1 - Added connection com.mysql.cj.jdbc.ConnectionImpl@3c65f00e
2024-03-13T09:00:30.579+09:00  INFO 1396 --- [main] com.zaxxer.hikari.HikariDataSource       : HikariPool-1 - Start completed.
2024-03-13T09:00:30.611+09:00  INFO 1396 --- [SpringApplicationShutdownHook] com.zaxxer.hikari.HikariDataSource       : HikariPool-1 - Shutdown initiated...
2024-03-13T09:00:30.614+09:00  INFO 1396 --- [SpringApplicationShutdownHook] com.zaxxer.hikari.HikariDataSource       : HikariPool-1 - Shutdown completed.
