#
# There is insufficient memory for the Java Runtime Environment to continue.
# Native memory allocation (mmap) failed to map 65536 bytes for Failed to commit metaspace.
# Possible reasons:
#   The system is out of physical RAM or swap space
#   The process is running with CompressedOops enabled, and the Java Heap may be blocking the growth of the native heap
# Possible solutions:
#   Reduce memory load on the system
#   Increase physical memory or swap space
#   Check if swap backing store is full
#   Decrease Java heap size (-Xmx/-Xms)
#   Decrease number of Java threads
#   Decrease Java thread stack sizes (-Xss)
#   Set larger code cache with -XX:ReservedCodeCacheSize=
#   JVM is running with Zero Based Compressed Oops mode in which the Java heap is
#     placed in the first 32GB address space. The Java Heap base address is the
#     maximum limit for the native heap growth. Please use -XX:HeapBaseMinAddress
#     to set the Java Heap base and to place the Java Heap above 32GB virtual address.
# This output file may be truncated or incomplete.
#
#  Out of Memory Error (virtualSpaceNode.cpp:110), pid=2480, tid=13556
#
# JRE version: Java(TM) SE Runtime Environment (17.0.9+11) (build 17.0.9+11-LTS-201)
# Java VM: Java HotSpot(TM) 64-Bit Server VM (17.0.9+11-LTS-201, mixed mode, emulated-client, sharing, tiered, compressed oops, compressed class ptrs, g1 gc, windows-amd64)
# No core dump will be written. Minidumps are not enabled by default on client versions of Windows
#

---------------  S U M M A R Y ------------

Command Line: -XX:TieredStopAtLevel=1 -Dspring.output.ansi.enabled=always -Dcom.sun.management.jmxremote -Dspring.jmx.enabled=true -Dspring.liveBeansView.mbeanDomain -Dspring.application.admin.enabled=true -Dmanagement.endpoints.jmx.exposure.include=* -javaagent:C:\Program Files\JetBrains\IntelliJ IDEA 2023.3.4\lib\idea_rt.jar=50031:C:\Program Files\JetBrains\IntelliJ IDEA 2023.3.4\bin -Dfile.encoding=UTF-8 kr.co.sboard.SboardApplication

Host: 12th Gen Intel(R) Core(TM) i7-12700F, 20 cores, 15G,  Windows 10 , 64 bit Build 19041 (10.0.19041.3636)
Time: Fri Mar 29 16:11:54 2024  Windows 10 , 64 bit Build 19041 (10.0.19041.3636) elapsed time: 0.569504 seconds (0d 0h 0m 0s)

---------------  T H R E A D  ---------------

Current thread (0x000001fa7d1e2e60):  JavaThread "background-preinit" [_thread_in_vm, id=13556, stack(0x0000001a42300000,0x0000001a42400000)]

Stack: [0x0000001a42300000,0x0000001a42400000]
Native frames: (J=compiled Java code, j=interpreted, Vv=VM code, C=native code)
V  [jvm.dll+0x678a4a]
V  [jvm.dll+0x7d9cfd]
V  [jvm.dll+0x7db60e]
V  [jvm.dll+0x7dbc73]
V  [jvm.dll+0x245e1f]
V  [jvm.dll+0x7d5a0b]
V  [jvm.dll+0x61ebc6]
V  [jvm.dll+0x1c01f7]
V  [jvm.dll+0x621530]
V  [jvm.dll+0x61f586]
V  [jvm.dll+0x629367]
V  [jvm.dll+0x1e9c7d]
V  [jvm.dll+0x1ea245]
V  [jvm.dll+0x1eab8b]
V  [jvm.dll+0x1e0391]
V  [jvm.dll+0x53eaec]
V  [jvm.dll+0x754538]
V  [jvm.dll+0x754624]
V  [jvm.dll+0x40c73f]
V  [jvm.dll+0x412759]
C  [java.dll+0x17ec]

Java frames: (J=compiled Java code, j=interpreted, Vv=VM code)
J 1194  java.lang.ClassLoader.defineClass1(Ljava/lang/ClassLoader;Ljava/lang/String;[BIILjava/security/ProtectionDomain;Ljava/lang/String;)Ljava/lang/Class; java.base@17.0.9 (0 bytes) @ 0x000001fa6806e363 [0x000001fa6806e2a0+0x00000000000000c3]
J 1217 c1 java.lang.ClassLoader.defineClass(Ljava/lang/String;[BIILjava/security/ProtectionDomain;)Ljava/lang/Class; java.base@17.0.9 (43 bytes) @ 0x000001fa6807bf6c [0x000001fa6807be60+0x000000000000010c]
J 1201 c1 jdk.internal.loader.BuiltinClassLoader.defineClass(Ljava/lang/String;Ljdk/internal/loader/Resource;)Ljava/lang/Class; java.base@17.0.9 (121 bytes) @ 0x000001fa68075bf4 [0x000001fa68075720+0x00000000000004d4]
J 1196 c1 jdk.internal.loader.BuiltinClassLoader.findClassOnClassPathOrNull(Ljava/lang/String;)Ljava/lang/Class; java.base@17.0.9 (64 bytes) @ 0x000001fa68072c44 [0x000001fa68072980+0x00000000000002c4]
J 959 c1 jdk.internal.loader.BuiltinClassLoader.loadClassOrNull(Ljava/lang/String;Z)Ljava/lang/Class; java.base@17.0.9 (143 bytes) @ 0x000001fa6800c984 [0x000001fa6800c500+0x0000000000000484]
J 1110 c1 jdk.internal.loader.ClassLoaders$AppClassLoader.loadClass(Ljava/lang/String;Z)Ljava/lang/Class; java.base@17.0.9 (40 bytes) @ 0x000001fa6804ea2c [0x000001fa6804e8e0+0x000000000000014c]
J 1109 c1 java.lang.ClassLoader.loadClass(Ljava/lang/String;)Ljava/lang/Class; java.base@17.0.9 (7 bytes) @ 0x000001fa6804de64 [0x000001fa6804de20+0x0000000000000044]
v  ~StubRoutines::call_stub
j  org.springframework.http.converter.json.MappingJackson2HttpMessageConverter.<init>()V+1
j  org.springframework.http.converter.support.AllEncompassingFormHttpMessageConverter.<init>()V+55
j  org.springframework.boot.autoconfigure.BackgroundPreinitializer$MessageConverterInitializer.run()V+4
j  org.springframework.boot.autoconfigure.BackgroundPreinitializer$1.runSafely(Ljava/lang/Runnable;)Z+1
j  org.springframework.boot.autoconfigure.BackgroundPreinitializer$1.run()V+32
j  java.lang.Thread.run()V+11 java.base@17.0.9
v  ~StubRoutines::call_stub

---------------  P R O C E S S  ---------------

Threads class SMR info:
_java_thread_list=0x000001fa7d1a0420, length=21, elements={
0x000001fa603767f0, 0x000001fa77781fd0, 0x000001fa77782b60, 0x000001fa77797d80,
0x000001fa77798910, 0x000001fa7779e200, 0x000001fa7779ead0, 0x000001fa7779f450,
0x000001fa7779fd60, 0x000001fa77ef2590, 0x000001fa7776fd20, 0x000001fa77f8e0b0,
0x000001fa77f92690, 0x000001fa785278d0, 0x000001fa78527db0, 0x000001fa78603560,
0x000001fa789b6dd0, 0x000001fa789b7730, 0x000001fa7d190830, 0x000001fa7d190d50,
0x000001fa7d1e2e60
}

Java Threads: ( => current thread )
  0x000001fa603767f0 JavaThread "main" [_thread_blocked, id=12384, stack(0x0000001a40100000,0x0000001a40200000)]
  0x000001fa77781fd0 JavaThread "Reference Handler" daemon [_thread_blocked, id=9936, stack(0x0000001a40800000,0x0000001a40900000)]
  0x000001fa77782b60 JavaThread "Finalizer" daemon [_thread_blocked, id=2696, stack(0x0000001a40900000,0x0000001a40a00000)]
  0x000001fa77797d80 JavaThread "Signal Dispatcher" daemon [_thread_blocked, id=10064, stack(0x0000001a40a00000,0x0000001a40b00000)]
  0x000001fa77798910 JavaThread "Attach Listener" daemon [_thread_blocked, id=7456, stack(0x0000001a40b00000,0x0000001a40c00000)]
  0x000001fa7779e200 JavaThread "Service Thread" daemon [_thread_blocked, id=8428, stack(0x0000001a40c00000,0x0000001a40d00000)]
  0x000001fa7779ead0 JavaThread "Monitor Deflation Thread" daemon [_thread_blocked, id=944, stack(0x0000001a40d00000,0x0000001a40e00000)]
  0x000001fa7779f450 JavaThread "C1 CompilerThread0" daemon [_thread_blocked, id=9836, stack(0x0000001a40e00000,0x0000001a40f00000)]
  0x000001fa7779fd60 JavaThread "Sweeper thread" daemon [_thread_blocked, id=11096, stack(0x0000001a40f00000,0x0000001a41000000)]
  0x000001fa77ef2590 JavaThread "C1 CompilerThread1" daemon [_thread_blocked, id=6836, stack(0x0000001a41000000,0x0000001a41100000)]
  0x000001fa7776fd20 JavaThread "Common-Cleaner" daemon [_thread_blocked, id=10320, stack(0x0000001a41100000,0x0000001a41200000)]
  0x000001fa77f8e0b0 JavaThread "C1 CompilerThread2" daemon [_thread_blocked, id=11648, stack(0x0000001a41200000,0x0000001a41300000)]
  0x000001fa77f92690 JavaThread "C1 CompilerThread3" daemon [_thread_blocked, id=8260, stack(0x0000001a41300000,0x0000001a41400000)]
  0x000001fa785278d0 JavaThread "Monitor Ctrl-Break" daemon [_thread_in_native, id=6176, stack(0x0000001a41400000,0x0000001a41500000)]
  0x000001fa78527db0 JavaThread "Notification Thread" daemon [_thread_blocked, id=8768, stack(0x0000001a41500000,0x0000001a41600000)]
  0x000001fa78603560 JavaThread "RMI TCP Accept-0" daemon [_thread_in_native, id=2676, stack(0x0000001a41600000,0x0000001a41700000)]
  0x000001fa789b6dd0 JavaThread "Thread-0" [_thread_blocked, id=1428, stack(0x0000001a41e00000,0x0000001a41f00000)]
  0x000001fa789b7730 JavaThread "restartedMain" [_thread_in_vm, id=4660, stack(0x0000001a41f00000,0x0000001a42000000)]
  0x000001fa7d190830 JavaThread "C1 CompilerThread4" daemon [_thread_blocked, id=10464, stack(0x0000001a42100000,0x0000001a42200000)]
  0x000001fa7d190d50 JavaThread "C1 CompilerThread5" daemon [_thread_blocked, id=11784, stack(0x0000001a42200000,0x0000001a42300000)]
=>0x000001fa7d1e2e60 JavaThread "background-preinit" [_thread_in_vm, id=13556, stack(0x0000001a42300000,0x0000001a42400000)]

Other Threads:
  0x000001fa7777b5a0 VMThread "VM Thread" [stack: 0x0000001a40700000,0x0000001a40800000] [id=5784]
  0x000001fa78555180 WatcherThread [stack: 0x0000001a41700000,0x0000001a41800000] [id=9812]
  0x000001fa603e1870 GCTaskThread "GC Thread#0" [stack: 0x0000001a40200000,0x0000001a40300000] [id=5892]
  0x000001fa7890fa10 GCTaskThread "GC Thread#1" [stack: 0x0000001a41800000,0x0000001a41900000] [id=332]
  0x000001fa7890fcd0 GCTaskThread "GC Thread#2" [stack: 0x0000001a41900000,0x0000001a41a00000] [id=12156]
  0x000001fa7890ff90 GCTaskThread "GC Thread#3" [stack: 0x0000001a41a00000,0x0000001a41b00000] [id=8876]
  0x000001fa7892f960 GCTaskThread "GC Thread#4" [stack: 0x0000001a41b00000,0x0000001a41c00000] [id=12396]
  0x000001fa7892fc20 GCTaskThread "GC Thread#5" [stack: 0x0000001a41c00000,0x0000001a41d00000] [id=10764]
  0x000001fa789a4c30 GCTaskThread "GC Thread#6" [stack: 0x0000001a41d00000,0x0000001a41e00000] [id=7644]
  0x000001fa7d020040 GCTaskThread "GC Thread#7" [stack: 0x0000001a42000000,0x0000001a42100000] [id=7700]
  0x000001fa603f33a0 ConcurrentGCThread "G1 Main Marker" [stack: 0x0000001a40300000,0x0000001a40400000] [id=1832]
  0x000001fa603f3bc0 ConcurrentGCThread "G1 Conc#0" [stack: 0x0000001a40400000,0x0000001a40500000] [id=4036]
  0x000001fa6042e540 ConcurrentGCThread "G1 Refine#0" [stack: 0x0000001a40500000,0x0000001a40600000] [id=11284]
  0x000001fa776b3910 ConcurrentGCThread "G1 Service" [stack: 0x0000001a40600000,0x0000001a40700000] [id=10596]

Threads with active compile tasks:

VM state: not at safepoint (normal execution)

VM Mutex/Monitor currently owned by a thread:  ([mutex/lock_event])
[0x000001fa60371100] Metaspace_lock - owner thread: 0x000001fa7d1e2e60

Heap address: 0x0000000702400000, size: 4060 MB, Compressed Oops mode: Zero based, Oop shift amount: 3

CDS archive(s) mapped at: [0x000001fa00000000-0x000001fa00bd0000-0x000001fa00bd0000), size 12386304, SharedBaseAddress: 0x000001fa00000000, ArchiveRelocationMode: 1.
Compressed class space mapped at: 0x000001fa01000000-0x000001fa41000000, reserved size: 1073741824
Narrow klass base: 0x000001fa00000000, Narrow klass shift: 0, Narrow klass range: 0x100000000

GC Precious Log:
 CPUs: 20 total, 20 available
 Memory: 16234M
 Large Page Support: Disabled
 NUMA Support: Disabled
 Compressed Oops: Enabled (Zero based)
 Heap Region Size: 2M
 Heap Min Capacity: 8M
 Heap Initial Capacity: 254M
 Heap Max Capacity: 4060M
 Pre-touch: Disabled
 Parallel Workers: 15
 Concurrent Workers: 4
 Concurrent Refinement Workers: 15
 Periodic GC: Disabled

Heap:
 garbage-first heap   total 260096K, used 28759K [0x0000000702400000, 0x0000000800000000)
  region size 2048K, 11 young (22528K), 1 survivors (2048K)
 Metaspace       used 12491K, committed 12736K, reserved 1114112K
  class space    used 1719K, committed 1856K, reserved 1048576K

Heap Regions: E=young(eden), S=young(survivor), O=old, HS=humongous(starts), HC=humongous(continues), CS=collection set, F=free, OA=open archive, CA=closed archive, TAMS=top-at-mark-start (previous, next)
|   0|0x0000000702400000, 0x0000000702600000, 0x0000000702600000|100%| O|  |TAMS 0x0000000702400000, 0x0000000702400000| Untracked 
|   1|0x0000000702600000, 0x0000000702800000, 0x0000000702800000|100%| O|  |TAMS 0x0000000702600000, 0x0000000702600000| Untracked 
|   2|0x0000000702800000, 0x0000000702a00000, 0x0000000702a00000|100%| O|  |TAMS 0x0000000702800000, 0x0000000702800000| Untracked 
|   3|0x0000000702a00000, 0x0000000702c00000, 0x0000000702c00000|100%| O|  |TAMS 0x0000000702a00000, 0x0000000702a00000| Untracked 
|   4|0x0000000702c00000, 0x0000000702d04800, 0x0000000702e00000| 50%| O|  |TAMS 0x0000000702c00000, 0x0000000702c00000| Untracked 
|   5|0x0000000702e00000, 0x0000000702e00000, 0x0000000703000000|  0%| F|  |TAMS 0x0000000702e00000, 0x0000000702e00000| Untracked 
|   6|0x0000000703000000, 0x0000000703000000, 0x0000000703200000|  0%| F|  |TAMS 0x0000000703000000, 0x0000000703000000| Untracked 
|   7|0x0000000703200000, 0x0000000703200000, 0x0000000703400000|  0%| F|  |TAMS 0x0000000703200000, 0x0000000703200000| Untracked 
|   8|0x0000000703400000, 0x0000000703400000, 0x0000000703600000|  0%| F|  |TAMS 0x0000000703400000, 0x0000000703400000| Untracked 
|   9|0x0000000703600000, 0x0000000703600000, 0x0000000703800000|  0%| F|  |TAMS 0x0000000703600000, 0x0000000703600000| Untracked 
|  10|0x0000000703800000, 0x0000000703800000, 0x0000000703a00000|  0%| F|  |TAMS 0x0000000703800000, 0x0000000703800000| Untracked 
|  11|0x0000000703a00000, 0x0000000703a00000, 0x0000000703c00000|  0%| F|  |TAMS 0x0000000703a00000, 0x0000000703a00000| Untracked 
|  12|0x0000000703c00000, 0x0000000703c00000, 0x0000000703e00000|  0%| F|  |TAMS 0x0000000703c00000, 0x0000000703c00000| Untracked 
|  13|0x0000000703e00000, 0x0000000703e00000, 0x0000000704000000|  0%| F|  |TAMS 0x0000000703e00000, 0x0000000703e00000| Untracked 
|  14|0x0000000704000000, 0x0000000704000000, 0x0000000704200000|  0%| F|  |TAMS 0x0000000704000000, 0x0000000704000000| Untracked 
|  15|0x0000000704200000, 0x0000000704200000, 0x0000000704400000|  0%| F|  |TAMS 0x0000000704200000, 0x0000000704200000| Untracked 
|  16|0x0000000704400000, 0x0000000704400000, 0x0000000704600000|  0%| F|  |TAMS 0x0000000704400000, 0x0000000704400000| Untracked 
|  17|0x0000000704600000, 0x0000000704600000, 0x0000000704800000|  0%| F|  |TAMS 0x0000000704600000, 0x0000000704600000| Untracked 
|  18|0x0000000704800000, 0x0000000704800000, 0x0000000704a00000|  0%| F|  |TAMS 0x0000000704800000, 0x0000000704800000| Untracked 
|  19|0x0000000704a00000, 0x0000000704a00000, 0x0000000704c00000|  0%| F|  |TAMS 0x0000000704a00000, 0x0000000704a00000| Untracked 
|  20|0x0000000704c00000, 0x0000000704c00000, 0x0000000704e00000|  0%| F|  |TAMS 0x0000000704c00000, 0x0000000704c00000| Untracked 
|  21|0x0000000704e00000, 0x0000000704e00000, 0x0000000705000000|  0%| F|  |TAMS 0x0000000704e00000, 0x0000000704e00000| Untracked 
|  22|0x0000000705000000, 0x0000000705000000, 0x0000000705200000|  0%| F|  |TAMS 0x0000000705000000, 0x0000000705000000| Untracked 
|  23|0x0000000705200000, 0x0000000705200000, 0x0000000705400000|  0%| F|  |TAMS 0x0000000705200000, 0x0000000705200000| Untracked 
|  24|0x0000000705400000, 0x0000000705400000, 0x0000000705600000|  0%| F|  |TAMS 0x0000000705400000, 0x0000000705400000| Untracked 
|  25|0x0000000705600000, 0x0000000705600000, 0x0000000705800000|  0%| F|  |TAMS 0x0000000705600000, 0x0000000705600000| Untracked 
|  26|0x0000000705800000, 0x0000000705800000, 0x0000000705a00000|  0%| F|  |TAMS 0x0000000705800000, 0x0000000705800000| Untracked 
|  27|0x0000000705a00000, 0x0000000705a00000, 0x0000000705c00000|  0%| F|  |TAMS 0x0000000705a00000, 0x0000000705a00000| Untracked 
|  28|0x0000000705c00000, 0x0000000705c00000, 0x0000000705e00000|  0%| F|  |TAMS 0x0000000705c00000, 0x0000000705c00000| Untracked 
|  29|0x0000000705e00000, 0x0000000705e00000, 0x0000000706000000|  0%| F|  |TAMS 0x0000000705e00000, 0x0000000705e00000| Untracked 
|  30|0x0000000706000000, 0x0000000706000000, 0x0000000706200000|  0%| F|  |TAMS 0x0000000706000000, 0x0000000706000000| Untracked 
|  31|0x0000000706200000, 0x0000000706200000, 0x0000000706400000|  0%| F|  |TAMS 0x0000000706200000, 0x0000000706200000| Untracked 
|  32|0x0000000706400000, 0x0000000706400000, 0x0000000706600000|  0%| F|  |TAMS 0x0000000706400000, 0x0000000706400000| Untracked 
|  33|0x0000000706600000, 0x0000000706600000, 0x0000000706800000|  0%| F|  |TAMS 0x0000000706600000, 0x0000000706600000| Untracked 
|  34|0x0000000706800000, 0x0000000706800000, 0x0000000706a00000|  0%| F|  |TAMS 0x0000000706800000, 0x0000000706800000| Untracked 
|  35|0x0000000706a00000, 0x0000000706a00000, 0x0000000706c00000|  0%| F|  |TAMS 0x0000000706a00000, 0x0000000706a00000| Untracked 
|  36|0x0000000706c00000, 0x0000000706c00000, 0x0000000706e00000|  0%| F|  |TAMS 0x0000000706c00000, 0x0000000706c00000| Untracked 
|  37|0x0000000706e00000, 0x0000000706e00000, 0x0000000707000000|  0%| F|  |TAMS 0x0000000706e00000, 0x0000000706e00000| Untracked 
|  38|0x0000000707000000, 0x0000000707000000, 0x0000000707200000|  0%| F|  |TAMS 0x0000000707000000, 0x0000000707000000| Untracked 
|  39|0x0000000707200000, 0x0000000707200000, 0x0000000707400000|  0%| F|  |TAMS 0x0000000707200000, 0x0000000707200000| Untracked 
|  40|0x0000000707400000, 0x0000000707400000, 0x0000000707600000|  0%| F|  |TAMS 0x0000000707400000, 0x0000000707400000| Untracked 
|  41|0x0000000707600000, 0x0000000707600000, 0x0000000707800000|  0%| F|  |TAMS 0x0000000707600000, 0x0000000707600000| Untracked 
|  42|0x0000000707800000, 0x0000000707800000, 0x0000000707a00000|  0%| F|  |TAMS 0x0000000707800000, 0x0000000707800000| Untracked 
|  43|0x0000000707a00000, 0x0000000707a00000, 0x0000000707c00000|  0%| F|  |TAMS 0x0000000707a00000, 0x0000000707a00000| Untracked 
|  44|0x0000000707c00000, 0x0000000707c00000, 0x0000000707e00000|  0%| F|  |TAMS 0x0000000707c00000, 0x0000000707c00000| Untracked 
|  45|0x0000000707e00000, 0x0000000707e00000, 0x0000000708000000|  0%| F|  |TAMS 0x0000000707e00000, 0x0000000707e00000| Untracked 
|  46|0x0000000708000000, 0x0000000708000000, 0x0000000708200000|  0%| F|  |TAMS 0x0000000708000000, 0x0000000708000000| Untracked 
|  47|0x0000000708200000, 0x0000000708200000, 0x0000000708400000|  0%| F|  |TAMS 0x0000000708200000, 0x0000000708200000| Untracked 
|  48|0x0000000708400000, 0x0000000708400000, 0x0000000708600000|  0%| F|  |TAMS 0x0000000708400000, 0x0000000708400000| Untracked 
|  49|0x0000000708600000, 0x0000000708600000, 0x0000000708800000|  0%| F|  |TAMS 0x0000000708600000, 0x0000000708600000| Untracked 
|  50|0x0000000708800000, 0x0000000708800000, 0x0000000708a00000|  0%| F|  |TAMS 0x0000000708800000, 0x0000000708800000| Untracked 
|  51|0x0000000708a00000, 0x0000000708a00000, 0x0000000708c00000|  0%| F|  |TAMS 0x0000000708a00000, 0x0000000708a00000| Untracked 
|  52|0x0000000708c00000, 0x0000000708c00000, 0x0000000708e00000|  0%| F|  |TAMS 0x0000000708c00000, 0x0000000708c00000| Untracked 
|  53|0x0000000708e00000, 0x0000000708e00000, 0x0000000709000000|  0%| F|  |TAMS 0x0000000708e00000, 0x0000000708e00000| Untracked 
|  54|0x0000000709000000, 0x0000000709000000, 0x0000000709200000|  0%| F|  |TAMS 0x0000000709000000, 0x0000000709000000| Untracked 
|  55|0x0000000709200000, 0x0000000709200000, 0x0000000709400000|  0%| F|  |TAMS 0x0000000709200000, 0x0000000709200000| Untracked 
|  56|0x0000000709400000, 0x0000000709400000, 0x0000000709600000|  0%| F|  |TAMS 0x0000000709400000, 0x0000000709400000| Untracked 
|  57|0x0000000709600000, 0x0000000709600000, 0x0000000709800000|  0%| F|  |TAMS 0x0000000709600000, 0x0000000709600000| Untracked 
|  58|0x0000000709800000, 0x0000000709800000, 0x0000000709a00000|  0%| F|  |TAMS 0x0000000709800000, 0x0000000709800000| Untracked 
|  59|0x0000000709a00000, 0x0000000709a00000, 0x0000000709c00000|  0%| F|  |TAMS 0x0000000709a00000, 0x0000000709a00000| Untracked 
|  60|0x0000000709c00000, 0x0000000709c00000, 0x0000000709e00000|  0%| F|  |TAMS 0x0000000709c00000, 0x0000000709c00000| Untracked 
|  61|0x0000000709e00000, 0x0000000709e00000, 0x000000070a000000|  0%| F|  |TAMS 0x0000000709e00000, 0x0000000709e00000| Untracked 
|  62|0x000000070a000000, 0x000000070a000000, 0x000000070a200000|  0%| F|  |TAMS 0x000000070a000000, 0x000000070a000000| Untracked 
|  63|0x000000070a200000, 0x000000070a200000, 0x000000070a400000|  0%| F|  |TAMS 0x000000070a200000, 0x000000070a200000| Untracked 
|  64|0x000000070a400000, 0x000000070a400000, 0x000000070a600000|  0%| F|  |TAMS 0x000000070a400000, 0x000000070a400000| Untracked 
|  65|0x000000070a600000, 0x000000070a600000, 0x000000070a800000|  0%| F|  |TAMS 0x000000070a600000, 0x000000070a600000| Untracked 
|  66|0x000000070a800000, 0x000000070a800000, 0x000000070aa00000|  0%| F|  |TAMS 0x000000070a800000, 0x000000070a800000| Untracked 
|  67|0x000000070aa00000, 0x000000070aa00000, 0x000000070ac00000|  0%| F|  |TAMS 0x000000070aa00000, 0x000000070aa00000| Untracked 
|  68|0x000000070ac00000, 0x000000070ac00000, 0x000000070ae00000|  0%| F|  |TAMS 0x000000070ac00000, 0x000000070ac00000| Untracked 
|  69|0x000000070ae00000, 0x000000070ae00000, 0x000000070b000000|  0%| F|  |TAMS 0x000000070ae00000, 0x000000070ae00000| Untracked 
|  70|0x000000070b000000, 0x000000070b000000, 0x000000070b200000|  0%| F|  |TAMS 0x000000070b000000, 0x000000070b000000| Untracked 
|  71|0x000000070b200000, 0x000000070b200000, 0x000000070b400000|  0%| F|  |TAMS 0x000000070b200000, 0x000000070b200000| Untracked 
|  72|0x000000070b400000, 0x000000070b400000, 0x000000070b600000|  0%| F|  |TAMS 0x000000070b400000, 0x000000070b400000| Untracked 
|  73|0x000000070b600000, 0x000000070b600000, 0x000000070b800000|  0%| F|  |TAMS 0x000000070b600000, 0x000000070b600000| Untracked 
|  74|0x000000070b800000, 0x000000070b800000, 0x000000070ba00000|  0%| F|  |TAMS 0x000000070b800000, 0x000000070b800000| Untracked 
|  75|0x000000070ba00000, 0x000000070ba00000, 0x000000070bc00000|  0%| F|  |TAMS 0x000000070ba00000, 0x000000070ba00000| Untracked 
|  76|0x000000070bc00000, 0x000000070bc00000, 0x000000070be00000|  0%| F|  |TAMS 0x000000070bc00000, 0x000000070bc00000| Untracked 
|  77|0x000000070be00000, 0x000000070be00000, 0x000000070c000000|  0%| F|  |TAMS 0x000000070be00000, 0x000000070be00000| Untracked 
|  78|0x000000070c000000, 0x000000070c000000, 0x000000070c200000|  0%| F|  |TAMS 0x000000070c000000, 0x000000070c000000| Untracked 
|  79|0x000000070c200000, 0x000000070c200000, 0x000000070c400000|  0%| F|  |TAMS 0x000000070c200000, 0x000000070c200000| Untracked 
|  80|0x000000070c400000, 0x000000070c400000, 0x000000070c600000|  0%| F|  |TAMS 0x000000070c400000, 0x000000070c400000| Untracked 
|  81|0x000000070c600000, 0x000000070c600000, 0x000000070c800000|  0%| F|  |TAMS 0x000000070c600000, 0x000000070c600000| Untracked 
|  82|0x000000070c800000, 0x000000070c800000, 0x000000070ca00000|  0%| F|  |TAMS 0x000000070c800000, 0x000000070c800000| Untracked 
|  83|0x000000070ca00000, 0x000000070ca00000, 0x000000070cc00000|  0%| F|  |TAMS 0x000000070ca00000, 0x000000070ca00000| Untracked 
|  84|0x000000070cc00000, 0x000000070cc00000, 0x000000070ce00000|  0%| F|  |TAMS 0x000000070cc00000, 0x000000070cc00000| Untracked 
|  85|0x000000070ce00000, 0x000000070ce00000, 0x000000070d000000|  0%| F|  |TAMS 0x000000070ce00000, 0x000000070ce00000| Untracked 
|  86|0x000000070d000000, 0x000000070d000000, 0x000000070d200000|  0%| F|  |TAMS 0x000000070d000000, 0x000000070d000000| Untracked 
|  87|0x000000070d200000, 0x000000070d200000, 0x000000070d400000|  0%| F|  |TAMS 0x000000070d200000, 0x000000070d200000| Untracked 
|  88|0x000000070d400000, 0x000000070d400000, 0x000000070d600000|  0%| F|  |TAMS 0x000000070d400000, 0x000000070d400000| Untracked 
|  89|0x000000070d600000, 0x000000070d600000, 0x000000070d800000|  0%| F|  |TAMS 0x000000070d600000, 0x000000070d600000| Untracked 
|  90|0x000000070d800000, 0x000000070d800000, 0x000000070da00000|  0%| F|  |TAMS 0x000000070d800000, 0x000000070d800000| Untracked 
|  91|0x000000070da00000, 0x000000070da00000, 0x000000070dc00000|  0%| F|  |TAMS 0x000000070da00000, 0x000000070da00000| Untracked 
|  92|0x000000070dc00000, 0x000000070dc00000, 0x000000070de00000|  0%| F|  |TAMS 0x000000070dc00000, 0x000000070dc00000| Untracked 
|  93|0x000000070de00000, 0x000000070de00000, 0x000000070e000000|  0%| F|  |TAMS 0x000000070de00000, 0x000000070de00000| Untracked 
|  94|0x000000070e000000, 0x000000070e000000, 0x000000070e200000|  0%| F|  |TAMS 0x000000070e000000, 0x000000070e000000| Untracked 
|  95|0x000000070e200000, 0x000000070e200000, 0x000000070e400000|  0%| F|  |TAMS 0x000000070e200000, 0x000000070e200000| Untracked 
|  96|0x000000070e400000, 0x000000070e400000, 0x000000070e600000|  0%| F|  |TAMS 0x000000070e400000, 0x000000070e400000| Untracked 
|  97|0x000000070e600000, 0x000000070e600000, 0x000000070e800000|  0%| F|  |TAMS 0x000000070e600000, 0x000000070e600000| Untracked 
|  98|0x000000070e800000, 0x000000070e800000, 0x000000070ea00000|  0%| F|  |TAMS 0x000000070e800000, 0x000000070e800000| Untracked 
|  99|0x000000070ea00000, 0x000000070ea00000, 0x000000070ec00000|  0%| F|  |TAMS 0x000000070ea00000, 0x000000070ea00000| Untracked 
| 100|0x000000070ec00000, 0x000000070ec00000, 0x000000070ee00000|  0%| F|  |TAMS 0x000000070ec00000, 0x000000070ec00000| Untracked 
| 101|0x000000070ee00000, 0x000000070ee00000, 0x000000070f000000|  0%| F|  |TAMS 0x000000070ee00000, 0x000000070ee00000| Untracked 
| 102|0x000000070f000000, 0x000000070f000000, 0x000000070f200000|  0%| F|  |TAMS 0x000000070f000000, 0x000000070f000000| Untracked 
| 103|0x000000070f200000, 0x000000070f200000, 0x000000070f400000|  0%| F|  |TAMS 0x000000070f200000, 0x000000070f200000| Untracked 
| 104|0x000000070f400000, 0x000000070f400000, 0x000000070f600000|  0%| F|  |TAMS 0x000000070f400000, 0x000000070f400000| Untracked 
| 105|0x000000070f600000, 0x000000070f600000, 0x000000070f800000|  0%| F|  |TAMS 0x000000070f600000, 0x000000070f600000| Untracked 
| 106|0x000000070f800000, 0x000000070f800000, 0x000000070fa00000|  0%| F|  |TAMS 0x000000070f800000, 0x000000070f800000| Untracked 
| 107|0x000000070fa00000, 0x000000070fa00000, 0x000000070fc00000|  0%| F|  |TAMS 0x000000070fa00000, 0x000000070fa00000| Untracked 
| 108|0x000000070fc00000, 0x000000070fc00000, 0x000000070fe00000|  0%| F|  |TAMS 0x000000070fc00000, 0x000000070fc00000| Untracked 
| 109|0x000000070fe00000, 0x000000070fe00000, 0x0000000710000000|  0%| F|  |TAMS 0x000000070fe00000, 0x000000070fe00000| Untracked 
| 110|0x0000000710000000, 0x0000000710000000, 0x0000000710200000|  0%| F|  |TAMS 0x0000000710000000, 0x0000000710000000| Untracked 
| 111|0x0000000710200000, 0x0000000710200000, 0x0000000710400000|  0%| F|  |TAMS 0x0000000710200000, 0x0000000710200000| Untracked 
| 112|0x0000000710400000, 0x0000000710400000, 0x0000000710600000|  0%| F|  |TAMS 0x0000000710400000, 0x0000000710400000| Untracked 
| 113|0x0000000710600000, 0x0000000710600000, 0x0000000710800000|  0%| F|  |TAMS 0x0000000710600000, 0x0000000710600000| Untracked 
| 114|0x0000000710800000, 0x0000000710800000, 0x0000000710a00000|  0%| F|  |TAMS 0x0000000710800000, 0x0000000710800000| Untracked 
| 115|0x0000000710a00000, 0x0000000710a00000, 0x0000000710c00000|  0%| F|  |TAMS 0x0000000710a00000, 0x0000000710a00000| Untracked 
| 116|0x0000000710c00000, 0x0000000710cd1b60, 0x0000000710e00000| 40%| E|  |TAMS 0x0000000710c00000, 0x0000000710c00000| Complete 
| 117|0x0000000710e00000, 0x0000000710f11590, 0x0000000711000000| 53%| S|CS|TAMS 0x0000000710e00000, 0x0000000710e00000| Complete 
| 118|0x0000000711000000, 0x0000000711200000, 0x0000000711200000|100%| E|CS|TAMS 0x0000000711000000, 0x0000000711000000| Complete 
| 119|0x0000000711200000, 0x0000000711400000, 0x0000000711400000|100%| E|CS|TAMS 0x0000000711200000, 0x0000000711200000| Complete 
| 120|0x0000000711400000, 0x0000000711600000, 0x0000000711600000|100%| E|CS|TAMS 0x0000000711400000, 0x0000000711400000| Complete 
| 121|0x0000000711600000, 0x0000000711800000, 0x0000000711800000|100%| E|CS|TAMS 0x0000000711600000, 0x0000000711600000| Complete 
| 122|0x0000000711800000, 0x0000000711a00000, 0x0000000711a00000|100%| E|CS|TAMS 0x0000000711800000, 0x0000000711800000| Complete 
| 123|0x0000000711a00000, 0x0000000711c00000, 0x0000000711c00000|100%| E|CS|TAMS 0x0000000711a00000, 0x0000000711a00000| Complete 
| 124|0x0000000711c00000, 0x0000000711e00000, 0x0000000711e00000|100%| E|CS|TAMS 0x0000000711c00000, 0x0000000711c00000| Complete 
| 125|0x0000000711e00000, 0x0000000712000000, 0x0000000712000000|100%| E|CS|TAMS 0x0000000711e00000, 0x0000000711e00000| Complete 
| 126|0x0000000712000000, 0x0000000712200000, 0x0000000712200000|100%| E|CS|TAMS 0x0000000712000000, 0x0000000712000000| Complete 

Card table byte_map: [0x000001fa6bc70000,0x000001fa6c460000] _byte_map_base: 0x000001fa6845e000

Marking Bits (Prev, Next): (CMBitMap*) 0x000001fa603e2cb0, (CMBitMap*) 0x000001fa603e2cf0
 Prev Bits: [0x000001fa6cc50000, 0x000001fa70bc0000)
 Next Bits: [0x000001fa70bc0000, 0x000001fa74b30000)

Polling page: 0x000001fa5e010000

Metaspace:

Usage:
  Non-class:     10.52 MB used.
      Class:      1.68 MB used.
       Both:     12.20 MB used.

Virtual space:
  Non-class space:       64.00 MB reserved,      10.62 MB ( 17%) committed,  1 nodes.
      Class space:        1.00 GB reserved,       1.81 MB ( <1%) committed,  1 nodes.
             Both:        1.06 GB reserved,      12.44 MB (  1%) committed. 

Chunk freelists:
   Non-Class:  4.42 MB
       Class:  14.00 MB
        Both:  18.42 MB

MaxMetaspaceSize: unlimited
CompressedClassSpaceSize: 1.00 GB
Initial GC threshold: 21.00 MB
Current GC threshold: 21.00 MB
CDS: on
MetaspaceReclaimPolicy: balanced
 - commit_granule_bytes: 65536.
 - commit_granule_words: 8192.
 - virtual_space_node_default_size: 8388608.
 - enlarge_chunks_in_place: 1.
 - new_chunks_are_fully_committed: 0.
 - uncommit_free_chunks: 1.
 - use_allocation_guard: 0.
 - handle_deallocations: 1.


Internal statistics:

num_allocs_failed_limit: 0.
num_arena_births: 226.
num_arena_deaths: 0.
num_vsnodes_births: 2.
num_vsnodes_deaths: 0.
num_space_committed: 199.
num_space_uncommitted: 0.
num_chunks_returned_to_freelist: 0.
num_chunks_taken_from_freelist: 552.
num_chunk_merges: 0.
num_chunk_splits: 364.
num_chunks_enlarged: 269.
num_inconsistent_stats: 0.

CodeCache: size=49152Kb used=7241Kb max_used=7241Kb free=41910Kb
 bounds [0x000001fa67c00000, 0x000001fa68320000, 0x000001fa6ac00000]
 total_blobs=2663 nmethods=2185 adapters=400
 compilation: enabled
              stopped_count=0, restarted_count=0
 full_count=0

Compilation events (20 events):
Event: 0.547 Thread 0x000001fa77ef2590 nmethod 2176 0x000001fa68308f90 code [0x000001fa68309120, 0x000001fa683091d8]
Event: 0.547 Thread 0x000001fa77f92690 nmethod 2175 0x000001fa68309290 code [0x000001fa68309420, 0x000001fa683094d8]
Event: 0.547 Thread 0x000001fa77f92690 2177       1       java.util.BitSet::get (69 bytes)
Event: 0.547 Thread 0x000001fa7779f450 2178       1       java.util.Collections::emptyMap (4 bytes)
Event: 0.547 Thread 0x000001fa7779f450 nmethod 2178 0x000001fa68309890 code [0x000001fa68309a20, 0x000001fa68309ad8]
Event: 0.548 Thread 0x000001fa77f92690 nmethod 2177 0x000001fa68309b90 code [0x000001fa68309d80, 0x000001fa6830a208]
Event: 0.549 Thread 0x000001fa77f92690 2179       1       java.util.jar.JarFile::getManEntry (39 bytes)
Event: 0.549 Thread 0x000001fa7d190830 2180       1       java.security.PermissionCollection::isReadOnly (5 bytes)
Event: 0.549 Thread 0x000001fa77f92690 nmethod 2179 0x000001fa6830a490 code [0x000001fa6830a640, 0x000001fa6830a818]
Event: 0.549 Thread 0x000001fa7d190830 nmethod 2180 0x000001fa6830a910 code [0x000001fa6830aaa0, 0x000001fa6830ab78]
Event: 0.562 Thread 0x000001fa77ef2590 2181 % !   1       java.util.concurrent.ConcurrentHashMap::transfer @ 96 (849 bytes)
Event: 0.562 Thread 0x000001fa77f8e0b0 2182       1       java.lang.invoke.Invokers$Holder::linkToTargetMethod (11 bytes)
Event: 0.562 Thread 0x000001fa77f8e0b0 nmethod 2182 0x000001fa6830ac10 code [0x000001fa6830adc0, 0x000001fa6830aef8]
Event: 0.563 Thread 0x000001fa77ef2590 nmethod 2181% 0x000001fa6830af90 code [0x000001fa6830b2a0, 0x000001fa6830d028]
Event: 0.567 Thread 0x000001fa77f8e0b0 2183   !   1       java.util.concurrent.ConcurrentHashMap::transfer (849 bytes)
Event: 0.567 Thread 0x000001fa7d190830 2184       1       ch.qos.logback.classic.Logger::getChildByName (68 bytes)
Event: 0.567 Thread 0x000001fa7d190830 nmethod 2184 0x000001fa6830eb90 code [0x000001fa6830ed60, 0x000001fa6830efc8]
Event: 0.567 Thread 0x000001fa77ef2590 2185       1       java.lang.StringLatin1::indexOfNonWhitespace (49 bytes)
Event: 0.568 Thread 0x000001fa77ef2590 nmethod 2185 0x000001fa6830f190 code [0x000001fa6830f320, 0x000001fa6830f458]
Event: 0.568 Thread 0x000001fa77f8e0b0 nmethod 2183 0x000001fa6830f590 code [0x000001fa6830f880, 0x000001fa683113a8]

GC Heap History (4 events):
Event: 0.280 GC heap before
{Heap before GC invocations=0 (full 0):
 garbage-first heap   total 260096K, used 20480K [0x0000000702400000, 0x0000000800000000)
  region size 2048K, 11 young (22528K), 0 survivors (0K)
 Metaspace       used 6009K, committed 6208K, reserved 1114112K
  class space    used 739K, committed 832K, reserved 1048576K
}
Event: 0.283 GC heap after
{Heap after GC invocations=1 (full 0):
 garbage-first heap   total 260096K, used 9058K [0x0000000702400000, 0x0000000800000000)
  region size 2048K, 2 young (4096K), 2 survivors (4096K)
 Metaspace       used 6009K, committed 6208K, reserved 1114112K
  class space    used 739K, committed 832K, reserved 1048576K
}
Event: 0.424 GC heap before
{Heap before GC invocations=1 (full 0):
 garbage-first heap   total 260096K, used 27490K [0x0000000702400000, 0x0000000800000000)
  region size 2048K, 11 young (22528K), 2 survivors (4096K)
 Metaspace       used 8911K, committed 9152K, reserved 1114112K
  class space    used 1166K, committed 1280K, reserved 1048576K
}
Event: 0.426 GC heap after
{Heap after GC invocations=2 (full 0):
 garbage-first heap   total 260096K, used 10327K [0x0000000702400000, 0x0000000800000000)
  region size 2048K, 1 young (2048K), 1 survivors (2048K)
 Metaspace       used 8911K, committed 9152K, reserved 1114112K
  class space    used 1166K, committed 1280K, reserved 1048576K
}

Deoptimization events (0 events):
No events

Classes unloaded (0 events):
No events

Classes redefined (0 events):
No events

Internal exceptions (20 events):
Event: 0.431 Thread 0x000001fa789b7730 Exception <a 'java/lang/NoSuchMethodError'{0x00000007120df590}: 'java.lang.Object java.lang.invoke.DirectMethodHandle$Holder.invokeSpecial(java.lang.Object, java.lang.Object, java.lang.Object, java.lang.Object, java.lang.Object, java.lang.Object, java.lang.Object, int)'> (0x00000007120df590) 
thrown [s\open\src\hotspot\share\interpreter\linkResolver.cpp, line 759]
Event: 0.447 Thread 0x000001fa789b7730 Exception <a 'java/lang/NoSuchMethodError'{0x0000000711f4bd70}: 'void java.lang.invoke.DirectMethodHandle$Holder.invokeSpecial(java.lang.Object, java.lang.Object, java.lang.Object, java.lang.Object, java.lang.Object)'> (0x0000000711f4bd70) 
thrown [s\open\src\hotspot\share\interpreter\linkResolver.cpp, line 759]
Event: 0.472 Thread 0x000001fa789b7730 Exception <a 'java/lang/NoSuchMethodError'{0x0000000711a183f8}: 'void java.lang.invoke.DirectMethodHandle$Holder.invokeSpecial(java.lang.Object, java.lang.Object, java.lang.Object, java.lang.Object, java.lang.Object, java.lang.Object)'> (0x0000000711a183f8) 
thrown [s\open\src\hotspot\share\interpreter\linkResolver.cpp, line 759]
Event: 0.478 Thread 0x000001fa789b7730 Exception <a 'java/lang/NoSuchMethodError'{0x0000000711ad6a00}: 'java.lang.Object java.lang.invoke.DirectMethodHandle$Holder.invokeSpecial(java.lang.Object, java.lang.Object, java.lang.Object, int, java.lang.Object)'> (0x0000000711ad6a00) 
thrown [s\open\src\hotspot\share\interpreter\linkResolver.cpp, line 759]
Event: 0.478 Thread 0x000001fa789b7730 Exception <a 'java/lang/NoSuchMethodError'{0x0000000711adf060}: 'java.lang.Object java.lang.invoke.DirectMethodHandle$Holder.newInvokeSpecial(java.lang.Object, java.lang.Object, java.lang.Object, int, java.lang.Object)'> (0x0000000711adf060) 
thrown [s\open\src\hotspot\share\interpreter\linkResolver.cpp, line 759]
Event: 0.478 Thread 0x000001fa789b7730 Exception <a 'java/lang/NoSuchMethodError'{0x0000000711ae6a30}: 'java.lang.Object java.lang.invoke.Invokers$Holder.linkToTargetMethod(java.lang.Object, java.lang.Object, int, java.lang.Object, java.lang.Object)'> (0x0000000711ae6a30) 
thrown [s\open\src\hotspot\share\interpreter\linkResolver.cpp, line 759]
Event: 0.479 Thread 0x000001fa789b7730 Exception <a 'java/lang/NoSuchMethodError'{0x0000000711af65d8}: 'java.lang.Object java.lang.invoke.DirectMethodHandle$Holder.newInvokeSpecial(java.lang.Object, int, java.lang.Object)'> (0x0000000711af65d8) 
thrown [s\open\src\hotspot\share\interpreter\linkResolver.cpp, line 759]
Event: 0.479 Thread 0x000001fa789b7730 Exception <a 'java/lang/NoSuchMethodError'{0x0000000711afb018}: 'int java.lang.invoke.DirectMethodHandle$Holder.invokeSpecialIFC(java.lang.Object, java.lang.Object, java.lang.Object, java.lang.Object)'> (0x0000000711afb018) 
thrown [s\open\src\hotspot\share\interpreter\linkResolver.cpp, line 759]
Event: 0.487 Thread 0x000001fa789b7730 Exception <a 'java/lang/NoSuchMethodError'{0x0000000711bb9df0}: 'void java.lang.invoke.DirectMethodHandle$Holder.invokeInterface(java.lang.Object, java.lang.Object, java.lang.Object)'> (0x0000000711bb9df0) 
thrown [s\open\src\hotspot\share\interpreter\linkResolver.cpp, line 759]
Event: 0.495 Thread 0x000001fa789b7730 Exception <a 'java/lang/NoSuchMethodError'{0x00000007118897b0}: 'java.lang.Object java.lang.invoke.DirectMethodHandle$Holder.invokeVirtual(java.lang.Object, java.lang.Object, java.lang.Object)'> (0x00000007118897b0) 
thrown [s\open\src\hotspot\share\interpreter\linkResolver.cpp, line 759]
Event: 0.503 Thread 0x000001fa789b7730 Exception <a 'java/lang/NoSuchMethodError'{0x000000071196af08}: 'void java.lang.invoke.DirectMethodHandle$Holder.invokeStatic(java.lang.Object, java.lang.Object, int)'> (0x000000071196af08) 
thrown [s\open\src\hotspot\share\interpreter\linkResolver.cpp, line 759]
Event: 0.504 Thread 0x000001fa789b7730 Exception <a 'java/lang/NoSuchMethodError'{0x0000000711983658}: 'void java.lang.invoke.DirectMethodHandle$Holder.invokeStaticInit(java.lang.Object, java.lang.Object, java.lang.Object)'> (0x0000000711983658) 
thrown [s\open\src\hotspot\share\interpreter\linkResolver.cpp, line 759]
Event: 0.507 Thread 0x000001fa789b7730 Exception <a 'java/lang/NoSuchMethodError'{0x00000007119d9b80}: 'java.lang.Object java.lang.invoke.DirectMethodHandle$Holder.invokeStatic(java.lang.Object, java.lang.Object, long, java.lang.Object)'> (0x00000007119d9b80) 
thrown [s\open\src\hotspot\share\interpreter\linkResolver.cpp, line 759]
Event: 0.507 Thread 0x000001fa789b7730 Exception <a 'java/lang/NoSuchMethodError'{0x00000007119dd618}: 'java.lang.Object java.lang.invoke.DirectMethodHandle$Holder.invokeStaticInit(java.lang.Object, java.lang.Object, long, java.lang.Object)'> (0x00000007119dd618) 
thrown [s\open\src\hotspot\share\interpreter\linkResolver.cpp, line 759]
Event: 0.507 Thread 0x000001fa789b7730 Exception <a 'java/lang/NoSuchMethodError'{0x00000007119e3c28}: 'java.lang.Object java.lang.invoke.DirectMethodHandle$Holder.newInvokeSpecial(java.lang.Object, java.lang.Object, long)'> (0x00000007119e3c28) 
thrown [s\open\src\hotspot\share\interpreter\linkResolver.cpp, line 759]
Event: 0.507 Thread 0x000001fa789b7730 Exception <a 'java/lang/NoSuchMethodError'{0x00000007119e7798}: 'java.lang.Object java.lang.invoke.Invokers$Holder.linkToTargetMethod(java.lang.Object, long, java.lang.Object)'> (0x00000007119e7798) 
thrown [s\open\src\hotspot\share\interpreter\linkResolver.cpp, line 759]
Event: 0.511 Thread 0x000001fa789b7730 Exception <a 'java/lang/NoSuchMethodError'{0x00000007116543b8}: 'void java.lang.invoke.DirectMethodHandle$Holder.invokeVirtual(java.lang.Object, java.lang.Object, java.lang.Object, java.lang.Object)'> (0x00000007116543b8) 
thrown [s\open\src\hotspot\share\interpreter\linkResolver.cpp, line 759]
Event: 0.540 Thread 0x000001fa789b7730 Exception <a 'java/lang/NoSuchMethodError'{0x0000000711273520}: 'void java.lang.invoke.DirectMethodHandle$Holder.invokeSpecial(java.lang.Object, java.lang.Object, java.lang.Object)'> (0x0000000711273520) 
thrown [s\open\src\hotspot\share\interpreter\linkResolver.cpp, line 759]
Event: 0.543 Thread 0x000001fa789b7730 Exception <a 'java/lang/IncompatibleClassChangeError'{0x00000007112f52f8}: Found class java.lang.Object, but interface was expected> (0x00000007112f52f8) 
thrown [s\open\src\hotspot\share\interpreter\linkResolver.cpp, line 826]
Event: 0.543 Thread 0x000001fa7d1e2e60 Exception <a 'java/lang/NoClassDefFoundError'{0x00000007112d5050}: jakarta/validation/Validation> (0x00000007112d5050) 
thrown [s\open\src\hotspot\share\classfile\systemDictionary.cpp, line 245]

VM Operations (20 events):
Event: 0.181 Executing VM operation: HandshakeAllThreads
Event: 0.181 Executing VM operation: HandshakeAllThreads done
Event: 0.212 Executing VM operation: HandshakeAllThreads
Event: 0.212 Executing VM operation: HandshakeAllThreads done
Event: 0.229 Executing VM operation: HandshakeAllThreads
Event: 0.229 Executing VM operation: HandshakeAllThreads done
Event: 0.231 Executing VM operation: HandshakeAllThreads
Event: 0.231 Executing VM operation: HandshakeAllThreads done
Event: 0.279 Executing VM operation: G1CollectForAllocation
Event: 0.283 Executing VM operation: G1CollectForAllocation done
Event: 0.370 Executing VM operation: HandshakeAllThreads
Event: 0.370 Executing VM operation: HandshakeAllThreads done
Event: 0.424 Executing VM operation: G1CollectForAllocation
Event: 0.426 Executing VM operation: G1CollectForAllocation done
Event: 0.522 Executing VM operation: HandshakeAllThreads
Event: 0.522 Executing VM operation: HandshakeAllThreads done
Event: 0.523 Executing VM operation: HandshakeAllThreads
Event: 0.523 Executing VM operation: HandshakeAllThreads done
Event: 0.539 Executing VM operation: ICBufferFull
Event: 0.539 Executing VM operation: ICBufferFull done

Events (20 events):
Event: 0.565 loading class jdk/xml/internal/JdkProperty$State
Event: 0.565 loading class jdk/xml/internal/JdkProperty$State done
Event: 0.565 loading class com/sun/org/apache/xalan/internal/utils/XMLSecurityPropertyManager
Event: 0.565 loading class com/sun/org/apache/xalan/internal/utils/FeaturePropertyBase
Event: 0.566 loading class com/sun/org/apache/xalan/internal/utils/FeaturePropertyBase done
Event: 0.566 loading class com/sun/org/apache/xalan/internal/utils/XMLSecurityPropertyManager done
Event: 0.566 loading class com/sun/org/apache/xalan/internal/utils/FeaturePropertyBase$State
Event: 0.566 loading class com/sun/org/apache/xalan/internal/utils/FeaturePropertyBase$State done
Event: 0.566 loading class com/sun/org/apache/xalan/internal/utils/XMLSecurityPropertyManager$Property
Event: 0.566 loading class com/sun/org/apache/xalan/internal/utils/XMLSecurityPropertyManager$Property done
Event: 0.566 loading class jdk/xml/internal/XMLSecurityManager
Event: 0.566 loading class jdk/xml/internal/XMLSecurityManager done
Event: 0.566 loading class jdk/xml/internal/XMLSecurityManager$Limit
Event: 0.566 loading class jdk/xml/internal/XMLSecurityManager$Limit done
Event: 0.566 loading class jdk/xml/internal/XMLSecurityManager$Processor
Event: 0.566 loading class jdk/xml/internal/XMLSecurityManager$Processor done
Event: 0.566 loading class jdk/xml/internal/XMLSecurityManager$NameMap
Event: 0.566 loading class jdk/xml/internal/XMLSecurityManager$NameMap done
Event: 0.566 loading class jdk/xml/internal/JdkProperty
Event: 0.566 loading class jdk/xml/internal/JdkProperty done


Dynamic libraries:
0x00007ff722640000 - 0x00007ff722650000 	C:\Program Files\Java\jdk-17\bin\java.exe
0x00007ffd03230000 - 0x00007ffd03428000 	C:\Windows\SYSTEM32\ntdll.dll
0x00007ffd02eb0000 - 0x00007ffd02f6d000 	C:\Windows\System32\KERNEL32.DLL
0x00007ffd00ac0000 - 0x00007ffd00db6000 	C:\Windows\System32\KERNELBASE.dll
0x00007ffd00990000 - 0x00007ffd00a90000 	C:\Windows\System32\ucrtbase.dll
0x00007ffce0290000 - 0x00007ffce02ab000 	C:\Program Files\Java\jdk-17\bin\VCRUNTIME140.dll
0x00007ffce0420000 - 0x00007ffce0439000 	C:\Program Files\Java\jdk-17\bin\jli.dll
0x00007ffd01a10000 - 0x00007ffd01ac0000 	C:\Windows\System32\ADVAPI32.dll
0x00007ffd02cb0000 - 0x00007ffd02d4e000 	C:\Windows\System32\msvcrt.dll
0x00007ffd03030000 - 0x00007ffd030d0000 	C:\Windows\System32\sechost.dll
0x00007ffd01ac0000 - 0x00007ffd01be5000 	C:\Windows\System32\RPCRT4.dll
0x00007ffd00a90000 - 0x00007ffd00ab7000 	C:\Windows\System32\bcrypt.dll
0x00007ffd028d0000 - 0x00007ffd02a6e000 	C:\Windows\System32\USER32.dll
0x00007ffd01030000 - 0x00007ffd01052000 	C:\Windows\System32\win32u.dll
0x00007ffcf5790000 - 0x00007ffcf5a2a000 	C:\Windows\WinSxS\amd64_microsoft.windows.common-controls_6595b64144ccf1df_6.0.19041.3636_none_60b6a03d71f818d5\COMCTL32.dll
0x00007ffd012c0000 - 0x00007ffd012eb000 	C:\Windows\System32\GDI32.dll
0x00007ffd00e10000 - 0x00007ffd00f27000 	C:\Windows\System32\gdi32full.dll
0x00007ffd011c0000 - 0x00007ffd0125d000 	C:\Windows\System32\msvcp_win.dll
0x00007ffcfb440000 - 0x00007ffcfb44a000 	C:\Windows\SYSTEM32\VERSION.dll
0x00007ffd01560000 - 0x00007ffd01592000 	C:\Windows\System32\IMM32.DLL
0x00007ffcfd580000 - 0x00007ffcfd58c000 	C:\Program Files\Java\jdk-17\bin\vcruntime140_1.dll
0x00007ffccfb90000 - 0x00007ffccfc1e000 	C:\Program Files\Java\jdk-17\bin\msvcp140.dll
0x00007ffc7bff0000 - 0x00007ffc7cbd1000 	C:\Program Files\Java\jdk-17\bin\server\jvm.dll
0x00007ffd02ca0000 - 0x00007ffd02ca8000 	C:\Windows\System32\PSAPI.DLL
0x00007ffcf6930000 - 0x00007ffcf6957000 	C:\Windows\SYSTEM32\WINMM.dll
0x00007ffce94d0000 - 0x00007ffce94d9000 	C:\Windows\SYSTEM32\WSOCK32.dll
0x00007ffd02ba0000 - 0x00007ffd02c0b000 	C:\Windows\System32\WS2_32.dll
0x00007ffcfe7b0000 - 0x00007ffcfe7c2000 	C:\Windows\SYSTEM32\kernel.appcore.dll
0x00007ffcfc0b0000 - 0x00007ffcfc0ba000 	C:\Program Files\Java\jdk-17\bin\jimage.dll
0x00007ffcf5ff0000 - 0x00007ffcf61d4000 	C:\Windows\SYSTEM32\DBGHELP.DLL
0x00007ffcf1aa0000 - 0x00007ffcf1ad4000 	C:\Windows\SYSTEM32\dbgcore.DLL
0x00007ffd00f30000 - 0x00007ffd00fb2000 	C:\Windows\System32\bcryptPrimitives.dll
0x00007ffcf3e50000 - 0x00007ffcf3e5e000 	C:\Program Files\Java\jdk-17\bin\instrument.dll
0x00007ffcdecf0000 - 0x00007ffcded15000 	C:\Program Files\Java\jdk-17\bin\java.dll
0x00007ffccb780000 - 0x00007ffccb857000 	C:\Program Files\Java\jdk-17\bin\jsvml.dll
0x00007ffd02000000 - 0x00007ffd0276b000 	C:\Windows\System32\SHELL32.dll
0x00007ffcfe9b0000 - 0x00007ffcff14e000 	C:\Windows\SYSTEM32\windows.storage.dll
0x00007ffd01bf0000 - 0x00007ffd01f43000 	C:\Windows\System32\combase.dll
0x00007ffd00310000 - 0x00007ffd0033e000 	C:\Windows\SYSTEM32\Wldp.dll
0x00007ffd02d50000 - 0x00007ffd02e1d000 	C:\Windows\System32\OLEAUT32.dll
0x00007ffd01f50000 - 0x00007ffd01ffd000 	C:\Windows\System32\SHCORE.dll
0x00007ffd02f70000 - 0x00007ffd02fc5000 	C:\Windows\System32\shlwapi.dll
0x00007ffd00810000 - 0x00007ffd00835000 	C:\Windows\SYSTEM32\profapi.dll
0x00007ffcd7c20000 - 0x00007ffcd7c38000 	C:\Program Files\Java\jdk-17\bin\zip.dll
0x00007ffcde690000 - 0x00007ffcde6a9000 	C:\Program Files\Java\jdk-17\bin\net.dll
0x00007ffcfab80000 - 0x00007ffcfac8a000 	C:\Windows\SYSTEM32\WINHTTP.dll
0x00007ffd00070000 - 0x00007ffd000da000 	C:\Windows\system32\mswsock.dll
0x00007ffcdbce0000 - 0x00007ffcdbcf6000 	C:\Program Files\Java\jdk-17\bin\nio.dll
0x00007ffcfa430000 - 0x00007ffcfa44a000 	C:\Program Files\JetBrains\IntelliJ IDEA 2023.3.4\bin\breakgen64.dll
0x00007ffcffd50000 - 0x00007ffcffe1b000 	C:\Windows\SYSTEM32\DNSAPI.dll
0x00007ffcffd10000 - 0x00007ffcffd4b000 	C:\Windows\SYSTEM32\IPHLPAPI.DLL
0x00007ffd01550000 - 0x00007ffd01558000 	C:\Windows\System32\NSI.dll
0x00007ffcfa720000 - 0x00007ffcfa72a000 	C:\Windows\System32\rasadhlp.dll
0x00007ffcf9010000 - 0x00007ffcf9090000 	C:\Windows\System32\fwpuclnt.dll
0x00007ffcf3e20000 - 0x00007ffcf3e2a000 	C:\Program Files\Java\jdk-17\bin\management.dll
0x00007ffcddb90000 - 0x00007ffcddb9b000 	C:\Program Files\Java\jdk-17\bin\management_ext.dll
0x00007ffd00270000 - 0x00007ffd00288000 	C:\Windows\SYSTEM32\CRYPTSP.dll
0x00007ffcff930000 - 0x00007ffcff964000 	C:\Windows\system32\rsaenh.dll
0x00007ffd007d0000 - 0x00007ffd007fe000 	C:\Windows\SYSTEM32\USERENV.dll
0x00007ffd00260000 - 0x00007ffd0026c000 	C:\Windows\SYSTEM32\CRYPTBASE.dll
0x00007ffcfb760000 - 0x00007ffcfb777000 	C:\Windows\SYSTEM32\dhcpcsvc6.DLL
0x00007ffcfb7f0000 - 0x00007ffcfb80d000 	C:\Windows\SYSTEM32\dhcpcsvc.DLL
0x00007ffcdfc20000 - 0x00007ffcdfc37000 	C:\Windows\system32\napinsp.dll
0x00007ffcdfb80000 - 0x00007ffcdfb9b000 	C:\Windows\system32\pnrpnsp.dll
0x00007ffcdfb20000 - 0x00007ffcdfb35000 	C:\Windows\system32\wshbth.dll
0x00007ffcfd1a0000 - 0x00007ffcfd1bd000 	C:\Windows\system32\NLAapi.dll
0x00007ffcdfb00000 - 0x00007ffcdfb12000 	C:\Windows\System32\winrnr.dll

dbghelp: loaded successfully - version: 4.0.5 - missing functions: none
symbol engine: initialized successfully - sym options: 0x614 - pdb path: .;C:\Program Files\Java\jdk-17\bin;C:\Windows\SYSTEM32;C:\Windows\WinSxS\amd64_microsoft.windows.common-controls_6595b64144ccf1df_6.0.19041.3636_none_60b6a03d71f818d5;C:\Program Files\Java\jdk-17\bin\server;C:\Program Files\JetBrains\IntelliJ IDEA 2023.3.4\bin

VM Arguments:
jvm_args: -XX:TieredStopAtLevel=1 -Dspring.output.ansi.enabled=always -Dcom.sun.management.jmxremote -Dspring.jmx.enabled=true -Dspring.liveBeansView.mbeanDomain -Dspring.application.admin.enabled=true -Dmanagement.endpoints.jmx.exposure.include=* -javaagent:C:\Program Files\JetBrains\IntelliJ IDEA 2023.3.4\lib\idea_rt.jar=50031:C:\Program Files\JetBrains\IntelliJ IDEA 2023.3.4\bin -Dfile.encoding=UTF-8 
java_command: kr.co.sboard.SboardApplication
java_class_path (initial): C:\Users\java\Desktop\Workspace\Spring\sboard\build\classes\java\main;C:\Users\java\Desktop\Workspace\Spring\sboard\build\resources\main;C:\Users\java\.gradle\caches\modules-2\files-2.1\org.springframework.boot\spring-boot-configuration-processor\3.2.3\ddfb951196f104bf6c5d2f2b4bd86108ff81abcd\spring-boot-configuration-processor-3.2.3.jar;C:\Users\java\.gradle\caches\modules-2\files-2.1\org.projectlombok\lombok\1.18.30\f195ee86e6c896ea47a1d39defbe20eb59cd149d\lombok-1.18.30.jar;C:\Users\java\.gradle\caches\modules-2\files-2.1\com.querydsl\querydsl-apt\5.1.0\3b1cbe05851840b5dc926833908747a193c097cc\querydsl-apt-5.1.0-jakarta.jar;C:\Users\java\.gradle\caches\modules-2\files-2.1\org.springframework.boot\spring-boot-starter-data-jpa\3.2.3\1fd0770b23c57627e5a37726fb4060f5bfa4da6f\spring-boot-starter-data-jpa-3.2.3.jar;C:\Users\java\.gradle\caches\modules-2\files-2.1\org.springframework.boot\spring-boot-starter-security\3.2.3\f6353a8e62be7372b3968ab71e613b5188d55c3b\spring-boot-starter-security-3.2.3.jar;C:\Users\java\.gradle\caches\modules-2\files-2.1\org.springframework.boot\spring-boot-starter-thymeleaf\3.2.3\dbb434ce42b99f0685963d0a5824cd8f3835a1ac\spring-boot-starter-thymeleaf-3.2.3.jar;C:\Users\java\.gradle\caches\modules-2\files-2.1\org.springframework.boot\spring-boot-starter-web\3.2.3\bf2b775d4f4e6349129c64de30939a5493779706\spring-boot-starter-web-3.2.3.jar;C:\Users\java\.gradle\caches\modules-2\files-2.1\org.mybatis.spring.boot\mybatis-spring-boot-starter\3.0.3\19528356bf8bad2be5f8bf796dfc30bcc4996054\mybatis-spring-boot-starter-3.0.3.jar;C:\Users\java\.gradle\caches\modules-2\files-2.1\org.springframework.boot\spring-boot-starter-oauth2-client\3.2.3\870f5a2f66abb297d1685c32c778cc2d61540964\spring-boot-starter-oauth2-client-3.2.3.jar;C:\Users\java\.gradle\caches\modules-2\files-2.1\org.springframework.boot\spring-boot-starter-mail\3.2.3\f9094ea136cd4f67bdf14600049b972607fec465\spring-boot-starter-mail-3.2.3.jar;C:\Users\java\.gradle\
Launcher Type: SUN_STANDARD

[Global flags]
     intx CICompilerCount                          = 12                                        {product} {ergonomic}
     uint ConcGCThreads                            = 4                                         {product} {ergonomic}
     uint G1ConcRefinementThreads                  = 15                                        {product} {ergonomic}
   size_t G1HeapRegionSize                         = 2097152                                   {product} {ergonomic}
    uintx GCDrainStackTargetSize                   = 64                                        {product} {ergonomic}
   size_t InitialHeapSize                          = 266338304                                 {product} {ergonomic}
     bool ManagementServer                         = true                                      {product} {command line}
   size_t MarkStackSize                            = 4194304                                   {product} {ergonomic}
   size_t MaxHeapSize                              = 4257218560                                {product} {ergonomic}
   size_t MaxNewSize                               = 2554331136                                {product} {ergonomic}
   size_t MinHeapDeltaBytes                        = 2097152                                   {product} {ergonomic}
   size_t MinHeapSize                              = 8388608                                   {product} {ergonomic}
    uintx NonProfiledCodeHeapSize                  = 0                                      {pd product} {ergonomic}
     bool ProfileInterpreter                       = false                                  {pd product} {command line}
    uintx ProfiledCodeHeapSize                     = 0                                      {pd product} {ergonomic}
   size_t SoftMaxHeapSize                          = 4257218560                             {manageable} {ergonomic}
     intx TieredStopAtLevel                        = 1                                         {product} {command line}
     bool UseCompressedClassPointers               = true                           {product lp64_product} {ergonomic}
     bool UseCompressedOops                        = true                           {product lp64_product} {ergonomic}
     bool UseG1GC                                  = true                                      {product} {ergonomic}
     bool UseLargePagesIndividualAllocation        = false                                  {pd product} {ergonomic}

Logging:
Log output configuration:
 #0: stdout all=warning uptime,level,tags
 #1: stderr all=off uptime,level,tags

Environment Variables:
PATH=C:\WINDOWS.X64_193000_db_home\bin;C:\Program Files (x86)\VMware\VMware Player\bin\;C:\Program Files\Common Files\Oracle\Java\javapath;C:\Program Files (x86)\Common Files\Intel\Shared Libraries\redist\intel64\compiler;C:\Windows\system32;C:\Windows;C:\Windows\System32\Wbem;C:\Windows\System32\WindowsPowerShell\v1.0\;C:\Windows\System32\OpenSSH\;C:\Program Files (x86)\Common Files\Acronis\VirtualFile\;C:\Program Files (x86)\Common Files\Acronis\VirtualFile64\;C:\Program Files (x86)\Common Files\Acronis\SnapAPI\;C:\Program Files\Git\cmd;C:\Program Files\MySQL\MySQL Server 8.0\bin;C:\Program Files\Bandizip\;C:\Program Files\PuTTY\;C:\Program Files\MySQL\MySQL Shell 8.0\bin\;C:\Users\java\AppData\Local\Microsoft\WindowsApps;;C:\Users\java\AppData\Local\Programs\Microsoft VS Code\bin;C:\Program Files\JetBrains\IntelliJ IDEA 2023.3.4\bin;
USERNAME=java
OS=Windows_NT
PROCESSOR_IDENTIFIER=Intel64 Family 6 Model 151 Stepping 2, GenuineIntel



---------------  S Y S T E M  ---------------

OS:
 Windows 10 , 64 bit Build 19041 (10.0.19041.3636)
OS uptime: 0 days 7:57 hours

CPU: total 20 (initial active 20) (10 cores per cpu, 2 threads per core) family 6 model 151 stepping 2 microcode 0x2d, cx8, cmov, fxsr, ht, mmx, 3dnowpref, sse, sse2, sse3, ssse3, sse4.1, sse4.2, popcnt, lzcnt, tsc, tscinvbit, avx, avx2, aes, erms, clmul, bmi1, bmi2, adx, sha, fma, vzeroupper, clflush, clflushopt, clwb

Memory: 4k page, system-wide physical 16234M (2345M free)
TotalPageFile size 18282M (AvailPageFile size 10M)
current process WorkingSet (physical memory assigned to process): 97M, peak: 97M
current process commit charge ("private bytes"): 382M, peak: 382M

vm_info: Java HotSpot(TM) 64-Bit Server VM (17.0.9+11-LTS-201) for windows-amd64 JRE (17.0.9+11-LTS-201), built on Oct 10 2023 23:16:06 by "mach5one" with MS VC++ 17.1 (VS2022)

END.
