#
# There is insufficient memory for the Java Runtime Environment to continue.
# Native memory allocation (mmap) failed to map 266338304 bytes for G1 virtual space
# Possible reasons:
#   The system is out of physical RAM or swap space
#   The process is running with CompressedOops enabled, and the Java Heap may be blocking the growth of the native heap
# Possible solutions:
#   Reduce memory load on the system
#   Increase physical memory or swap space
#   Check if swap backing store is full
#   Decrease Java heap size (-Xmx/-Xms)
#   Decrease number of Java threads
#   Decrease Java thread stack sizes (-Xss)
#   Set larger code cache with -XX:ReservedCodeCacheSize=
#   JVM is running with Unscaled Compressed Oops mode in which the Java heap is
#     placed in the first 4GB address space. The Java Heap base address is the
#     maximum limit for the native heap growth. Please use -XX:HeapBaseMinAddress
#     to set the Java Heap base and to place the Java Heap above 4GB virtual address.
# This output file may be truncated or incomplete.
#
#  Out of Memory Error (os_windows.cpp:3552), pid=4668, tid=9712
#
# JRE version:  (17.0.9+11) (build )
# Java VM: Java HotSpot(TM) 64-Bit Server VM (17.0.9+11-LTS-201, mixed mode, sharing, tiered, compressed oops, compressed class ptrs, g1 gc, windows-amd64)
# No core dump will be written. Minidumps are not enabled by default on client versions of Windows
#

---------------  S U M M A R Y ------------

Command Line: -Dorg.gradle.internal.worker.tmpdir=C:\Users\java\Desktop\Workspace\Spring\sboard\build\tmp\test\work -Dorg.gradle.native=false -Xmx512m -Dfile.encoding=x-windows-949 -Duser.country=KR -Duser.language=ko -Duser.variant -ea worker.org.gradle.process.internal.worker.GradleWorkerMain 'Gradle Test Executor 2'

Host: 12th Gen Intel(R) Core(TM) i7-12700F, 20 cores, 15G,  Windows 10 , 64 bit Build 19041 (10.0.19041.3636)
Time: Wed Mar 27 17:08:33 2024  Windows 10 , 64 bit Build 19041 (10.0.19041.3636) elapsed time: 0.003504 seconds (0d 0h 0m 0s)

---------------  T H R E A D  ---------------

Current thread (0x00000195604244c0):  JavaThread "Unknown thread" [_thread_in_vm, id=9712, stack(0x0000008785600000,0x0000008785700000)]

Stack: [0x0000008785600000,0x0000008785700000]
Native frames: (J=compiled Java code, j=interpreted, Vv=VM code, C=native code)
V  [jvm.dll+0x678a4a]
V  [jvm.dll+0x7d9cfd]
V  [jvm.dll+0x7db60e]
V  [jvm.dll+0x7dbc73]
V  [jvm.dll+0x245e1f]
V  [jvm.dll+0x6758f9]
V  [jvm.dll+0x66a2a2]
V  [jvm.dll+0x303686]
V  [jvm.dll+0x30ac06]
V  [jvm.dll+0x35a48e]
V  [jvm.dll+0x35a6bf]
V  [jvm.dll+0x2da678]
V  [jvm.dll+0x2db5e4]
V  [jvm.dll+0x7ab6b1]
V  [jvm.dll+0x368041]
V  [jvm.dll+0x78a749]
V  [jvm.dll+0x3ebd4f]
V  [jvm.dll+0x3ed7d1]
C  [jli.dll+0x5297]
C  [ucrtbase.dll+0x21bb2]
C  [KERNEL32.DLL+0x17344]
C  [ntdll.dll+0x526b1]


---------------  P R O C E S S  ---------------

Threads class SMR info:
_java_thread_list=0x00007ff8dbd589d8, length=0, elements={
}

Java Threads: ( => current thread )

Other Threads:
  0x0000019560453740 GCTaskThread "GC Thread#0" [stack: 0x0000008785700000,0x0000008785800000] [id=13472]
  0x00000195604595b0 ConcurrentGCThread "G1 Main Marker" [stack: 0x0000008785800000,0x0000008785900000] [id=6076]
  0x000001956045a670 ConcurrentGCThread "G1 Conc#0" [stack: 0x0000008785900000,0x0000008785a00000] [id=13528]

[error occurred during error reporting (printing all threads), id 0xc0000005, EXCEPTION_ACCESS_VIOLATION (0xc0000005) at pc=0x00007ff8db58b2d7]

VM state: not at safepoint (not fully initialized)

VM Mutex/Monitor currently owned by a thread:  ([mutex/lock_event])
[0x000001956041f9c0] Heap_lock - owner thread: 0x00000195604244c0

Heap address: 0x00000000e0000000, size: 512 MB, Compressed Oops mode: 32-bit

CDS archive(s) mapped at: [0x0000000000000000-0x0000000000000000-0x0000000000000000), size 0, SharedBaseAddress: 0x0000000800000000, ArchiveRelocationMode: 1.
Narrow klass base: 0x0000000000000000, Narrow klass shift: 0, Narrow klass range: 0x0

GC Precious Log:
<Empty>

Heap:
 garbage-first heap   total 0K, used 0K [0x00000000e0000000, 0x0000000100000000)
  region size 1024K, 0 young (0K), 0 survivors (0K)

[error occurred during error reporting (printing heap information), id 0xc0000005, EXCEPTION_ACCESS_VIOLATION (0xc0000005) at pc=0x00007ff8db972229]

GC Heap History (0 events):
No events

Deoptimization events (0 events):
No events

Classes unloaded (0 events):
No events

Classes redefined (0 events):
No events

Internal exceptions (0 events):
No events

VM Operations (0 events):
No events

Events (1 events):
Event: 0.002 Loaded shared library C:\Program Files\Java\jdk-17\bin\java.dll


Dynamic libraries:
0x00007ff7cd430000 - 0x00007ff7cd440000 	C:\Program Files\Java\jdk-17\bin\java.exe
0x00007ff941d70000 - 0x00007ff941f68000 	C:\Windows\SYSTEM32\ntdll.dll
0x00007ff941b40000 - 0x00007ff941bfd000 	C:\Windows\System32\KERNEL32.DLL
0x00007ff93f6a0000 - 0x00007ff93f996000 	C:\Windows\System32\KERNELBASE.dll
0x00007ff93f4e0000 - 0x00007ff93f5e0000 	C:\Windows\System32\ucrtbase.dll
0x00007ff91f580000 - 0x00007ff91f599000 	C:\Program Files\Java\jdk-17\bin\jli.dll
0x00007ff91f460000 - 0x00007ff91f47b000 	C:\Program Files\Java\jdk-17\bin\VCRUNTIME140.dll
0x00007ff941740000 - 0x00007ff9417f0000 	C:\Windows\System32\ADVAPI32.dll
0x00007ff9419e0000 - 0x00007ff941a7e000 	C:\Windows\System32\msvcrt.dll
0x00007ff941560000 - 0x00007ff941600000 	C:\Windows\System32\sechost.dll
0x00007ff941c00000 - 0x00007ff941d25000 	C:\Windows\System32\RPCRT4.dll
0x00007ff93fcc0000 - 0x00007ff93fce7000 	C:\Windows\System32\bcrypt.dll
0x00007ff940370000 - 0x00007ff94050e000 	C:\Windows\System32\USER32.dll
0x00007ff93f670000 - 0x00007ff93f692000 	C:\Windows\System32\win32u.dll
0x00007ff933a80000 - 0x00007ff933d1a000 	C:\Windows\WinSxS\amd64_microsoft.windows.common-controls_6595b64144ccf1df_6.0.19041.3636_none_60b6a03d71f818d5\COMCTL32.dll
0x00007ff940510000 - 0x00007ff94053b000 	C:\Windows\System32\GDI32.dll
0x00007ff93f9a0000 - 0x00007ff93fab7000 	C:\Windows\System32\gdi32full.dll
0x00007ff93fc20000 - 0x00007ff93fcbd000 	C:\Windows\System32\msvcp_win.dll
0x00007ff93a120000 - 0x00007ff93a12a000 	C:\Windows\SYSTEM32\VERSION.dll
0x00007ff9417f0000 - 0x00007ff941822000 	C:\Windows\System32\IMM32.DLL
0x00007ff9346c0000 - 0x00007ff9346cc000 	C:\Program Files\Java\jdk-17\bin\vcruntime140_1.dll
0x00007ff91cd30000 - 0x00007ff91cdbe000 	C:\Program Files\Java\jdk-17\bin\msvcp140.dll
0x00007ff8db2a0000 - 0x00007ff8dbe81000 	C:\Program Files\Java\jdk-17\bin\server\jvm.dll
0x00007ff941a80000 - 0x00007ff941a88000 	C:\Windows\System32\PSAPI.DLL
0x00007ff935270000 - 0x00007ff935297000 	C:\Windows\SYSTEM32\WINMM.dll
0x00007ff928420000 - 0x00007ff928429000 	C:\Windows\SYSTEM32\WSOCK32.dll
0x00007ff940540000 - 0x00007ff9405ab000 	C:\Windows\System32\WS2_32.dll
0x00007ff93d2f0000 - 0x00007ff93d302000 	C:\Windows\SYSTEM32\kernel.appcore.dll
0x00007ff928710000 - 0x00007ff92871a000 	C:\Program Files\Java\jdk-17\bin\jimage.dll
0x00007ff934930000 - 0x00007ff934b14000 	C:\Windows\SYSTEM32\DBGHELP.DLL
0x00007ff929110000 - 0x00007ff929144000 	C:\Windows\SYSTEM32\dbgcore.DLL
0x00007ff93f5e0000 - 0x00007ff93f662000 	C:\Windows\System32\bcryptPrimitives.dll
0x00007ff91f430000 - 0x00007ff91f455000 	C:\Program Files\Java\jdk-17\bin\java.dll

dbghelp: loaded successfully - version: 4.0.5 - missing functions: none
symbol engine: initialized successfully - sym options: 0x614 - pdb path: .;C:\Program Files\Java\jdk-17\bin;C:\Windows\SYSTEM32;C:\Windows\WinSxS\amd64_microsoft.windows.common-controls_6595b64144ccf1df_6.0.19041.3636_none_60b6a03d71f818d5;C:\Program Files\Java\jdk-17\bin\server

VM Arguments:
jvm_args: -Dorg.gradle.internal.worker.tmpdir=C:\Users\java\Desktop\Workspace\Spring\sboard\build\tmp\test\work -Dorg.gradle.native=false -Xmx512m -Dfile.encoding=x-windows-949 -Duser.country=KR -Duser.language=ko -Duser.variant -ea 
java_command: worker.org.gradle.process.internal.worker.GradleWorkerMain 'Gradle Test Executor 2'
java_class_path (initial): C:\\Users\\java\\.gradle\\caches\\8.6\\workerMain\\gradle-worker.jar;C:\\Users\\java\\Desktop\\Workspace\\Spring\\sboard\\build\\classes\\java\\test;C:\\Users\\java\\Desktop\\Workspace\\Spring\\sboard\\build\\classes\\java\\main;C:\\Users\\java\\Desktop\\Workspace\\Spring\\sboard\\build\\resources\\main;C:\\Users\\java\\.gradle\\caches\\modules-2\\files-2.1\\org.springframework.boot\\spring-boot-starter-data-jpa\\3.2.3\\1fd0770b23c57627e5a37726fb4060f5bfa4da6f\\spring-boot-starter-data-jpa-3.2.3.jar;C:\\Users\\java\\.gradle\\caches\\modules-2\\files-2.1\\org.springframework.boot\\spring-boot-starter-security\\3.2.3\\f6353a8e62be7372b3968ab71e613b5188d55c3b\\spring-boot-starter-security-3.2.3.jar;C:\\Users\\java\\.gradle\\caches\\modules-2\\files-2.1\\org.springframework.boot\\spring-boot-starter-thymeleaf\\3.2.3\\dbb434ce42b99f0685963d0a5824cd8f3835a1ac\\spring-boot-starter-thymeleaf-3.2.3.jar;C:\\Users\\java\\.gradle\\caches\\modules-2\\files-2.1\\org.springframework.boot\\spring-boot-starter-web\\3.2.3\\bf2b775d4f4e6349129c64de30939a5493779706\\spring-boot-starter-web-3.2.3.jar;C:\\Users\\java\\.gradle\\caches\\modules-2\\files-2.1\\org.mybatis.spring.boot\\mybatis-spring-boot-starter\\3.0.3\\19528356bf8bad2be5f8bf796dfc30bcc4996054\\mybatis-spring-boot-starter-3.0.3.jar;C:\\Users\\java\\.gradle\\caches\\modules-2\\files-2.1\\org.thymeleaf.extras\\thymeleaf-extras-springsecurity6\\3.1.2.RELEASE\\574c188eb147191e2f162419e9fc780fcf3256d7\\thymeleaf-extras-springsecurity6-3.1.2.RELEASE.jar;C:\\Users\\java\\.gradle\\caches\\modules-2\\files-2.1\\nz.net.ultraq.thymeleaf\\thymeleaf-layout-dialect\\3.3.0\\275da01788302e514c0549a4db5fa6b29ef84ba6\\thymeleaf-layout-dialect-3.3.0.jar;C:\\Users\\java\\.gradle\\caches\\modules-2\\files-2.1\\org.springframework.boot\\spring-boot-starter-mail\\3.2.3\\f9094ea136cd4f67bdf14600049b972607fec465\\spring-boot-starter-mail-3.2.3.jar;C:\\Users\\java\\.gradle\\caches\\modules-2\\files-2.1\\org.modelmapper\\m
Launcher Type: SUN_STANDARD

[Global flags]
     intx CICompilerCount                          = 12                                        {product} {ergonomic}
     uint ConcGCThreads                            = 4                                         {product} {ergonomic}
     uint G1ConcRefinementThreads                  = 15                                        {product} {ergonomic}
   size_t G1HeapRegionSize                         = 1048576                                   {product} {ergonomic}
    uintx GCDrainStackTargetSize                   = 64                                        {product} {ergonomic}
   size_t InitialHeapSize                          = 266338304                                 {product} {ergonomic}
   size_t MarkStackSize                            = 4194304                                   {product} {ergonomic}
   size_t MaxHeapSize                              = 536870912                                 {product} {command line}
   size_t MinHeapDeltaBytes                        = 1048576                                   {product} {ergonomic}
   size_t MinHeapSize                              = 8388608                                   {product} {ergonomic}
    uintx NonNMethodCodeHeapSize                   = 7602480                                {pd product} {ergonomic}
    uintx NonProfiledCodeHeapSize                  = 122027880                              {pd product} {ergonomic}
    uintx ProfiledCodeHeapSize                     = 122027880                              {pd product} {ergonomic}
    uintx ReservedCodeCacheSize                    = 251658240                              {pd product} {ergonomic}
     bool SegmentedCodeCache                       = true                                      {product} {ergonomic}
   size_t SoftMaxHeapSize                          = 536870912                              {manageable} {ergonomic}
     bool UseCompressedClassPointers               = true                           {product lp64_product} {ergonomic}
     bool UseCompressedOops                        = true                           {product lp64_product} {ergonomic}
     bool UseG1GC                                  = true                                      {product} {ergonomic}
     bool UseLargePagesIndividualAllocation        = false                                  {pd product} {ergonomic}

Logging:
Log output configuration:
 #0: stdout all=warning uptime,level,tags
 #1: stderr all=off uptime,level,tags

Environment Variables:
PATH=C:\WINDOWS.X64_193000_db_home\bin;C:\Program Files (x86)\VMware\VMware Player\bin\;C:\Program Files\Common Files\Oracle\Java\javapath;C:\Program Files (x86)\Common Files\Intel\Shared Libraries\redist\intel64\compiler;C:\Windows\system32;C:\Windows;C:\Windows\System32\Wbem;C:\Windows\System32\WindowsPowerShell\v1.0\;C:\Windows\System32\OpenSSH\;C:\Program Files (x86)\Common Files\Acronis\VirtualFile\;C:\Program Files (x86)\Common Files\Acronis\VirtualFile64\;C:\Program Files (x86)\Common Files\Acronis\SnapAPI\;C:\Program Files\Git\cmd;C:\Program Files\MySQL\MySQL Server 8.0\bin;C:\Program Files\Bandizip\;C:\Program Files\PuTTY\;C:\Program Files\MySQL\MySQL Shell 8.0\bin\;C:\Users\java\AppData\Local\Microsoft\WindowsApps;;C:\Users\java\AppData\Local\Programs\Microsoft VS Code\bin;C:\Program Files\JetBrains\IntelliJ IDEA 2023.3.4\bin;
USERNAME=java
OS=Windows_NT
PROCESSOR_IDENTIFIER=Intel64 Family 6 Model 151 Stepping 2, GenuineIntel



---------------  S Y S T E M  ---------------

OS:
 Windows 10 , 64 bit Build 19041 (10.0.19041.3636)
OS uptime: 0 days 8:49 hours

CPU: total 20 (initial active 20) (10 cores per cpu, 2 threads per core) family 6 model 151 stepping 2 microcode 0x2d, cx8, cmov, fxsr, ht, mmx, 3dnowpref, sse, sse2, sse3, ssse3, sse4.1, sse4.2, popcnt, lzcnt, tsc, tscinvbit, avx, avx2, aes, erms, clmul, bmi1, bmi2, adx, sha, fma, vzeroupper, clflush, clflushopt, clwb

Memory: 4k page, system-wide physical 16234M (1625M free)
TotalPageFile size 18282M (AvailPageFile size 94M)
current process WorkingSet (physical memory assigned to process): 10M, peak: 10M
current process commit charge ("private bytes"): 74M, peak: 328M

vm_info: Java HotSpot(TM) 64-Bit Server VM (17.0.9+11-LTS-201) for windows-amd64 JRE (17.0.9+11-LTS-201), built on Oct 10 2023 23:16:06 by "mach5one" with MS VC++ 17.1 (VS2022)

END.
