#
# There is insufficient memory for the Java Runtime Environment to continue.
# Native memory allocation (malloc) failed to allocate 1760976 bytes for Chunk::new
# Possible reasons:
#   The system is out of physical RAM or swap space
#   The process is running with CompressedOops enabled, and the Java Heap may be blocking the growth of the native heap
# Possible solutions:
#   Reduce memory load on the system
#   Increase physical memory or swap space
#   Check if swap backing store is full
#   Decrease Java heap size (-Xmx/-Xms)
#   Decrease number of Java threads
#   Decrease Java thread stack sizes (-Xss)
#   Set larger code cache with -XX:ReservedCodeCacheSize=
#   JVM is running with Unscaled Compressed Oops mode in which the Java heap is
#     placed in the first 4GB address space. The Java Heap base address is the
#     maximum limit for the native heap growth. Please use -XX:HeapBaseMinAddress
#     to set the Java Heap base and to place the Java Heap above 4GB virtual address.
# This output file may be truncated or incomplete.
#
#  Out of Memory Error (arena.cpp:189), pid=3544, tid=5244
#
# JRE version: Java(TM) SE Runtime Environment (17.0.9+11) (build 17.0.9+11-LTS-201)
# Java VM: Java HotSpot(TM) 64-Bit Server VM (17.0.9+11-LTS-201, mixed mode, sharing, tiered, compressed oops, compressed class ptrs, g1 gc, windows-amd64)
# No core dump will be written. Minidumps are not enabled by default on client versions of Windows
#

---------------  S U M M A R Y ------------

Command Line: --add-opens=java.base/java.util=ALL-UNNAMED --add-opens=java.base/java.lang=ALL-UNNAMED --add-opens=java.base/java.lang.invoke=ALL-UNNAMED --add-opens=java.prefs/java.util.prefs=ALL-UNNAMED --add-opens=java.base/java.nio.charset=ALL-UNNAMED --add-opens=java.base/java.net=ALL-UNNAMED --add-opens=java.base/java.util.concurrent.atomic=ALL-UNNAMED -XX:MaxMetaspaceSize=384m -XX:+HeapDumpOnOutOfMemoryError -Xms256m -Xmx512m -Dfile.encoding=x-windows-949 -Duser.country=KR -Duser.language=ko -Duser.variant -javaagent:C:\Users\java\.gradle\wrapper\dists\gradle-8.6-bin\afr5mpiioh2wthjmwnkmdsd5w\gradle-8.6\lib\agents\gradle-instrumentation-agent-8.6.jar org.gradle.launcher.daemon.bootstrap.GradleDaemon 8.6

Host: 12th Gen Intel(R) Core(TM) i7-12700F, 20 cores, 15G,  Windows 10 , 64 bit Build 19041 (10.0.19041.3636)
Time: Wed Mar 27 12:16:54 2024  Windows 10 , 64 bit Build 19041 (10.0.19041.3636) elapsed time: 2870.991568 seconds (0d 0h 47m 50s)

---------------  T H R E A D  ---------------

Current thread (0x000001c2d3020b60):  JavaThread "C2 CompilerThread2" daemon [_thread_in_native, id=5244, stack(0x0000001461600000,0x0000001461700000)]


Current CompileTask:
C2:2870991 28097       4       java.lang.Class::getMethodsRecursive (99 bytes)

Stack: [0x0000001461600000,0x0000001461700000]
Native frames: (J=compiled Java code, j=interpreted, Vv=VM code, C=native code)
V  [jvm.dll+0x678a4a]
V  [jvm.dll+0x7d9cfd]
V  [jvm.dll+0x7db60e]
V  [jvm.dll+0x7dbc73]
V  [jvm.dll+0x245e1f]
V  [jvm.dll+0xaaafb]
V  [jvm.dll+0xab09c]
V  [jvm.dll+0x36232f]
V  [jvm.dll+0x32ca01]
V  [jvm.dll+0x32be9a]
V  [jvm.dll+0x21812f]
V  [jvm.dll+0x217561]
V  [jvm.dll+0x1a3bc0]
V  [jvm.dll+0x2272de]
V  [jvm.dll+0x22548b]
V  [jvm.dll+0x78f58c]
V  [jvm.dll+0x78998a]
V  [jvm.dll+0x677875]
C  [ucrtbase.dll+0x21bb2]
C  [KERNEL32.DLL+0x17344]
C  [ntdll.dll+0x526b1]


---------------  P R O C E S S  ---------------

Threads class SMR info:
_java_thread_list=0x000001c2d2e4ff40, length=67, elements={
0x000001c296946e10, 0x000001c2b2172b20, 0x000001c2b21738b0, 0x000001c2b21875c0,
0x000001c2b219c490, 0x000001c2b219fd80, 0x000001c2b21a0650, 0x000001c2b21a1300,
0x000001c2b21a1cc0, 0x000001c2b21a25d0, 0x000001c2b211c5e0, 0x000001c2b2367c90,
0x000001c2cddb6820, 0x000001c2ce0e72b0, 0x000001c2cdf9e830, 0x000001c2cdd99120,
0x000001c2cdd99b40, 0x000001c2cdd9c8d0, 0x000001c2cdd9cde0, 0x000001c2cdd9d2f0,
0x000001c2cdd99630, 0x000001c2cdd9d800, 0x000001c2cdda0590, 0x000001c2cdd0e5d0,
0x000001c2cdd136d0, 0x000001c2cdd11360, 0x000001c2cdd13be0, 0x000001c2cdd0dbb0,
0x000001c2cdd0eff0, 0x000001c2ce7b9e40, 0x000001c2ce4fac90, 0x000001c2ce4fa780,
0x000001c2d2682790, 0x000001c2d4305890, 0x000001c2d4305da0, 0x000001c2cdd127a0,
0x000001c2d4303520, 0x000001c2cc412040, 0x000001c2d341ffb0, 0x000001c2d34213f0,
0x000001c2d27d4c10, 0x000001c2d27d4700, 0x000001c2d27d37d0, 0x000001c2d27d3ce0,
0x000001c2d27d5120, 0x000001c2d3dd2690, 0x000001c2d3dd4a00, 0x000001c2d3dd3ad0,
0x000001c2cc412a60, 0x000001c2cc411620, 0x000001c2cc411110, 0x000001c2cc512c10,
0x000001c2cc5121f0, 0x000001c2cc513b40, 0x000001c2cc512700, 0x000001c2b23807f0,
0x000001c2cdd10e50, 0x000001c2cdd0d190, 0x000001c2cdd12290, 0x000001c2cdd11870,
0x000001c2cdd0f500, 0x000001c2cdd0fa10, 0x000001c2cdd12cb0, 0x000001c2cdd0cc80,
0x000001c2cdd0ff20, 0x000001c2d3020b60, 0x000001c2ce7edb50
}

Java Threads: ( => current thread )
  0x000001c296946e10 JavaThread "main" [_thread_blocked, id=13672, stack(0x000000145c400000,0x000000145c500000)]
  0x000001c2b2172b20 JavaThread "Reference Handler" daemon [_thread_blocked, id=3424, stack(0x000000145cb00000,0x000000145cc00000)]
  0x000001c2b21738b0 JavaThread "Finalizer" daemon [_thread_blocked, id=2500, stack(0x000000145cc00000,0x000000145cd00000)]
  0x000001c2b21875c0 JavaThread "Signal Dispatcher" daemon [_thread_blocked, id=8740, stack(0x000000145cd00000,0x000000145ce00000)]
  0x000001c2b219c490 JavaThread "Attach Listener" daemon [_thread_blocked, id=4672, stack(0x000000145ce00000,0x000000145cf00000)]
  0x000001c2b219fd80 JavaThread "Service Thread" daemon [_thread_blocked, id=8788, stack(0x000000145cf00000,0x000000145d000000)]
  0x000001c2b21a0650 JavaThread "Monitor Deflation Thread" daemon [_thread_blocked, id=5936, stack(0x000000145d000000,0x000000145d100000)]
  0x000001c2b21a1300 JavaThread "C2 CompilerThread0" daemon [_thread_in_native, id=11688, stack(0x000000145d100000,0x000000145d200000)]
  0x000001c2b21a1cc0 JavaThread "C1 CompilerThread0" daemon [_thread_blocked, id=6320, stack(0x000000145d200000,0x000000145d300000)]
  0x000001c2b21a25d0 JavaThread "Sweeper thread" daemon [_thread_blocked, id=11028, stack(0x000000145d300000,0x000000145d400000)]
  0x000001c2b211c5e0 JavaThread "Common-Cleaner" daemon [_thread_blocked, id=8836, stack(0x000000145d400000,0x000000145d500000)]
  0x000001c2b2367c90 JavaThread "Notification Thread" daemon [_thread_blocked, id=11348, stack(0x000000145d800000,0x000000145d900000)]
  0x000001c2cddb6820 JavaThread "Daemon health stats" [_thread_blocked, id=2800, stack(0x000000145e200000,0x000000145e300000)]
  0x000001c2ce0e72b0 JavaThread "Incoming local TCP Connector on port 56520" [_thread_in_native, id=9340, stack(0x000000145e300000,0x000000145e400000)]
  0x000001c2cdf9e830 JavaThread "Daemon periodic checks" [_thread_blocked, id=13820, stack(0x000000145e400000,0x000000145e500000)]
  0x000001c2cdd99120 JavaThread "Cache worker for journal cache (C:\Users\java\.gradle\caches\journal-1)" [_thread_blocked, id=11280, stack(0x000000145ec00000,0x000000145ed00000)]
  0x000001c2cdd99b40 JavaThread "File lock request listener" [_thread_in_native, id=7220, stack(0x000000145ed00000,0x000000145ee00000)]
  0x000001c2cdd9c8d0 JavaThread "Cache worker for file hash cache (C:\Users\java\.gradle\caches\8.6\fileHashes)" [_thread_blocked, id=6332, stack(0x000000145ee00000,0x000000145ef00000)]
  0x000001c2cdd9cde0 JavaThread "File watcher server" daemon [_thread_in_native, id=6548, stack(0x000000145ef00000,0x000000145f000000)]
  0x000001c2cdd9d2f0 JavaThread "File watcher consumer" daemon [_thread_blocked, id=12316, stack(0x000000145f000000,0x000000145f100000)]
  0x000001c2cdd99630 JavaThread "Cache worker for file content cache (C:\Users\java\.gradle\caches\8.6\fileContent)" [_thread_blocked, id=2076, stack(0x0000001460100000,0x0000001460200000)]
  0x000001c2cdd9d800 JavaThread "jar transforms" [_thread_blocked, id=4028, stack(0x0000001460200000,0x0000001460300000)]
  0x000001c2cdda0590 JavaThread "jar transforms Thread 2" [_thread_blocked, id=13416, stack(0x0000001460300000,0x0000001460400000)]
  0x000001c2cdd0e5d0 JavaThread "jar transforms Thread 3" [_thread_blocked, id=14644, stack(0x0000001460400000,0x0000001460500000)]
  0x000001c2cdd136d0 JavaThread "jar transforms Thread 4" [_thread_blocked, id=12484, stack(0x0000001460500000,0x0000001460600000)]
  0x000001c2cdd11360 JavaThread "jar transforms Thread 5" [_thread_blocked, id=11004, stack(0x0000001460600000,0x0000001460700000)]
  0x000001c2cdd13be0 JavaThread "jar transforms Thread 6" [_thread_blocked, id=5904, stack(0x0000001460700000,0x0000001460800000)]
  0x000001c2cdd0dbb0 JavaThread "jar transforms Thread 7" [_thread_blocked, id=14080, stack(0x0000001460800000,0x0000001460900000)]
  0x000001c2cdd0eff0 JavaThread "jar transforms Thread 8" [_thread_blocked, id=14820, stack(0x0000001460900000,0x0000001460a00000)]
  0x000001c2ce7b9e40 JavaThread "jar transforms Thread 9" [_thread_blocked, id=2660, stack(0x0000001460a00000,0x0000001460b00000)]
  0x000001c2ce4fac90 JavaThread "Memory manager" [_thread_blocked, id=2636, stack(0x0000001462000000,0x0000001462100000)]
  0x000001c2ce4fa780 JavaThread "jar transforms Thread 10" [_thread_blocked, id=12212, stack(0x0000001462100000,0x0000001462200000)]
  0x000001c2d2682790 JavaThread "Cache worker for Java compile cache (C:\Users\java\.gradle\caches\8.6\javaCompile)" [_thread_blocked, id=7544, stack(0x000000146d200000,0x000000146d300000)]
  0x000001c2d4305890 JavaThread "jar transforms Thread 11" [_thread_blocked, id=3676, stack(0x000000145e700000,0x000000145e800000)]
  0x000001c2d4305da0 JavaThread "jar transforms Thread 12" [_thread_blocked, id=11836, stack(0x000000145e800000,0x000000145e900000)]
  0x000001c2cdd127a0 JavaThread "Daemon Thread 19" [_thread_blocked, id=9564, stack(0x000000145c100000,0x000000145c200000)]
  0x000001c2d4303520 JavaThread "Daemon worker Thread 18" [_thread_in_vm, id=10840, stack(0x000000145d500000,0x000000145d600000)]
  0x000001c2cc412040 JavaThread "included builds" [_thread_blocked, id=8076, stack(0x0000001461b00000,0x0000001461c00000)]
  0x000001c2d341ffb0 JavaThread "Handler for socket connection from /127.0.0.1:56520 to /127.0.0.1:58138" [_thread_in_native, id=11892, stack(0x000000145c200000,0x000000145c300000)]
  0x000001c2d34213f0 JavaThread "Cancel handler" [_thread_blocked, id=7788, stack(0x000000145c300000,0x000000145c400000)]
  0x000001c2d27d4c10 JavaThread "Asynchronous log dispatcher for DefaultDaemonConnection: socket connection from /127.0.0.1:56520 to /127.0.0.1:58138" [_thread_blocked, id=1528, stack(0x000000145d600000,0x000000145d700000)]
  0x000001c2d27d4700 JavaThread "Stdin handler" [_thread_blocked, id=14576, stack(0x000000145d700000,0x000000145d800000)]
  0x000001c2d27d37d0 JavaThread "Daemon client event forwarder" [_thread_blocked, id=14020, stack(0x000000145da00000,0x000000145db00000)]
  0x000001c2d27d3ce0 JavaThread "jar transforms Thread 13" [_thread_blocked, id=2584, stack(0x000000145db00000,0x000000145dc00000)]
  0x000001c2d27d5120 JavaThread "jar transforms Thread 14" [_thread_blocked, id=2780, stack(0x000000145dc00000,0x000000145dd00000)]
  0x000001c2d3dd2690 JavaThread "jar transforms Thread 15" [_thread_blocked, id=3132, stack(0x000000145e500000,0x000000145e600000)]
  0x000001c2d3dd4a00 JavaThread "jar transforms Thread 16" [_thread_blocked, id=7564, stack(0x000000145e600000,0x000000145e700000)]
  0x000001c2d3dd3ad0 JavaThread "jar transforms Thread 17" [_thread_blocked, id=12348, stack(0x000000145e900000,0x000000145ea00000)]
  0x000001c2cc412a60 JavaThread "jar transforms Thread 18" [_thread_blocked, id=7356, stack(0x000000145ea00000,0x000000145eb00000)]
  0x000001c2cc411620 JavaThread "jar transforms Thread 19" [_thread_blocked, id=11832, stack(0x000000145eb00000,0x000000145ec00000)]
  0x000001c2cc411110 JavaThread "jar transforms Thread 20" [_thread_blocked, id=12384, stack(0x000000145fd00000,0x000000145fe00000)]
  0x000001c2cc512c10 JavaThread "Cache worker for checksums cache (C:\Users\java\Desktop\Workspace\Spring\ch07\.gradle\8.6\checksums)" [_thread_blocked, id=5812, stack(0x000000145fe00000,0x000000145ff00000)]
  0x000001c2cc5121f0 JavaThread "Cache worker for file hash cache (C:\Users\java\Desktop\Workspace\Spring\ch07\.gradle\8.6\fileHashes)" [_thread_blocked, id=5280, stack(0x000000145ff00000,0x0000001460000000)]
  0x000001c2cc513b40 JavaThread "Cache worker for cache directory md-supplier (C:\Users\java\.gradle\caches\8.6\md-supplier)" [_thread_blocked, id=3568, stack(0x0000001460000000,0x0000001460100000)]
  0x000001c2cc512700 JavaThread "Cache worker for cache directory md-rule (C:\Users\java\.gradle\caches\8.6\md-rule)" [_thread_blocked, id=772, stack(0x0000001460b00000,0x0000001460c00000)]
  0x000001c2b23807f0 JavaThread "C2 CompilerThread1" daemon [_thread_in_native, id=14700, stack(0x0000001460c00000,0x0000001460d00000)]
  0x000001c2cdd10e50 JavaThread "Unconstrained build operations" [_thread_blocked, id=5732, stack(0x0000001460d00000,0x0000001460e00000)]
  0x000001c2cdd0d190 JavaThread "Unconstrained build operations Thread 2" [_thread_blocked, id=14132, stack(0x0000001460e00000,0x0000001460f00000)]
  0x000001c2cdd12290 JavaThread "Unconstrained build operations Thread 3" [_thread_blocked, id=5852, stack(0x0000001460f00000,0x0000001461000000)]
  0x000001c2cdd11870 JavaThread "Unconstrained build operations Thread 4" [_thread_blocked, id=13704, stack(0x0000001461000000,0x0000001461100000)]
  0x000001c2cdd0f500 JavaThread "Unconstrained build operations Thread 5" [_thread_blocked, id=14368, stack(0x0000001461100000,0x0000001461200000)]
  0x000001c2cdd0fa10 JavaThread "Unconstrained build operations Thread 6" [_thread_blocked, id=6088, stack(0x0000001461200000,0x0000001461300000)]
  0x000001c2cdd12cb0 JavaThread "Unconstrained build operations Thread 7" [_thread_blocked, id=7628, stack(0x0000001461300000,0x0000001461400000)]
  0x000001c2cdd0cc80 JavaThread "Unconstrained build operations Thread 8" [_thread_blocked, id=14516, stack(0x0000001461400000,0x0000001461500000)]
  0x000001c2cdd0ff20 JavaThread "Unconstrained build operations Thread 9" [_thread_blocked, id=11228, stack(0x0000001461500000,0x0000001461600000)]
=>0x000001c2d3020b60 JavaThread "C2 CompilerThread2" daemon [_thread_in_native, id=5244, stack(0x0000001461600000,0x0000001461700000)]
  0x000001c2ce7edb50 JavaThread "C2 CompilerThread3" daemon [_thread_in_native, id=1300, stack(0x0000001461700000,0x0000001461800000)]

Other Threads:
  0x000001c2b216f010 VMThread "VM Thread" [stack: 0x000000145ca00000,0x000000145cb00000] [id=6072]
  0x000001c2969a73c0 WatcherThread [stack: 0x000000145d900000,0x000000145da00000] [id=9992]
  0x000001c296975f30 GCTaskThread "GC Thread#0" [stack: 0x000000145c500000,0x000000145c600000] [id=9380]
  0x000001c2cc5b2b70 GCTaskThread "GC Thread#1" [stack: 0x000000145dd00000,0x000000145de00000] [id=8212]
  0x000001c2cc5b33b0 GCTaskThread "GC Thread#2" [stack: 0x000000145de00000,0x000000145df00000] [id=6656]
  0x000001c2cc5b2e30 GCTaskThread "GC Thread#3" [stack: 0x000000145df00000,0x000000145e000000] [id=14040]
  0x000001c2cc5b2330 GCTaskThread "GC Thread#4" [stack: 0x000000145e000000,0x000000145e100000] [id=13504]
  0x000001c2cc5b30f0 GCTaskThread "GC Thread#5" [stack: 0x000000145e100000,0x000000145e200000] [id=516]
  0x000001c2d1e83b60 GCTaskThread "GC Thread#6" [stack: 0x000000145f100000,0x000000145f200000] [id=2676]
  0x000001c2d1e85160 GCTaskThread "GC Thread#7" [stack: 0x000000145f200000,0x000000145f300000] [id=11936]
  0x000001c2d1e84ea0 GCTaskThread "GC Thread#8" [stack: 0x000000145f300000,0x000000145f400000] [id=7372]
  0x000001c2d1e838a0 GCTaskThread "GC Thread#9" [stack: 0x000000145f400000,0x000000145f500000] [id=13648]
  0x000001c2d1e864a0 GCTaskThread "GC Thread#10" [stack: 0x000000145f500000,0x000000145f600000] [id=13816]
  0x000001c2d1e84920 GCTaskThread "GC Thread#11" [stack: 0x000000145f600000,0x000000145f700000] [id=1472]
  0x000001c2d1e84be0 GCTaskThread "GC Thread#12" [stack: 0x000000145f700000,0x000000145f800000] [id=9828]
  0x000001c2d1e83e20 GCTaskThread "GC Thread#13" [stack: 0x000000145f800000,0x000000145f900000] [id=10480]
  0x000001c2d1e861e0 GCTaskThread "GC Thread#14" [stack: 0x000000145f900000,0x000000145fa00000] [id=9548]
  0x000001c29697bda0 ConcurrentGCThread "G1 Main Marker" [stack: 0x000000145c600000,0x000000145c700000] [id=7512]
  0x000001c29697ce60 ConcurrentGCThread "G1 Conc#0" [stack: 0x000000145c700000,0x000000145c800000] [id=13284]
  0x000001c2d1e85420 ConcurrentGCThread "G1 Conc#1" [stack: 0x000000145fa00000,0x000000145fb00000] [id=8600]
  0x000001c2d1e856e0 ConcurrentGCThread "G1 Conc#2" [stack: 0x000000145fb00000,0x000000145fc00000] [id=6428]
  0x000001c2d1e83320 ConcurrentGCThread "G1 Conc#3" [stack: 0x000000145fc00000,0x000000145fd00000] [id=11052]
  0x000001c296a1d610 ConcurrentGCThread "G1 Refine#0" [stack: 0x000000145c800000,0x000000145c900000] [id=13068]
  0x000001c2cfdb8180 ConcurrentGCThread "G1 Refine#1" [stack: 0x0000001469200000,0x0000001469300000] [id=5448]
  0x000001c2cfdb6cf0 ConcurrentGCThread "G1 Refine#2" [stack: 0x000000146e600000,0x000000146e700000] [id=4632]
  0x000001c2cfdb78b0 ConcurrentGCThread "G1 Refine#3" [stack: 0x000000146e700000,0x000000146e800000] [id=7636]
  0x000001c2cfdb6fe0 ConcurrentGCThread "G1 Refine#4" [stack: 0x000000146e800000,0x000000146e900000] [id=14948]
  0x000001c2cfdb72d0 ConcurrentGCThread "G1 Refine#5" [stack: 0x000000146e900000,0x000000146ea00000] [id=11072]
  0x000001c2d2ced060 ConcurrentGCThread "G1 Refine#6" [stack: 0x000000146ea00000,0x000000146eb00000] [id=11864]
  0x000001c2d2ceb8e0 ConcurrentGCThread "G1 Refine#7" [stack: 0x000000146eb00000,0x000000146ec00000] [id=6316]
  0x000001c296a1df50 ConcurrentGCThread "G1 Service" [stack: 0x000000145c900000,0x000000145ca00000] [id=8712]

Threads with active compile tasks:
C2 CompilerThread0  2871003 28070 %     4       groovy.lang.MetaClassImpl::inheritInterfaceNewMetaMethods @ 100 (195 bytes)
C2 CompilerThread1  2871003 28008       4       org.gradle.internal.instantiation.generator.AbstractClassGenerator::inspectType (560 bytes)
C2 CompilerThread2  2871003 28097       4       java.lang.Class::getMethodsRecursive (99 bytes)
C2 CompilerThread3  2871003 28099       4       java.lang.Class::getMethod (59 bytes)

VM state: not at safepoint (normal execution)

VM Mutex/Monitor currently owned by a thread: None

Heap address: 0x00000000e0000000, size: 512 MB, Compressed Oops mode: 32-bit

CDS archive(s) mapped at: [0x000001c2b3000000-0x000001c2b3bd0000-0x000001c2b3bd0000), size 12386304, SharedBaseAddress: 0x000001c2b3000000, ArchiveRelocationMode: 1.
Compressed class space mapped at: 0x000001c2b4000000-0x000001c2c8000000, reserved size: 335544320
Narrow klass base: 0x000001c2b3000000, Narrow klass shift: 0, Narrow klass range: 0x100000000

GC Precious Log:
 CPUs: 20 total, 20 available
 Memory: 16234M
 Large Page Support: Disabled
 NUMA Support: Disabled
 Compressed Oops: Enabled (32-bit)
 Heap Region Size: 1M
 Heap Min Capacity: 256M
 Heap Initial Capacity: 256M
 Heap Max Capacity: 512M
 Pre-touch: Disabled
 Parallel Workers: 15
 Concurrent Workers: 4
 Concurrent Refinement Workers: 15
 Periodic GC: Disabled

Heap:
 garbage-first heap   total 331776K, used 145876K [0x00000000e0000000, 0x0000000100000000)
  region size 1024K, 45 young (46080K), 7 survivors (7168K)
 Metaspace       used 77164K, committed 78464K, reserved 458752K
  class space    used 10128K, committed 10752K, reserved 327680K

Heap Regions: E=young(eden), S=young(survivor), O=old, HS=humongous(starts), HC=humongous(continues), CS=collection set, F=free, OA=open archive, CA=closed archive, TAMS=top-at-mark-start (previous, next)
|   0|0x00000000e0000000, 0x00000000e0100000, 0x00000000e0100000|100%|HS|  |TAMS 0x00000000e0100000, 0x00000000e0000000| Complete 
|   1|0x00000000e0100000, 0x00000000e0200000, 0x00000000e0200000|100%|HC|  |TAMS 0x00000000e0200000, 0x00000000e0100000| Complete 
|   2|0x00000000e0200000, 0x00000000e0300000, 0x00000000e0300000|100%|HC|  |TAMS 0x00000000e0300000, 0x00000000e0200000| Complete 
|   3|0x00000000e0300000, 0x00000000e0400000, 0x00000000e0400000|100%|HC|  |TAMS 0x00000000e0400000, 0x00000000e0300000| Complete 
|   4|0x00000000e0400000, 0x00000000e0500000, 0x00000000e0500000|100%| O|  |TAMS 0x00000000e0500000, 0x00000000e0400000| Untracked 
|   5|0x00000000e0500000, 0x00000000e0600000, 0x00000000e0600000|100%| O|  |TAMS 0x00000000e0600000, 0x00000000e0500000| Untracked 
|   6|0x00000000e0600000, 0x00000000e0700000, 0x00000000e0700000|100%| O|  |TAMS 0x00000000e0700000, 0x00000000e0600000| Untracked 
|   7|0x00000000e0700000, 0x00000000e0800000, 0x00000000e0800000|100%| O|  |TAMS 0x00000000e0800000, 0x00000000e0700000| Untracked 
|   8|0x00000000e0800000, 0x00000000e0900000, 0x00000000e0900000|100%| O|  |TAMS 0x00000000e0900000, 0x00000000e0800000| Untracked 
|   9|0x00000000e0900000, 0x00000000e0a00000, 0x00000000e0a00000|100%| O|  |TAMS 0x00000000e0a00000, 0x00000000e0900000| Untracked 
|  10|0x00000000e0a00000, 0x00000000e0b00000, 0x00000000e0b00000|100%| O|  |TAMS 0x00000000e0b00000, 0x00000000e0a00000| Untracked 
|  11|0x00000000e0b00000, 0x00000000e0c00000, 0x00000000e0c00000|100%| O|  |TAMS 0x00000000e0c00000, 0x00000000e0b00000| Untracked 
|  12|0x00000000e0c00000, 0x00000000e0d00000, 0x00000000e0d00000|100%| O|  |TAMS 0x00000000e0d00000, 0x00000000e0c00000| Untracked 
|  13|0x00000000e0d00000, 0x00000000e0e00000, 0x00000000e0e00000|100%| O|  |TAMS 0x00000000e0e00000, 0x00000000e0d00000| Untracked 
|  14|0x00000000e0e00000, 0x00000000e0f00000, 0x00000000e0f00000|100%| O|  |TAMS 0x00000000e0f00000, 0x00000000e0e00000| Untracked 
|  15|0x00000000e0f00000, 0x00000000e1000000, 0x00000000e1000000|100%| O|  |TAMS 0x00000000e1000000, 0x00000000e0f00000| Untracked 
|  16|0x00000000e1000000, 0x00000000e1100000, 0x00000000e1100000|100%| O|  |TAMS 0x00000000e1100000, 0x00000000e1000000| Untracked 
|  17|0x00000000e1100000, 0x00000000e1200000, 0x00000000e1200000|100%| O|  |TAMS 0x00000000e1200000, 0x00000000e1100000| Untracked 
|  18|0x00000000e1200000, 0x00000000e1300000, 0x00000000e1300000|100%| O|  |TAMS 0x00000000e1300000, 0x00000000e1200000| Untracked 
|  19|0x00000000e1300000, 0x00000000e1400000, 0x00000000e1400000|100%| O|  |TAMS 0x00000000e1400000, 0x00000000e1300000| Untracked 
|  20|0x00000000e1400000, 0x00000000e1500000, 0x00000000e1500000|100%| O|  |TAMS 0x00000000e1500000, 0x00000000e1400000| Untracked 
|  21|0x00000000e1500000, 0x00000000e1600000, 0x00000000e1600000|100%| O|  |TAMS 0x00000000e1600000, 0x00000000e1500000| Untracked 
|  22|0x00000000e1600000, 0x00000000e1700000, 0x00000000e1700000|100%| O|  |TAMS 0x00000000e1700000, 0x00000000e1600000| Untracked 
|  23|0x00000000e1700000, 0x00000000e1800000, 0x00000000e1800000|100%| O|  |TAMS 0x00000000e1800000, 0x00000000e1700000| Untracked 
|  24|0x00000000e1800000, 0x00000000e1900000, 0x00000000e1900000|100%| O|  |TAMS 0x00000000e1900000, 0x00000000e1800000| Untracked 
|  25|0x00000000e1900000, 0x00000000e1a00000, 0x00000000e1a00000|100%| O|  |TAMS 0x00000000e1a00000, 0x00000000e1900000| Untracked 
|  26|0x00000000e1a00000, 0x00000000e1b00000, 0x00000000e1b00000|100%| O|  |TAMS 0x00000000e1b00000, 0x00000000e1a00000| Untracked 
|  27|0x00000000e1b00000, 0x00000000e1c00000, 0x00000000e1c00000|100%| O|  |TAMS 0x00000000e1c00000, 0x00000000e1b00000| Untracked 
|  28|0x00000000e1c00000, 0x00000000e1d00000, 0x00000000e1d00000|100%| O|  |TAMS 0x00000000e1d00000, 0x00000000e1c00000| Untracked 
|  29|0x00000000e1d00000, 0x00000000e1e00000, 0x00000000e1e00000|100%| O|  |TAMS 0x00000000e1e00000, 0x00000000e1d00000| Untracked 
|  30|0x00000000e1e00000, 0x00000000e1f00000, 0x00000000e1f00000|100%| O|  |TAMS 0x00000000e1f00000, 0x00000000e1e00000| Untracked 
|  31|0x00000000e1f00000, 0x00000000e2000000, 0x00000000e2000000|100%| O|  |TAMS 0x00000000e2000000, 0x00000000e1f00000| Untracked 
|  32|0x00000000e2000000, 0x00000000e2100000, 0x00000000e2100000|100%| O|  |TAMS 0x00000000e2100000, 0x00000000e2000000| Untracked 
|  33|0x00000000e2100000, 0x00000000e2200000, 0x00000000e2200000|100%| O|  |TAMS 0x00000000e2200000, 0x00000000e2100000| Untracked 
|  34|0x00000000e2200000, 0x00000000e2300000, 0x00000000e2300000|100%| O|  |TAMS 0x00000000e2300000, 0x00000000e2200000| Untracked 
|  35|0x00000000e2300000, 0x00000000e2400000, 0x00000000e2400000|100%| O|  |TAMS 0x00000000e2400000, 0x00000000e2300000| Untracked 
|  36|0x00000000e2400000, 0x00000000e2500000, 0x00000000e2500000|100%| O|  |TAMS 0x00000000e2500000, 0x00000000e2400000| Untracked 
|  37|0x00000000e2500000, 0x00000000e2600000, 0x00000000e2600000|100%| O|  |TAMS 0x00000000e2600000, 0x00000000e2500000| Untracked 
|  38|0x00000000e2600000, 0x00000000e2700000, 0x00000000e2700000|100%| O|  |TAMS 0x00000000e2700000, 0x00000000e2600000| Untracked 
|  39|0x00000000e2700000, 0x00000000e2800000, 0x00000000e2800000|100%| O|  |TAMS 0x00000000e2800000, 0x00000000e2700000| Untracked 
|  40|0x00000000e2800000, 0x00000000e2900000, 0x00000000e2900000|100%| O|  |TAMS 0x00000000e2900000, 0x00000000e2800000| Untracked 
|  41|0x00000000e2900000, 0x00000000e2a00000, 0x00000000e2a00000|100%| O|  |TAMS 0x00000000e2a00000, 0x00000000e2900000| Untracked 
|  42|0x00000000e2a00000, 0x00000000e2b00000, 0x00000000e2b00000|100%| O|  |TAMS 0x00000000e2b00000, 0x00000000e2a00000| Untracked 
|  43|0x00000000e2b00000, 0x00000000e2c00000, 0x00000000e2c00000|100%| O|  |TAMS 0x00000000e2c00000, 0x00000000e2b00000| Untracked 
|  44|0x00000000e2c00000, 0x00000000e2d00000, 0x00000000e2d00000|100%| O|  |TAMS 0x00000000e2d00000, 0x00000000e2c00000| Untracked 
|  45|0x00000000e2d00000, 0x00000000e2e00000, 0x00000000e2e00000|100%| O|  |TAMS 0x00000000e2e00000, 0x00000000e2d00000| Untracked 
|  46|0x00000000e2e00000, 0x00000000e2f00000, 0x00000000e2f00000|100%| O|  |TAMS 0x00000000e2f00000, 0x00000000e2e00000| Untracked 
|  47|0x00000000e2f00000, 0x00000000e3000000, 0x00000000e3000000|100%| O|  |TAMS 0x00000000e3000000, 0x00000000e2f00000| Untracked 
|  48|0x00000000e3000000, 0x00000000e3100000, 0x00000000e3100000|100%| O|  |TAMS 0x00000000e3100000, 0x00000000e3000000| Untracked 
|  49|0x00000000e3100000, 0x00000000e3100000, 0x00000000e3200000|  0%| F|  |TAMS 0x00000000e3100000, 0x00000000e3100000| Untracked 
|  50|0x00000000e3200000, 0x00000000e3300000, 0x00000000e3300000|100%| O|  |TAMS 0x00000000e3300000, 0x00000000e3200000| Untracked 
|  51|0x00000000e3300000, 0x00000000e3400000, 0x00000000e3400000|100%| O|  |TAMS 0x00000000e3400000, 0x00000000e3300000| Untracked 
|  52|0x00000000e3400000, 0x00000000e3500000, 0x00000000e3500000|100%| O|  |TAMS 0x00000000e3500000, 0x00000000e3400000| Untracked 
|  53|0x00000000e3500000, 0x00000000e3600000, 0x00000000e3600000|100%| O|  |TAMS 0x00000000e3600000, 0x00000000e3500000| Untracked 
|  54|0x00000000e3600000, 0x00000000e3700000, 0x00000000e3700000|100%| O|  |TAMS 0x00000000e3700000, 0x00000000e3600000| Complete 
|  55|0x00000000e3700000, 0x00000000e3800000, 0x00000000e3800000|100%| O|  |TAMS 0x00000000e3800000, 0x00000000e3700000| Untracked 
|  56|0x00000000e3800000, 0x00000000e3900000, 0x00000000e3900000|100%| O|  |TAMS 0x00000000e3900000, 0x00000000e3800000| Untracked 
|  57|0x00000000e3900000, 0x00000000e3a00000, 0x00000000e3a00000|100%| O|  |TAMS 0x00000000e3a00000, 0x00000000e3900000| Untracked 
|  58|0x00000000e3a00000, 0x00000000e3b00000, 0x00000000e3b00000|100%| O|  |TAMS 0x00000000e3b00000, 0x00000000e3a00000| Untracked 
|  59|0x00000000e3b00000, 0x00000000e3c00000, 0x00000000e3c00000|100%| O|  |TAMS 0x00000000e3c00000, 0x00000000e3b00000| Untracked 
|  60|0x00000000e3c00000, 0x00000000e3d00000, 0x00000000e3d00000|100%| O|  |TAMS 0x00000000e3d00000, 0x00000000e3c00000| Untracked 
|  61|0x00000000e3d00000, 0x00000000e3e00000, 0x00000000e3e00000|100%| O|  |TAMS 0x00000000e3e00000, 0x00000000e3d00000| Untracked 
|  62|0x00000000e3e00000, 0x00000000e3e00000, 0x00000000e3f00000|  0%| F|  |TAMS 0x00000000e3e00000, 0x00000000e3e00000| Untracked 
|  63|0x00000000e3f00000, 0x00000000e4000000, 0x00000000e4000000|100%| O|  |TAMS 0x00000000e4000000, 0x00000000e3f00000| Complete 
|  64|0x00000000e4000000, 0x00000000e4100000, 0x00000000e4100000|100%| O|  |TAMS 0x00000000e4100000, 0x00000000e4000000| Untracked 
|  65|0x00000000e4100000, 0x00000000e4200000, 0x00000000e4200000|100%| O|  |TAMS 0x00000000e4200000, 0x00000000e4100000| Untracked 
|  66|0x00000000e4200000, 0x00000000e4300000, 0x00000000e4300000|100%| O|  |TAMS 0x00000000e4300000, 0x00000000e4200000| Untracked 
|  67|0x00000000e4300000, 0x00000000e4400000, 0x00000000e4400000|100%| O|  |TAMS 0x00000000e4400000, 0x00000000e4300000| Untracked 
|  68|0x00000000e4400000, 0x00000000e4500000, 0x00000000e4500000|100%| O|  |TAMS 0x00000000e4500000, 0x00000000e4400000| Untracked 
|  69|0x00000000e4500000, 0x00000000e4600000, 0x00000000e4600000|100%| O|  |TAMS 0x00000000e4600000, 0x00000000e4500000| Complete 
|  70|0x00000000e4600000, 0x00000000e4700000, 0x00000000e4700000|100%| O|  |TAMS 0x00000000e4700000, 0x00000000e4600000| Untracked 
|  71|0x00000000e4700000, 0x00000000e4800000, 0x00000000e4800000|100%| O|  |TAMS 0x00000000e4800000, 0x00000000e4700000| Untracked 
|  72|0x00000000e4800000, 0x00000000e4900000, 0x00000000e4900000|100%|HS|  |TAMS 0x00000000e4800000, 0x00000000e4800000| Complete 
|  73|0x00000000e4900000, 0x00000000e4a00000, 0x00000000e4a00000|100%|HC|  |TAMS 0x00000000e4900000, 0x00000000e4900000| Complete 
|  74|0x00000000e4a00000, 0x00000000e4b00000, 0x00000000e4b00000|100%| O|  |TAMS 0x00000000e4b00000, 0x00000000e4a00000| Complete 
|  75|0x00000000e4b00000, 0x00000000e4c00000, 0x00000000e4c00000|100%| O|  |TAMS 0x00000000e4c00000, 0x00000000e4b00000| Complete 
|  76|0x00000000e4c00000, 0x00000000e4d00000, 0x00000000e4d00000|100%| O|  |TAMS 0x00000000e4d00000, 0x00000000e4c00000| Complete 
|  77|0x00000000e4d00000, 0x00000000e4e00000, 0x00000000e4e00000|100%| O|  |TAMS 0x00000000e4e00000, 0x00000000e4d00000| Untracked 
|  78|0x00000000e4e00000, 0x00000000e4f00000, 0x00000000e4f00000|100%|HS|  |TAMS 0x00000000e4e00000, 0x00000000e4e00000| Complete 
|  79|0x00000000e4f00000, 0x00000000e5000000, 0x00000000e5000000|100%|HC|  |TAMS 0x00000000e4f00000, 0x00000000e4f00000| Complete 
|  80|0x00000000e5000000, 0x00000000e5100000, 0x00000000e5100000|100%|HC|  |TAMS 0x00000000e5000000, 0x00000000e5000000| Complete 
|  81|0x00000000e5100000, 0x00000000e5100000, 0x00000000e5200000|  0%| F|  |TAMS 0x00000000e5100000, 0x00000000e5100000| Untracked 
|  82|0x00000000e5200000, 0x00000000e5300000, 0x00000000e5300000|100%| O|  |TAMS 0x00000000e5300000, 0x00000000e5200000| Untracked 
|  83|0x00000000e5300000, 0x00000000e5400000, 0x00000000e5400000|100%| O|  |TAMS 0x00000000e5400000, 0x00000000e5300000| Untracked 
|  84|0x00000000e5400000, 0x00000000e5400000, 0x00000000e5500000|  0%| F|  |TAMS 0x00000000e5400000, 0x00000000e5400000| Untracked 
|  85|0x00000000e5500000, 0x00000000e5600000, 0x00000000e5600000|100%| O|  |TAMS 0x00000000e5600000, 0x00000000e5500000| Untracked 
|  86|0x00000000e5600000, 0x00000000e5600000, 0x00000000e5700000|  0%| F|  |TAMS 0x00000000e5600000, 0x00000000e5600000| Untracked 
|  87|0x00000000e5700000, 0x00000000e5700000, 0x00000000e5800000|  0%| F|  |TAMS 0x00000000e5700000, 0x00000000e5700000| Untracked 
|  88|0x00000000e5800000, 0x00000000e5900000, 0x00000000e5900000|100%| O|  |TAMS 0x00000000e5900000, 0x00000000e5800000| Untracked 
|  89|0x00000000e5900000, 0x00000000e59b7600, 0x00000000e5a00000| 71%| O|  |TAMS 0x00000000e59b7600, 0x00000000e5900000| Untracked 
|  90|0x00000000e5a00000, 0x00000000e5a00000, 0x00000000e5b00000|  0%| F|  |TAMS 0x00000000e5a00000, 0x00000000e5a00000| Untracked 
|  91|0x00000000e5b00000, 0x00000000e5b00000, 0x00000000e5c00000|  0%| F|  |TAMS 0x00000000e5b00000, 0x00000000e5b00000| Untracked 
|  92|0x00000000e5c00000, 0x00000000e5d00000, 0x00000000e5d00000|100%| O|  |TAMS 0x00000000e5d00000, 0x00000000e5c00000| Untracked 
|  93|0x00000000e5d00000, 0x00000000e5e00000, 0x00000000e5e00000|100%|HS|  |TAMS 0x00000000e5d00000, 0x00000000e5d00000| Complete 
|  94|0x00000000e5e00000, 0x00000000e5f00000, 0x00000000e5f00000|100%|HC|  |TAMS 0x00000000e5e00000, 0x00000000e5e00000| Complete 
|  95|0x00000000e5f00000, 0x00000000e6000000, 0x00000000e6000000|100%|HC|  |TAMS 0x00000000e5f00000, 0x00000000e5f00000| Complete 
|  96|0x00000000e6000000, 0x00000000e6100000, 0x00000000e6100000|100%|HS|  |TAMS 0x00000000e6000000, 0x00000000e6000000| Complete 
|  97|0x00000000e6100000, 0x00000000e6200000, 0x00000000e6200000|100%|HC|  |TAMS 0x00000000e6100000, 0x00000000e6100000| Complete 
|  98|0x00000000e6200000, 0x00000000e6300000, 0x00000000e6300000|100%|HC|  |TAMS 0x00000000e6200000, 0x00000000e6200000| Complete 
|  99|0x00000000e6300000, 0x00000000e6400000, 0x00000000e6400000|100%|HS|  |TAMS 0x00000000e6300000, 0x00000000e6300000| Complete 
| 100|0x00000000e6400000, 0x00000000e6500000, 0x00000000e6500000|100%|HC|  |TAMS 0x00000000e6400000, 0x00000000e6400000| Complete 
| 101|0x00000000e6500000, 0x00000000e6600000, 0x00000000e6600000|100%|HC|  |TAMS 0x00000000e6500000, 0x00000000e6500000| Complete 
| 102|0x00000000e6600000, 0x00000000e6700000, 0x00000000e6700000|100%|HS|  |TAMS 0x00000000e6600000, 0x00000000e6600000| Complete 
| 103|0x00000000e6700000, 0x00000000e6800000, 0x00000000e6800000|100%|HC|  |TAMS 0x00000000e6700000, 0x00000000e6700000| Complete 
| 104|0x00000000e6800000, 0x00000000e6900000, 0x00000000e6900000|100%|HC|  |TAMS 0x00000000e6800000, 0x00000000e6800000| Complete 
| 105|0x00000000e6900000, 0x00000000e6a00000, 0x00000000e6a00000|100%|HS|  |TAMS 0x00000000e6900000, 0x00000000e6900000| Complete 
| 106|0x00000000e6a00000, 0x00000000e6b00000, 0x00000000e6b00000|100%|HC|  |TAMS 0x00000000e6a00000, 0x00000000e6a00000| Complete 
| 107|0x00000000e6b00000, 0x00000000e6c00000, 0x00000000e6c00000|100%|HC|  |TAMS 0x00000000e6b00000, 0x00000000e6b00000| Complete 
| 108|0x00000000e6c00000, 0x00000000e6c00000, 0x00000000e6d00000|  0%| F|  |TAMS 0x00000000e6c00000, 0x00000000e6c00000| Untracked 
| 109|0x00000000e6d00000, 0x00000000e6d00000, 0x00000000e6e00000|  0%| F|  |TAMS 0x00000000e6d00000, 0x00000000e6d00000| Untracked 
| 110|0x00000000e6e00000, 0x00000000e6e00000, 0x00000000e6f00000|  0%| F|  |TAMS 0x00000000e6e00000, 0x00000000e6e00000| Untracked 
| 111|0x00000000e6f00000, 0x00000000e6f00000, 0x00000000e7000000|  0%| F|  |TAMS 0x00000000e6f00000, 0x00000000e6f00000| Untracked 
| 112|0x00000000e7000000, 0x00000000e7000000, 0x00000000e7100000|  0%| F|  |TAMS 0x00000000e7000000, 0x00000000e7000000| Untracked 
| 113|0x00000000e7100000, 0x00000000e7100000, 0x00000000e7200000|  0%| F|  |TAMS 0x00000000e7100000, 0x00000000e7100000| Untracked 
| 114|0x00000000e7200000, 0x00000000e7200000, 0x00000000e7300000|  0%| F|  |TAMS 0x00000000e7200000, 0x00000000e7200000| Untracked 
| 115|0x00000000e7300000, 0x00000000e7300000, 0x00000000e7400000|  0%| F|  |TAMS 0x00000000e7300000, 0x00000000e7300000| Untracked 
| 116|0x00000000e7400000, 0x00000000e7400000, 0x00000000e7500000|  0%| F|  |TAMS 0x00000000e7400000, 0x00000000e7400000| Untracked 
| 117|0x00000000e7500000, 0x00000000e7500000, 0x00000000e7600000|  0%| F|  |TAMS 0x00000000e7500000, 0x00000000e7500000| Untracked 
| 118|0x00000000e7600000, 0x00000000e7600000, 0x00000000e7700000|  0%| F|  |TAMS 0x00000000e7600000, 0x00000000e7600000| Untracked 
| 119|0x00000000e7700000, 0x00000000e7700000, 0x00000000e7800000|  0%| F|  |TAMS 0x00000000e7700000, 0x00000000e7700000| Untracked 
| 120|0x00000000e7800000, 0x00000000e7800000, 0x00000000e7900000|  0%| F|  |TAMS 0x00000000e7800000, 0x00000000e7800000| Untracked 
| 121|0x00000000e7900000, 0x00000000e7900000, 0x00000000e7a00000|  0%| F|  |TAMS 0x00000000e7900000, 0x00000000e7900000| Untracked 
| 122|0x00000000e7a00000, 0x00000000e7a00000, 0x00000000e7b00000|  0%| F|  |TAMS 0x00000000e7a00000, 0x00000000e7a00000| Untracked 
| 123|0x00000000e7b00000, 0x00000000e7b00000, 0x00000000e7c00000|  0%| F|  |TAMS 0x00000000e7b00000, 0x00000000e7b00000| Untracked 
| 124|0x00000000e7c00000, 0x00000000e7c00000, 0x00000000e7d00000|  0%| F|  |TAMS 0x00000000e7c00000, 0x00000000e7c00000| Untracked 
| 125|0x00000000e7d00000, 0x00000000e7d00000, 0x00000000e7e00000|  0%| F|  |TAMS 0x00000000e7d00000, 0x00000000e7d00000| Untracked 
| 126|0x00000000e7e00000, 0x00000000e7e00000, 0x00000000e7f00000|  0%| F|  |TAMS 0x00000000e7e00000, 0x00000000e7e00000| Untracked 
| 127|0x00000000e7f00000, 0x00000000e7f00000, 0x00000000e8000000|  0%| F|  |TAMS 0x00000000e7f00000, 0x00000000e7f00000| Untracked 
| 128|0x00000000e8000000, 0x00000000e8000000, 0x00000000e8100000|  0%| F|  |TAMS 0x00000000e8000000, 0x00000000e8000000| Untracked 
| 129|0x00000000e8100000, 0x00000000e8100000, 0x00000000e8200000|  0%| F|  |TAMS 0x00000000e8100000, 0x00000000e8100000| Untracked 
| 130|0x00000000e8200000, 0x00000000e8200000, 0x00000000e8300000|  0%| F|  |TAMS 0x00000000e8200000, 0x00000000e8200000| Untracked 
| 131|0x00000000e8300000, 0x00000000e8300000, 0x00000000e8400000|  0%| F|  |TAMS 0x00000000e8300000, 0x00000000e8300000| Untracked 
| 132|0x00000000e8400000, 0x00000000e8400000, 0x00000000e8500000|  0%| F|  |TAMS 0x00000000e8400000, 0x00000000e8400000| Untracked 
| 133|0x00000000e8500000, 0x00000000e8500000, 0x00000000e8600000|  0%| F|  |TAMS 0x00000000e8500000, 0x00000000e8500000| Untracked 
| 134|0x00000000e8600000, 0x00000000e8600000, 0x00000000e8700000|  0%| F|  |TAMS 0x00000000e8600000, 0x00000000e8600000| Untracked 
| 135|0x00000000e8700000, 0x00000000e8700000, 0x00000000e8800000|  0%| F|  |TAMS 0x00000000e8700000, 0x00000000e8700000| Untracked 
| 136|0x00000000e8800000, 0x00000000e8800000, 0x00000000e8900000|  0%| F|  |TAMS 0x00000000e8800000, 0x00000000e8800000| Untracked 
| 137|0x00000000e8900000, 0x00000000e8900000, 0x00000000e8a00000|  0%| F|  |TAMS 0x00000000e8900000, 0x00000000e8900000| Untracked 
| 138|0x00000000e8a00000, 0x00000000e8a00000, 0x00000000e8b00000|  0%| F|  |TAMS 0x00000000e8a00000, 0x00000000e8a00000| Untracked 
| 139|0x00000000e8b00000, 0x00000000e8b00000, 0x00000000e8c00000|  0%| F|  |TAMS 0x00000000e8b00000, 0x00000000e8b00000| Untracked 
| 140|0x00000000e8c00000, 0x00000000e8c00000, 0x00000000e8d00000|  0%| F|  |TAMS 0x00000000e8c00000, 0x00000000e8c00000| Untracked 
| 141|0x00000000e8d00000, 0x00000000e8d00000, 0x00000000e8e00000|  0%| F|  |TAMS 0x00000000e8d00000, 0x00000000e8d00000| Untracked 
| 142|0x00000000e8e00000, 0x00000000e8e00000, 0x00000000e8f00000|  0%| F|  |TAMS 0x00000000e8e00000, 0x00000000e8e00000| Untracked 
| 143|0x00000000e8f00000, 0x00000000e8f00000, 0x00000000e9000000|  0%| F|  |TAMS 0x00000000e8f00000, 0x00000000e8f00000| Untracked 
| 144|0x00000000e9000000, 0x00000000e9000000, 0x00000000e9100000|  0%| F|  |TAMS 0x00000000e9000000, 0x00000000e9000000| Untracked 
| 145|0x00000000e9100000, 0x00000000e9100000, 0x00000000e9200000|  0%| F|  |TAMS 0x00000000e9100000, 0x00000000e9100000| Untracked 
| 146|0x00000000e9200000, 0x00000000e9200000, 0x00000000e9300000|  0%| F|  |TAMS 0x00000000e9200000, 0x00000000e9200000| Untracked 
| 147|0x00000000e9300000, 0x00000000e9300000, 0x00000000e9400000|  0%| F|  |TAMS 0x00000000e9300000, 0x00000000e9300000| Untracked 
| 148|0x00000000e9400000, 0x00000000e9400000, 0x00000000e9500000|  0%| F|  |TAMS 0x00000000e9400000, 0x00000000e9400000| Untracked 
| 149|0x00000000e9500000, 0x00000000e9500000, 0x00000000e9600000|  0%| F|  |TAMS 0x00000000e9500000, 0x00000000e9500000| Untracked 
| 150|0x00000000e9600000, 0x00000000e9600000, 0x00000000e9700000|  0%| F|  |TAMS 0x00000000e9600000, 0x00000000e9600000| Untracked 
| 151|0x00000000e9700000, 0x00000000e9700000, 0x00000000e9800000|  0%| F|  |TAMS 0x00000000e9700000, 0x00000000e9700000| Untracked 
| 152|0x00000000e9800000, 0x00000000e9800000, 0x00000000e9900000|  0%| F|  |TAMS 0x00000000e9800000, 0x00000000e9800000| Untracked 
| 153|0x00000000e9900000, 0x00000000e9900000, 0x00000000e9a00000|  0%| F|  |TAMS 0x00000000e9900000, 0x00000000e9900000| Untracked 
| 154|0x00000000e9a00000, 0x00000000e9a00000, 0x00000000e9b00000|  0%| F|  |TAMS 0x00000000e9a00000, 0x00000000e9a00000| Untracked 
| 155|0x00000000e9b00000, 0x00000000e9b00000, 0x00000000e9c00000|  0%| F|  |TAMS 0x00000000e9b00000, 0x00000000e9b00000| Untracked 
| 156|0x00000000e9c00000, 0x00000000e9c00000, 0x00000000e9d00000|  0%| F|  |TAMS 0x00000000e9c00000, 0x00000000e9c00000| Untracked 
| 157|0x00000000e9d00000, 0x00000000e9d00000, 0x00000000e9e00000|  0%| F|  |TAMS 0x00000000e9d00000, 0x00000000e9d00000| Untracked 
| 158|0x00000000e9e00000, 0x00000000e9e00000, 0x00000000e9f00000|  0%| F|  |TAMS 0x00000000e9e00000, 0x00000000e9e00000| Untracked 
| 159|0x00000000e9f00000, 0x00000000e9f00000, 0x00000000ea000000|  0%| F|  |TAMS 0x00000000e9f00000, 0x00000000e9f00000| Untracked 
| 160|0x00000000ea000000, 0x00000000ea000000, 0x00000000ea100000|  0%| F|  |TAMS 0x00000000ea000000, 0x00000000ea000000| Untracked 
| 161|0x00000000ea100000, 0x00000000ea100000, 0x00000000ea200000|  0%| F|  |TAMS 0x00000000ea100000, 0x00000000ea100000| Untracked 
| 162|0x00000000ea200000, 0x00000000ea200000, 0x00000000ea300000|  0%| F|  |TAMS 0x00000000ea200000, 0x00000000ea200000| Untracked 
| 163|0x00000000ea300000, 0x00000000ea300000, 0x00000000ea400000|  0%| F|  |TAMS 0x00000000ea300000, 0x00000000ea300000| Untracked 
| 164|0x00000000ea400000, 0x00000000ea400000, 0x00000000ea500000|  0%| F|  |TAMS 0x00000000ea400000, 0x00000000ea400000| Untracked 
| 165|0x00000000ea500000, 0x00000000ea500000, 0x00000000ea600000|  0%| F|  |TAMS 0x00000000ea500000, 0x00000000ea500000| Untracked 
| 166|0x00000000ea600000, 0x00000000ea600000, 0x00000000ea700000|  0%| F|  |TAMS 0x00000000ea600000, 0x00000000ea600000| Untracked 
| 167|0x00000000ea700000, 0x00000000ea700000, 0x00000000ea800000|  0%| F|  |TAMS 0x00000000ea700000, 0x00000000ea700000| Untracked 
| 168|0x00000000ea800000, 0x00000000ea800000, 0x00000000ea900000|  0%| F|  |TAMS 0x00000000ea800000, 0x00000000ea800000| Untracked 
| 169|0x00000000ea900000, 0x00000000ea900000, 0x00000000eaa00000|  0%| F|  |TAMS 0x00000000ea900000, 0x00000000ea900000| Untracked 
| 170|0x00000000eaa00000, 0x00000000eaa00000, 0x00000000eab00000|  0%| F|  |TAMS 0x00000000eaa00000, 0x00000000eaa00000| Untracked 
| 171|0x00000000eab00000, 0x00000000eab00000, 0x00000000eac00000|  0%| F|  |TAMS 0x00000000eab00000, 0x00000000eab00000| Untracked 
| 172|0x00000000eac00000, 0x00000000eac00000, 0x00000000ead00000|  0%| F|  |TAMS 0x00000000eac00000, 0x00000000eac00000| Untracked 
| 173|0x00000000ead00000, 0x00000000ead00000, 0x00000000eae00000|  0%| F|  |TAMS 0x00000000ead00000, 0x00000000ead00000| Untracked 
| 174|0x00000000eae00000, 0x00000000eae00000, 0x00000000eaf00000|  0%| F|  |TAMS 0x00000000eae00000, 0x00000000eae00000| Untracked 
| 175|0x00000000eaf00000, 0x00000000eaf00000, 0x00000000eb000000|  0%| F|  |TAMS 0x00000000eaf00000, 0x00000000eaf00000| Untracked 
| 176|0x00000000eb000000, 0x00000000eb000000, 0x00000000eb100000|  0%| F|  |TAMS 0x00000000eb000000, 0x00000000eb000000| Untracked 
| 177|0x00000000eb100000, 0x00000000eb100000, 0x00000000eb200000|  0%| F|  |TAMS 0x00000000eb100000, 0x00000000eb100000| Untracked 
| 178|0x00000000eb200000, 0x00000000eb200000, 0x00000000eb300000|  0%| F|  |TAMS 0x00000000eb200000, 0x00000000eb200000| Untracked 
| 179|0x00000000eb300000, 0x00000000eb300000, 0x00000000eb400000|  0%| F|  |TAMS 0x00000000eb300000, 0x00000000eb300000| Untracked 
| 180|0x00000000eb400000, 0x00000000eb400000, 0x00000000eb500000|  0%| F|  |TAMS 0x00000000eb400000, 0x00000000eb400000| Untracked 
| 181|0x00000000eb500000, 0x00000000eb500000, 0x00000000eb600000|  0%| F|  |TAMS 0x00000000eb500000, 0x00000000eb500000| Untracked 
| 182|0x00000000eb600000, 0x00000000eb600000, 0x00000000eb700000|  0%| F|  |TAMS 0x00000000eb600000, 0x00000000eb600000| Untracked 
| 183|0x00000000eb700000, 0x00000000eb700000, 0x00000000eb800000|  0%| F|  |TAMS 0x00000000eb700000, 0x00000000eb700000| Untracked 
| 184|0x00000000eb800000, 0x00000000eb800000, 0x00000000eb900000|  0%| F|  |TAMS 0x00000000eb800000, 0x00000000eb800000| Untracked 
| 185|0x00000000eb900000, 0x00000000eb900000, 0x00000000eba00000|  0%| F|  |TAMS 0x00000000eb900000, 0x00000000eb900000| Untracked 
| 186|0x00000000eba00000, 0x00000000eba00000, 0x00000000ebb00000|  0%| F|  |TAMS 0x00000000eba00000, 0x00000000eba00000| Untracked 
| 187|0x00000000ebb00000, 0x00000000ebb00000, 0x00000000ebc00000|  0%| F|  |TAMS 0x00000000ebb00000, 0x00000000ebb00000| Untracked 
| 188|0x00000000ebc00000, 0x00000000ebc00000, 0x00000000ebd00000|  0%| F|  |TAMS 0x00000000ebc00000, 0x00000000ebc00000| Untracked 
| 189|0x00000000ebd00000, 0x00000000ebd00000, 0x00000000ebe00000|  0%| F|  |TAMS 0x00000000ebd00000, 0x00000000ebd00000| Untracked 
| 190|0x00000000ebe00000, 0x00000000ebe00000, 0x00000000ebf00000|  0%| F|  |TAMS 0x00000000ebe00000, 0x00000000ebe00000| Untracked 
| 191|0x00000000ebf00000, 0x00000000ebf00000, 0x00000000ec000000|  0%| F|  |TAMS 0x00000000ebf00000, 0x00000000ebf00000| Untracked 
| 192|0x00000000ec000000, 0x00000000ec000000, 0x00000000ec100000|  0%| F|  |TAMS 0x00000000ec000000, 0x00000000ec000000| Untracked 
| 193|0x00000000ec100000, 0x00000000ec100000, 0x00000000ec200000|  0%| F|  |TAMS 0x00000000ec100000, 0x00000000ec100000| Untracked 
| 194|0x00000000ec200000, 0x00000000ec200000, 0x00000000ec300000|  0%| F|  |TAMS 0x00000000ec200000, 0x00000000ec200000| Untracked 
| 195|0x00000000ec300000, 0x00000000ec300000, 0x00000000ec400000|  0%| F|  |TAMS 0x00000000ec300000, 0x00000000ec300000| Untracked 
| 196|0x00000000ec400000, 0x00000000ec400000, 0x00000000ec500000|  0%| F|  |TAMS 0x00000000ec400000, 0x00000000ec400000| Untracked 
| 197|0x00000000ec500000, 0x00000000ec500000, 0x00000000ec600000|  0%| F|  |TAMS 0x00000000ec500000, 0x00000000ec500000| Untracked 
| 198|0x00000000ec600000, 0x00000000ec600000, 0x00000000ec700000|  0%| F|  |TAMS 0x00000000ec600000, 0x00000000ec600000| Untracked 
| 199|0x00000000ec700000, 0x00000000ec700000, 0x00000000ec800000|  0%| F|  |TAMS 0x00000000ec700000, 0x00000000ec700000| Untracked 
| 200|0x00000000ec800000, 0x00000000ec800000, 0x00000000ec900000|  0%| F|  |TAMS 0x00000000ec800000, 0x00000000ec800000| Untracked 
| 201|0x00000000ec900000, 0x00000000ec900000, 0x00000000eca00000|  0%| F|  |TAMS 0x00000000ec900000, 0x00000000ec900000| Untracked 
| 202|0x00000000eca00000, 0x00000000eca00000, 0x00000000ecb00000|  0%| F|  |TAMS 0x00000000eca00000, 0x00000000eca00000| Untracked 
| 203|0x00000000ecb00000, 0x00000000ecb00000, 0x00000000ecc00000|  0%| F|  |TAMS 0x00000000ecb00000, 0x00000000ecb00000| Untracked 
| 204|0x00000000ecc00000, 0x00000000ecc00000, 0x00000000ecd00000|  0%| F|  |TAMS 0x00000000ecc00000, 0x00000000ecc00000| Untracked 
| 205|0x00000000ecd00000, 0x00000000ecd00000, 0x00000000ece00000|  0%| F|  |TAMS 0x00000000ecd00000, 0x00000000ecd00000| Untracked 
| 206|0x00000000ece00000, 0x00000000ece00000, 0x00000000ecf00000|  0%| F|  |TAMS 0x00000000ece00000, 0x00000000ece00000| Untracked 
| 207|0x00000000ecf00000, 0x00000000ecf00000, 0x00000000ed000000|  0%| F|  |TAMS 0x00000000ecf00000, 0x00000000ecf00000| Untracked 
| 208|0x00000000ed000000, 0x00000000ed000000, 0x00000000ed100000|  0%| F|  |TAMS 0x00000000ed000000, 0x00000000ed000000| Untracked 
| 209|0x00000000ed100000, 0x00000000ed100000, 0x00000000ed200000|  0%| F|  |TAMS 0x00000000ed100000, 0x00000000ed100000| Untracked 
| 210|0x00000000ed200000, 0x00000000ed200000, 0x00000000ed300000|  0%| F|  |TAMS 0x00000000ed200000, 0x00000000ed200000| Untracked 
| 211|0x00000000ed300000, 0x00000000ed300000, 0x00000000ed400000|  0%| F|  |TAMS 0x00000000ed300000, 0x00000000ed300000| Untracked 
| 212|0x00000000ed400000, 0x00000000ed400000, 0x00000000ed500000|  0%| F|  |TAMS 0x00000000ed400000, 0x00000000ed400000| Untracked 
| 213|0x00000000ed500000, 0x00000000ed500000, 0x00000000ed600000|  0%| F|  |TAMS 0x00000000ed500000, 0x00000000ed500000| Untracked 
| 214|0x00000000ed600000, 0x00000000ed600000, 0x00000000ed700000|  0%| F|  |TAMS 0x00000000ed600000, 0x00000000ed600000| Untracked 
| 215|0x00000000ed700000, 0x00000000ed700000, 0x00000000ed800000|  0%| F|  |TAMS 0x00000000ed700000, 0x00000000ed700000| Untracked 
| 216|0x00000000ed800000, 0x00000000ed800000, 0x00000000ed900000|  0%| F|  |TAMS 0x00000000ed800000, 0x00000000ed800000| Untracked 
| 217|0x00000000ed900000, 0x00000000ed900000, 0x00000000eda00000|  0%| F|  |TAMS 0x00000000ed900000, 0x00000000ed900000| Untracked 
| 218|0x00000000eda00000, 0x00000000eda00000, 0x00000000edb00000|  0%| F|  |TAMS 0x00000000eda00000, 0x00000000eda00000| Untracked 
| 219|0x00000000edb00000, 0x00000000edb00000, 0x00000000edc00000|  0%| F|  |TAMS 0x00000000edb00000, 0x00000000edb00000| Untracked 
| 220|0x00000000edc00000, 0x00000000edc00000, 0x00000000edd00000|  0%| F|  |TAMS 0x00000000edc00000, 0x00000000edc00000| Untracked 
| 221|0x00000000edd00000, 0x00000000edd00000, 0x00000000ede00000|  0%| F|  |TAMS 0x00000000edd00000, 0x00000000edd00000| Untracked 
| 222|0x00000000ede00000, 0x00000000ede00000, 0x00000000edf00000|  0%| F|  |TAMS 0x00000000ede00000, 0x00000000ede00000| Untracked 
| 223|0x00000000edf00000, 0x00000000edf00000, 0x00000000ee000000|  0%| F|  |TAMS 0x00000000edf00000, 0x00000000edf00000| Untracked 
| 224|0x00000000ee000000, 0x00000000ee000000, 0x00000000ee100000|  0%| F|  |TAMS 0x00000000ee000000, 0x00000000ee000000| Untracked 
| 225|0x00000000ee100000, 0x00000000ee100000, 0x00000000ee200000|  0%| F|  |TAMS 0x00000000ee100000, 0x00000000ee100000| Untracked 
| 226|0x00000000ee200000, 0x00000000ee200000, 0x00000000ee300000|  0%| F|  |TAMS 0x00000000ee200000, 0x00000000ee200000| Untracked 
| 227|0x00000000ee300000, 0x00000000ee300000, 0x00000000ee400000|  0%| F|  |TAMS 0x00000000ee300000, 0x00000000ee300000| Untracked 
| 228|0x00000000ee400000, 0x00000000ee400000, 0x00000000ee500000|  0%| F|  |TAMS 0x00000000ee400000, 0x00000000ee400000| Untracked 
| 229|0x00000000ee500000, 0x00000000ee500000, 0x00000000ee600000|  0%| F|  |TAMS 0x00000000ee500000, 0x00000000ee500000| Untracked 
| 230|0x00000000ee600000, 0x00000000ee600000, 0x00000000ee700000|  0%| F|  |TAMS 0x00000000ee600000, 0x00000000ee600000| Untracked 
| 231|0x00000000ee700000, 0x00000000ee700000, 0x00000000ee800000|  0%| F|  |TAMS 0x00000000ee700000, 0x00000000ee700000| Untracked 
| 232|0x00000000ee800000, 0x00000000ee800000, 0x00000000ee900000|  0%| F|  |TAMS 0x00000000ee800000, 0x00000000ee800000| Untracked 
| 233|0x00000000ee900000, 0x00000000ee900000, 0x00000000eea00000|  0%| F|  |TAMS 0x00000000ee900000, 0x00000000ee900000| Untracked 
| 234|0x00000000eea00000, 0x00000000eea00000, 0x00000000eeb00000|  0%| F|  |TAMS 0x00000000eea00000, 0x00000000eea00000| Untracked 
| 235|0x00000000eeb00000, 0x00000000eeb00000, 0x00000000eec00000|  0%| F|  |TAMS 0x00000000eeb00000, 0x00000000eeb00000| Untracked 
| 236|0x00000000eec00000, 0x00000000eec00000, 0x00000000eed00000|  0%| F|  |TAMS 0x00000000eec00000, 0x00000000eec00000| Untracked 
| 237|0x00000000eed00000, 0x00000000eed00000, 0x00000000eee00000|  0%| F|  |TAMS 0x00000000eed00000, 0x00000000eed00000| Untracked 
| 238|0x00000000eee00000, 0x00000000eee00000, 0x00000000eef00000|  0%| F|  |TAMS 0x00000000eee00000, 0x00000000eee00000| Untracked 
| 239|0x00000000eef00000, 0x00000000eef00000, 0x00000000ef000000|  0%| F|  |TAMS 0x00000000eef00000, 0x00000000eef00000| Untracked 
| 240|0x00000000ef000000, 0x00000000ef000000, 0x00000000ef100000|  0%| F|  |TAMS 0x00000000ef000000, 0x00000000ef000000| Untracked 
| 241|0x00000000ef100000, 0x00000000ef100000, 0x00000000ef200000|  0%| F|  |TAMS 0x00000000ef100000, 0x00000000ef100000| Untracked 
| 242|0x00000000ef200000, 0x00000000ef200000, 0x00000000ef300000|  0%| F|  |TAMS 0x00000000ef200000, 0x00000000ef200000| Untracked 
| 243|0x00000000ef300000, 0x00000000ef300000, 0x00000000ef400000|  0%| F|  |TAMS 0x00000000ef300000, 0x00000000ef300000| Untracked 
| 244|0x00000000ef400000, 0x00000000ef400000, 0x00000000ef500000|  0%| F|  |TAMS 0x00000000ef400000, 0x00000000ef400000| Untracked 
| 245|0x00000000ef500000, 0x00000000ef500000, 0x00000000ef600000|  0%| F|  |TAMS 0x00000000ef500000, 0x00000000ef500000| Untracked 
| 246|0x00000000ef600000, 0x00000000ef600000, 0x00000000ef700000|  0%| F|  |TAMS 0x00000000ef600000, 0x00000000ef600000| Untracked 
| 247|0x00000000ef700000, 0x00000000ef700000, 0x00000000ef800000|  0%| F|  |TAMS 0x00000000ef700000, 0x00000000ef700000| Untracked 
| 248|0x00000000ef800000, 0x00000000ef800000, 0x00000000ef900000|  0%| F|  |TAMS 0x00000000ef800000, 0x00000000ef800000| Untracked 
| 249|0x00000000ef900000, 0x00000000ef9bdd80, 0x00000000efa00000| 74%| S|CS|TAMS 0x00000000ef900000, 0x00000000ef900000| Complete 
| 250|0x00000000efa00000, 0x00000000efb00000, 0x00000000efb00000|100%| S|CS|TAMS 0x00000000efa00000, 0x00000000efa00000| Complete 
| 251|0x00000000efb00000, 0x00000000efc00000, 0x00000000efc00000|100%| S|CS|TAMS 0x00000000efb00000, 0x00000000efb00000| Complete 
| 252|0x00000000efc00000, 0x00000000efd00000, 0x00000000efd00000|100%| S|CS|TAMS 0x00000000efc00000, 0x00000000efc00000| Complete 
| 253|0x00000000efd00000, 0x00000000efe00000, 0x00000000efe00000|100%| S|CS|TAMS 0x00000000efd00000, 0x00000000efd00000| Complete 
| 254|0x00000000efe00000, 0x00000000eff00000, 0x00000000eff00000|100%| S|CS|TAMS 0x00000000efe00000, 0x00000000efe00000| Complete 
| 255|0x00000000eff00000, 0x00000000f0000000, 0x00000000f0000000|100%| S|CS|TAMS 0x00000000eff00000, 0x00000000eff00000| Complete 
| 256|0x00000000f0000000, 0x00000000f0000000, 0x00000000f0100000|  0%| F|  |TAMS 0x00000000f0000000, 0x00000000f0000000| Untracked 
| 257|0x00000000f0100000, 0x00000000f0100000, 0x00000000f0200000|  0%| F|  |TAMS 0x00000000f0100000, 0x00000000f0100000| Untracked 
| 258|0x00000000f0200000, 0x00000000f0200000, 0x00000000f0300000|  0%| F|  |TAMS 0x00000000f0200000, 0x00000000f0200000| Untracked 
| 259|0x00000000f0300000, 0x00000000f0300000, 0x00000000f0400000|  0%| F|  |TAMS 0x00000000f0300000, 0x00000000f0300000| Untracked 
| 260|0x00000000f0400000, 0x00000000f0400000, 0x00000000f0500000|  0%| F|  |TAMS 0x00000000f0400000, 0x00000000f0400000| Untracked 
| 261|0x00000000f0500000, 0x00000000f0500000, 0x00000000f0600000|  0%| F|  |TAMS 0x00000000f0500000, 0x00000000f0500000| Untracked 
| 262|0x00000000f0600000, 0x00000000f0600000, 0x00000000f0700000|  0%| F|  |TAMS 0x00000000f0600000, 0x00000000f0600000| Untracked 
| 263|0x00000000f0700000, 0x00000000f0700000, 0x00000000f0800000|  0%| F|  |TAMS 0x00000000f0700000, 0x00000000f0700000| Untracked 
| 264|0x00000000f0800000, 0x00000000f0800000, 0x00000000f0900000|  0%| F|  |TAMS 0x00000000f0800000, 0x00000000f0800000| Untracked 
| 265|0x00000000f0900000, 0x00000000f0900000, 0x00000000f0a00000|  0%| F|  |TAMS 0x00000000f0900000, 0x00000000f0900000| Untracked 
| 266|0x00000000f0a00000, 0x00000000f0a00000, 0x00000000f0b00000|  0%| F|  |TAMS 0x00000000f0a00000, 0x00000000f0a00000| Untracked 
| 267|0x00000000f0b00000, 0x00000000f0b00000, 0x00000000f0c00000|  0%| F|  |TAMS 0x00000000f0b00000, 0x00000000f0b00000| Untracked 
| 268|0x00000000f0c00000, 0x00000000f0c00000, 0x00000000f0d00000|  0%| F|  |TAMS 0x00000000f0c00000, 0x00000000f0c00000| Untracked 
| 269|0x00000000f0d00000, 0x00000000f0d00000, 0x00000000f0e00000|  0%| F|  |TAMS 0x00000000f0d00000, 0x00000000f0d00000| Untracked 
| 270|0x00000000f0e00000, 0x00000000f0e00000, 0x00000000f0f00000|  0%| F|  |TAMS 0x00000000f0e00000, 0x00000000f0e00000| Untracked 
| 271|0x00000000f0f00000, 0x00000000f0f00000, 0x00000000f1000000|  0%| F|  |TAMS 0x00000000f0f00000, 0x00000000f0f00000| Untracked 
| 272|0x00000000f1000000, 0x00000000f1000000, 0x00000000f1100000|  0%| F|  |TAMS 0x00000000f1000000, 0x00000000f1000000| Untracked 
| 273|0x00000000f1100000, 0x00000000f1100000, 0x00000000f1200000|  0%| F|  |TAMS 0x00000000f1100000, 0x00000000f1100000| Untracked 
| 274|0x00000000f1200000, 0x00000000f1200000, 0x00000000f1300000|  0%| F|  |TAMS 0x00000000f1200000, 0x00000000f1200000| Untracked 
| 275|0x00000000f1300000, 0x00000000f1300000, 0x00000000f1400000|  0%| F|  |TAMS 0x00000000f1300000, 0x00000000f1300000| Untracked 
| 276|0x00000000f1400000, 0x00000000f1400000, 0x00000000f1500000|  0%| F|  |TAMS 0x00000000f1400000, 0x00000000f1400000| Untracked 
| 277|0x00000000f1500000, 0x00000000f1500000, 0x00000000f1600000|  0%| F|  |TAMS 0x00000000f1500000, 0x00000000f1500000| Untracked 
| 278|0x00000000f1600000, 0x00000000f1600000, 0x00000000f1700000|  0%| F|  |TAMS 0x00000000f1600000, 0x00000000f1600000| Untracked 
| 279|0x00000000f1700000, 0x00000000f1700000, 0x00000000f1800000|  0%| F|  |TAMS 0x00000000f1700000, 0x00000000f1700000| Untracked 
| 280|0x00000000f1800000, 0x00000000f1800000, 0x00000000f1900000|  0%| F|  |TAMS 0x00000000f1800000, 0x00000000f1800000| Untracked 
| 281|0x00000000f1900000, 0x00000000f1900000, 0x00000000f1a00000|  0%| F|  |TAMS 0x00000000f1900000, 0x00000000f1900000| Untracked 
| 282|0x00000000f1a00000, 0x00000000f1a00000, 0x00000000f1b00000|  0%| F|  |TAMS 0x00000000f1a00000, 0x00000000f1a00000| Untracked 
| 283|0x00000000f1b00000, 0x00000000f1b00000, 0x00000000f1c00000|  0%| F|  |TAMS 0x00000000f1b00000, 0x00000000f1b00000| Untracked 
| 284|0x00000000f1c00000, 0x00000000f1c00000, 0x00000000f1d00000|  0%| F|  |TAMS 0x00000000f1c00000, 0x00000000f1c00000| Untracked 
| 285|0x00000000f1d00000, 0x00000000f1d00000, 0x00000000f1e00000|  0%| F|  |TAMS 0x00000000f1d00000, 0x00000000f1d00000| Untracked 
| 286|0x00000000f1e00000, 0x00000000f1e7df28, 0x00000000f1f00000| 49%| E|  |TAMS 0x00000000f1e00000, 0x00000000f1e00000| Complete 
| 287|0x00000000f1f00000, 0x00000000f2000000, 0x00000000f2000000|100%| E|CS|TAMS 0x00000000f1f00000, 0x00000000f1f00000| Complete 
| 288|0x00000000f2000000, 0x00000000f2100000, 0x00000000f2100000|100%| E|CS|TAMS 0x00000000f2000000, 0x00000000f2000000| Complete 
| 289|0x00000000f2100000, 0x00000000f2200000, 0x00000000f2200000|100%| E|CS|TAMS 0x00000000f2100000, 0x00000000f2100000| Complete 
| 290|0x00000000f2200000, 0x00000000f2300000, 0x00000000f2300000|100%| E|CS|TAMS 0x00000000f2200000, 0x00000000f2200000| Complete 
| 291|0x00000000f2300000, 0x00000000f2400000, 0x00000000f2400000|100%| E|  |TAMS 0x00000000f2300000, 0x00000000f2300000| Complete 
| 292|0x00000000f2400000, 0x00000000f2500000, 0x00000000f2500000|100%| E|CS|TAMS 0x00000000f2400000, 0x00000000f2400000| Complete 
| 293|0x00000000f2500000, 0x00000000f2600000, 0x00000000f2600000|100%| E|CS|TAMS 0x00000000f2500000, 0x00000000f2500000| Complete 
| 294|0x00000000f2600000, 0x00000000f2700000, 0x00000000f2700000|100%| E|CS|TAMS 0x00000000f2600000, 0x00000000f2600000| Complete 
| 295|0x00000000f2700000, 0x00000000f2800000, 0x00000000f2800000|100%| E|CS|TAMS 0x00000000f2700000, 0x00000000f2700000| Complete 
| 296|0x00000000f2800000, 0x00000000f2900000, 0x00000000f2900000|100%| E|CS|TAMS 0x00000000f2800000, 0x00000000f2800000| Complete 
| 297|0x00000000f2900000, 0x00000000f2a00000, 0x00000000f2a00000|100%| E|CS|TAMS 0x00000000f2900000, 0x00000000f2900000| Complete 
| 298|0x00000000f2a00000, 0x00000000f2b00000, 0x00000000f2b00000|100%| E|CS|TAMS 0x00000000f2a00000, 0x00000000f2a00000| Complete 
| 299|0x00000000f2b00000, 0x00000000f2c00000, 0x00000000f2c00000|100%| E|CS|TAMS 0x00000000f2b00000, 0x00000000f2b00000| Complete 
| 300|0x00000000f2c00000, 0x00000000f2d00000, 0x00000000f2d00000|100%| E|CS|TAMS 0x00000000f2c00000, 0x00000000f2c00000| Complete 
| 301|0x00000000f2d00000, 0x00000000f2e00000, 0x00000000f2e00000|100%| E|CS|TAMS 0x00000000f2d00000, 0x00000000f2d00000| Complete 
| 302|0x00000000f2e00000, 0x00000000f2f00000, 0x00000000f2f00000|100%| E|CS|TAMS 0x00000000f2e00000, 0x00000000f2e00000| Complete 
| 303|0x00000000f2f00000, 0x00000000f3000000, 0x00000000f3000000|100%| E|CS|TAMS 0x00000000f2f00000, 0x00000000f2f00000| Complete 
| 304|0x00000000f3000000, 0x00000000f3100000, 0x00000000f3100000|100%| E|CS|TAMS 0x00000000f3000000, 0x00000000f3000000| Complete 
| 305|0x00000000f3100000, 0x00000000f3200000, 0x00000000f3200000|100%| E|CS|TAMS 0x00000000f3100000, 0x00000000f3100000| Complete 
| 306|0x00000000f3200000, 0x00000000f3300000, 0x00000000f3300000|100%| E|CS|TAMS 0x00000000f3200000, 0x00000000f3200000| Complete 
| 307|0x00000000f3300000, 0x00000000f3400000, 0x00000000f3400000|100%| E|CS|TAMS 0x00000000f3300000, 0x00000000f3300000| Complete 
| 308|0x00000000f3400000, 0x00000000f3500000, 0x00000000f3500000|100%| E|CS|TAMS 0x00000000f3400000, 0x00000000f3400000| Complete 
| 309|0x00000000f3500000, 0x00000000f3600000, 0x00000000f3600000|100%| E|CS|TAMS 0x00000000f3500000, 0x00000000f3500000| Complete 
| 310|0x00000000f3600000, 0x00000000f3700000, 0x00000000f3700000|100%| E|CS|TAMS 0x00000000f3600000, 0x00000000f3600000| Complete 
| 311|0x00000000f3700000, 0x00000000f3800000, 0x00000000f3800000|100%| E|CS|TAMS 0x00000000f3700000, 0x00000000f3700000| Complete 
| 312|0x00000000f3800000, 0x00000000f3900000, 0x00000000f3900000|100%| E|CS|TAMS 0x00000000f3800000, 0x00000000f3800000| Complete 
| 313|0x00000000f3900000, 0x00000000f3a00000, 0x00000000f3a00000|100%| E|CS|TAMS 0x00000000f3900000, 0x00000000f3900000| Complete 
| 314|0x00000000f3a00000, 0x00000000f3b00000, 0x00000000f3b00000|100%| E|CS|TAMS 0x00000000f3a00000, 0x00000000f3a00000| Complete 
| 315|0x00000000f3b00000, 0x00000000f3c00000, 0x00000000f3c00000|100%| E|CS|TAMS 0x00000000f3b00000, 0x00000000f3b00000| Complete 
| 316|0x00000000f3c00000, 0x00000000f3d00000, 0x00000000f3d00000|100%| E|CS|TAMS 0x00000000f3c00000, 0x00000000f3c00000| Complete 
| 317|0x00000000f3d00000, 0x00000000f3e00000, 0x00000000f3e00000|100%| E|CS|TAMS 0x00000000f3d00000, 0x00000000f3d00000| Complete 
| 318|0x00000000f3e00000, 0x00000000f3f00000, 0x00000000f3f00000|100%| E|CS|TAMS 0x00000000f3e00000, 0x00000000f3e00000| Complete 
| 319|0x00000000f3f00000, 0x00000000f4000000, 0x00000000f4000000|100%| E|CS|TAMS 0x00000000f3f00000, 0x00000000f3f00000| Complete 
| 320|0x00000000f4000000, 0x00000000f4100000, 0x00000000f4100000|100%| E|CS|TAMS 0x00000000f4000000, 0x00000000f4000000| Complete 
| 321|0x00000000f4100000, 0x00000000f4200000, 0x00000000f4200000|100%| E|CS|TAMS 0x00000000f4100000, 0x00000000f4100000| Complete 
| 407|0x00000000f9700000, 0x00000000f9800000, 0x00000000f9800000|100%| E|CS|TAMS 0x00000000f9700000, 0x00000000f9700000| Complete 
| 408|0x00000000f9800000, 0x00000000f9900000, 0x00000000f9900000|100%| E|CS|TAMS 0x00000000f9800000, 0x00000000f9800000| Complete 

Card table byte_map: [0x000001c2adda0000,0x000001c2adea0000] _byte_map_base: 0x000001c2ad6a0000

Marking Bits (Prev, Next): (CMBitMap*) 0x000001c296977470, (CMBitMap*) 0x000001c2969774b0
 Prev Bits: [0x000001c2adfa0000, 0x000001c2ae7a0000)
 Next Bits: [0x000001c2ae7a0000, 0x000001c2aefa0000)

Polling page: 0x000001c294800000

Metaspace:

Usage:
  Non-class:     65.47 MB used.
      Class:      9.89 MB used.
       Both:     75.37 MB used.

Virtual space:
  Non-class space:      128.00 MB reserved,      66.12 MB ( 52%) committed,  2 nodes.
      Class space:      320.00 MB reserved,      10.56 MB (  3%) committed,  1 nodes.
             Both:      448.00 MB reserved,      76.69 MB ( 17%) committed. 

Chunk freelists:
   Non-Class:  13.12 MB
       Class:  5.36 MB
        Both:  18.48 MB

MaxMetaspaceSize: 384.00 MB
CompressedClassSpaceSize: 320.00 MB
Initial GC threshold: 21.00 MB
Current GC threshold: 127.19 MB
CDS: on
MetaspaceReclaimPolicy: balanced
 - commit_granule_bytes: 65536.
 - commit_granule_words: 8192.
 - virtual_space_node_default_size: 8388608.
 - enlarge_chunks_in_place: 1.
 - new_chunks_are_fully_committed: 0.
 - uncommit_free_chunks: 1.
 - use_allocation_guard: 0.
 - handle_deallocations: 1.


Internal statistics:

num_allocs_failed_limit: 12.
num_arena_births: 2794.
num_arena_deaths: 578.
num_vsnodes_births: 3.
num_vsnodes_deaths: 0.
num_space_committed: 1429.
num_space_uncommitted: 202.
num_chunks_returned_to_freelist: 2970.
num_chunks_taken_from_freelist: 9058.
num_chunk_merges: 504.
num_chunk_splits: 4608.
num_chunks_enlarged: 2464.
num_inconsistent_stats: 0.

CodeHeap 'non-profiled nmethods': size=119168Kb used=25557Kb max_used=25557Kb free=93610Kb
 bounds [0x000001c2a5d90000, 0x000001c2a76a0000, 0x000001c2ad1f0000]
CodeHeap 'profiled nmethods': size=119104Kb used=36988Kb max_used=36988Kb free=82115Kb
 bounds [0x000001c29e1f0000, 0x000001c2a0620000, 0x000001c2a5640000]
CodeHeap 'non-nmethods': size=7488Kb used=2408Kb max_used=4131Kb free=5080Kb
 bounds [0x000001c2a5640000, 0x000001c2a5a50000, 0x000001c2a5d90000]
 total_blobs=21815 nmethods=20930 adapters=794
 compilation: enabled
              stopped_count=0, restarted_count=0
 full_count=0

Compilation events (20 events):
Event: 2870.953 Thread 0x000001c2b21a1cc0 nmethod 28110 0x000001c29f934490 code [0x000001c29f934620, 0x000001c29f934878]
Event: 2870.966 Thread 0x000001c2b21a1cc0 28113       3       groovyjarjarasm.asm.MethodWriter::visitInsn (115 bytes)
Event: 2870.967 Thread 0x000001c2b21a1cc0 nmethod 28113 0x000001c2a0516390 code [0x000001c2a0516560, 0x000001c2a05169e8]
Event: 2870.967 Thread 0x000001c2ce7edb50 28098       4       java.lang.Class::privateGetDeclaredMethods (64 bytes)
Event: 2870.969 Thread 0x000001c2b21a1cc0 28114   !   3       jdk.internal.reflect.GeneratedConstructorAccessor52::newInstance (61 bytes)
Event: 2870.969 Thread 0x000001c2b21a1cc0 nmethod 28114 0x000001c2a0612f90 code [0x000001c2a0613300, 0x000001c2a06149f8]
Event: 2870.975 Thread 0x000001c2ce7edb50 nmethod 28098 0x000001c2a75ea810 code [0x000001c2a75eaa20, 0x000001c2a75eb6a0]
Event: 2870.975 Thread 0x000001c2ce7edb50 28096       4       java.lang.Class::getInterfaces (49 bytes)
Event: 2870.976 Thread 0x000001c2b21a1cc0 28116       3       org.codehaus.groovy.runtime.metaclass.MetaMethodIndex::copyNonPrivateNonNewMetaMethods (24 bytes)
Event: 2870.976 Thread 0x000001c2b21a1cc0 nmethod 28116 0x000001c29f99e190 code [0x000001c29f99e340, 0x000001c29f99e568]
Event: 2870.979 Thread 0x000001c2ce7edb50 nmethod 28096 0x000001c2a75e3910 code [0x000001c2a75e3ac0, 0x000001c2a75e4188]
Event: 2870.979 Thread 0x000001c2ce7edb50 28069 %     4       org.codehaus.groovy.runtime.metaclass.MetaMethodIndex::resize @ 20 (103 bytes)
Event: 2870.983 Thread 0x000001c2ce7edb50 nmethod 28069% 0x000001c2a75e9d90 code [0x000001c2a75e9f20, 0x000001c2a75ea458]
Event: 2870.983 Thread 0x000001c2ce7edb50 28078       4       java.util.Collections::unmodifiableMap (20 bytes)
Event: 2870.984 Thread 0x000001c2ce7edb50 nmethod 28078 0x000001c2a71c5990 code [0x000001c2a71c5b20, 0x000001c2a71c5c18]
Event: 2870.984 Thread 0x000001c2ce7edb50 28112       4       jdk.internal.loader.BuiltinClassLoader::hasClassPath (13 bytes)
Event: 2870.984 Thread 0x000001c2ce7edb50 nmethod 28112 0x000001c2a71c5510 code [0x000001c2a71c5680, 0x000001c2a71c5718]
Event: 2870.984 Thread 0x000001c2ce7edb50 28115       4       java.lang.CharacterDataLatin1::getPropertiesEx (11 bytes)
Event: 2870.985 Thread 0x000001c2ce7edb50 nmethod 28115 0x000001c2a75e3610 code [0x000001c2a75e3780, 0x000001c2a75e3838]
Event: 2870.985 Thread 0x000001c2ce7edb50 28099       4       java.lang.Class::getMethod (59 bytes)

GC Heap History (20 events):
Event: 2544.300 GC heap before
{Heap before GC invocations=136 (full 0):
 garbage-first heap   total 348160K, used 164667K [0x00000000e0000000, 0x0000000100000000)
  region size 1024K, 79 young (80896K), 2 survivors (2048K)
 Metaspace       used 76637K, committed 77952K, reserved 458752K
  class space    used 10001K, committed 10688K, reserved 327680K
}
Event: 2544.305 GC heap after
{Heap after GC invocations=137 (full 0):
 garbage-first heap   total 348160K, used 98162K [0x00000000e0000000, 0x0000000100000000)
  region size 1024K, 12 young (12288K), 12 survivors (12288K)
 Metaspace       used 76637K, committed 77952K, reserved 458752K
  class space    used 10001K, committed 10688K, reserved 327680K
}
Event: 2576.257 GC heap before
{Heap before GC invocations=138 (full 0):
 garbage-first heap   total 348160K, used 269170K [0x00000000e0000000, 0x0000000100000000)
  region size 1024K, 179 young (183296K), 12 survivors (12288K)
 Metaspace       used 76590K, committed 77888K, reserved 458752K
  class space    used 9997K, committed 10688K, reserved 327680K
}
Event: 2576.262 GC heap after
{Heap after GC invocations=139 (full 0):
 garbage-first heap   total 348160K, used 101645K [0x00000000e0000000, 0x0000000100000000)
  region size 1024K, 14 young (14336K), 14 survivors (14336K)
 Metaspace       used 76590K, committed 77888K, reserved 458752K
  class space    used 9997K, committed 10688K, reserved 327680K
}
Event: 2576.266 GC heap before
{Heap before GC invocations=139 (full 0):
 garbage-first heap   total 348160K, used 104717K [0x00000000e0000000, 0x0000000100000000)
  region size 1024K, 17 young (17408K), 14 survivors (14336K)
 Metaspace       used 76590K, committed 77888K, reserved 458752K
  class space    used 9997K, committed 10688K, reserved 327680K
}
Event: 2576.270 GC heap after
{Heap after GC invocations=140 (full 0):
 garbage-first heap   total 348160K, used 88671K [0x00000000e0000000, 0x0000000100000000)
  region size 1024K, 1 young (1024K), 1 survivors (1024K)
 Metaspace       used 76590K, committed 77888K, reserved 458752K
  class space    used 9997K, committed 10688K, reserved 327680K
}
Event: 2576.387 GC heap before
{Heap before GC invocations=140 (full 0):
 garbage-first heap   total 348160K, used 174687K [0x00000000e0000000, 0x0000000100000000)
  region size 1024K, 87 young (89088K), 1 survivors (1024K)
 Metaspace       used 76685K, committed 78016K, reserved 458752K
  class space    used 10006K, committed 10688K, reserved 327680K
}
Event: 2576.392 GC heap after
{Heap after GC invocations=141 (full 0):
 garbage-first heap   total 418816K, used 100292K [0x00000000e0000000, 0x0000000100000000)
  region size 1024K, 13 young (13312K), 13 survivors (13312K)
 Metaspace       used 76685K, committed 78016K, reserved 458752K
  class space    used 10006K, committed 10688K, reserved 327680K
}
Event: 2610.310 GC heap before
{Heap before GC invocations=142 (full 0):
 garbage-first heap   total 358400K, used 297924K [0x00000000e0000000, 0x0000000100000000)
  region size 1024K, 210 young (215040K), 13 survivors (13312K)
 Metaspace       used 76631K, committed 77952K, reserved 458752K
  class space    used 9998K, committed 10688K, reserved 327680K
}
Event: 2610.315 GC heap after
{Heap after GC invocations=143 (full 0):
 garbage-first heap   total 358400K, used 100726K [0x00000000e0000000, 0x0000000100000000)
  region size 1024K, 16 young (16384K), 16 survivors (16384K)
 Metaspace       used 76631K, committed 77952K, reserved 458752K
  class space    used 9998K, committed 10688K, reserved 327680K
}
Event: 2610.317 GC heap before
{Heap before GC invocations=143 (full 0):
 garbage-first heap   total 358400K, used 101750K [0x00000000e0000000, 0x0000000100000000)
  region size 1024K, 17 young (17408K), 16 survivors (16384K)
 Metaspace       used 76631K, committed 77952K, reserved 458752K
  class space    used 9998K, committed 10688K, reserved 327680K
}
Event: 2610.321 GC heap after
{Heap after GC invocations=144 (full 0):
 garbage-first heap   total 358400K, used 90415K [0x00000000e0000000, 0x0000000100000000)
  region size 1024K, 2 young (2048K), 2 survivors (2048K)
 Metaspace       used 76631K, committed 77952K, reserved 458752K
  class space    used 9998K, committed 10688K, reserved 327680K
}
Event: 2710.783 GC heap before
{Heap before GC invocations=144 (full 0):
 garbage-first heap   total 358400K, used 274735K [0x00000000e0000000, 0x0000000100000000)
  region size 1024K, 183 young (187392K), 2 survivors (2048K)
 Metaspace       used 76829K, committed 78208K, reserved 458752K
  class space    used 9998K, committed 10688K, reserved 327680K
}
Event: 2710.786 GC heap after
{Heap after GC invocations=145 (full 0):
 garbage-first heap   total 358400K, used 94595K [0x00000000e0000000, 0x0000000100000000)
  region size 1024K, 6 young (6144K), 6 survivors (6144K)
 Metaspace       used 76829K, committed 78208K, reserved 458752K
  class space    used 9998K, committed 10688K, reserved 327680K
}
Event: 2843.088 GC heap before
{Heap before GC invocations=146 (full 0):
 garbage-first heap   total 334848K, used 281337K [0x00000000e0000000, 0x0000000100000000)
  region size 1024K, 190 young (194560K), 6 survivors (6144K)
 Metaspace       used 75156K, committed 78144K, reserved 458752K
  class space    used 9802K, committed 10688K, reserved 327680K
}
Event: 2843.092 GC heap after
{Heap after GC invocations=147 (full 0):
 garbage-first heap   total 334848K, used 96777K [0x00000000e0000000, 0x0000000100000000)
  region size 1024K, 8 young (8192K), 8 survivors (8192K)
 Metaspace       used 75156K, committed 78144K, reserved 458752K
  class space    used 9802K, committed 10688K, reserved 327680K
}
Event: 2843.101 GC heap before
{Heap before GC invocations=147 (full 0):
 garbage-first heap   total 334848K, used 103945K [0x00000000e0000000, 0x0000000100000000)
  region size 1024K, 16 young (16384K), 8 survivors (8192K)
 Metaspace       used 75156K, committed 78144K, reserved 458752K
  class space    used 9802K, committed 10688K, reserved 327680K
}
Event: 2843.104 GC heap after
{Heap after GC invocations=148 (full 0):
 garbage-first heap   total 334848K, used 87645K [0x00000000e0000000, 0x0000000100000000)
  region size 1024K, 2 young (2048K), 2 survivors (2048K)
 Metaspace       used 75156K, committed 78144K, reserved 458752K
  class space    used 9802K, committed 10688K, reserved 327680K
}
Event: 2870.681 GC heap before
{Heap before GC invocations=148 (full 0):
 garbage-first heap   total 334848K, used 157277K [0x00000000e0000000, 0x0000000100000000)
  region size 1024K, 71 young (72704K), 2 survivors (2048K)
 Metaspace       used 75214K, committed 78144K, reserved 458752K
  class space    used 9818K, committed 10688K, reserved 327680K
}
Event: 2870.684 GC heap after
{Heap after GC invocations=149 (full 0):
 garbage-first heap   total 334848K, used 93149K [0x00000000e0000000, 0x0000000100000000)
  region size 1024K, 7 young (7168K), 7 survivors (7168K)
 Metaspace       used 75214K, committed 78144K, reserved 458752K
  class space    used 9818K, committed 10688K, reserved 327680K
}

Deoptimization events (20 events):
Event: 2870.944 Thread 0x000001c2d4303520 Uncommon trap: trap_request=0xffffff45 fr.pc=0x000001c2a5f74358 relative=0x0000000000000998
Event: 2870.944 Thread 0x000001c2d4303520 Uncommon trap: reason=unstable_if action=reinterpret pc=0x000001c2a5f74358 method=org.objectweb.asm.Label.resolve([BI)Z @ 80 c2
Event: 2870.944 Thread 0x000001c2d4303520 DEOPT PACKING pc=0x000001c2a5f74358 sp=0x000000145d5f3390
Event: 2870.944 Thread 0x000001c2d4303520 DEOPT UNPACKING pc=0x000001c2a56923a3 sp=0x000000145d5f32b0 mode 2
Event: 2870.944 Thread 0x000001c2d4303520 Uncommon trap: trap_request=0xffffff45 fr.pc=0x000001c2a60545b0 relative=0x0000000000000210
Event: 2870.944 Thread 0x000001c2d4303520 Uncommon trap: reason=unstable_if action=reinterpret pc=0x000001c2a60545b0 method=org.objectweb.asm.Label.resolve([BI)Z @ 80 c2
Event: 2870.944 Thread 0x000001c2d4303520 DEOPT PACKING pc=0x000001c2a60545b0 sp=0x000000145d5f3320
Event: 2870.944 Thread 0x000001c2d4303520 DEOPT UNPACKING pc=0x000001c2a56923a3 sp=0x000000145d5f32a0 mode 2
Event: 2870.965 Thread 0x000001c2d4303520 Uncommon trap: trap_request=0xffffffde fr.pc=0x000001c2a71b86fc relative=0x00000000000001dc
Event: 2870.965 Thread 0x000001c2d4303520 Uncommon trap: reason=class_check action=maybe_recompile pc=0x000001c2a71b86fc method=java.io.FilterInputStream.available()I @ 4 c2
Event: 2870.965 Thread 0x000001c2d4303520 DEOPT PACKING pc=0x000001c2a71b86fc sp=0x000000145d5f81c0
Event: 2870.965 Thread 0x000001c2d4303520 DEOPT UNPACKING pc=0x000001c2a56923a3 sp=0x000000145d5f8188 mode 2
Event: 2870.973 Thread 0x000001c2d4305890 Uncommon trap: trap_request=0xffffff45 fr.pc=0x000001c2a6ecb948 relative=0x00000000000003e8
Event: 2870.973 Thread 0x000001c2d4305890 Uncommon trap: reason=unstable_if action=reinterpret pc=0x000001c2a6ecb948 method=java.util.concurrent.LinkedBlockingQueue.take()Ljava/lang/Object; @ 20 c2
Event: 2870.973 Thread 0x000001c2d4305890 DEOPT PACKING pc=0x000001c2a6ecb948 sp=0x000000145e7ff250
Event: 2870.973 Thread 0x000001c2d4305890 DEOPT UNPACKING pc=0x000001c2a56923a3 sp=0x000000145e7ff188 mode 2
Event: 2870.981 Thread 0x000001c2d4303520 Uncommon trap: trap_request=0xffffffde fr.pc=0x000001c2a60bca68 relative=0x0000000000000248
Event: 2870.981 Thread 0x000001c2d4303520 Uncommon trap: reason=class_check action=maybe_recompile pc=0x000001c2a60bca68 method=java.util.Comparator.lambda$comparing$77a9974f$1(Ljava/util/function/Function;Ljava/lang/Object;Ljava/lang/Object;)I @ 7 c2
Event: 2870.981 Thread 0x000001c2d4303520 DEOPT PACKING pc=0x000001c2a60bca68 sp=0x000000145d5fbb80
Event: 2870.981 Thread 0x000001c2d4303520 DEOPT UNPACKING pc=0x000001c2a56923a3 sp=0x000000145d5fba98 mode 2

Classes unloaded (20 events):
Event: 2710.803 Thread 0x000001c2b216f010 Unloading class 0x000001c2b4aa7b80 'org/springframework/boot/configurationprocessor/fieldvalues/javac/Trees'
Event: 2710.803 Thread 0x000001c2b216f010 Unloading class 0x000001c2b4aa7968 'org/springframework/boot/configurationprocessor/fieldvalues/javac/ReflectionWrapper'
Event: 2710.803 Thread 0x000001c2b216f010 Unloading class 0x000001c2b4aa7770 'org/springframework/boot/configurationprocessor/fieldvalues/javac/TreeVisitor'
Event: 2710.803 Thread 0x000001c2b216f010 Unloading class 0x000001c2b4aa7548 'org/springframework/boot/configurationprocessor/fieldvalues/javac/JavaCompilerFieldValuesParser'
Event: 2710.803 Thread 0x000001c2b216f010 Unloading class 0x000001c2b4aa7350 'org/springframework/boot/configurationprocessor/fieldvalues/FieldValuesParser'
Event: 2710.803 Thread 0x000001c2b216f010 Unloading class 0x000001c2b4aa7098 'org/springframework/boot/configurationprocessor/MetadataGenerationEnvironment'
Event: 2710.803 Thread 0x000001c2b216f010 Unloading class 0x000001c2b4aa6e78 'org/springframework/boot/configurationprocessor/TypeUtils$$Lambda$2495+0x000001c2b4aa6e78'
Event: 2710.803 Thread 0x000001c2b216f010 Unloading class 0x000001c2b4aa6b58 'org/springframework/boot/configurationprocessor/TypeUtils$TypeExtractor'
Event: 2710.803 Thread 0x000001c2b216f010 Unloading class 0x000001c2b4aa6928 'org/springframework/boot/configurationprocessor/TypeUtils$$Lambda$2494+0x000001c2b4aa6928'
Event: 2710.803 Thread 0x000001c2b216f010 Unloading class 0x000001c2b4aa66d0 'org/springframework/boot/configurationprocessor/TypeUtils'
Event: 2710.803 Thread 0x000001c2b216f010 Unloading class 0x000001c2b4aa64a8 'org/springframework/boot/configurationprocessor/MetadataCollector'
Event: 2710.803 Thread 0x000001c2b216f010 Unloading class 0x000001c2b4aa6280 'org/springframework/boot/configurationprocessor/MetadataStore'
Event: 2710.803 Thread 0x000001c2b216f010 Unloading class 0x000001c2b4aa6000 'lombok/launch/AnnotationProcessorHider$ClaimingProcessor'
Event: 2710.803 Thread 0x000001c2b216f010 Unloading class 0x000001c2b4a3ac00 'lombok/launch/ClassFileMetaData'
Event: 2710.803 Thread 0x000001c2b216f010 Unloading class 0x000001c2b4a3a9e8 'lombok/launch/PackageShader'
Event: 2710.803 Thread 0x000001c2b216f010 Unloading class 0x000001c2b4a3a6e0 'lombok/launch/ShadowClassLoader'
Event: 2710.803 Thread 0x000001c2b216f010 Unloading class 0x000001c2b4a3a4e0 'lombok/launch/Main'
Event: 2710.803 Thread 0x000001c2b216f010 Unloading class 0x000001c2b4a3a260 'lombok/launch/AnnotationProcessorHider$AnnotationProcessor'
Event: 2710.803 Thread 0x000001c2b216f010 Unloading class 0x000001c2b4a3a000 'org/springframework/boot/configurationprocessor/metadata/InvalidConfigurationMetadataException'
Event: 2710.803 Thread 0x000001c2b216f010 Unloading class 0x000001c2b4a45c00 'org/springframework/boot/configurationprocessor/ConfigurationMetadataAnnotationProcessor'

Classes redefined (0 events):
No events

Internal exceptions (20 events):
Event: 2870.939 Thread 0x000001c2d4303520 Exception <a 'java/lang/ClassNotFoundException'{0x00000000f256c858}: org/jetbrains/plugins/gradle/tooling/builder/WarModelBuilderImplBeanInfo> (0x00000000f256c858) 
thrown [s\open\src\hotspot\share\classfile\systemDictionary.cpp, line 256]
Event: 2870.939 Thread 0x000001c2d4303520 Exception <a 'java/lang/ClassNotFoundException'{0x00000000f2577e78}: org/jetbrains/plugins/gradle/tooling/builder/WarModelBuilderImplCustomizer> (0x00000000f2577e78) 
thrown [s\open\src\hotspot\share\classfile\systemDictionary.cpp, line 256]
Event: 2870.942 Thread 0x000001c2d4303520 Implicit null exception at 0x000001c2a6cf959b to 0x000001c2a6cfb2b9
Event: 2870.944 Thread 0x000001c2d4303520 Implicit null exception at 0x000001c2a5fc61c8 to 0x000001c2a5fc6288
Event: 2870.947 Thread 0x000001c2d4303520 Exception <a 'java/lang/ClassNotFoundException'{0x00000000f240f528}: org/jetbrains/plugins/gradle/tooling/builder/EarModelBuilderImplBeanInfo> (0x00000000f240f528) 
thrown [s\open\src\hotspot\share\classfile\systemDictionary.cpp, line 256]
Event: 2870.947 Thread 0x000001c2d4303520 Exception <a 'java/lang/ClassNotFoundException'{0x00000000f241ab78}: org/jetbrains/plugins/gradle/tooling/builder/EarModelBuilderImplCustomizer> (0x00000000f241ab78) 
thrown [s\open\src\hotspot\share\classfile\systemDictionary.cpp, line 256]
Event: 2870.952 Thread 0x000001c2d4303520 Exception <a 'java/lang/ClassNotFoundException'{0x00000000f24a89b0}: org/jetbrains/plugins/gradle/tooling/builder/ExternalTestsModelBuilderImplBeanInfo> (0x00000000f24a89b0) 
thrown [s\open\src\hotspot\share\classfile\systemDictionary.cpp, line 256]
Event: 2870.952 Thread 0x000001c2d4303520 Exception <a 'java/lang/ClassNotFoundException'{0x00000000f24b3e18}: org/jetbrains/plugins/gradle/tooling/builder/ExternalTestsModelBuilderImplCustomizer> (0x00000000f24b3e18) 
thrown [s\open\src\hotspot\share\classfile\systemDictionary.cpp, line 256]
Event: 2870.960 Thread 0x000001c2d4303520 Exception <a 'java/lang/ClassNotFoundException'{0x00000000f239e828}: org/jetbrains/plugins/gradle/tooling/builder/ProjectExtensionsDataBuilderImplBeanInfo> (0x00000000f239e828) 
thrown [s\open\src\hotspot\share\classfile\systemDictionary.cpp, line 256]
Event: 2870.960 Thread 0x000001c2d4303520 Exception <a 'java/lang/ClassNotFoundException'{0x00000000f23a9f38}: org/jetbrains/plugins/gradle/tooling/builder/ProjectExtensionsDataBuilderImplCustomizer> (0x00000000f23a9f38) 
thrown [s\open\src\hotspot\share\classfile\systemDictionary.cpp, line 256]
Event: 2870.961 Thread 0x000001c2d4303520 Exception <a 'java/lang/ClassNotFoundException'{0x00000000f23ddaf8}: org/jetbrains/plugins/gradle/tooling/builder/IntelliJSettingsBuilderBeanInfo> (0x00000000f23ddaf8) 
thrown [s\open\src\hotspot\share\classfile\systemDictionary.cpp, line 256]
Event: 2870.961 Thread 0x000001c2d4303520 Exception <a 'java/lang/ClassNotFoundException'{0x00000000f23e8ef8}: org/jetbrains/plugins/gradle/tooling/builder/IntelliJSettingsBuilderCustomizer> (0x00000000f23e8ef8) 
thrown [s\open\src\hotspot\share\classfile\systemDictionary.cpp, line 256]
Event: 2870.963 Thread 0x000001c2d4303520 Exception <a 'java/lang/ClassNotFoundException'{0x00000000f221e500}: org/jetbrains/plugins/gradle/tooling/builder/IntelliJProjectSettingsBuilderBeanInfo> (0x00000000f221e500) 
thrown [s\open\src\hotspot\share\classfile\systemDictionary.cpp, line 256]
Event: 2870.963 Thread 0x000001c2d4303520 Exception <a 'java/lang/ClassNotFoundException'{0x00000000f2229c88}: org/jetbrains/plugins/gradle/tooling/builder/IntelliJProjectSettingsBuilderCustomizer> (0x00000000f2229c88) 
thrown [s\open\src\hotspot\share\classfile\systemDictionary.cpp, line 256]
Event: 2870.969 Thread 0x000001c2d4303520 Exception <a 'sun/nio/fs/WindowsException'{0x00000000f22bc4a0}> (0x00000000f22bc4a0) 
thrown [s\open\src\hotspot\share\prims\jni.cpp, line 516]
Event: 2870.969 Thread 0x000001c2d4303520 Exception <a 'sun/nio/fs/WindowsException'{0x00000000f22bdbb0}> (0x00000000f22bdbb0) 
thrown [s\open\src\hotspot\share\prims\jni.cpp, line 516]
Event: 2870.969 Thread 0x000001c2d4303520 Exception <a 'sun/nio/fs/WindowsException'{0x00000000f22bf2c0}> (0x00000000f22bf2c0) 
thrown [s\open\src\hotspot\share\prims\jni.cpp, line 516]
Event: 2870.969 Thread 0x000001c2d4303520 Exception <a 'sun/nio/fs/WindowsException'{0x00000000f22c09c0}> (0x00000000f22c09c0) 
thrown [s\open\src\hotspot\share\prims\jni.cpp, line 516]
Event: 2870.977 Thread 0x000001c2d4303520 Exception <a 'java/lang/ClassNotFoundException'{0x00000000f218b018}: settings_e6kp9ldk09lcbnpzq7zf9zhfmBeanInfo> (0x00000000f218b018) 
thrown [s\open\src\hotspot\share\classfile\systemDictionary.cpp, line 256]
Event: 2870.977 Thread 0x000001c2d4303520 Exception <a 'java/lang/ClassNotFoundException'{0x00000000f2191990}: settings_e6kp9ldk09lcbnpzq7zf9zhfmCustomizer> (0x00000000f2191990) 
thrown [s\open\src\hotspot\share\classfile\systemDictionary.cpp, line 256]

VM Operations (20 events):
Event: 2710.824 Executing VM operation: G1Concurrent
Event: 2710.825 Executing VM operation: G1Concurrent done
Event: 2711.838 Executing VM operation: Cleanup
Event: 2711.838 Executing VM operation: Cleanup done
Event: 2771.406 Executing VM operation: Cleanup
Event: 2771.406 Executing VM operation: Cleanup done
Event: 2843.063 Executing VM operation: Cleanup
Event: 2843.063 Executing VM operation: Cleanup done
Event: 2843.088 Executing VM operation: G1CollectForAllocation
Event: 2843.092 Executing VM operation: G1CollectForAllocation done
Event: 2843.101 Executing VM operation: G1CollectForAllocation
Event: 2843.104 Executing VM operation: G1CollectForAllocation done
Event: 2870.681 Executing VM operation: G1TryInitiateConcMark
Event: 2870.684 Executing VM operation: G1TryInitiateConcMark done
Event: 2870.705 Executing VM operation: G1Concurrent
Event: 2870.710 Executing VM operation: G1Concurrent done
Event: 2870.720 Executing VM operation: G1Concurrent
Event: 2870.720 Executing VM operation: G1Concurrent done
Event: 2870.815 Executing VM operation: HandshakeAllThreads
Event: 2870.815 Executing VM operation: HandshakeAllThreads done

Events (20 events):
Event: 2870.881 loading class java/security/SecureClassLoaderBeanInfo
Event: 2870.881 loading class java/security/SecureClassLoaderBeanInfo done
Event: 2870.881 loading class java/lang/ClassLoaderBeanInfo
Event: 2870.881 loading class java/lang/ClassLoaderBeanInfo done
Event: 2870.881 loading class java/lang/ClassLoaderBeanInfo
Event: 2870.881 loading class java/lang/ClassLoaderBeanInfo done
Event: 2870.881 loading class java/lang/ClassLoaderCustomizer
Event: 2870.881 loading class java/lang/ClassLoaderCustomizer done
Event: 2870.881 loading class java/lang/ClassLoaderCustomizer
Event: 2870.881 loading class java/lang/ClassLoaderCustomizer done
Event: 2870.881 loading class java/security/SecureClassLoaderCustomizer
Event: 2870.881 loading class java/security/SecureClassLoaderCustomizer done
Event: 2870.881 loading class java/security/SecureClassLoaderCustomizer
Event: 2870.881 loading class java/security/SecureClassLoaderCustomizer done
Event: 2870.881 loading class java/net/URLClassLoaderCustomizer
Event: 2870.881 loading class java/net/URLClassLoaderCustomizer done
Event: 2870.881 loading class java/net/URLClassLoaderCustomizer
Event: 2870.881 loading class java/net/URLClassLoaderCustomizer done
Event: 2870.935 Thread 0x000001c2d3020b60 Thread added: 0x000001c2d3020b60
Event: 2870.967 Thread 0x000001c2ce7edb50 Thread added: 0x000001c2ce7edb50


Dynamic libraries:
0x00007ff7cd430000 - 0x00007ff7cd440000 	C:\Program Files\Java\jdk-17\bin\java.exe
0x00007ff941d70000 - 0x00007ff941f68000 	C:\Windows\SYSTEM32\ntdll.dll
0x00007ff941b40000 - 0x00007ff941bfd000 	C:\Windows\System32\KERNEL32.DLL
0x00007ff93f6a0000 - 0x00007ff93f996000 	C:\Windows\System32\KERNELBASE.dll
0x00007ff93f4e0000 - 0x00007ff93f5e0000 	C:\Windows\System32\ucrtbase.dll
0x00007ff91f580000 - 0x00007ff91f599000 	C:\Program Files\Java\jdk-17\bin\jli.dll
0x00007ff91f460000 - 0x00007ff91f47b000 	C:\Program Files\Java\jdk-17\bin\VCRUNTIME140.dll
0x00007ff941740000 - 0x00007ff9417f0000 	C:\Windows\System32\ADVAPI32.dll
0x00007ff9419e0000 - 0x00007ff941a7e000 	C:\Windows\System32\msvcrt.dll
0x00007ff941560000 - 0x00007ff941600000 	C:\Windows\System32\sechost.dll
0x00007ff941c00000 - 0x00007ff941d25000 	C:\Windows\System32\RPCRT4.dll
0x00007ff93fcc0000 - 0x00007ff93fce7000 	C:\Windows\System32\bcrypt.dll
0x00007ff940370000 - 0x00007ff94050e000 	C:\Windows\System32\USER32.dll
0x00007ff93f670000 - 0x00007ff93f692000 	C:\Windows\System32\win32u.dll
0x00007ff933a80000 - 0x00007ff933d1a000 	C:\Windows\WinSxS\amd64_microsoft.windows.common-controls_6595b64144ccf1df_6.0.19041.3636_none_60b6a03d71f818d5\COMCTL32.dll
0x00007ff940510000 - 0x00007ff94053b000 	C:\Windows\System32\GDI32.dll
0x00007ff93f9a0000 - 0x00007ff93fab7000 	C:\Windows\System32\gdi32full.dll
0x00007ff93fc20000 - 0x00007ff93fcbd000 	C:\Windows\System32\msvcp_win.dll
0x00007ff93a120000 - 0x00007ff93a12a000 	C:\Windows\SYSTEM32\VERSION.dll
0x00007ff9417f0000 - 0x00007ff941822000 	C:\Windows\System32\IMM32.DLL
0x00007ff9346c0000 - 0x00007ff9346cc000 	C:\Program Files\Java\jdk-17\bin\vcruntime140_1.dll
0x00007ff91cd30000 - 0x00007ff91cdbe000 	C:\Program Files\Java\jdk-17\bin\msvcp140.dll
0x00007ff8db2a0000 - 0x00007ff8dbe81000 	C:\Program Files\Java\jdk-17\bin\server\jvm.dll
0x00007ff941a80000 - 0x00007ff941a88000 	C:\Windows\System32\PSAPI.DLL
0x00007ff928420000 - 0x00007ff928429000 	C:\Windows\SYSTEM32\WSOCK32.dll
0x00007ff935270000 - 0x00007ff935297000 	C:\Windows\SYSTEM32\WINMM.dll
0x00007ff940540000 - 0x00007ff9405ab000 	C:\Windows\System32\WS2_32.dll
0x00007ff93d2f0000 - 0x00007ff93d302000 	C:\Windows\SYSTEM32\kernel.appcore.dll
0x00007ff928710000 - 0x00007ff92871a000 	C:\Program Files\Java\jdk-17\bin\jimage.dll
0x00007ff934930000 - 0x00007ff934b14000 	C:\Windows\SYSTEM32\DBGHELP.DLL
0x00007ff929110000 - 0x00007ff929144000 	C:\Windows\SYSTEM32\dbgcore.DLL
0x00007ff93f5e0000 - 0x00007ff93f662000 	C:\Windows\System32\bcryptPrimitives.dll
0x00007ff93cb10000 - 0x00007ff93cb1e000 	C:\Program Files\Java\jdk-17\bin\instrument.dll
0x00007ff91f430000 - 0x00007ff91f455000 	C:\Program Files\Java\jdk-17\bin\java.dll
0x00007ff90f470000 - 0x00007ff90f547000 	C:\Program Files\Java\jdk-17\bin\jsvml.dll
0x00007ff940a20000 - 0x00007ff94118b000 	C:\Windows\System32\SHELL32.dll
0x00007ff93d4f0000 - 0x00007ff93dc8e000 	C:\Windows\SYSTEM32\windows.storage.dll
0x00007ff93fe30000 - 0x00007ff940183000 	C:\Windows\System32\combase.dll
0x00007ff93ee50000 - 0x00007ff93ee7e000 	C:\Windows\SYSTEM32\Wldp.dll
0x00007ff9402a0000 - 0x00007ff94036d000 	C:\Windows\System32\OLEAUT32.dll
0x00007ff941a90000 - 0x00007ff941b3d000 	C:\Windows\System32\SHCORE.dll
0x00007ff941980000 - 0x00007ff9419d5000 	C:\Windows\System32\shlwapi.dll
0x00007ff93f350000 - 0x00007ff93f375000 	C:\Windows\SYSTEM32\profapi.dll
0x00007ff91f390000 - 0x00007ff91f3a8000 	C:\Program Files\Java\jdk-17\bin\zip.dll
0x00007ff91f3d0000 - 0x00007ff91f3e9000 	C:\Program Files\Java\jdk-17\bin\net.dll
0x00007ff9399d0000 - 0x00007ff939ada000 	C:\Windows\SYSTEM32\WINHTTP.dll
0x00007ff93ebb0000 - 0x00007ff93ec1a000 	C:\Windows\system32\mswsock.dll
0x00007ff91f3b0000 - 0x00007ff91f3c6000 	C:\Program Files\Java\jdk-17\bin\nio.dll
0x00007ff91f940000 - 0x00007ff91f950000 	C:\Program Files\Java\jdk-17\bin\verify.dll
0x00007ff93cb20000 - 0x00007ff93cb47000 	C:\Users\java\.gradle\native\c067742578af261105cb4f569cf0c3c89f3d7b1fecec35dd04571415982c5e48\windows-amd64\native-platform.dll
0x00007ff90d7a0000 - 0x00007ff90d8e4000 	C:\Users\java\.gradle\native\38dada09dfb8b06ba9b0570ebf7e218e3eb74d4ef43ca46872605cf95ebc2f47\windows-amd64\native-platform-file-events.dll
0x00007ff932560000 - 0x00007ff93256a000 	C:\Program Files\Java\jdk-17\bin\management.dll
0x00007ff932550000 - 0x00007ff93255b000 	C:\Program Files\Java\jdk-17\bin\management_ext.dll
0x00007ff93edb0000 - 0x00007ff93edc8000 	C:\Windows\SYSTEM32\CRYPTSP.dll
0x00007ff93e470000 - 0x00007ff93e4a4000 	C:\Windows\system32\rsaenh.dll
0x00007ff93f310000 - 0x00007ff93f33e000 	C:\Windows\SYSTEM32\USERENV.dll
0x00007ff93eda0000 - 0x00007ff93edac000 	C:\Windows\SYSTEM32\CRYPTBASE.dll
0x00007ff93e850000 - 0x00007ff93e88b000 	C:\Windows\SYSTEM32\IPHLPAPI.DLL
0x00007ff941970000 - 0x00007ff941978000 	C:\Windows\System32\NSI.dll
0x00007ff93a530000 - 0x00007ff93a547000 	C:\Windows\SYSTEM32\dhcpcsvc6.DLL
0x00007ff93a450000 - 0x00007ff93a46d000 	C:\Windows\SYSTEM32\dhcpcsvc.DLL
0x00007ff93e8a0000 - 0x00007ff93e96b000 	C:\Windows\SYSTEM32\DNSAPI.dll
0x00007ff91db70000 - 0x00007ff91db7e000 	C:\Program Files\Java\jdk-17\bin\sunmscapi.dll
0x00007ff93fac0000 - 0x00007ff93fc1d000 	C:\Windows\System32\CRYPT32.dll
0x00007ff93eec0000 - 0x00007ff93eee8000 	C:\Windows\SYSTEM32\ncrypt.dll
0x00007ff93ee80000 - 0x00007ff93eebb000 	C:\Windows\SYSTEM32\NTASN1.dll
0x00007ff91be80000 - 0x00007ff91be87000 	C:\Windows\system32\wshunix.dll

dbghelp: loaded successfully - version: 4.0.5 - missing functions: none
symbol engine: initialized successfully - sym options: 0x614 - pdb path: .;C:\Program Files\Java\jdk-17\bin;C:\Windows\SYSTEM32;C:\Windows\WinSxS\amd64_microsoft.windows.common-controls_6595b64144ccf1df_6.0.19041.3636_none_60b6a03d71f818d5;C:\Program Files\Java\jdk-17\bin\server;C:\Users\java\.gradle\native\c067742578af261105cb4f569cf0c3c89f3d7b1fecec35dd04571415982c5e48\windows-amd64;C:\Users\java\.gradle\native\38dada09dfb8b06ba9b0570ebf7e218e3eb74d4ef43ca46872605cf95ebc2f47\windows-amd64

VM Arguments:
jvm_args: --add-opens=java.base/java.util=ALL-UNNAMED --add-opens=java.base/java.lang=ALL-UNNAMED --add-opens=java.base/java.lang.invoke=ALL-UNNAMED --add-opens=java.prefs/java.util.prefs=ALL-UNNAMED --add-opens=java.base/java.nio.charset=ALL-UNNAMED --add-opens=java.base/java.net=ALL-UNNAMED --add-opens=java.base/java.util.concurrent.atomic=ALL-UNNAMED -XX:MaxMetaspaceSize=384m -XX:+HeapDumpOnOutOfMemoryError -Xms256m -Xmx512m -Dfile.encoding=x-windows-949 -Duser.country=KR -Duser.language=ko -Duser.variant -javaagent:C:\Users\java\.gradle\wrapper\dists\gradle-8.6-bin\afr5mpiioh2wthjmwnkmdsd5w\gradle-8.6\lib\agents\gradle-instrumentation-agent-8.6.jar 
java_command: org.gradle.launcher.daemon.bootstrap.GradleDaemon 8.6
java_class_path (initial): C:\Users\java\.gradle\wrapper\dists\gradle-8.6-bin\afr5mpiioh2wthjmwnkmdsd5w\gradle-8.6\lib\gradle-launcher-8.6.jar
Launcher Type: SUN_STANDARD

[Global flags]
     intx CICompilerCount                          = 12                                        {product} {ergonomic}
   size_t CompressedClassSpaceSize                 = 335544320                                 {product} {ergonomic}
     uint ConcGCThreads                            = 4                                         {product} {ergonomic}
     uint G1ConcRefinementThreads                  = 15                                        {product} {ergonomic}
   size_t G1HeapRegionSize                         = 1048576                                   {product} {ergonomic}
    uintx GCDrainStackTargetSize                   = 64                                        {product} {ergonomic}
     bool HeapDumpOnOutOfMemoryError               = true                                   {manageable} {command line}
   size_t InitialHeapSize                          = 268435456                                 {product} {command line}
   size_t MarkStackSize                            = 4194304                                   {product} {ergonomic}
   size_t MaxHeapSize                              = 536870912                                 {product} {command line}
   size_t MaxMetaspaceSize                         = 402653184                                 {product} {command line}
   size_t MaxNewSize                               = 321912832                                 {product} {ergonomic}
   size_t MinHeapDeltaBytes                        = 1048576                                   {product} {ergonomic}
   size_t MinHeapSize                              = 268435456                                 {product} {command line}
    uintx NonNMethodCodeHeapSize                   = 7602480                                {pd product} {ergonomic}
    uintx NonProfiledCodeHeapSize                  = 122027880                              {pd product} {ergonomic}
    uintx ProfiledCodeHeapSize                     = 122027880                              {pd product} {ergonomic}
    uintx ReservedCodeCacheSize                    = 251658240                              {pd product} {ergonomic}
     bool SegmentedCodeCache                       = true                                      {product} {ergonomic}
   size_t SoftMaxHeapSize                          = 536870912                              {manageable} {ergonomic}
     bool UseCompressedClassPointers               = true                           {product lp64_product} {ergonomic}
     bool UseCompressedOops                        = true                           {product lp64_product} {ergonomic}
     bool UseG1GC                                  = true                                      {product} {ergonomic}
     bool UseLargePagesIndividualAllocation        = false                                  {pd product} {ergonomic}

Logging:
Log output configuration:
 #0: stdout all=warning uptime,level,tags
 #1: stderr all=off uptime,level,tags

Environment Variables:
PATH=C:\WINDOWS.X64_193000_db_home\bin;C:\Program Files (x86)\VMware\VMware Player\bin\;C:\Program Files\Common Files\Oracle\Java\javapath;C:\Program Files (x86)\Common Files\Intel\Shared Libraries\redist\intel64\compiler;C:\Windows\system32;C:\Windows;C:\Windows\System32\Wbem;C:\Windows\System32\WindowsPowerShell\v1.0\;C:\Windows\System32\OpenSSH\;C:\Program Files (x86)\Common Files\Acronis\VirtualFile\;C:\Program Files (x86)\Common Files\Acronis\VirtualFile64\;C:\Program Files (x86)\Common Files\Acronis\SnapAPI\;C:\Program Files\Git\cmd;C:\Program Files\MySQL\MySQL Server 8.0\bin;C:\Program Files\Bandizip\;C:\Program Files\PuTTY\;C:\Program Files\MySQL\MySQL Shell 8.0\bin\;C:\Users\java\AppData\Local\Microsoft\WindowsApps;;C:\Users\java\AppData\Local\Programs\Microsoft VS Code\bin;C:\Program Files\JetBrains\IntelliJ IDEA 2023.3.4\bin;
USERNAME=java
OS=Windows_NT
PROCESSOR_IDENTIFIER=Intel64 Family 6 Model 151 Stepping 2, GenuineIntel



---------------  S Y S T E M  ---------------

OS:
 Windows 10 , 64 bit Build 19041 (10.0.19041.3636)
OS uptime: 0 days 3:58 hours

CPU: total 20 (initial active 20) (10 cores per cpu, 2 threads per core) family 6 model 151 stepping 2 microcode 0x2d, cx8, cmov, fxsr, ht, mmx, 3dnowpref, sse, sse2, sse3, ssse3, sse4.1, sse4.2, popcnt, lzcnt, tsc, tscinvbit, avx, avx2, aes, erms, clmul, bmi1, bmi2, adx, sha, fma, vzeroupper, clflush, clflushopt, clwb

Memory: 4k page, system-wide physical 16234M (1197M free)
TotalPageFile size 18282M (AvailPageFile size 9M)
current process WorkingSet (physical memory assigned to process): 664M, peak: 701M
current process commit charge ("private bytes"): 710M, peak: 805M

vm_info: Java HotSpot(TM) 64-Bit Server VM (17.0.9+11-LTS-201) for windows-amd64 JRE (17.0.9+11-LTS-201), built on Oct 10 2023 23:16:06 by "mach5one" with MS VC++ 17.1 (VS2022)

END.
