#
# There is insufficient memory for the Java Runtime Environment to continue.
# Native memory allocation (malloc) failed to allocate 1596864 bytes for Chunk::new
# Possible reasons:
#   The system is out of physical RAM or swap space
#   The process is running with CompressedOops enabled, and the Java Heap may be blocking the growth of the native heap
# Possible solutions:
#   Reduce memory load on the system
#   Increase physical memory or swap space
#   Check if swap backing store is full
#   Decrease Java heap size (-Xmx/-Xms)
#   Decrease number of Java threads
#   Decrease Java thread stack sizes (-Xss)
#   Set larger code cache with -XX:ReservedCodeCacheSize=
#   JVM is running with Zero Based Compressed Oops mode in which the Java heap is
#     placed in the first 32GB address space. The Java Heap base address is the
#     maximum limit for the native heap growth. Please use -XX:HeapBaseMinAddress
#     to set the Java Heap base and to place the Java Heap above 32GB virtual address.
# This output file may be truncated or incomplete.
#
#  Out of Memory Error (arena.cpp:189), pid=5312, tid=9176
#
# JRE version: Java(TM) SE Runtime Environment (17.0.9+11) (build 17.0.9+11-LTS-201)
# Java VM: Java HotSpot(TM) 64-Bit Server VM (17.0.9+11-LTS-201, mixed mode, sharing, tiered, compressed oops, compressed class ptrs, g1 gc, windows-amd64)
# No core dump will be written. Minidumps are not enabled by default on client versions of Windows
#

---------------  S U M M A R Y ------------

Command Line: -ea -Didea.test.cyclic.buffer.size=1048576 -javaagent:C:\Program Files\JetBrains\IntelliJ IDEA 2023.3.4\lib\idea_rt.jar=49596:C:\Program Files\JetBrains\IntelliJ IDEA 2023.3.4\bin -Dfile.encoding=UTF-8 com.intellij.rt.junit.JUnitStarter -ideVersion5 -junit5 kr.co.ch07.repository.shop.ShopRepositoryTest

Host: 12th Gen Intel(R) Core(TM) i7-12700F, 20 cores, 15G,  Windows 10 , 64 bit Build 19041 (10.0.19041.3636)
Time: Tue Mar 12 17:05:49 2024  Windows 10 , 64 bit Build 19041 (10.0.19041.3636) elapsed time: 3.228445 seconds (0d 0h 0m 3s)

---------------  T H R E A D  ---------------

Current thread (0x000002626a4c15a0):  JavaThread "C2 CompilerThread5" daemon [_thread_in_native, id=9176, stack(0x0000009197700000,0x0000009197800000)]


Current CompileTask:
C2:   3228 6144       4       org.springframework.core.annotation.TypeMappedAnnotations::scan (66 bytes)

Stack: [0x0000009197700000,0x0000009197800000]
Native frames: (J=compiled Java code, j=interpreted, Vv=VM code, C=native code)
V  [jvm.dll+0x678a4a]
V  [jvm.dll+0x7d9cfd]
V  [jvm.dll+0x7db60e]
V  [jvm.dll+0x7dbc73]
V  [jvm.dll+0x245e1f]
V  [jvm.dll+0xaaafb]
V  [jvm.dll+0xab09c]
V  [jvm.dll+0x36237e]
V  [jvm.dll+0x1bb94a]
V  [jvm.dll+0x218287]
V  [jvm.dll+0x217561]
V  [jvm.dll+0x1a3bc0]
V  [jvm.dll+0x2272de]
V  [jvm.dll+0x22548b]
V  [jvm.dll+0x78f58c]
V  [jvm.dll+0x78998a]
V  [jvm.dll+0x677875]
C  [ucrtbase.dll+0x21bb2]
C  [KERNEL32.DLL+0x17344]
C  [ntdll.dll+0x526b1]


---------------  P R O C E S S  ---------------

Threads class SMR info:
_java_thread_list=0x000002626def6570, length=26, elements={
0x000002627d280f00, 0x000002622104d970, 0x000002622104f450, 0x00000262210643d0,
0x0000026221064da0, 0x0000026221067780, 0x0000026221068050, 0x000002622106ad10,
0x000002622106bce0, 0x000002622107cfe0, 0x00000262211ab980, 0x00000262211b66a0,
0x00000262211b6bc0, 0x00000262211cd190, 0x0000026221289b40, 0x000002622128a020,
0x000002626748b180, 0x000002626748b690, 0x0000026267488900, 0x000002626780ff40,
0x00000262678109e0, 0x000002626780f9f0, 0x000002626a4c6550, 0x000002626a4c15a0,
0x000002626a4c6aa0, 0x000002626a4c3580
}

Java Threads: ( => current thread )
  0x000002627d280f00 JavaThread "main" [_thread_in_vm, id=13528, stack(0x0000009194a00000,0x0000009194b00000)]
  0x000002622104d970 JavaThread "Reference Handler" daemon [_thread_blocked, id=5652, stack(0x0000009195100000,0x0000009195200000)]
  0x000002622104f450 JavaThread "Finalizer" daemon [_thread_blocked, id=4952, stack(0x0000009195200000,0x0000009195300000)]
  0x00000262210643d0 JavaThread "Signal Dispatcher" daemon [_thread_blocked, id=952, stack(0x0000009195300000,0x0000009195400000)]
  0x0000026221064da0 JavaThread "Attach Listener" daemon [_thread_blocked, id=12484, stack(0x0000009195400000,0x0000009195500000)]
  0x0000026221067780 JavaThread "Service Thread" daemon [_thread_blocked, id=4996, stack(0x0000009195500000,0x0000009195600000)]
  0x0000026221068050 JavaThread "Monitor Deflation Thread" daemon [_thread_blocked, id=9748, stack(0x0000009195600000,0x0000009195700000)]
  0x000002622106ad10 JavaThread "C2 CompilerThread0" daemon [_thread_in_native, id=6872, stack(0x0000009195700000,0x0000009195800000)]
  0x000002622106bce0 JavaThread "C1 CompilerThread0" daemon [_thread_blocked, id=3636, stack(0x0000009195800000,0x0000009195900000)]
  0x000002622107cfe0 JavaThread "Sweeper thread" daemon [_thread_blocked, id=336, stack(0x0000009195900000,0x0000009195a00000)]
  0x00000262211ab980 JavaThread "Common-Cleaner" daemon [_thread_blocked, id=3512, stack(0x0000009195a00000,0x0000009195b00000)]
  0x00000262211b66a0 JavaThread "C1 CompilerThread1" daemon [_thread_blocked, id=11588, stack(0x0000009195b00000,0x0000009195c00000)]
  0x00000262211b6bc0 JavaThread "C1 CompilerThread2" daemon [_thread_blocked, id=8484, stack(0x0000009195c00000,0x0000009195d00000)]
  0x00000262211cd190 JavaThread "C1 CompilerThread3" daemon [_thread_blocked, id=7132, stack(0x0000009195d00000,0x0000009195e00000)]
  0x0000026221289b40 JavaThread "Monitor Ctrl-Break" daemon [_thread_in_native, id=9420, stack(0x0000009195f00000,0x0000009196000000)]
  0x000002622128a020 JavaThread "Notification Thread" daemon [_thread_blocked, id=13924, stack(0x0000009196000000,0x0000009196100000)]
  0x000002626748b180 JavaThread "mysql-cj-abandoned-connection-cleanup" daemon [_thread_blocked, id=7448, stack(0x0000009196a00000,0x0000009196b00000)]
  0x000002626748b690 JavaThread "HikariPool-1 housekeeper" daemon [_thread_blocked, id=7004, stack(0x0000009197b00000,0x0000009197c00000)]
  0x0000026267488900 JavaThread "HikariPool-1 connection adder" daemon [_thread_blocked, id=13468, stack(0x0000009197c00000,0x0000009197d00000)]
  0x000002626780ff40 JavaThread "C2 CompilerThread1" daemon [_thread_in_native, id=3424, stack(0x0000009195e00000,0x0000009195f00000)]
  0x00000262678109e0 JavaThread "C2 CompilerThread2" daemon [_thread_in_native, id=7796, stack(0x0000009196200000,0x0000009196300000)]
  0x000002626780f9f0 JavaThread "C2 CompilerThread3" daemon [_thread_in_native, id=6332, stack(0x0000009196b00000,0x0000009196c00000)]
  0x000002626a4c6550 JavaThread "C2 CompilerThread4" daemon [_thread_blocked, id=9288, stack(0x0000009197600000,0x0000009197700000)]
=>0x000002626a4c15a0 JavaThread "C2 CompilerThread5" daemon [_thread_in_native, id=9176, stack(0x0000009197700000,0x0000009197800000)]
  0x000002626a4c6aa0 JavaThread "C2 CompilerThread6" daemon [_thread_blocked, id=2376, stack(0x0000009197800000,0x0000009197900000)]
  0x000002626a4c3580 JavaThread "C2 CompilerThread7" daemon [_thread_in_native, id=12648, stack(0x0000009197900000,0x0000009197a00000)]

Other Threads:
  0x0000026221048f40 VMThread "VM Thread" [stack: 0x0000009195000000,0x0000009195100000] [id=13140]
  0x0000026220afc440 WatcherThread [stack: 0x0000009196100000,0x0000009196200000] [id=13916]
  0x000002627d2f2e80 GCTaskThread "GC Thread#0" [stack: 0x0000009194b00000,0x0000009194c00000] [id=3776]
  0x00000262673c1370 GCTaskThread "GC Thread#1" [stack: 0x0000009196300000,0x0000009196400000] [id=12908]
  0x00000262673c0870 GCTaskThread "GC Thread#2" [stack: 0x0000009196400000,0x0000009196500000] [id=896]
  0x00000262673c1bb0 GCTaskThread "GC Thread#3" [stack: 0x0000009196500000,0x0000009196600000] [id=4304]
  0x00000262673c1630 GCTaskThread "GC Thread#4" [stack: 0x0000009196600000,0x0000009196700000] [id=13040]
  0x00000262673c18f0 GCTaskThread "GC Thread#5" [stack: 0x0000009196700000,0x0000009196800000] [id=11928]
  0x00000262673c0030 GCTaskThread "GC Thread#6" [stack: 0x0000009196800000,0x0000009196900000] [id=12128]
  0x00000262673c05b0 GCTaskThread "GC Thread#7" [stack: 0x0000009196900000,0x0000009196a00000] [id=11432]
  0x00000262673c0df0 GCTaskThread "GC Thread#8" [stack: 0x0000009196c00000,0x0000009196d00000] [id=11440]
  0x00000262673c10b0 GCTaskThread "GC Thread#9" [stack: 0x0000009196d00000,0x0000009196e00000] [id=10332]
  0x000002626831c010 GCTaskThread "GC Thread#10" [stack: 0x0000009196e00000,0x0000009196f00000] [id=11352]
  0x000002626831c590 GCTaskThread "GC Thread#11" [stack: 0x0000009196f00000,0x0000009197000000] [id=3480]
  0x000002626831f9d0 GCTaskThread "GC Thread#12" [stack: 0x0000009197000000,0x0000009197100000] [id=14056]
  0x000002626831e690 GCTaskThread "GC Thread#13" [stack: 0x0000009197100000,0x0000009197200000] [id=2748]
  0x000002626831f190 GCTaskThread "GC Thread#14" [stack: 0x0000009197200000,0x0000009197300000] [id=11880]
  0x000002627d305ac0 ConcurrentGCThread "G1 Main Marker" [stack: 0x0000009194c00000,0x0000009194d00000] [id=12612]
  0x000002627d3063e0 ConcurrentGCThread "G1 Conc#0" [stack: 0x0000009194d00000,0x0000009194e00000] [id=12444]
  0x000002626831f710 ConcurrentGCThread "G1 Conc#1" [stack: 0x0000009197300000,0x0000009197400000] [id=4804]
  0x000002626831d350 ConcurrentGCThread "G1 Conc#2" [stack: 0x0000009197400000,0x0000009197500000] [id=8292]
  0x000002626831c2d0 ConcurrentGCThread "G1 Conc#3" [stack: 0x0000009197500000,0x0000009197600000] [id=8396]
  0x0000026220bb2290 ConcurrentGCThread "G1 Refine#0" [stack: 0x0000009194e00000,0x0000009194f00000] [id=6864]
  0x0000026220bb3ae0 ConcurrentGCThread "G1 Service" [stack: 0x0000009194f00000,0x0000009195000000] [id=13600]

Threads with active compile tasks:
C2 CompilerThread0     3234 6140   !   4       org.springframework.core.annotation.AnnotationsScanner::processMethodHierarchy (276 bytes)
C2 CompilerThread1     3234 6275 %     4       java.lang.StringUTF16::getChars @ 16 (42 bytes)
C2 CompilerThread2     3234 6203       4       org.springframework.core.annotation.AnnotationsScanner::process (55 bytes)
C2 CompilerThread3     3234 6163       4       org.springframework.core.annotation.AnnotationsScanner::scan (21 bytes)
C2 CompilerThread5     3234 6144       4       org.springframework.core.annotation.TypeMappedAnnotations::scan (66 bytes)
C2 CompilerThread7     3234 6205       4       org.springframework.core.BridgeMethodResolver::resolveBridgeMethod (165 bytes)

VM state: not at safepoint (normal execution)

VM Mutex/Monitor currently owned by a thread: None

Heap address: 0x0000000702400000, size: 4060 MB, Compressed Oops mode: Zero based, Oop shift amount: 3

CDS archive(s) mapped at: [0x0000026222000000-0x0000026222bd0000-0x0000026222bd0000), size 12386304, SharedBaseAddress: 0x0000026222000000, ArchiveRelocationMode: 1.
Compressed class space mapped at: 0x0000026223000000-0x0000026263000000, reserved size: 1073741824
Narrow klass base: 0x0000026222000000, Narrow klass shift: 0, Narrow klass range: 0x100000000

GC Precious Log:
 CPUs: 20 total, 20 available
 Memory: 16234M
 Large Page Support: Disabled
 NUMA Support: Disabled
 Compressed Oops: Enabled (Zero based)
 Heap Region Size: 2M
 Heap Min Capacity: 8M
 Heap Initial Capacity: 254M
 Heap Max Capacity: 4060M
 Pre-touch: Disabled
 Parallel Workers: 15
 Concurrent Workers: 4
 Concurrent Refinement Workers: 15
 Periodic GC: Disabled

Heap:
 garbage-first heap   total 96256K, used 28720K [0x0000000702400000, 0x0000000800000000)
  region size 2048K, 5 young (10240K), 2 survivors (4096K)
 Metaspace       used 60217K, committed 60736K, reserved 1114112K
  class space    used 8238K, committed 8448K, reserved 1048576K

Heap Regions: E=young(eden), S=young(survivor), O=old, HS=humongous(starts), HC=humongous(continues), CS=collection set, F=free, OA=open archive, CA=closed archive, TAMS=top-at-mark-start (previous, next)
|   0|0x0000000702400000, 0x0000000702600000, 0x0000000702600000|100%| O|  |TAMS 0x0000000702600000, 0x0000000702400000| Untracked 
|   1|0x0000000702600000, 0x0000000702800000, 0x0000000702800000|100%| O|  |TAMS 0x0000000702800000, 0x0000000702600000| Untracked 
|   2|0x0000000702800000, 0x0000000702a00000, 0x0000000702a00000|100%| O|  |TAMS 0x0000000702a00000, 0x0000000702800000| Untracked 
|   3|0x0000000702a00000, 0x0000000702c00000, 0x0000000702c00000|100%| O|  |TAMS 0x0000000702c00000, 0x0000000702a00000| Untracked 
|   4|0x0000000702c00000, 0x0000000702e00000, 0x0000000702e00000|100%| O|  |TAMS 0x0000000702e00000, 0x0000000702c00000| Untracked 
|   5|0x0000000702e00000, 0x0000000703000000, 0x0000000703000000|100%| O|  |TAMS 0x0000000703000000, 0x0000000702e00000| Untracked 
|   6|0x0000000703000000, 0x0000000703200000, 0x0000000703200000|100%| O|  |TAMS 0x0000000703200000, 0x0000000703000000| Untracked 
|   7|0x0000000703200000, 0x0000000703400000, 0x0000000703400000|100%| O|  |TAMS 0x0000000703400000, 0x0000000703200000| Untracked 
|   8|0x0000000703400000, 0x00000007034bea00, 0x0000000703600000| 37%| O|  |TAMS 0x00000007034bea00, 0x0000000703400000| Complete 
|   9|0x0000000703600000, 0x0000000703600000, 0x0000000703800000|  0%| F|  |TAMS 0x0000000703600000, 0x0000000703600000| Untracked 
|  10|0x0000000703800000, 0x0000000703a00000, 0x0000000703a00000|100%| O|  |TAMS 0x0000000703a00000, 0x0000000703800000| Untracked 
|  11|0x0000000703a00000, 0x0000000703c00000, 0x0000000703c00000|100%| O|  |TAMS 0x0000000703c00000, 0x0000000703a00000| Untracked 
|  12|0x0000000703c00000, 0x0000000703c00000, 0x0000000703e00000|  0%| F|  |TAMS 0x0000000703c00000, 0x0000000703c00000| Untracked 
|  13|0x0000000703e00000, 0x0000000703e00000, 0x0000000704000000|  0%| F|  |TAMS 0x0000000703e00000, 0x0000000703e00000| Untracked 
|  14|0x0000000704000000, 0x0000000704000000, 0x0000000704200000|  0%| F|  |TAMS 0x0000000704000000, 0x0000000704000000| Untracked 
|  15|0x0000000704200000, 0x0000000704200000, 0x0000000704400000|  0%| F|  |TAMS 0x0000000704200000, 0x0000000704200000| Untracked 
|  16|0x0000000704400000, 0x0000000704400000, 0x0000000704600000|  0%| F|  |TAMS 0x0000000704400000, 0x0000000704400000| Untracked 
|  17|0x0000000704600000, 0x0000000704600000, 0x0000000704800000|  0%| F|  |TAMS 0x0000000704600000, 0x0000000704600000| Untracked 
|  18|0x0000000704800000, 0x0000000704800000, 0x0000000704a00000|  0%| F|  |TAMS 0x0000000704800000, 0x0000000704800000| Untracked 
|  19|0x0000000704a00000, 0x0000000704a00000, 0x0000000704c00000|  0%| F|  |TAMS 0x0000000704a00000, 0x0000000704a00000| Untracked 
|  20|0x0000000704c00000, 0x0000000704c00000, 0x0000000704e00000|  0%| F|  |TAMS 0x0000000704c00000, 0x0000000704c00000| Untracked 
|  21|0x0000000704e00000, 0x0000000704e00000, 0x0000000705000000|  0%| F|  |TAMS 0x0000000704e00000, 0x0000000704e00000| Untracked 
|  22|0x0000000705000000, 0x0000000705000000, 0x0000000705200000|  0%| F|  |TAMS 0x0000000705000000, 0x0000000705000000| Untracked 
|  23|0x0000000705200000, 0x0000000705200000, 0x0000000705400000|  0%| F|  |TAMS 0x0000000705200000, 0x0000000705200000| Untracked 
|  24|0x0000000705400000, 0x0000000705400000, 0x0000000705600000|  0%| F|  |TAMS 0x0000000705400000, 0x0000000705400000| Untracked 
|  25|0x0000000705600000, 0x0000000705600000, 0x0000000705800000|  0%| F|  |TAMS 0x0000000705600000, 0x0000000705600000| Untracked 
|  26|0x0000000705800000, 0x0000000705800000, 0x0000000705a00000|  0%| F|  |TAMS 0x0000000705800000, 0x0000000705800000| Untracked 
|  27|0x0000000705a00000, 0x0000000705a00000, 0x0000000705c00000|  0%| F|  |TAMS 0x0000000705a00000, 0x0000000705a00000| Untracked 
|  28|0x0000000705c00000, 0x0000000705c00000, 0x0000000705e00000|  0%| F|  |TAMS 0x0000000705c00000, 0x0000000705c00000| Untracked 
|  29|0x0000000705e00000, 0x0000000705e00000, 0x0000000706000000|  0%| F|  |TAMS 0x0000000705e00000, 0x0000000705e00000| Untracked 
|  30|0x0000000706000000, 0x0000000706000000, 0x0000000706200000|  0%| F|  |TAMS 0x0000000706000000, 0x0000000706000000| Untracked 
|  31|0x0000000706200000, 0x000000070634d610, 0x0000000706400000| 65%| S|CS|TAMS 0x0000000706200000, 0x0000000706200000| Complete 
|  32|0x0000000706400000, 0x0000000706600000, 0x0000000706600000|100%| S|CS|TAMS 0x0000000706400000, 0x0000000706400000| Complete 
|  33|0x0000000706600000, 0x0000000706600000, 0x0000000706800000|  0%| F|  |TAMS 0x0000000706600000, 0x0000000706600000| Untracked 
|  34|0x0000000706800000, 0x0000000706800000, 0x0000000706a00000|  0%| F|  |TAMS 0x0000000706800000, 0x0000000706800000| Untracked 
|  35|0x0000000706a00000, 0x0000000706a00000, 0x0000000706c00000|  0%| F|  |TAMS 0x0000000706a00000, 0x0000000706a00000| Untracked 
|  36|0x0000000706c00000, 0x0000000706c00000, 0x0000000706e00000|  0%| F|  |TAMS 0x0000000706c00000, 0x0000000706c00000| Untracked 
|  37|0x0000000706e00000, 0x0000000706e00000, 0x0000000707000000|  0%| F|  |TAMS 0x0000000706e00000, 0x0000000706e00000| Untracked 
|  38|0x0000000707000000, 0x0000000707000000, 0x0000000707200000|  0%| F|  |TAMS 0x0000000707000000, 0x0000000707000000| Untracked 
|  39|0x0000000707200000, 0x0000000707200000, 0x0000000707400000|  0%| F|  |TAMS 0x0000000707200000, 0x0000000707200000| Untracked 
|  40|0x0000000707400000, 0x0000000707400000, 0x0000000707600000|  0%| F|  |TAMS 0x0000000707400000, 0x0000000707400000| Untracked 
|  41|0x0000000707600000, 0x0000000707600000, 0x0000000707800000|  0%| F|  |TAMS 0x0000000707600000, 0x0000000707600000| Untracked 
|  42|0x0000000707800000, 0x0000000707800000, 0x0000000707a00000|  0%| F|  |TAMS 0x0000000707800000, 0x0000000707800000| Untracked 
|  43|0x0000000707a00000, 0x0000000707a00000, 0x0000000707c00000|  0%| F|  |TAMS 0x0000000707a00000, 0x0000000707a00000| Untracked 
|  44|0x0000000707c00000, 0x0000000707d0e0c8, 0x0000000707e00000| 52%| E|  |TAMS 0x0000000707c00000, 0x0000000707c00000| Complete 
|  45|0x0000000707e00000, 0x0000000708000000, 0x0000000708000000|100%| E|CS|TAMS 0x0000000707e00000, 0x0000000707e00000| Complete 
| 126|0x0000000712000000, 0x0000000712200000, 0x0000000712200000|100%| E|CS|TAMS 0x0000000712000000, 0x0000000712000000| Complete 

Card table byte_map: [0x000002627e5f0000,0x000002627ede0000] _byte_map_base: 0x000002627adde000

Marking Bits (Prev, Next): (CMBitMap*) 0x000002627d2f4400, (CMBitMap*) 0x000002627d2f43c0
 Prev Bits: [0x000002621a740000, 0x000002621e6b0000)
 Next Bits: [0x00000262167d0000, 0x000002621a740000)

Polling page: 0x000002627ca40000

Metaspace:

Usage:
  Non-class:     50.76 MB used.
      Class:      8.04 MB used.
       Both:     58.81 MB used.

Virtual space:
  Non-class space:       64.00 MB reserved,      51.06 MB ( 80%) committed,  1 nodes.
      Class space:        1.00 GB reserved,       8.25 MB ( <1%) committed,  1 nodes.
             Both:        1.06 GB reserved,      59.31 MB (  5%) committed. 

Chunk freelists:
   Non-Class:  12.92 MB
       Class:  7.75 MB
        Both:  20.67 MB

MaxMetaspaceSize: unlimited
CompressedClassSpaceSize: 1.00 GB
Initial GC threshold: 21.00 MB
Current GC threshold: 98.12 MB
CDS: on
MetaspaceReclaimPolicy: balanced
 - commit_granule_bytes: 65536.
 - commit_granule_words: 8192.
 - virtual_space_node_default_size: 8388608.
 - enlarge_chunks_in_place: 1.
 - new_chunks_are_fully_committed: 0.
 - uncommit_free_chunks: 1.
 - use_allocation_guard: 0.
 - handle_deallocations: 1.


Internal statistics:

num_allocs_failed_limit: 9.
num_arena_births: 610.
num_arena_deaths: 0.
num_vsnodes_births: 2.
num_vsnodes_deaths: 0.
num_space_committed: 949.
num_space_uncommitted: 0.
num_chunks_returned_to_freelist: 9.
num_chunks_taken_from_freelist: 2714.
num_chunk_merges: 6.
num_chunk_splits: 1951.
num_chunks_enlarged: 1549.
num_inconsistent_stats: 0.

CodeHeap 'non-profiled nmethods': size=119168Kb used=3599Kb max_used=3599Kb free=115568Kb
 bounds [0x000002620f370000, 0x000002620f700000, 0x00000262167d0000]
CodeHeap 'profiled nmethods': size=119104Kb used=10771Kb max_used=10771Kb free=108332Kb
 bounds [0x00000262077d0000, 0x0000026208260000, 0x000002620ec20000]
CodeHeap 'non-nmethods': size=7488Kb used=3039Kb max_used=3130Kb free=4448Kb
 bounds [0x000002620ec20000, 0x000002620ef40000, 0x000002620f370000]
 total_blobs=6208 nmethods=5526 adapters=591
 compilation: enabled
              stopped_count=0, restarted_count=0
 full_count=0

Compilation events (20 events):
Event: 3.212 Thread 0x000002626780ff40 6265 %     4       java.util.Arrays$ArrayList::indexOf @ 36 (62 bytes)
Event: 3.212 Thread 0x00000262211cd190 6266       1       java.lang.Character::charValue (5 bytes)
Event: 3.212 Thread 0x000002622106bce0 6267       3       java.lang.Character::valueOf (21 bytes)
Event: 3.213 Thread 0x00000262211cd190 nmethod 6266 0x000002620f6f2a90 code [0x000002620f6f2c20, 0x000002620f6f2cf8]
Event: 3.213 Thread 0x000002622106bce0 nmethod 6267 0x000002620824aa90 code [0x000002620824ac40, 0x000002620824aed8]
Event: 3.215 Thread 0x000002626a4c6aa0 6268       4       java.util.Arrays::copyOf (10 bytes)
Event: 3.215 Thread 0x00000262211b6bc0 6269       3       java.lang.invoke.InvokerBytecodeGenerator::addMethod (725 bytes)
Event: 3.215 Thread 0x000002622106bce0 6270       3       java.lang.invoke.MethodHandle::asType (28 bytes)
Event: 3.215 Thread 0x00000262211cd190 6271       3       java.lang.invoke.MethodHandles::filterArgumentChecks (44 bytes)
Event: 3.215 Thread 0x00000262211b66a0 6272       3       java.lang.invoke.DelegatingMethodHandle::makeReinvokerForm (344 bytes)
Event: 3.215 Thread 0x000002622106bce0 nmethod 6270 0x000002620824b010 code [0x000002620824b1e0, 0x000002620824b568]
Event: 3.216 Thread 0x00000262211cd190 nmethod 6271 0x000002620824b690 code [0x000002620824b860, 0x000002620824bc88]
Event: 3.216 Thread 0x000002622106bce0 6273       3       java.lang.invoke.DelegatingMethodHandle::whichKind (44 bytes)
Event: 3.216 Thread 0x000002622106bce0 nmethod 6273 0x000002620824be90 code [0x000002620824c040, 0x000002620824c218]
Event: 3.216 Thread 0x000002626a4c6aa0 nmethod 6268 0x000002620f6f2d90 code [0x000002620f6f2f00, 0x000002620f6f31b8]
Event: 3.216 Thread 0x00000262211b66a0 nmethod 6272 0x000002620824c290 code [0x000002620824c660, 0x000002620824ea78]
Event: 3.216 Thread 0x00000262211b6bc0 nmethod 6269 0x000002620824f910 code [0x000002620824fe40, 0x00000262082522f8]
Event: 3.217 Thread 0x000002626780ff40 nmethod 6265% 0x000002620f6f3310 code [0x000002620f6f34a0, 0x000002620f6f3af8]
Event: 3.217 Thread 0x00000262211b66a0 6274       3       java.math.BigDecimal::<init> (27 bytes)
Event: 3.217 Thread 0x00000262211b66a0 nmethod 6274 0x0000026208252f10 code [0x00000262082530c0, 0x00000262082532f8]

GC Heap History (20 events):
Event: 0.834 GC heap before
{Heap before GC invocations=2 (full 0):
 garbage-first heap   total 260096K, used 66179K [0x0000000702400000, 0x0000000800000000)
  region size 2048K, 31 young (63488K), 2 survivors (4096K)
 Metaspace       used 21239K, committed 21504K, reserved 1114112K
  class space    used 2731K, committed 2880K, reserved 1048576K
}
Event: 0.837 GC heap after
{Heap after GC invocations=3 (full 0):
 garbage-first heap   total 260096K, used 13432K [0x0000000702400000, 0x0000000800000000)
  region size 2048K, 4 young (8192K), 4 survivors (8192K)
 Metaspace       used 21239K, committed 21504K, reserved 1114112K
  class space    used 2731K, committed 2880K, reserved 1048576K
}
Event: 1.103 GC heap before
{Heap before GC invocations=4 (full 0):
 garbage-first heap   total 61440K, used 44152K [0x0000000702400000, 0x0000000800000000)
  region size 2048K, 20 young (40960K), 4 survivors (8192K)
 Metaspace       used 24428K, committed 24768K, reserved 1114112K
  class space    used 3153K, committed 3328K, reserved 1048576K
}
Event: 1.107 GC heap after
{Heap after GC invocations=5 (full 0):
 garbage-first heap   total 61440K, used 14918K [0x0000000702400000, 0x0000000800000000)
  region size 2048K, 4 young (8192K), 4 survivors (8192K)
 Metaspace       used 24428K, committed 24768K, reserved 1114112K
  class space    used 3153K, committed 3328K, reserved 1048576K
}
Event: 1.130 GC heap before
{Heap before GC invocations=5 (full 0):
 garbage-first heap   total 61440K, used 16966K [0x0000000702400000, 0x0000000800000000)
  region size 2048K, 5 young (10240K), 4 survivors (8192K)
 Metaspace       used 24611K, committed 24896K, reserved 1114112K
  class space    used 3180K, committed 3328K, reserved 1048576K
}
Event: 1.134 GC heap after
{Heap after GC invocations=6 (full 0):
 garbage-first heap   total 61440K, used 16102K [0x0000000702400000, 0x0000000800000000)
  region size 2048K, 1 young (2048K), 1 survivors (2048K)
 Metaspace       used 24611K, committed 24896K, reserved 1114112K
  class space    used 3180K, committed 3328K, reserved 1048576K
}
Event: 1.417 GC heap before
{Heap before GC invocations=6 (full 0):
 garbage-first heap   total 61440K, used 40678K [0x0000000702400000, 0x0000000800000000)
  region size 2048K, 13 young (26624K), 1 survivors (2048K)
 Metaspace       used 27749K, committed 28096K, reserved 1114112K
  class space    used 3662K, committed 3840K, reserved 1048576K
}
Event: 1.422 GC heap after
{Heap after GC invocations=7 (full 0):
 garbage-first heap   total 61440K, used 16892K [0x0000000702400000, 0x0000000800000000)
  region size 2048K, 2 young (4096K), 2 survivors (4096K)
 Metaspace       used 27749K, committed 28096K, reserved 1114112K
  class space    used 3662K, committed 3840K, reserved 1048576K
}
Event: 1.657 GC heap before
{Heap before GC invocations=7 (full 0):
 garbage-first heap   total 61440K, used 39420K [0x0000000702400000, 0x0000000800000000)
  region size 2048K, 13 young (26624K), 2 survivors (4096K)
 Metaspace       used 32803K, committed 33216K, reserved 1114112K
  class space    used 4376K, committed 4544K, reserved 1048576K
}
Event: 1.660 GC heap after
{Heap after GC invocations=8 (full 0):
 garbage-first heap   total 161792K, used 17844K [0x0000000702400000, 0x0000000800000000)
  region size 2048K, 2 young (4096K), 2 survivors (4096K)
 Metaspace       used 32803K, committed 33216K, reserved 1114112K
  class space    used 4376K, committed 4544K, reserved 1048576K
}
Event: 1.764 GC heap before
{Heap before GC invocations=8 (full 0):
 garbage-first heap   total 161792K, used 30132K [0x0000000702400000, 0x0000000800000000)
  region size 2048K, 9 young (18432K), 2 survivors (4096K)
 Metaspace       used 35590K, committed 35968K, reserved 1114112K
  class space    used 4741K, committed 4928K, reserved 1048576K
}
Event: 1.767 GC heap after
{Heap after GC invocations=9 (full 0):
 garbage-first heap   total 161792K, used 18777K [0x0000000702400000, 0x0000000800000000)
  region size 2048K, 2 young (4096K), 2 survivors (4096K)
 Metaspace       used 35590K, committed 35968K, reserved 1114112K
  class space    used 4741K, committed 4928K, reserved 1048576K
}
Event: 2.198 GC heap before
{Heap before GC invocations=10 (full 0):
 garbage-first heap   total 75776K, used 59737K [0x0000000702400000, 0x0000000800000000)
  region size 2048K, 22 young (45056K), 2 survivors (4096K)
 Metaspace       used 47108K, committed 47488K, reserved 1114112K
  class space    used 6199K, committed 6336K, reserved 1048576K
}
Event: 2.203 GC heap after
{Heap after GC invocations=11 (full 0):
 garbage-first heap   total 75776K, used 21735K [0x0000000702400000, 0x0000000800000000)
  region size 2048K, 3 young (6144K), 3 survivors (6144K)
 Metaspace       used 47108K, committed 47488K, reserved 1114112K
  class space    used 6199K, committed 6336K, reserved 1048576K
}
Event: 2.216 GC heap before
{Heap before GC invocations=11 (full 0):
 garbage-first heap   total 75776K, used 23783K [0x0000000702400000, 0x0000000800000000)
  region size 2048K, 4 young (8192K), 3 survivors (6144K)
 Metaspace       used 47637K, committed 48000K, reserved 1114112K
  class space    used 6267K, committed 6400K, reserved 1048576K
}
Event: 2.220 GC heap after
{Heap after GC invocations=12 (full 0):
 garbage-first heap   total 75776K, used 22067K [0x0000000702400000, 0x0000000800000000)
  region size 2048K, 1 young (2048K), 1 survivors (2048K)
 Metaspace       used 47637K, committed 48000K, reserved 1114112K
  class space    used 6267K, committed 6400K, reserved 1048576K
}
Event: 2.535 GC heap before
{Heap before GC invocations=12 (full 0):
 garbage-first heap   total 75776K, used 54835K [0x0000000702400000, 0x0000000800000000)
  region size 2048K, 18 young (36864K), 1 survivors (2048K)
 Metaspace       used 54882K, committed 55360K, reserved 1114112K
  class space    used 7456K, committed 7680K, reserved 1048576K
}
Event: 2.537 GC heap after
{Heap after GC invocations=13 (full 0):
 garbage-first heap   total 126976K, used 22750K [0x0000000702400000, 0x0000000800000000)
  region size 2048K, 1 young (2048K), 1 survivors (2048K)
 Metaspace       used 54882K, committed 55360K, reserved 1114112K
  class space    used 7456K, committed 7680K, reserved 1048576K
}
Event: 3.174 GC heap before
{Heap before GC invocations=13 (full 0):
 garbage-first heap   total 126976K, used 80094K [0x0000000702400000, 0x0000000800000000)
  region size 2048K, 30 young (61440K), 1 survivors (2048K)
 Metaspace       used 59645K, committed 60096K, reserved 1114112K
  class space    used 8114K, committed 8320K, reserved 1048576K
}
Event: 3.177 GC heap after
{Heap after GC invocations=14 (full 0):
 garbage-first heap   total 126976K, used 24624K [0x0000000702400000, 0x0000000800000000)
  region size 2048K, 2 young (4096K), 2 survivors (4096K)
 Metaspace       used 59645K, committed 60096K, reserved 1114112K
  class space    used 8114K, committed 8320K, reserved 1048576K
}

Deoptimization events (20 events):
Event: 3.113 Thread 0x000002627d280f00 Uncommon trap: trap_request=0xffffffbe fr.pc=0x000002620f6b149c relative=0x00000000000046fc
Event: 3.113 Thread 0x000002627d280f00 Uncommon trap: reason=profile_predicate action=maybe_recompile pc=0x000002620f6b149c method=org.springframework.util.ReflectionUtils.doWithMethods(Ljava/lang/Class;Lorg/springframework/util/ReflectionUtils$MethodCallback;Lorg/springframework/util/Reflecti
Event: 3.113 Thread 0x000002627d280f00 DEOPT PACKING pc=0x000002620f6b149c sp=0x0000009194afada0
Event: 3.113 Thread 0x000002627d280f00 DEOPT UNPACKING pc=0x000002620ec723a3 sp=0x0000009194afadf8 mode 2
Event: 3.113 Thread 0x000002627d280f00 Uncommon trap: trap_request=0xffffffbe fr.pc=0x000002620f6b149c relative=0x00000000000046fc
Event: 3.113 Thread 0x000002627d280f00 Uncommon trap: reason=profile_predicate action=maybe_recompile pc=0x000002620f6b149c method=org.springframework.util.ReflectionUtils.doWithMethods(Ljava/lang/Class;Lorg/springframework/util/ReflectionUtils$MethodCallback;Lorg/springframework/util/Reflecti
Event: 3.113 Thread 0x000002627d280f00 DEOPT PACKING pc=0x000002620f6b149c sp=0x0000009194afacf0
Event: 3.113 Thread 0x000002627d280f00 DEOPT UNPACKING pc=0x000002620ec723a3 sp=0x0000009194afad48 mode 2
Event: 3.113 Thread 0x000002627d280f00 Uncommon trap: trap_request=0xffffffbe fr.pc=0x000002620f6b149c relative=0x00000000000046fc
Event: 3.113 Thread 0x000002627d280f00 Uncommon trap: reason=profile_predicate action=maybe_recompile pc=0x000002620f6b149c method=org.springframework.util.ReflectionUtils.doWithMethods(Ljava/lang/Class;Lorg/springframework/util/ReflectionUtils$MethodCallback;Lorg/springframework/util/Reflecti
Event: 3.113 Thread 0x000002627d280f00 DEOPT PACKING pc=0x000002620f6b149c sp=0x0000009194afac40
Event: 3.113 Thread 0x000002627d280f00 DEOPT UNPACKING pc=0x000002620ec723a3 sp=0x0000009194afac98 mode 2
Event: 3.113 Thread 0x000002627d280f00 Uncommon trap: trap_request=0xffffffbe fr.pc=0x000002620f6b149c relative=0x00000000000046fc
Event: 3.113 Thread 0x000002627d280f00 Uncommon trap: reason=profile_predicate action=maybe_recompile pc=0x000002620f6b149c method=org.springframework.util.ReflectionUtils.doWithMethods(Ljava/lang/Class;Lorg/springframework/util/ReflectionUtils$MethodCallback;Lorg/springframework/util/Reflecti
Event: 3.113 Thread 0x000002627d280f00 DEOPT PACKING pc=0x000002620f6b149c sp=0x0000009194afab90
Event: 3.113 Thread 0x000002627d280f00 DEOPT UNPACKING pc=0x000002620ec723a3 sp=0x0000009194afabe8 mode 2
Event: 3.137 Thread 0x000002627d280f00 Uncommon trap: trap_request=0xffffff76 fr.pc=0x000002620f3ac89c relative=0x000000000000037c
Event: 3.137 Thread 0x000002627d280f00 Uncommon trap: reason=predicate action=maybe_recompile pc=0x000002620f3ac89c method=java.util.Arrays$ArrayList.indexOf(Ljava/lang/Object;)I @ 39 c2
Event: 3.137 Thread 0x000002627d280f00 DEOPT PACKING pc=0x000002620f3ac89c sp=0x0000009194afa880
Event: 3.137 Thread 0x000002627d280f00 DEOPT UNPACKING pc=0x000002620ec723a3 sp=0x0000009194afa808 mode 2

Classes unloaded (0 events):
No events

Classes redefined (0 events):
No events

Internal exceptions (20 events):
Event: 2.507 Thread 0x000002627d280f00 Exception <a 'java/lang/NoSuchMethodError'{0x0000000704c587b8}: 'java.lang.Object java.lang.invoke.DirectMethodHandle$Holder.newInvokeSpecial(java.lang.Object, java.lang.Object, int, java.lang.Object)'> (0x0000000704c587b8) 
thrown [s\open\src\hotspot\share\interpreter\linkResolver.cpp, line 759]
Event: 2.507 Thread 0x000002627d280f00 Exception <a 'java/lang/NoSuchMethodError'{0x0000000704c5cb78}: 'java.lang.Object java.lang.invoke.Invokers$Holder.linkToTargetMethod(java.lang.Object, int, java.lang.Object, java.lang.Object)'> (0x0000000704c5cb78) 
thrown [s\open\src\hotspot\share\interpreter\linkResolver.cpp, line 759]
Event: 2.523 Thread 0x000002627d280f00 Exception <a 'java/lang/NoSuchMethodError'{0x0000000704a842f8}: 'int java.lang.invoke.DirectMethodHandle$Holder.invokeStatic(java.lang.Object, int, java.lang.Object)'> (0x0000000704a842f8) 
thrown [s\open\src\hotspot\share\interpreter\linkResolver.cpp, line 759]
Event: 2.524 Thread 0x000002627d280f00 Exception <a 'java/lang/NoSuchMethodError'{0x0000000704aa92a8}: 'java.lang.Object java.lang.invoke.DirectMethodHandle$Holder.newInvokeSpecial(java.lang.Object, java.lang.Object, java.lang.Object, java.lang.Object, java.lang.Object, int, java.lang.Object)'> (0x0000000704aa92a8) 
thrown [s\open\src\hotspot\share\interpreter\linkResolver.cpp, line 759]
Event: 2.526 Thread 0x000002627d280f00 Exception <a 'java/lang/NoSuchMethodError'{0x0000000704ae7400}: 'java.lang.Object java.lang.invoke.DirectMethodHandle$Holder.newInvokeSpecial(java.lang.Object, java.lang.Object, java.lang.Object, java.lang.Object, java.lang.Object, java.lang.Object, java.lang.Object, java.lang.Object, java.lang.Object, java.lang.Object, java.lang.Object, java.lang.Object)'> (0x0000000704ae7400) 
thrown [s\open\src\hotspot\share\interpreter\linkResolver.cpp, line 759]
Event: 2.526 Thread 0x000002627d280f00 Exception <a 'java/lang/NoSuchMethodError'{0x0000000704aec690}: 'java.lang.Object java.lang.invoke.DirectMethodHandle$Holder.invokeSpecial(java.lang.Object, java.lang.Object, java.lang.Object, java.lang.Object, java.lang.Object, java.lang.Object, java.lang.Object, java.lang.Object, java.lang.Object, java.lang.Object, java.lang.Object, java.lang.Object, java.lang.Object)'> (0x0000000704aec690) 
thrown [s\open\src\hotspot\share\interpreter\linkResolver.cpp, line 759]
Event: 2.526 Thread 0x000002627d280f00 Exception <a 'java/lang/NoSuchMethodError'{0x0000000704af15a0}: 'java.lang.Object java.lang.invoke.Invokers$Holder.linkToTargetMethod(java.lang.Object, java.lang.Object, java.lang.Object, java.lang.Object, java.lang.Object, java.lang.Object, java.lang.Object, java.lang.Object, java.lang.Object, java.lang.Object, java.lang.Object, java.lang.Object)'> (0x0000000704af15a0) 
thrown [s\open\src\hotspot\share\interpreter\linkResolver.cpp, line 759]
Event: 2.531 Thread 0x000002627d280f00 Exception <a 'java/lang/IncompatibleClassChangeError'{0x0000000704b8c608}: Found class java.lang.Object, but interface was expected> (0x0000000704b8c608) 
thrown [s\open\src\hotspot\share\interpreter\linkResolver.cpp, line 826]
Event: 2.549 Thread 0x000002627d280f00 Exception <a 'java/lang/NoSuchMethodError'{0x000000070b2622c0}: 'java.lang.Object java.lang.invoke.DirectMethodHandle$Holder.newInvokeSpecial(java.lang.Object, java.lang.Object, int, java.lang.Object, int, java.lang.Object, java.lang.Object)'> (0x000000070b2622c0) 
thrown [s\open\src\hotspot\share\interpreter\linkResolver.cpp, line 759]
Event: 2.556 Thread 0x000002627d280f00 Exception <a 'java/lang/NoSuchMethodError'{0x000000070b338b10}: 'java.lang.Object java.lang.invoke.DirectMethodHandle$Holder.newInvokeSpecial(java.lang.Object, java.lang.Object, java.lang.Object, java.lang.Object, java.lang.Object, java.lang.Object, java.lang.Object, int)'> (0x000000070b338b10) 
thrown [s\open\src\hotspot\share\interpreter\linkResolver.cpp, line 759]
Event: 2.556 Thread 0x000002627d280f00 Exception <a 'java/lang/NoSuchMethodError'{0x000000070b33e300}: 'java.lang.Object java.lang.invoke.DirectMethodHandle$Holder.invokeSpecial(java.lang.Object, java.lang.Object, java.lang.Object, java.lang.Object, java.lang.Object, java.lang.Object, java.lang.Object, java.lang.Object, int)'> (0x000000070b33e300) 
thrown [s\open\src\hotspot\share\interpreter\linkResolver.cpp, line 759]
Event: 2.556 Thread 0x000002627d280f00 Exception <a 'java/lang/NoSuchMethodError'{0x000000070b3435c0}: 'java.lang.Object java.lang.invoke.Invokers$Holder.linkToTargetMethod(java.lang.Object, java.lang.Object, java.lang.Object, java.lang.Object, java.lang.Object, java.lang.Object, int, java.lang.Object)'> (0x000000070b3435c0) 
thrown [s\open\src\hotspot\share\interpreter\linkResolver.cpp, line 759]
Event: 2.933 Thread 0x000002627d280f00 Exception <a 'java/lang/IncompatibleClassChangeError'{0x00000007092f8df8}: Found class java.lang.Object, but interface was expected> (0x00000007092f8df8) 
thrown [s\open\src\hotspot\share\interpreter\linkResolver.cpp, line 826]
Event: 2.942 Thread 0x000002627d280f00 Exception <a 'java/lang/IncompatibleClassChangeError'{0x000000070937bdd8}: Found class java.lang.Object, but interface was expected> (0x000000070937bdd8) 
thrown [s\open\src\hotspot\share\interpreter\linkResolver.cpp, line 826]
Event: 2.966 Thread 0x000002627d280f00 Exception <a 'java/lang/IncompatibleClassChangeError'{0x0000000709112b00}: Found class java.lang.Object, but interface was expected> (0x0000000709112b00) 
thrown [s\open\src\hotspot\share\interpreter\linkResolver.cpp, line 826]
Event: 3.041 Thread 0x000002627d280f00 Exception <a 'java/lang/IncompatibleClassChangeError'{0x0000000708bc5600}: Found class java.lang.Object, but interface was expected> (0x0000000708bc5600) 
thrown [s\open\src\hotspot\share\interpreter\linkResolver.cpp, line 826]
Event: 3.147 Thread 0x000002627d280f00 Exception <a 'java/lang/reflect/InvocationTargetException'{0x00000007068d0a90}> (0x00000007068d0a90) 
thrown [s\open\src\hotspot\share\runtime\reflection.cpp, line 1121]
Event: 3.155 Thread 0x000002627d280f00 Exception <a 'java/lang/NoSuchMethodError'{0x000000070693cbb8}: 'int java.lang.invoke.DirectMethodHandle$Holder.invokeStatic(java.lang.Object, java.lang.Object, int)'> (0x000000070693cbb8) 
thrown [s\open\src\hotspot\share\interpreter\linkResolver.cpp, line 759]
Event: 3.163 Thread 0x000002627d280f00 Exception <a 'java/lang/IncompatibleClassChangeError'{0x0000000706988060}: Found class java.lang.Object, but interface was expected> (0x0000000706988060) 
thrown [s\open\src\hotspot\share\interpreter\linkResolver.cpp, line 826]
Event: 3.204 Thread 0x000002627d280f00 Exception <a 'java/lang/NoSuchMethodError'{0x0000000712119998}: 'java.lang.Object java.lang.invoke.DirectMethodHandle$Holder.invokeStatic(java.lang.Object, int, java.lang.Object)'> (0x0000000712119998) 
thrown [s\open\src\hotspot\share\interpreter\linkResolver.cpp, line 759]

VM Operations (20 events):
Event: 2.441 Executing VM operation: ICBufferFull
Event: 2.441 Executing VM operation: ICBufferFull done
Event: 2.476 Executing VM operation: ICBufferFull
Event: 2.476 Executing VM operation: ICBufferFull done
Event: 2.535 Executing VM operation: G1CollectForAllocation
Event: 2.537 Executing VM operation: G1CollectForAllocation done
Event: 2.561 Executing VM operation: HandshakeAllThreads
Event: 2.561 Executing VM operation: HandshakeAllThreads done
Event: 3.010 Executing VM operation: ICBufferFull
Event: 3.011 Executing VM operation: ICBufferFull done
Event: 3.017 Executing VM operation: HandshakeAllThreads
Event: 3.017 Executing VM operation: HandshakeAllThreads done
Event: 3.110 Executing VM operation: HandshakeAllThreads
Event: 3.110 Executing VM operation: HandshakeAllThreads done
Event: 3.174 Executing VM operation: CollectForMetadataAllocation
Event: 3.177 Executing VM operation: CollectForMetadataAllocation done
Event: 3.185 Executing VM operation: G1Concurrent
Event: 3.188 Executing VM operation: G1Concurrent done
Event: 3.192 Executing VM operation: G1Concurrent
Event: 3.192 Executing VM operation: G1Concurrent done

Events (20 events):
Event: 2.916 loading class sun/reflect/generics/reflectiveObjects/GenericArrayTypeImpl done
Event: 2.917 Thread 0x000002626780ff40 Thread added: 0x000002626780ff40
Event: 2.933 Thread 0x00000262678109e0 Thread added: 0x00000262678109e0
Event: 2.933 loading class java/util/concurrent/ConcurrentHashMap$TreeNode
Event: 2.933 loading class java/util/concurrent/ConcurrentHashMap$TreeNode done
Event: 2.933 loading class java/util/concurrent/ConcurrentHashMap$TreeBin
Event: 2.933 loading class java/util/concurrent/ConcurrentHashMap$TreeBin done
Event: 2.936 Thread 0x000002626780f9f0 Thread added: 0x000002626780f9f0
Event: 2.936 Thread 0x000002626a4c6550 Thread added: 0x000002626a4c6550
Event: 2.993 loading class java/util/concurrent/atomic/Striped64$1
Event: 2.993 loading class java/util/concurrent/atomic/Striped64$1 done
Event: 3.044 loading class java/lang/Package$1PackageInfoProxy
Event: 3.044 loading class java/lang/Package$1PackageInfoProxy done
Event: 3.065 Thread 0x000002626a4c15a0 Thread added: 0x000002626a4c15a0
Event: 3.066 Thread 0x000002626a4c6aa0 Thread added: 0x000002626a4c6aa0
Event: 3.066 Thread 0x000002626a4c3580 Thread added: 0x000002626a4c3580
Event: 3.191 loading class java/util/regex/Pattern$Bound
Event: 3.191 loading class java/util/regex/Pattern$Bound done
Event: 3.193 loading class java/util/regex/Pattern$Behind
Event: 3.193 loading class java/util/regex/Pattern$Behind done


Dynamic libraries:
0x00007ff644590000 - 0x00007ff6445a0000 	C:\Program Files\Java\jdk-17\bin\java.exe
0x00007fff65ef0000 - 0x00007fff660e8000 	C:\Windows\SYSTEM32\ntdll.dll
0x00007fff64d50000 - 0x00007fff64e0d000 	C:\Windows\System32\KERNEL32.DLL
0x00007fff63c30000 - 0x00007fff63f26000 	C:\Windows\System32\KERNELBASE.dll
0x00007fff63810000 - 0x00007fff63910000 	C:\Windows\System32\ucrtbase.dll
0x00007fff430a0000 - 0x00007fff430b9000 	C:\Program Files\Java\jdk-17\bin\jli.dll
0x00007fff656a0000 - 0x00007fff65753000 	C:\Windows\System32\ADVAPI32.dll
0x00007fff43080000 - 0x00007fff4309b000 	C:\Program Files\Java\jdk-17\bin\VCRUNTIME140.dll
0x00007fff65760000 - 0x00007fff657fe000 	C:\Windows\System32\msvcrt.dll
0x00007fff644d0000 - 0x00007fff6456f000 	C:\Windows\System32\sechost.dll
0x00007fff65d80000 - 0x00007fff65ea6000 	C:\Windows\System32\RPCRT4.dll
0x00007fff635e0000 - 0x00007fff63607000 	C:\Windows\System32\bcrypt.dll
0x00007fff65bc0000 - 0x00007fff65d5e000 	C:\Windows\System32\USER32.dll
0x00007fff635b0000 - 0x00007fff635d2000 	C:\Windows\System32\win32u.dll
0x00007fff583c0000 - 0x00007fff5865a000 	C:\Windows\WinSxS\amd64_microsoft.windows.common-controls_6595b64144ccf1df_6.0.19041.3636_none_60b6a03d71f818d5\COMCTL32.dll
0x00007fff64570000 - 0x00007fff6459b000 	C:\Windows\System32\GDI32.dll
0x00007fff639f0000 - 0x00007fff63b07000 	C:\Windows\System32\gdi32full.dll
0x00007fff63610000 - 0x00007fff636ad000 	C:\Windows\System32\msvcp_win.dll
0x00007fff5df50000 - 0x00007fff5df5a000 	C:\Windows\SYSTEM32\VERSION.dll
0x00007fff65310000 - 0x00007fff65342000 	C:\Windows\System32\IMM32.DLL
0x00007fff42cc0000 - 0x00007fff42ccc000 	C:\Program Files\Java\jdk-17\bin\vcruntime140_1.dll
0x00007fff40f00000 - 0x00007fff40f8e000 	C:\Program Files\Java\jdk-17\bin\msvcp140.dll
0x00007fff03090000 - 0x00007fff03c71000 	C:\Program Files\Java\jdk-17\bin\server\jvm.dll
0x00007fff65480000 - 0x00007fff65488000 	C:\Windows\System32\PSAPI.DLL
0x00007fff49940000 - 0x00007fff49949000 	C:\Windows\SYSTEM32\WSOCK32.dll
0x00007fff642b0000 - 0x00007fff6431b000 	C:\Windows\System32\WS2_32.dll
0x00007fff59400000 - 0x00007fff59427000 	C:\Windows\SYSTEM32\WINMM.dll
0x00007fff61480000 - 0x00007fff61492000 	C:\Windows\SYSTEM32\kernel.appcore.dll
0x00007fff42cb0000 - 0x00007fff42cba000 	C:\Program Files\Java\jdk-17\bin\jimage.dll
0x00007fff58ac0000 - 0x00007fff58ca4000 	C:\Windows\SYSTEM32\DBGHELP.DLL
0x00007fff4cca0000 - 0x00007fff4ccd4000 	C:\Windows\SYSTEM32\dbgcore.DLL
0x00007fff63960000 - 0x00007fff639e2000 	C:\Windows\System32\bcryptPrimitives.dll
0x00007fff55ff0000 - 0x00007fff55ffe000 	C:\Program Files\Java\jdk-17\bin\instrument.dll
0x00007fff42c80000 - 0x00007fff42ca5000 	C:\Program Files\Java\jdk-17\bin\java.dll
0x00007fff1da30000 - 0x00007fff1db07000 	C:\Program Files\Java\jdk-17\bin\jsvml.dll
0x00007fff64600000 - 0x00007fff64d45000 	C:\Windows\System32\SHELL32.dll
0x00007fff61680000 - 0x00007fff61e1c000 	C:\Windows\SYSTEM32\windows.storage.dll
0x00007fff65800000 - 0x00007fff65b54000 	C:\Windows\System32\combase.dll
0x00007fff62fe0000 - 0x00007fff6300e000 	C:\Windows\SYSTEM32\Wldp.dll
0x00007fff64400000 - 0x00007fff644cd000 	C:\Windows\System32\OLEAUT32.dll
0x00007fff640e0000 - 0x00007fff6418d000 	C:\Windows\System32\SHCORE.dll
0x00007fff645a0000 - 0x00007fff645f5000 	C:\Windows\System32\shlwapi.dll
0x00007fff634e0000 - 0x00007fff63505000 	C:\Windows\SYSTEM32\profapi.dll
0x00007fff38690000 - 0x00007fff386a8000 	C:\Program Files\Java\jdk-17\bin\zip.dll
0x00007fff40ee0000 - 0x00007fff40ef9000 	C:\Program Files\Java\jdk-17\bin\net.dll
0x00007fff5d680000 - 0x00007fff5d78a000 	C:\Windows\SYSTEM32\WINHTTP.dll
0x00007fff62d40000 - 0x00007fff62daa000 	C:\Windows\system32\mswsock.dll
0x00007fff40ec0000 - 0x00007fff40ed6000 	C:\Program Files\Java\jdk-17\bin\nio.dll
0x00007fff602c0000 - 0x00007fff602da000 	C:\Program Files\JetBrains\IntelliJ IDEA 2023.3.4\bin\breakgen64.dll
0x00007fff60db0000 - 0x00007fff60dbe000 	C:\Program Files\Java\jdk-17\bin\sunmscapi.dll
0x00007fff636b0000 - 0x00007fff6380d000 	C:\Windows\System32\CRYPT32.dll
0x00007fff63050000 - 0x00007fff63078000 	C:\Windows\SYSTEM32\ncrypt.dll
0x00007fff63010000 - 0x00007fff6304b000 	C:\Windows\SYSTEM32\NTASN1.dll
0x00007fff62f40000 - 0x00007fff62f58000 	C:\Windows\SYSTEM32\CRYPTSP.dll
0x00007fff62600000 - 0x00007fff62634000 	C:\Windows\system32\rsaenh.dll
0x00007fff63460000 - 0x00007fff6348e000 	C:\Windows\SYSTEM32\USERENV.dll
0x00007fff62f30000 - 0x00007fff62f3c000 	C:\Windows\SYSTEM32\CRYPTBASE.dll
0x00007fff629e0000 - 0x00007fff62a1b000 	C:\Windows\SYSTEM32\IPHLPAPI.DLL
0x00007fff65550000 - 0x00007fff65558000 	C:\Windows\System32\NSI.dll
0x00007fff5e260000 - 0x00007fff5e277000 	C:\Windows\SYSTEM32\dhcpcsvc6.DLL
0x00007fff5e240000 - 0x00007fff5e25d000 	C:\Windows\SYSTEM32\dhcpcsvc.DLL
0x00007fff62a30000 - 0x00007fff62afb000 	C:\Windows\SYSTEM32\DNSAPI.dll
0x00007fff40eb0000 - 0x00007fff40ec0000 	C:\Program Files\Java\jdk-17\bin\verify.dll

dbghelp: loaded successfully - version: 4.0.5 - missing functions: none
symbol engine: initialized successfully - sym options: 0x614 - pdb path: .;C:\Program Files\Java\jdk-17\bin;C:\Windows\SYSTEM32;C:\Windows\WinSxS\amd64_microsoft.windows.common-controls_6595b64144ccf1df_6.0.19041.3636_none_60b6a03d71f818d5;C:\Program Files\Java\jdk-17\bin\server;C:\Program Files\JetBrains\IntelliJ IDEA 2023.3.4\bin

VM Arguments:
jvm_args: -ea -Didea.test.cyclic.buffer.size=1048576 -javaagent:C:\Program Files\JetBrains\IntelliJ IDEA 2023.3.4\lib\idea_rt.jar=49596:C:\Program Files\JetBrains\IntelliJ IDEA 2023.3.4\bin -Dfile.encoding=UTF-8 
java_command: com.intellij.rt.junit.JUnitStarter -ideVersion5 -junit5 kr.co.ch07.repository.shop.ShopRepositoryTest
java_class_path (initial): C:\Users\java\.m2\repository\org\junit\platform\junit-platform-launcher\1.10.2\junit-platform-launcher-1.10.2.jar;C:\Users\java\.m2\repository\org\junit\platform\junit-platform-engine\1.10.2\junit-platform-engine-1.10.2.jar;C:\Users\java\.m2\repository\org\opentest4j\opentest4j\1.3.0\opentest4j-1.3.0.jar;C:\Users\java\.m2\repository\org\junit\platform\junit-platform-commons\1.10.2\junit-platform-commons-1.10.2.jar;C:\Users\java\.m2\repository\org\apiguardian\apiguardian-api\1.1.2\apiguardian-api-1.1.2.jar;C:\Program Files\JetBrains\IntelliJ IDEA 2023.3.4\lib\idea_rt.jar;C:\Program Files\JetBrains\IntelliJ IDEA 2023.3.4\plugins\junit\lib\junit5-rt.jar;C:\Program Files\JetBrains\IntelliJ IDEA 2023.3.4\plugins\junit\lib\junit-rt.jar;C:\Users\java\Desktop\Workspace\Spring\ch07\build\classes\java\test;C:\Users\java\Desktop\Workspace\Spring\ch07\build\classes\java\main;C:\Users\java\Desktop\Workspace\Spring\ch07\build\resources\main;C:\Users\java\.gradle\caches\modules-2\files-2.1\org.springframework.boot\spring-boot-starter-data-jpa\3.2.3\1fd0770b23c57627e5a37726fb4060f5bfa4da6f\spring-boot-starter-data-jpa-3.2.3.jar;C:\Users\java\.gradle\caches\modules-2\files-2.1\org.springframework.boot\spring-boot-starter-thymeleaf\3.2.3\dbb434ce42b99f0685963d0a5824cd8f3835a1ac\spring-boot-starter-thymeleaf-3.2.3.jar;C:\Users\java\.gradle\caches\modules-2\files-2.1\org.springframework.boot\spring-boot-starter-web\3.2.3\bf2b775d4f4e6349129c64de30939a5493779706\spring-boot-starter-web-3.2.3.jar;C:\Users\java\.gradle\caches\modules-2\files-2.1\org.projectlombok\lombok\1.18.30\f195ee86e6c896ea47a1d39defbe20eb59cd149d\lombok-1.18.30.jar;C:\Users\java\.gradle\caches\modules-2\files-2.1\org.springframework.boot\spring-boot-starter-test\3.2.3\edfce43fbd303d556f3951af65dfb6e335d8230e\spring-boot-starter-test-3.2.3.jar;C:\Users\java\.gradle\caches\modules-2\files-2.1\org.springframework.boot\spring-boot-starter-aop\3.2.3\db8d799efd6cacd3bd134d471c3f983cbc1a137\spri
Launcher Type: SUN_STANDARD

[Global flags]
     intx CICompilerCount                          = 12                                        {product} {ergonomic}
     uint ConcGCThreads                            = 4                                         {product} {ergonomic}
     uint G1ConcRefinementThreads                  = 15                                        {product} {ergonomic}
   size_t G1HeapRegionSize                         = 2097152                                   {product} {ergonomic}
    uintx GCDrainStackTargetSize                   = 64                                        {product} {ergonomic}
   size_t InitialHeapSize                          = 266338304                                 {product} {ergonomic}
   size_t MarkStackSize                            = 4194304                                   {product} {ergonomic}
   size_t MaxHeapSize                              = 4257218560                                {product} {ergonomic}
   size_t MaxNewSize                               = 2554331136                                {product} {ergonomic}
   size_t MinHeapDeltaBytes                        = 2097152                                   {product} {ergonomic}
   size_t MinHeapSize                              = 8388608                                   {product} {ergonomic}
    uintx NonNMethodCodeHeapSize                   = 7602480                                {pd product} {ergonomic}
    uintx NonProfiledCodeHeapSize                  = 122027880                              {pd product} {ergonomic}
    uintx ProfiledCodeHeapSize                     = 122027880                              {pd product} {ergonomic}
    uintx ReservedCodeCacheSize                    = 251658240                              {pd product} {ergonomic}
     bool SegmentedCodeCache                       = true                                      {product} {ergonomic}
   size_t SoftMaxHeapSize                          = 4257218560                             {manageable} {ergonomic}
     bool UseCompressedClassPointers               = true                           {product lp64_product} {ergonomic}
     bool UseCompressedOops                        = true                           {product lp64_product} {ergonomic}
     bool UseG1GC                                  = true                                      {product} {ergonomic}
     bool UseLargePagesIndividualAllocation        = false                                  {pd product} {ergonomic}

Logging:
Log output configuration:
 #0: stdout all=warning uptime,level,tags
 #1: stderr all=off uptime,level,tags

Environment Variables:
PATH=C:\WINDOWS.X64_193000_db_home\bin;C:\Program Files (x86)\VMware\VMware Player\bin\;C:\Program Files\Common Files\Oracle\Java\javapath;C:\Program Files (x86)\Common Files\Intel\Shared Libraries\redist\intel64\compiler;C:\Windows\system32;C:\Windows;C:\Windows\System32\Wbem;C:\Windows\System32\WindowsPowerShell\v1.0\;C:\Windows\System32\OpenSSH\;C:\Program Files (x86)\Common Files\Acronis\VirtualFile\;C:\Program Files (x86)\Common Files\Acronis\VirtualFile64\;C:\Program Files (x86)\Common Files\Acronis\SnapAPI\;C:\Program Files\Git\cmd;C:\Program Files\MySQL\MySQL Server 8.0\bin;C:\Program Files\Bandizip\;C:\Program Files\PuTTY\;C:\Program Files\MySQL\MySQL Shell 8.0\bin\;C:\Users\java\AppData\Local\Microsoft\WindowsApps;;C:\Users\java\AppData\Local\Programs\Microsoft VS Code\bin;C:\Program Files\JetBrains\IntelliJ IDEA 2023.3.4\bin;
USERNAME=java
OS=Windows_NT
PROCESSOR_IDENTIFIER=Intel64 Family 6 Model 151 Stepping 2, GenuineIntel



---------------  S Y S T E M  ---------------

OS:
 Windows 10 , 64 bit Build 19041 (10.0.19041.3636)
OS uptime: 0 days 8:47 hours

CPU: total 20 (initial active 20) (10 cores per cpu, 2 threads per core) family 6 model 151 stepping 2 microcode 0x2d, cx8, cmov, fxsr, ht, mmx, 3dnowpref, sse, sse2, sse3, ssse3, sse4.1, sse4.2, popcnt, lzcnt, tsc, tscinvbit, avx, avx2, aes, erms, clmul, bmi1, bmi2, adx, sha, fma, vzeroupper, clflush, clflushopt, clwb

Memory: 4k page, system-wide physical 16234M (1703M free)
TotalPageFile size 18282M (AvailPageFile size 6M)
current process WorkingSet (physical memory assigned to process): 405M, peak: 406M
current process commit charge ("private bytes"): 462M, peak: 464M

vm_info: Java HotSpot(TM) 64-Bit Server VM (17.0.9+11-LTS-201) for windows-amd64 JRE (17.0.9+11-LTS-201), built on Oct 10 2023 23:16:06 by "mach5one" with MS VC++ 17.1 (VS2022)

END.
