#
# There is insufficient memory for the Java Runtime Environment to continue.
# Native memory allocation (mmap) failed to map 266338304 bytes for G1 virtual space
# Possible reasons:
#   The system is out of physical RAM or swap space
#   The process is running with CompressedOops enabled, and the Java Heap may be blocking the growth of the native heap
# Possible solutions:
#   Reduce memory load on the system
#   Increase physical memory or swap space
#   Check if swap backing store is full
#   Decrease Java heap size (-Xmx/-Xms)
#   Decrease number of Java threads
#   Decrease Java thread stack sizes (-Xss)
#   Set larger code cache with -XX:ReservedCodeCacheSize=
#   JVM is running with Zero Based Compressed Oops mode in which the Java heap is
#     placed in the first 32GB address space. The Java Heap base address is the
#     maximum limit for the native heap growth. Please use -XX:HeapBaseMinAddress
#     to set the Java Heap base and to place the Java Heap above 32GB virtual address.
# This output file may be truncated or incomplete.
#
#  Out of Memory Error (os_windows.cpp:3552), pid=2148, tid=12864
#
# JRE version:  (17.0.9+11) (build )
# Java VM: Java HotSpot(TM) 64-Bit Server VM (17.0.9+11-LTS-201, mixed mode, emulated-client, sharing, tiered, compressed oops, compressed class ptrs, g1 gc, windows-amd64)
# No core dump will be written. Minidumps are not enabled by default on client versions of Windows
#

---------------  S U M M A R Y ------------

Command Line: -XX:TieredStopAtLevel=1 -Dspring.output.ansi.enabled=always -Dcom.sun.management.jmxremote -Dspring.jmx.enabled=true -Dspring.liveBeansView.mbeanDomain -Dspring.application.admin.enabled=true -Dmanagement.endpoints.jmx.exposure.include=* -javaagent:C:\Program Files\JetBrains\IntelliJ IDEA 2023.3.4\lib\idea_rt.jar=65496:C:\Program Files\JetBrains\IntelliJ IDEA 2023.3.4\bin -Dfile.encoding=UTF-8 kr.co.ch07.Ch07Application

Host: 12th Gen Intel(R) Core(TM) i7-12700F, 20 cores, 15G,  Windows 10 , 64 bit Build 19041 (10.0.19041.3636)
Time: Tue Mar 26 14:14:50 2024  Windows 10 , 64 bit Build 19041 (10.0.19041.3636) elapsed time: 0.004972 seconds (0d 0h 0m 0s)

---------------  T H R E A D  ---------------

Current thread (0x00000287b97dc060):  JavaThread "Unknown thread" [_thread_in_vm, id=12864, stack(0x000000afad500000,0x000000afad600000)]

Stack: [0x000000afad500000,0x000000afad600000]
Native frames: (J=compiled Java code, j=interpreted, Vv=VM code, C=native code)
V  [jvm.dll+0x678a4a]
V  [jvm.dll+0x7d9cfd]
V  [jvm.dll+0x7db60e]
V  [jvm.dll+0x7dbc73]
V  [jvm.dll+0x245e1f]
V  [jvm.dll+0x6758f9]
V  [jvm.dll+0x66a2a2]
V  [jvm.dll+0x303686]
V  [jvm.dll+0x30ac06]
V  [jvm.dll+0x35a48e]
V  [jvm.dll+0x35a6bf]
V  [jvm.dll+0x2da678]
V  [jvm.dll+0x2db5e4]
V  [jvm.dll+0x7ab6b1]
V  [jvm.dll+0x368041]
V  [jvm.dll+0x78a749]
V  [jvm.dll+0x3ebd4f]
V  [jvm.dll+0x3ed7d1]
C  [jli.dll+0x5297]
C  [ucrtbase.dll+0x21bb2]
C  [KERNEL32.DLL+0x17344]
C  [ntdll.dll+0x526b1]


---------------  P R O C E S S  ---------------

Threads class SMR info:
_java_thread_list=0x00007ffe005689d8, length=0, elements={
}

Java Threads: ( => current thread )

Other Threads:
  0x00000287b9848070 GCTaskThread "GC Thread#0" [stack: 0x000000afad600000,0x000000afad700000] [id=9772]
  0x00000287b9858d80 ConcurrentGCThread "G1 Main Marker" [stack: 0x000000afad700000,0x000000afad800000] [id=10500]
  0x00000287b9859790 ConcurrentGCThread "G1 Conc#0" [stack: 0x000000afad800000,0x000000afad900000] [id=2384]

[error occurred during error reporting (printing all threads), id 0xc0000005, EXCEPTION_ACCESS_VIOLATION (0xc0000005) at pc=0x00007ffdffd9b2d7]

VM state: not at safepoint (not fully initialized)

VM Mutex/Monitor currently owned by a thread:  ([mutex/lock_event])
[0x00000287b9538b80] Heap_lock - owner thread: 0x00000287b97dc060

Heap address: 0x0000000702400000, size: 4060 MB, Compressed Oops mode: Zero based, Oop shift amount: 3

CDS archive(s) mapped at: [0x0000000000000000-0x0000000000000000-0x0000000000000000), size 0, SharedBaseAddress: 0x0000000800000000, ArchiveRelocationMode: 1.
Narrow klass base: 0x0000000000000000, Narrow klass shift: 0, Narrow klass range: 0x0

GC Precious Log:
<Empty>

Heap:
 garbage-first heap   total 0K, used 0K [0x0000000702400000, 0x0000000800000000)
  region size 2048K, 0 young (0K), 0 survivors (0K)

[error occurred during error reporting (printing heap information), id 0xc0000005, EXCEPTION_ACCESS_VIOLATION (0xc0000005) at pc=0x00007ffe00182229]

GC Heap History (0 events):
No events

Deoptimization events (0 events):
No events

Classes unloaded (0 events):
No events

Classes redefined (0 events):
No events

Internal exceptions (0 events):
No events

VM Operations (0 events):
No events

Events (1 events):
Event: 0.003 Loaded shared library C:\Program Files\Java\jdk-17\bin\java.dll


Dynamic libraries:
0x00007ff7a0b10000 - 0x00007ff7a0b20000 	C:\Program Files\Java\jdk-17\bin\java.exe
0x00007ffe77d30000 - 0x00007ffe77f28000 	C:\Windows\SYSTEM32\ntdll.dll
0x00007ffe760f0000 - 0x00007ffe761ad000 	C:\Windows\System32\KERNEL32.DLL
0x00007ffe753e0000 - 0x00007ffe756d6000 	C:\Windows\System32\KERNELBASE.dll
0x00007ffe75b20000 - 0x00007ffe75c20000 	C:\Windows\System32\ucrtbase.dll
0x00007ffe54d80000 - 0x00007ffe54d99000 	C:\Program Files\Java\jdk-17\bin\jli.dll
0x00007ffe52360000 - 0x00007ffe5237b000 	C:\Program Files\Java\jdk-17\bin\VCRUNTIME140.dll
0x00007ffe76460000 - 0x00007ffe76510000 	C:\Windows\System32\ADVAPI32.dll
0x00007ffe76210000 - 0x00007ffe762ae000 	C:\Windows\System32\msvcrt.dll
0x00007ffe77c50000 - 0x00007ffe77cf0000 	C:\Windows\System32\sechost.dll
0x00007ffe76800000 - 0x00007ffe76925000 	C:\Windows\System32\RPCRT4.dll
0x00007ffe75ca0000 - 0x00007ffe75cc7000 	C:\Windows\System32\bcrypt.dll
0x00007ffe76a10000 - 0x00007ffe76bae000 	C:\Windows\System32\USER32.dll
0x00007ffe75c70000 - 0x00007ffe75c92000 	C:\Windows\System32\win32u.dll
0x00007ffe6b560000 - 0x00007ffe6b7fa000 	C:\Windows\WinSxS\amd64_microsoft.windows.common-controls_6595b64144ccf1df_6.0.19041.3636_none_60b6a03d71f818d5\COMCTL32.dll
0x00007ffe765d0000 - 0x00007ffe765fb000 	C:\Windows\System32\GDI32.dll
0x00007ffe75830000 - 0x00007ffe75947000 	C:\Windows\System32\gdi32full.dll
0x00007ffe75790000 - 0x00007ffe7582d000 	C:\Windows\System32\msvcp_win.dll
0x00007ffe6f960000 - 0x00007ffe6f96a000 	C:\Windows\SYSTEM32\VERSION.dll
0x00007ffe760b0000 - 0x00007ffe760e2000 	C:\Windows\System32\IMM32.DLL
0x00007ffe55720000 - 0x00007ffe5572c000 	C:\Program Files\Java\jdk-17\bin\vcruntime140_1.dll
0x00007ffe1e960000 - 0x00007ffe1e9ee000 	C:\Program Files\Java\jdk-17\bin\msvcp140.dll
0x00007ffdffab0000 - 0x00007ffe00691000 	C:\Program Files\Java\jdk-17\bin\server\jvm.dll
0x00007ffe760a0000 - 0x00007ffe760a8000 	C:\Windows\System32\PSAPI.DLL
0x00007ffe65b30000 - 0x00007ffe65b57000 	C:\Windows\SYSTEM32\WINMM.dll
0x00007ffe65ee0000 - 0x00007ffe65ee9000 	C:\Windows\SYSTEM32\WSOCK32.dll
0x00007ffe77410000 - 0x00007ffe7747b000 	C:\Windows\System32\WS2_32.dll
0x00007ffe732b0000 - 0x00007ffe732c2000 	C:\Windows\SYSTEM32\kernel.appcore.dll
0x00007ffe555a0000 - 0x00007ffe555aa000 	C:\Program Files\Java\jdk-17\bin\jimage.dll
0x00007ffe63ec0000 - 0x00007ffe640a4000 	C:\Windows\SYSTEM32\DBGHELP.DLL
0x00007ffe67280000 - 0x00007ffe672b4000 	C:\Windows\SYSTEM32\dbgcore.DLL
0x00007ffe75cd0000 - 0x00007ffe75d52000 	C:\Windows\System32\bcryptPrimitives.dll
0x00007ffe55550000 - 0x00007ffe5555e000 	C:\Program Files\Java\jdk-17\bin\instrument.dll
0x00007ffe55280000 - 0x00007ffe552a5000 	C:\Program Files\Java\jdk-17\bin\java.dll

dbghelp: loaded successfully - version: 4.0.5 - missing functions: none
symbol engine: initialized successfully - sym options: 0x614 - pdb path: .;C:\Program Files\Java\jdk-17\bin;C:\Windows\SYSTEM32;C:\Windows\WinSxS\amd64_microsoft.windows.common-controls_6595b64144ccf1df_6.0.19041.3636_none_60b6a03d71f818d5;C:\Program Files\Java\jdk-17\bin\server

VM Arguments:
jvm_args: -XX:TieredStopAtLevel=1 -Dspring.output.ansi.enabled=always -Dcom.sun.management.jmxremote -Dspring.jmx.enabled=true -Dspring.liveBeansView.mbeanDomain -Dspring.application.admin.enabled=true -Dmanagement.endpoints.jmx.exposure.include=* -javaagent:C:\Program Files\JetBrains\IntelliJ IDEA 2023.3.4\lib\idea_rt.jar=65496:C:\Program Files\JetBrains\IntelliJ IDEA 2023.3.4\bin -Dfile.encoding=UTF-8 
java_command: kr.co.ch07.Ch07Application
java_class_path (initial): C:\Users\java\Desktop\Workspace\Spring\ch07\build\classes\java\main;C:\Users\java\Desktop\Workspace\Spring\ch07\build\resources\main;C:\Users\java\.gradle\caches\modules-2\files-2.1\org.springframework.boot\spring-boot-configuration-processor\3.2.3\ddfb951196f104bf6c5d2f2b4bd86108ff81abcd\spring-boot-configuration-processor-3.2.3.jar;C:\Users\java\.gradle\caches\modules-2\files-2.1\org.projectlombok\lombok\1.18.30\f195ee86e6c896ea47a1d39defbe20eb59cd149d\lombok-1.18.30.jar;C:\Users\java\.gradle\caches\modules-2\files-2.1\com.querydsl\querydsl-apt\5.1.0\3b1cbe05851840b5dc926833908747a193c097cc\querydsl-apt-5.1.0-jakarta.jar;C:\Users\java\.gradle\caches\modules-2\files-2.1\org.springframework.boot\spring-boot-starter-data-jpa\3.2.3\1fd0770b23c57627e5a37726fb4060f5bfa4da6f\spring-boot-starter-data-jpa-3.2.3.jar;C:\Users\java\.gradle\caches\modules-2\files-2.1\org.springframework.boot\spring-boot-starter-thymeleaf\3.2.3\dbb434ce42b99f0685963d0a5824cd8f3835a1ac\spring-boot-starter-thymeleaf-3.2.3.jar;C:\Users\java\.gradle\caches\modules-2\files-2.1\org.springframework.boot\spring-boot-starter-web\3.2.3\bf2b775d4f4e6349129c64de30939a5493779706\spring-boot-starter-web-3.2.3.jar;C:\Users\java\.gradle\caches\modules-2\files-2.1\jakarta.annotation\jakarta.annotation-api\2.1.1\48b9bda22b091b1f48b13af03fe36db3be6e1ae3\jakarta.annotation-api-2.1.1.jar;C:\Users\java\.gradle\caches\modules-2\files-2.1\jakarta.persistence\jakarta.persistence-api\3.1.0\66901fa1c373c6aff65c13791cc11da72060a8d6\jakarta.persistence-api-3.1.0.jar;C:\Users\java\.gradle\caches\modules-2\files-2.1\com.querydsl\querydsl-jpa\5.1.0\f44ee79a324cf92d6821eca736b2028e69542050\querydsl-jpa-5.1.0-jakarta.jar;C:\Users\java\.gradle\caches\modules-2\files-2.1\com.querydsl\querydsl-codegen\5.0.0\d690e92300f528e4161307b286f76aeaf348e2fb\querydsl-codegen-5.0.0.jar;C:\Users\java\.gradle\caches\modules-2\files-2.1\org.springframework.data\spring-data-jpa\3.2.3\ae734906f5fb1e1892da7ab48acb6d0e0d
Launcher Type: SUN_STANDARD

[Global flags]
     intx CICompilerCount                          = 12                                        {product} {ergonomic}
     uint ConcGCThreads                            = 4                                         {product} {ergonomic}
     uint G1ConcRefinementThreads                  = 15                                        {product} {ergonomic}
   size_t G1HeapRegionSize                         = 2097152                                   {product} {ergonomic}
    uintx GCDrainStackTargetSize                   = 64                                        {product} {ergonomic}
   size_t InitialHeapSize                          = 266338304                                 {product} {ergonomic}
     bool ManagementServer                         = true                                      {product} {command line}
   size_t MarkStackSize                            = 4194304                                   {product} {ergonomic}
   size_t MaxHeapSize                              = 4257218560                                {product} {ergonomic}
   size_t MinHeapDeltaBytes                        = 2097152                                   {product} {ergonomic}
   size_t MinHeapSize                              = 8388608                                   {product} {ergonomic}
    uintx NonProfiledCodeHeapSize                  = 0                                      {pd product} {ergonomic}
     bool ProfileInterpreter                       = false                                  {pd product} {command line}
    uintx ProfiledCodeHeapSize                     = 0                                      {pd product} {ergonomic}
   size_t SoftMaxHeapSize                          = 4257218560                             {manageable} {ergonomic}
     intx TieredStopAtLevel                        = 1                                         {product} {command line}
     bool UseCompressedClassPointers               = true                           {product lp64_product} {ergonomic}
     bool UseCompressedOops                        = true                           {product lp64_product} {ergonomic}
     bool UseG1GC                                  = true                                      {product} {ergonomic}
     bool UseLargePagesIndividualAllocation        = false                                  {pd product} {ergonomic}

Logging:
Log output configuration:
 #0: stdout all=warning uptime,level,tags
 #1: stderr all=off uptime,level,tags

Environment Variables:
PATH=C:\WINDOWS.X64_193000_db_home\bin;C:\Program Files (x86)\VMware\VMware Player\bin\;C:\Program Files\Common Files\Oracle\Java\javapath;C:\Program Files (x86)\Common Files\Intel\Shared Libraries\redist\intel64\compiler;C:\Windows\system32;C:\Windows;C:\Windows\System32\Wbem;C:\Windows\System32\WindowsPowerShell\v1.0\;C:\Windows\System32\OpenSSH\;C:\Program Files (x86)\Common Files\Acronis\VirtualFile\;C:\Program Files (x86)\Common Files\Acronis\VirtualFile64\;C:\Program Files (x86)\Common Files\Acronis\SnapAPI\;C:\Program Files\Git\cmd;C:\Program Files\MySQL\MySQL Server 8.0\bin;C:\Program Files\Bandizip\;C:\Program Files\PuTTY\;C:\Program Files\MySQL\MySQL Shell 8.0\bin\;C:\Users\java\AppData\Local\Microsoft\WindowsApps;;C:\Users\java\AppData\Local\Programs\Microsoft VS Code\bin;C:\Program Files\JetBrains\IntelliJ IDEA 2023.3.4\bin;
USERNAME=java
OS=Windows_NT
PROCESSOR_IDENTIFIER=Intel64 Family 6 Model 151 Stepping 2, GenuineIntel



---------------  S Y S T E M  ---------------

OS:
 Windows 10 , 64 bit Build 19041 (10.0.19041.3636)
OS uptime: 0 days 6:01 hours

CPU: total 20 (initial active 20) (10 cores per cpu, 2 threads per core) family 6 model 151 stepping 2 microcode 0x2d, cx8, cmov, fxsr, ht, mmx, 3dnowpref, sse, sse2, sse3, ssse3, sse4.1, sse4.2, popcnt, lzcnt, tsc, tscinvbit, avx, avx2, aes, erms, clmul, bmi1, bmi2, adx, sha, fma, vzeroupper, clflush, clflushopt, clwb

Memory: 4k page, system-wide physical 16234M (2080M free)
TotalPageFile size 18282M (AvailPageFile size 37M)
current process WorkingSet (physical memory assigned to process): 10M, peak: 10M
current process commit charge ("private bytes"): 70M, peak: 324M

vm_info: Java HotSpot(TM) 64-Bit Server VM (17.0.9+11-LTS-201) for windows-amd64 JRE (17.0.9+11-LTS-201), built on Oct 10 2023 23:16:06 by "mach5one" with MS VC++ 17.1 (VS2022)

END.
