#
# There is insufficient memory for the Java Runtime Environment to continue.
# Native memory allocation (malloc) failed to allocate 896976 bytes for Chunk::new
# Possible reasons:
#   The system is out of physical RAM or swap space
#   The process is running with CompressedOops enabled, and the Java Heap may be blocking the growth of the native heap
# Possible solutions:
#   Reduce memory load on the system
#   Increase physical memory or swap space
#   Check if swap backing store is full
#   Decrease Java heap size (-Xmx/-Xms)
#   Decrease number of Java threads
#   Decrease Java thread stack sizes (-Xss)
#   Set larger code cache with -XX:ReservedCodeCacheSize=
#   JVM is running with Zero Based Compressed Oops mode in which the Java heap is
#     placed in the first 32GB address space. The Java Heap base address is the
#     maximum limit for the native heap growth. Please use -XX:HeapBaseMinAddress
#     to set the Java Heap base and to place the Java Heap above 32GB virtual address.
# This output file may be truncated or incomplete.
#
#  Out of Memory Error (arena.cpp:189), pid=12396, tid=13648
#
# JRE version: Java(TM) SE Runtime Environment (17.0.9+11) (build 17.0.9+11-LTS-201)
# Java VM: Java HotSpot(TM) 64-Bit Server VM (17.0.9+11-LTS-201, mixed mode, sharing, tiered, compressed oops, compressed class ptrs, g1 gc, windows-amd64)
# No core dump will be written. Minidumps are not enabled by default on client versions of Windows
#

---------------  S U M M A R Y ------------

Command Line: -ea -Didea.test.cyclic.buffer.size=1048576 -javaagent:C:\Program Files\JetBrains\IntelliJ IDEA 2023.3.4\lib\idea_rt.jar=49792:C:\Program Files\JetBrains\IntelliJ IDEA 2023.3.4\bin -Dfile.encoding=UTF-8 com.intellij.rt.junit.JUnitStarter -ideVersion5 -junit5 kr.co.ch07.repository.shop.ShopRepositoryTest

Host: 12th Gen Intel(R) Core(TM) i7-12700F, 20 cores, 15G,  Windows 10 , 64 bit Build 19041 (10.0.19041.3636)
Time: Tue Mar 12 17:10:52 2024  Windows 10 , 64 bit Build 19041 (10.0.19041.3636) elapsed time: 0.198440 seconds (0d 0h 0m 0s)

---------------  T H R E A D  ---------------

Current thread (0x000002322105b010):  JavaThread "C2 CompilerThread0" daemon [_thread_in_native, id=13648, stack(0x000000fa7be00000,0x000000fa7bf00000)]


Current CompileTask:
C2:    198  859       4       java.util.jar.JarFile::getEntry (35 bytes)

Stack: [0x000000fa7be00000,0x000000fa7bf00000]
Native frames: (J=compiled Java code, j=interpreted, Vv=VM code, C=native code)
V  [jvm.dll+0x678a4a]
V  [jvm.dll+0x7d9cfd]
V  [jvm.dll+0x7db60e]
V  [jvm.dll+0x7dbc73]
V  [jvm.dll+0x245e1f]
V  [jvm.dll+0xaaafb]
V  [jvm.dll+0xab09c]
V  [jvm.dll+0x36232f]
V  [jvm.dll+0x32ca01]
V  [jvm.dll+0x32be9a]
V  [jvm.dll+0x21812f]
V  [jvm.dll+0x217561]
V  [jvm.dll+0x1a3bc0]
V  [jvm.dll+0x2272de]
V  [jvm.dll+0x22548b]
V  [jvm.dll+0x78f58c]
V  [jvm.dll+0x78998a]
V  [jvm.dll+0x677875]
C  [ucrtbase.dll+0x21bb2]
C  [KERNEL32.DLL+0x17344]
C  [ntdll.dll+0x526b1]


---------------  P R O C E S S  ---------------

Threads class SMR info:
_java_thread_list=0x0000023267144ea0, length=18, elements={
0x000002327d2ae9a0, 0x000002322103a7a0, 0x000002322103b270, 0x0000023221054680,
0x0000023221055150, 0x0000023221057b30, 0x000002322105a410, 0x000002322105b010,
0x00000232210639e0, 0x0000023221087800, 0x0000023220f13910, 0x000002322115e890,
0x000002322115ee60, 0x000002322115f4f0, 0x00000232211be170, 0x00000232212cfd50,
0x00000232212d0230, 0x0000023267134430
}

Java Threads: ( => current thread )
  0x000002327d2ae9a0 JavaThread "main" [_thread_in_vm, id=12448, stack(0x000000fa7b100000,0x000000fa7b200000)]
  0x000002322103a7a0 JavaThread "Reference Handler" daemon [_thread_blocked, id=10344, stack(0x000000fa7b800000,0x000000fa7b900000)]
  0x000002322103b270 JavaThread "Finalizer" daemon [_thread_blocked, id=9964, stack(0x000000fa7b900000,0x000000fa7ba00000)]
  0x0000023221054680 JavaThread "Signal Dispatcher" daemon [_thread_blocked, id=12716, stack(0x000000fa7ba00000,0x000000fa7bb00000)]
  0x0000023221055150 JavaThread "Attach Listener" daemon [_thread_blocked, id=4144, stack(0x000000fa7bb00000,0x000000fa7bc00000)]
  0x0000023221057b30 JavaThread "Service Thread" daemon [_thread_blocked, id=5308, stack(0x000000fa7bc00000,0x000000fa7bd00000)]
  0x000002322105a410 JavaThread "Monitor Deflation Thread" daemon [_thread_blocked, id=6084, stack(0x000000fa7bd00000,0x000000fa7be00000)]
=>0x000002322105b010 JavaThread "C2 CompilerThread0" daemon [_thread_in_native, id=13648, stack(0x000000fa7be00000,0x000000fa7bf00000)]
  0x00000232210639e0 JavaThread "C1 CompilerThread0" daemon [_thread_blocked, id=4348, stack(0x000000fa7bf00000,0x000000fa7c000000)]
  0x0000023221087800 JavaThread "Sweeper thread" daemon [_thread_blocked, id=3776, stack(0x000000fa7c000000,0x000000fa7c100000)]
  0x0000023220f13910 JavaThread "Common-Cleaner" daemon [_thread_blocked, id=7352, stack(0x000000fa7c100000,0x000000fa7c200000)]
  0x000002322115e890 JavaThread "C1 CompilerThread1" daemon [_thread_blocked, id=12308, stack(0x000000fa7c200000,0x000000fa7c300000)]
  0x000002322115ee60 JavaThread "C1 CompilerThread2" daemon [_thread_blocked, id=1164, stack(0x000000fa7c300000,0x000000fa7c400000)]
  0x000002322115f4f0 JavaThread "C1 CompilerThread3" daemon [_thread_blocked, id=13152, stack(0x000000fa7c400000,0x000000fa7c500000)]
  0x00000232211be170 JavaThread "C2 CompilerThread1" daemon [_thread_blocked, id=8372, stack(0x000000fa7c500000,0x000000fa7c600000)]
  0x00000232212cfd50 JavaThread "Monitor Ctrl-Break" daemon [_thread_in_native, id=9556, stack(0x000000fa7c600000,0x000000fa7c700000)]
  0x00000232212d0230 JavaThread "Notification Thread" daemon [_thread_blocked, id=12632, stack(0x000000fa7c700000,0x000000fa7c800000)]
  0x0000023267134430 JavaThread "C2 CompilerThread2" daemon [_thread_in_native, id=13340, stack(0x000000fa7c900000,0x000000fa7ca00000)]

Other Threads:
  0x0000023221035de0 VMThread "VM Thread" [stack: 0x000000fa7b700000,0x000000fa7b800000] [id=7932]
  0x000002327d354500 WatcherThread [stack: 0x000000fa7c800000,0x000000fa7c900000] [id=12560]
  0x000002327d319f50 GCTaskThread "GC Thread#0" [stack: 0x000000fa7b200000,0x000000fa7b300000] [id=376]
  0x000002327d32cb90 ConcurrentGCThread "G1 Main Marker" [stack: 0x000000fa7b300000,0x000000fa7b400000] [id=8288]
  0x000002327d32d4b0 ConcurrentGCThread "G1 Conc#0" [stack: 0x000000fa7b400000,0x000000fa7b500000] [id=10224]
  0x000002327d36eb00 ConcurrentGCThread "G1 Refine#0" [stack: 0x000000fa7b500000,0x000000fa7b600000] [id=7692]
  0x0000023220dde6b0 ConcurrentGCThread "G1 Service" [stack: 0x000000fa7b600000,0x000000fa7b700000] [id=11352]

Threads with active compile tasks:
C2 CompilerThread0      203  859       4       java.util.jar.JarFile::getEntry (35 bytes)
C2 CompilerThread2      203 1022       4       jdk.internal.org.objectweb.asm.SymbolTable::addConstantUtf8 (98 bytes)

VM state: not at safepoint (normal execution)

VM Mutex/Monitor currently owned by a thread: None

Heap address: 0x0000000702400000, size: 4060 MB, Compressed Oops mode: Zero based, Oop shift amount: 3

CDS archive(s) mapped at: [0x0000023222000000-0x0000023222bd0000-0x0000023222bd0000), size 12386304, SharedBaseAddress: 0x0000023222000000, ArchiveRelocationMode: 1.
Compressed class space mapped at: 0x0000023223000000-0x0000023263000000, reserved size: 1073741824
Narrow klass base: 0x0000023222000000, Narrow klass shift: 0, Narrow klass range: 0x100000000

GC Precious Log:
 CPUs: 20 total, 20 available
 Memory: 16234M
 Large Page Support: Disabled
 NUMA Support: Disabled
 Compressed Oops: Enabled (Zero based)
 Heap Region Size: 2M
 Heap Min Capacity: 8M
 Heap Initial Capacity: 254M
 Heap Max Capacity: 4060M
 Pre-touch: Disabled
 Parallel Workers: 15
 Concurrent Workers: 4
 Concurrent Refinement Workers: 15
 Periodic GC: Disabled

Heap:
 garbage-first heap   total 260096K, used 16384K [0x0000000702400000, 0x0000000800000000)
  region size 2048K, 10 young (20480K), 0 survivors (0K)
 Metaspace       used 3807K, committed 3968K, reserved 1114112K
  class space    used 452K, committed 512K, reserved 1048576K

Heap Regions: E=young(eden), S=young(survivor), O=old, HS=humongous(starts), HC=humongous(continues), CS=collection set, F=free, OA=open archive, CA=closed archive, TAMS=top-at-mark-start (previous, next)
|   0|0x0000000702400000, 0x0000000702400000, 0x0000000702600000|  0%| F|  |TAMS 0x0000000702400000, 0x0000000702400000| Untracked 
|   1|0x0000000702600000, 0x0000000702600000, 0x0000000702800000|  0%| F|  |TAMS 0x0000000702600000, 0x0000000702600000| Untracked 
|   2|0x0000000702800000, 0x0000000702800000, 0x0000000702a00000|  0%| F|  |TAMS 0x0000000702800000, 0x0000000702800000| Untracked 
|   3|0x0000000702a00000, 0x0000000702a00000, 0x0000000702c00000|  0%| F|  |TAMS 0x0000000702a00000, 0x0000000702a00000| Untracked 
|   4|0x0000000702c00000, 0x0000000702c00000, 0x0000000702e00000|  0%| F|  |TAMS 0x0000000702c00000, 0x0000000702c00000| Untracked 
|   5|0x0000000702e00000, 0x0000000702e00000, 0x0000000703000000|  0%| F|  |TAMS 0x0000000702e00000, 0x0000000702e00000| Untracked 
|   6|0x0000000703000000, 0x0000000703000000, 0x0000000703200000|  0%| F|  |TAMS 0x0000000703000000, 0x0000000703000000| Untracked 
|   7|0x0000000703200000, 0x0000000703200000, 0x0000000703400000|  0%| F|  |TAMS 0x0000000703200000, 0x0000000703200000| Untracked 
|   8|0x0000000703400000, 0x0000000703400000, 0x0000000703600000|  0%| F|  |TAMS 0x0000000703400000, 0x0000000703400000| Untracked 
|   9|0x0000000703600000, 0x0000000703600000, 0x0000000703800000|  0%| F|  |TAMS 0x0000000703600000, 0x0000000703600000| Untracked 
|  10|0x0000000703800000, 0x0000000703800000, 0x0000000703a00000|  0%| F|  |TAMS 0x0000000703800000, 0x0000000703800000| Untracked 
|  11|0x0000000703a00000, 0x0000000703a00000, 0x0000000703c00000|  0%| F|  |TAMS 0x0000000703a00000, 0x0000000703a00000| Untracked 
|  12|0x0000000703c00000, 0x0000000703c00000, 0x0000000703e00000|  0%| F|  |TAMS 0x0000000703c00000, 0x0000000703c00000| Untracked 
|  13|0x0000000703e00000, 0x0000000703e00000, 0x0000000704000000|  0%| F|  |TAMS 0x0000000703e00000, 0x0000000703e00000| Untracked 
|  14|0x0000000704000000, 0x0000000704000000, 0x0000000704200000|  0%| F|  |TAMS 0x0000000704000000, 0x0000000704000000| Untracked 
|  15|0x0000000704200000, 0x0000000704200000, 0x0000000704400000|  0%| F|  |TAMS 0x0000000704200000, 0x0000000704200000| Untracked 
|  16|0x0000000704400000, 0x0000000704400000, 0x0000000704600000|  0%| F|  |TAMS 0x0000000704400000, 0x0000000704400000| Untracked 
|  17|0x0000000704600000, 0x0000000704600000, 0x0000000704800000|  0%| F|  |TAMS 0x0000000704600000, 0x0000000704600000| Untracked 
|  18|0x0000000704800000, 0x0000000704800000, 0x0000000704a00000|  0%| F|  |TAMS 0x0000000704800000, 0x0000000704800000| Untracked 
|  19|0x0000000704a00000, 0x0000000704a00000, 0x0000000704c00000|  0%| F|  |TAMS 0x0000000704a00000, 0x0000000704a00000| Untracked 
|  20|0x0000000704c00000, 0x0000000704c00000, 0x0000000704e00000|  0%| F|  |TAMS 0x0000000704c00000, 0x0000000704c00000| Untracked 
|  21|0x0000000704e00000, 0x0000000704e00000, 0x0000000705000000|  0%| F|  |TAMS 0x0000000704e00000, 0x0000000704e00000| Untracked 
|  22|0x0000000705000000, 0x0000000705000000, 0x0000000705200000|  0%| F|  |TAMS 0x0000000705000000, 0x0000000705000000| Untracked 
|  23|0x0000000705200000, 0x0000000705200000, 0x0000000705400000|  0%| F|  |TAMS 0x0000000705200000, 0x0000000705200000| Untracked 
|  24|0x0000000705400000, 0x0000000705400000, 0x0000000705600000|  0%| F|  |TAMS 0x0000000705400000, 0x0000000705400000| Untracked 
|  25|0x0000000705600000, 0x0000000705600000, 0x0000000705800000|  0%| F|  |TAMS 0x0000000705600000, 0x0000000705600000| Untracked 
|  26|0x0000000705800000, 0x0000000705800000, 0x0000000705a00000|  0%| F|  |TAMS 0x0000000705800000, 0x0000000705800000| Untracked 
|  27|0x0000000705a00000, 0x0000000705a00000, 0x0000000705c00000|  0%| F|  |TAMS 0x0000000705a00000, 0x0000000705a00000| Untracked 
|  28|0x0000000705c00000, 0x0000000705c00000, 0x0000000705e00000|  0%| F|  |TAMS 0x0000000705c00000, 0x0000000705c00000| Untracked 
|  29|0x0000000705e00000, 0x0000000705e00000, 0x0000000706000000|  0%| F|  |TAMS 0x0000000705e00000, 0x0000000705e00000| Untracked 
|  30|0x0000000706000000, 0x0000000706000000, 0x0000000706200000|  0%| F|  |TAMS 0x0000000706000000, 0x0000000706000000| Untracked 
|  31|0x0000000706200000, 0x0000000706200000, 0x0000000706400000|  0%| F|  |TAMS 0x0000000706200000, 0x0000000706200000| Untracked 
|  32|0x0000000706400000, 0x0000000706400000, 0x0000000706600000|  0%| F|  |TAMS 0x0000000706400000, 0x0000000706400000| Untracked 
|  33|0x0000000706600000, 0x0000000706600000, 0x0000000706800000|  0%| F|  |TAMS 0x0000000706600000, 0x0000000706600000| Untracked 
|  34|0x0000000706800000, 0x0000000706800000, 0x0000000706a00000|  0%| F|  |TAMS 0x0000000706800000, 0x0000000706800000| Untracked 
|  35|0x0000000706a00000, 0x0000000706a00000, 0x0000000706c00000|  0%| F|  |TAMS 0x0000000706a00000, 0x0000000706a00000| Untracked 
|  36|0x0000000706c00000, 0x0000000706c00000, 0x0000000706e00000|  0%| F|  |TAMS 0x0000000706c00000, 0x0000000706c00000| Untracked 
|  37|0x0000000706e00000, 0x0000000706e00000, 0x0000000707000000|  0%| F|  |TAMS 0x0000000706e00000, 0x0000000706e00000| Untracked 
|  38|0x0000000707000000, 0x0000000707000000, 0x0000000707200000|  0%| F|  |TAMS 0x0000000707000000, 0x0000000707000000| Untracked 
|  39|0x0000000707200000, 0x0000000707200000, 0x0000000707400000|  0%| F|  |TAMS 0x0000000707200000, 0x0000000707200000| Untracked 
|  40|0x0000000707400000, 0x0000000707400000, 0x0000000707600000|  0%| F|  |TAMS 0x0000000707400000, 0x0000000707400000| Untracked 
|  41|0x0000000707600000, 0x0000000707600000, 0x0000000707800000|  0%| F|  |TAMS 0x0000000707600000, 0x0000000707600000| Untracked 
|  42|0x0000000707800000, 0x0000000707800000, 0x0000000707a00000|  0%| F|  |TAMS 0x0000000707800000, 0x0000000707800000| Untracked 
|  43|0x0000000707a00000, 0x0000000707a00000, 0x0000000707c00000|  0%| F|  |TAMS 0x0000000707a00000, 0x0000000707a00000| Untracked 
|  44|0x0000000707c00000, 0x0000000707c00000, 0x0000000707e00000|  0%| F|  |TAMS 0x0000000707c00000, 0x0000000707c00000| Untracked 
|  45|0x0000000707e00000, 0x0000000707e00000, 0x0000000708000000|  0%| F|  |TAMS 0x0000000707e00000, 0x0000000707e00000| Untracked 
|  46|0x0000000708000000, 0x0000000708000000, 0x0000000708200000|  0%| F|  |TAMS 0x0000000708000000, 0x0000000708000000| Untracked 
|  47|0x0000000708200000, 0x0000000708200000, 0x0000000708400000|  0%| F|  |TAMS 0x0000000708200000, 0x0000000708200000| Untracked 
|  48|0x0000000708400000, 0x0000000708400000, 0x0000000708600000|  0%| F|  |TAMS 0x0000000708400000, 0x0000000708400000| Untracked 
|  49|0x0000000708600000, 0x0000000708600000, 0x0000000708800000|  0%| F|  |TAMS 0x0000000708600000, 0x0000000708600000| Untracked 
|  50|0x0000000708800000, 0x0000000708800000, 0x0000000708a00000|  0%| F|  |TAMS 0x0000000708800000, 0x0000000708800000| Untracked 
|  51|0x0000000708a00000, 0x0000000708a00000, 0x0000000708c00000|  0%| F|  |TAMS 0x0000000708a00000, 0x0000000708a00000| Untracked 
|  52|0x0000000708c00000, 0x0000000708c00000, 0x0000000708e00000|  0%| F|  |TAMS 0x0000000708c00000, 0x0000000708c00000| Untracked 
|  53|0x0000000708e00000, 0x0000000708e00000, 0x0000000709000000|  0%| F|  |TAMS 0x0000000708e00000, 0x0000000708e00000| Untracked 
|  54|0x0000000709000000, 0x0000000709000000, 0x0000000709200000|  0%| F|  |TAMS 0x0000000709000000, 0x0000000709000000| Untracked 
|  55|0x0000000709200000, 0x0000000709200000, 0x0000000709400000|  0%| F|  |TAMS 0x0000000709200000, 0x0000000709200000| Untracked 
|  56|0x0000000709400000, 0x0000000709400000, 0x0000000709600000|  0%| F|  |TAMS 0x0000000709400000, 0x0000000709400000| Untracked 
|  57|0x0000000709600000, 0x0000000709600000, 0x0000000709800000|  0%| F|  |TAMS 0x0000000709600000, 0x0000000709600000| Untracked 
|  58|0x0000000709800000, 0x0000000709800000, 0x0000000709a00000|  0%| F|  |TAMS 0x0000000709800000, 0x0000000709800000| Untracked 
|  59|0x0000000709a00000, 0x0000000709a00000, 0x0000000709c00000|  0%| F|  |TAMS 0x0000000709a00000, 0x0000000709a00000| Untracked 
|  60|0x0000000709c00000, 0x0000000709c00000, 0x0000000709e00000|  0%| F|  |TAMS 0x0000000709c00000, 0x0000000709c00000| Untracked 
|  61|0x0000000709e00000, 0x0000000709e00000, 0x000000070a000000|  0%| F|  |TAMS 0x0000000709e00000, 0x0000000709e00000| Untracked 
|  62|0x000000070a000000, 0x000000070a000000, 0x000000070a200000|  0%| F|  |TAMS 0x000000070a000000, 0x000000070a000000| Untracked 
|  63|0x000000070a200000, 0x000000070a200000, 0x000000070a400000|  0%| F|  |TAMS 0x000000070a200000, 0x000000070a200000| Untracked 
|  64|0x000000070a400000, 0x000000070a400000, 0x000000070a600000|  0%| F|  |TAMS 0x000000070a400000, 0x000000070a400000| Untracked 
|  65|0x000000070a600000, 0x000000070a600000, 0x000000070a800000|  0%| F|  |TAMS 0x000000070a600000, 0x000000070a600000| Untracked 
|  66|0x000000070a800000, 0x000000070a800000, 0x000000070aa00000|  0%| F|  |TAMS 0x000000070a800000, 0x000000070a800000| Untracked 
|  67|0x000000070aa00000, 0x000000070aa00000, 0x000000070ac00000|  0%| F|  |TAMS 0x000000070aa00000, 0x000000070aa00000| Untracked 
|  68|0x000000070ac00000, 0x000000070ac00000, 0x000000070ae00000|  0%| F|  |TAMS 0x000000070ac00000, 0x000000070ac00000| Untracked 
|  69|0x000000070ae00000, 0x000000070ae00000, 0x000000070b000000|  0%| F|  |TAMS 0x000000070ae00000, 0x000000070ae00000| Untracked 
|  70|0x000000070b000000, 0x000000070b000000, 0x000000070b200000|  0%| F|  |TAMS 0x000000070b000000, 0x000000070b000000| Untracked 
|  71|0x000000070b200000, 0x000000070b200000, 0x000000070b400000|  0%| F|  |TAMS 0x000000070b200000, 0x000000070b200000| Untracked 
|  72|0x000000070b400000, 0x000000070b400000, 0x000000070b600000|  0%| F|  |TAMS 0x000000070b400000, 0x000000070b400000| Untracked 
|  73|0x000000070b600000, 0x000000070b600000, 0x000000070b800000|  0%| F|  |TAMS 0x000000070b600000, 0x000000070b600000| Untracked 
|  74|0x000000070b800000, 0x000000070b800000, 0x000000070ba00000|  0%| F|  |TAMS 0x000000070b800000, 0x000000070b800000| Untracked 
|  75|0x000000070ba00000, 0x000000070ba00000, 0x000000070bc00000|  0%| F|  |TAMS 0x000000070ba00000, 0x000000070ba00000| Untracked 
|  76|0x000000070bc00000, 0x000000070bc00000, 0x000000070be00000|  0%| F|  |TAMS 0x000000070bc00000, 0x000000070bc00000| Untracked 
|  77|0x000000070be00000, 0x000000070be00000, 0x000000070c000000|  0%| F|  |TAMS 0x000000070be00000, 0x000000070be00000| Untracked 
|  78|0x000000070c000000, 0x000000070c000000, 0x000000070c200000|  0%| F|  |TAMS 0x000000070c000000, 0x000000070c000000| Untracked 
|  79|0x000000070c200000, 0x000000070c200000, 0x000000070c400000|  0%| F|  |TAMS 0x000000070c200000, 0x000000070c200000| Untracked 
|  80|0x000000070c400000, 0x000000070c400000, 0x000000070c600000|  0%| F|  |TAMS 0x000000070c400000, 0x000000070c400000| Untracked 
|  81|0x000000070c600000, 0x000000070c600000, 0x000000070c800000|  0%| F|  |TAMS 0x000000070c600000, 0x000000070c600000| Untracked 
|  82|0x000000070c800000, 0x000000070c800000, 0x000000070ca00000|  0%| F|  |TAMS 0x000000070c800000, 0x000000070c800000| Untracked 
|  83|0x000000070ca00000, 0x000000070ca00000, 0x000000070cc00000|  0%| F|  |TAMS 0x000000070ca00000, 0x000000070ca00000| Untracked 
|  84|0x000000070cc00000, 0x000000070cc00000, 0x000000070ce00000|  0%| F|  |TAMS 0x000000070cc00000, 0x000000070cc00000| Untracked 
|  85|0x000000070ce00000, 0x000000070ce00000, 0x000000070d000000|  0%| F|  |TAMS 0x000000070ce00000, 0x000000070ce00000| Untracked 
|  86|0x000000070d000000, 0x000000070d000000, 0x000000070d200000|  0%| F|  |TAMS 0x000000070d000000, 0x000000070d000000| Untracked 
|  87|0x000000070d200000, 0x000000070d200000, 0x000000070d400000|  0%| F|  |TAMS 0x000000070d200000, 0x000000070d200000| Untracked 
|  88|0x000000070d400000, 0x000000070d400000, 0x000000070d600000|  0%| F|  |TAMS 0x000000070d400000, 0x000000070d400000| Untracked 
|  89|0x000000070d600000, 0x000000070d600000, 0x000000070d800000|  0%| F|  |TAMS 0x000000070d600000, 0x000000070d600000| Untracked 
|  90|0x000000070d800000, 0x000000070d800000, 0x000000070da00000|  0%| F|  |TAMS 0x000000070d800000, 0x000000070d800000| Untracked 
|  91|0x000000070da00000, 0x000000070da00000, 0x000000070dc00000|  0%| F|  |TAMS 0x000000070da00000, 0x000000070da00000| Untracked 
|  92|0x000000070dc00000, 0x000000070dc00000, 0x000000070de00000|  0%| F|  |TAMS 0x000000070dc00000, 0x000000070dc00000| Untracked 
|  93|0x000000070de00000, 0x000000070de00000, 0x000000070e000000|  0%| F|  |TAMS 0x000000070de00000, 0x000000070de00000| Untracked 
|  94|0x000000070e000000, 0x000000070e000000, 0x000000070e200000|  0%| F|  |TAMS 0x000000070e000000, 0x000000070e000000| Untracked 
|  95|0x000000070e200000, 0x000000070e200000, 0x000000070e400000|  0%| F|  |TAMS 0x000000070e200000, 0x000000070e200000| Untracked 
|  96|0x000000070e400000, 0x000000070e400000, 0x000000070e600000|  0%| F|  |TAMS 0x000000070e400000, 0x000000070e400000| Untracked 
|  97|0x000000070e600000, 0x000000070e600000, 0x000000070e800000|  0%| F|  |TAMS 0x000000070e600000, 0x000000070e600000| Untracked 
|  98|0x000000070e800000, 0x000000070e800000, 0x000000070ea00000|  0%| F|  |TAMS 0x000000070e800000, 0x000000070e800000| Untracked 
|  99|0x000000070ea00000, 0x000000070ea00000, 0x000000070ec00000|  0%| F|  |TAMS 0x000000070ea00000, 0x000000070ea00000| Untracked 
| 100|0x000000070ec00000, 0x000000070ec00000, 0x000000070ee00000|  0%| F|  |TAMS 0x000000070ec00000, 0x000000070ec00000| Untracked 
| 101|0x000000070ee00000, 0x000000070ee00000, 0x000000070f000000|  0%| F|  |TAMS 0x000000070ee00000, 0x000000070ee00000| Untracked 
| 102|0x000000070f000000, 0x000000070f000000, 0x000000070f200000|  0%| F|  |TAMS 0x000000070f000000, 0x000000070f000000| Untracked 
| 103|0x000000070f200000, 0x000000070f200000, 0x000000070f400000|  0%| F|  |TAMS 0x000000070f200000, 0x000000070f200000| Untracked 
| 104|0x000000070f400000, 0x000000070f400000, 0x000000070f600000|  0%| F|  |TAMS 0x000000070f400000, 0x000000070f400000| Untracked 
| 105|0x000000070f600000, 0x000000070f600000, 0x000000070f800000|  0%| F|  |TAMS 0x000000070f600000, 0x000000070f600000| Untracked 
| 106|0x000000070f800000, 0x000000070f800000, 0x000000070fa00000|  0%| F|  |TAMS 0x000000070f800000, 0x000000070f800000| Untracked 
| 107|0x000000070fa00000, 0x000000070fa00000, 0x000000070fc00000|  0%| F|  |TAMS 0x000000070fa00000, 0x000000070fa00000| Untracked 
| 108|0x000000070fc00000, 0x000000070fc00000, 0x000000070fe00000|  0%| F|  |TAMS 0x000000070fc00000, 0x000000070fc00000| Untracked 
| 109|0x000000070fe00000, 0x000000070fe00000, 0x0000000710000000|  0%| F|  |TAMS 0x000000070fe00000, 0x000000070fe00000| Untracked 
| 110|0x0000000710000000, 0x0000000710000000, 0x0000000710200000|  0%| F|  |TAMS 0x0000000710000000, 0x0000000710000000| Untracked 
| 111|0x0000000710200000, 0x0000000710200000, 0x0000000710400000|  0%| F|  |TAMS 0x0000000710200000, 0x0000000710200000| Untracked 
| 112|0x0000000710400000, 0x0000000710400000, 0x0000000710600000|  0%| F|  |TAMS 0x0000000710400000, 0x0000000710400000| Untracked 
| 113|0x0000000710600000, 0x0000000710600000, 0x0000000710800000|  0%| F|  |TAMS 0x0000000710600000, 0x0000000710600000| Untracked 
| 114|0x0000000710800000, 0x0000000710800000, 0x0000000710a00000|  0%| F|  |TAMS 0x0000000710800000, 0x0000000710800000| Untracked 
| 115|0x0000000710a00000, 0x0000000710a00000, 0x0000000710c00000|  0%| F|  |TAMS 0x0000000710a00000, 0x0000000710a00000| Untracked 
| 116|0x0000000710c00000, 0x0000000710c00000, 0x0000000710e00000|  0%| F|  |TAMS 0x0000000710c00000, 0x0000000710c00000| Untracked 
| 117|0x0000000710e00000, 0x0000000710fc59d0, 0x0000000711000000| 88%| E|  |TAMS 0x0000000710e00000, 0x0000000710e00000| Complete 
| 118|0x0000000711000000, 0x0000000711200000, 0x0000000711200000|100%| E|CS|TAMS 0x0000000711000000, 0x0000000711000000| Complete 
| 119|0x0000000711200000, 0x0000000711400000, 0x0000000711400000|100%| E|CS|TAMS 0x0000000711200000, 0x0000000711200000| Complete 
| 120|0x0000000711400000, 0x0000000711600000, 0x0000000711600000|100%| E|CS|TAMS 0x0000000711400000, 0x0000000711400000| Complete 
| 121|0x0000000711600000, 0x0000000711800000, 0x0000000711800000|100%| E|CS|TAMS 0x0000000711600000, 0x0000000711600000| Complete 
| 122|0x0000000711800000, 0x0000000711a00000, 0x0000000711a00000|100%| E|CS|TAMS 0x0000000711800000, 0x0000000711800000| Complete 
| 123|0x0000000711a00000, 0x0000000711c00000, 0x0000000711c00000|100%| E|CS|TAMS 0x0000000711a00000, 0x0000000711a00000| Complete 
| 124|0x0000000711c00000, 0x0000000711e00000, 0x0000000711e00000|100%| E|  |TAMS 0x0000000711c00000, 0x0000000711c00000| Complete 
| 125|0x0000000711e00000, 0x0000000712000000, 0x0000000712000000|100%| E|CS|TAMS 0x0000000711e00000, 0x0000000711e00000| Complete 
| 126|0x0000000712000000, 0x0000000712200000, 0x0000000712200000|100%| E|CS|TAMS 0x0000000712000000, 0x0000000712000000| Complete 

Card table byte_map: [0x000002327e610000,0x000002327ee00000] _byte_map_base: 0x000002327adfe000

Marking Bits (Prev, Next): (CMBitMap*) 0x000002327d31b490, (CMBitMap*) 0x000002327d31b4d0
 Prev Bits: [0x00000232167d0000, 0x000002321a740000)
 Next Bits: [0x000002321a740000, 0x000002321e6b0000)

Polling page: 0x000002327aef0000

Metaspace:

Usage:
  Non-class:      3.31 MB used.
      Class:    456.05 KB used.
       Both:      3.75 MB used.

Virtual space:
  Non-class space:       64.00 MB reserved,       3.38 MB (  5%) committed,  1 nodes.
      Class space:        1.00 GB reserved,     512.00 KB ( <1%) committed,  1 nodes.
             Both:        1.06 GB reserved,       3.88 MB ( <1%) committed. 

Chunk freelists:
   Non-Class:  10.64 MB
       Class:  15.45 MB
        Both:  26.09 MB

MaxMetaspaceSize: unlimited
CompressedClassSpaceSize: 1.00 GB
Initial GC threshold: 21.00 MB
Current GC threshold: 21.00 MB
CDS: on
MetaspaceReclaimPolicy: balanced
 - commit_granule_bytes: 65536.
 - commit_granule_words: 8192.
 - virtual_space_node_default_size: 8388608.
 - enlarge_chunks_in_place: 1.
 - new_chunks_are_fully_committed: 0.
 - uncommit_free_chunks: 1.
 - use_allocation_guard: 0.
 - handle_deallocations: 1.


Internal statistics:

num_allocs_failed_limit: 0.
num_arena_births: 64.
num_arena_deaths: 0.
num_vsnodes_births: 2.
num_vsnodes_deaths: 0.
num_space_committed: 62.
num_space_uncommitted: 0.
num_chunks_returned_to_freelist: 0.
num_chunks_taken_from_freelist: 193.
num_chunk_merges: 0.
num_chunk_splits: 93.
num_chunks_enlarged: 55.
num_inconsistent_stats: 0.

CodeHeap 'non-profiled nmethods': size=119168Kb used=333Kb max_used=333Kb free=118834Kb
 bounds [0x000002320f370000, 0x000002320f5e0000, 0x00000232167d0000]
CodeHeap 'profiled nmethods': size=119104Kb used=1873Kb max_used=1873Kb free=117230Kb
 bounds [0x00000232077d0000, 0x0000023207a40000, 0x000002320ec20000]
CodeHeap 'non-nmethods': size=7488Kb used=2822Kb max_used=2858Kb free=4665Kb
 bounds [0x000002320ec20000, 0x000002320eef0000, 0x000002320f370000]
 total_blobs=1459 nmethods=1040 adapters=329
 compilation: enabled
              stopped_count=0, restarted_count=0
 full_count=0

Compilation events (20 events):
Event: 0.193 Thread 0x000002322115ee60  991       3       java.lang.invoke.MethodHandles$Lookup::linkMethodHandleConstant (223 bytes)
Event: 0.193 Thread 0x000002322115e890 nmethod 989 0x0000023207990a90 code [0x0000023207990c40, 0x0000023207990ed8]
Event: 0.193 Thread 0x00000232210639e0 nmethod 990 0x0000023207991010 code [0x00000232079911e0, 0x00000232079913c8]
Event: 0.194 Thread 0x00000232210639e0  992       3       sun.invoke.util.BytecodeDescriptor::unparseMethod (66 bytes)
Event: 0.194 Thread 0x000002322115ee60 nmethod 991 0x0000023207991590 code [0x0000023207991960, 0x0000023207993248]
Event: 0.194 Thread 0x00000232210639e0 nmethod 992 0x0000023207993990 code [0x0000023207993bc0, 0x0000023207994248]
Event: 0.195 Thread 0x0000023267134430 nmethod 974 0x000002320f3bb290 code [0x000002320f3bb400, 0x000002320f3bb7b8]
Event: 0.195 Thread 0x0000023267134430  961       4       jdk.internal.org.objectweb.asm.SymbolTable::put (150 bytes)
Event: 0.195 Thread 0x00000232210639e0  993       1       java.lang.reflect.Constructor::getConstructorAccessor (5 bytes)
Event: 0.195 Thread 0x000002322115ee60  994       1       java.lang.reflect.Constructor::getRoot (5 bytes)
Event: 0.195 Thread 0x000002322115f4f0  995       3       java.lang.reflect.Constructor::setConstructorAccessor (21 bytes)
Event: 0.195 Thread 0x00000232210639e0 nmethod 993 0x000002320f3bb910 code [0x000002320f3bbaa0, 0x000002320f3bbb78]
Event: 0.195 Thread 0x000002322115ee60 nmethod 994 0x000002320f3bbc10 code [0x000002320f3bbda0, 0x000002320f3bbe78]
Event: 0.195 Thread 0x000002322115f4f0 nmethod 995 0x0000023207994510 code [0x00000232079946c0, 0x00000232079949c8]
Event: 0.195 Thread 0x000002322115f4f0  996       3       sun.invoke.util.VerifyAccess::isTypeVisible (47 bytes)
Event: 0.196 Thread 0x000002322115f4f0 nmethod 996 0x0000023207994b10 code [0x0000023207994d00, 0x0000023207995138]
Event: 0.196 Thread 0x00000232210639e0  997       3       jdk.internal.reflect.ConstructorAccessorImpl::<init> (5 bytes)
Event: 0.196 Thread 0x000002322115f4f0  998       1       jdk.internal.reflect.DelegatingConstructorAccessorImpl::setDelegate (6 bytes)
Event: 0.196 Thread 0x000002322115f4f0 nmethod 998 0x000002320f3bbf10 code [0x000002320f3bc0a0, 0x000002320f3bc1b8]
Event: 0.196 Thread 0x00000232210639e0 nmethod 997 0x0000023207995310 code [0x00000232079954c0, 0x0000023207995678]

GC Heap History (0 events):
No events

Deoptimization events (20 events):
Event: 0.101 Thread 0x000002327d2ae9a0 DEOPT PACKING pc=0x0000023207811cd6 sp=0x000000fa7b1fc140
Event: 0.101 Thread 0x000002327d2ae9a0 DEOPT UNPACKING pc=0x000002320ec72b43 sp=0x000000fa7b1fb5e0 mode 0
Event: 0.115 Thread 0x000002327d2ae9a0 Uncommon trap: trap_request=0xffffff45 fr.pc=0x000002320f38fbe4 relative=0x0000000000000064
Event: 0.115 Thread 0x000002327d2ae9a0 Uncommon trap: reason=unstable_if action=reinterpret pc=0x000002320f38fbe4 method=java.io.WinNTFileSystem.isSlash(C)Z @ 9 c2
Event: 0.115 Thread 0x000002327d2ae9a0 DEOPT PACKING pc=0x000002320f38fbe4 sp=0x000000fa7b1fe4f0
Event: 0.115 Thread 0x000002327d2ae9a0 DEOPT UNPACKING pc=0x000002320ec723a3 sp=0x000000fa7b1fe478 mode 2
Event: 0.115 Thread 0x000002327d2ae9a0 DEOPT PACKING pc=0x0000023207815568 sp=0x000000fa7b1fda10
Event: 0.115 Thread 0x000002327d2ae9a0 DEOPT UNPACKING pc=0x000002320ec72b43 sp=0x000000fa7b1fcea0 mode 0
Event: 0.115 Thread 0x000002327d2ae9a0 DEOPT PACKING pc=0x00000232077dd32d sp=0x000000fa7b1fc550
Event: 0.115 Thread 0x000002327d2ae9a0 DEOPT UNPACKING pc=0x000002320ec72b43 sp=0x000000fa7b1fb9e8 mode 0
Event: 0.127 Thread 0x000002327d2ae9a0 DEOPT PACKING pc=0x0000023207817cff sp=0x000000fa7b1fd890
Event: 0.127 Thread 0x000002327d2ae9a0 DEOPT UNPACKING pc=0x000002320ec72b43 sp=0x000000fa7b1fcd50 mode 0
Event: 0.159 Thread 0x000002327d2ae9a0 DEOPT PACKING pc=0x0000023207813165 sp=0x000000fa7b1fbd80
Event: 0.159 Thread 0x000002327d2ae9a0 DEOPT UNPACKING pc=0x000002320ec72b43 sp=0x000000fa7b1fb1d0 mode 0
Event: 0.161 Thread 0x000002327d2ae9a0 DEOPT PACKING pc=0x00000232078131c3 sp=0x000000fa7b1fc640
Event: 0.161 Thread 0x000002327d2ae9a0 DEOPT UNPACKING pc=0x000002320ec72b43 sp=0x000000fa7b1fba90 mode 0
Event: 0.168 Thread 0x000002327d2ae9a0 DEOPT PACKING pc=0x00000232077dd83e sp=0x000000fa7b1f9650
Event: 0.168 Thread 0x000002327d2ae9a0 DEOPT UNPACKING pc=0x000002320ec72b43 sp=0x000000fa7b1f8ac8 mode 0
Event: 0.190 Thread 0x000002327d2ae9a0 DEOPT PACKING pc=0x0000023207810c7e sp=0x000000fa7b1fd030
Event: 0.190 Thread 0x000002327d2ae9a0 DEOPT UNPACKING pc=0x000002320ec72b43 sp=0x000000fa7b1fc4a0 mode 0

Classes unloaded (0 events):
No events

Classes redefined (0 events):
No events

Internal exceptions (20 events):
Event: 0.070 Thread 0x000002327d2ae9a0 Exception <a 'java/lang/NoSuchMethodError'{0x0000000711fbb3e8}: 'java.lang.Object java.lang.invoke.DirectMethodHandle$Holder.invokeInterface(java.lang.Object, java.lang.Object)'> (0x0000000711fbb3e8) 
thrown [s\open\src\hotspot\share\interpreter\linkResolver.cpp, line 759]
Event: 0.109 Thread 0x000002327d2ae9a0 Exception <a 'java/lang/NoSuchMethodError'{0x0000000711748aa8}: 'void java.lang.invoke.DirectMethodHandle$Holder.invokeStatic(java.lang.Object, java.lang.Object, java.lang.Object)'> (0x0000000711748aa8) 
thrown [s\open\src\hotspot\share\interpreter\linkResolver.cpp, line 759]
Event: 0.112 Thread 0x000002327d2ae9a0 Exception <a 'java/lang/NoSuchMethodError'{0x000000071178d318}: 'java.lang.Object java.lang.invoke.DirectMethodHandle$Holder.invokeVirtual(java.lang.Object, java.lang.Object, java.lang.Object)'> (0x000000071178d318) 
thrown [s\open\src\hotspot\share\interpreter\linkResolver.cpp, line 759]
Event: 0.124 Thread 0x000002327d2ae9a0 Exception <a 'java/lang/NoSuchMethodError'{0x000000071146ced0}: 'int java.lang.invoke.DirectMethodHandle$Holder.invokeVirtual(java.lang.Object, java.lang.Object)'> (0x000000071146ced0) 
thrown [s\open\src\hotspot\share\interpreter\linkResolver.cpp, line 759]
Event: 0.136 Thread 0x000002327d2ae9a0 Exception <a 'java/lang/NoSuchMethodError'{0x00000007115ba018}: 'int java.lang.invoke.DirectMethodHandle$Holder.invokeSpecial(java.lang.Object, java.lang.Object, java.lang.Object)'> (0x00000007115ba018) 
thrown [s\open\src\hotspot\share\interpreter\linkResolver.cpp, line 759]
Event: 0.142 Thread 0x000002327d2ae9a0 Exception <a 'java/lang/NoSuchMethodError'{0x0000000711238670}: 'void java.lang.invoke.DirectMethodHandle$Holder.invokeInterface(java.lang.Object, java.lang.Object)'> (0x0000000711238670) 
thrown [s\open\src\hotspot\share\interpreter\linkResolver.cpp, line 759]
Event: 0.142 Thread 0x000002327d2ae9a0 Exception <a 'java/lang/IncompatibleClassChangeError'{0x000000071123bc00}: Found class java.lang.Object, but interface was expected> (0x000000071123bc00) 
thrown [s\open\src\hotspot\share\interpreter\linkResolver.cpp, line 826]
Event: 0.148 Thread 0x000002327d2ae9a0 Exception <a 'java/lang/NoSuchMethodError'{0x00000007112bff80}: 'java.lang.Object java.lang.invoke.DirectMethodHandle$Holder.invokeStaticInit(java.lang.Object, java.lang.Object, java.lang.Object)'> (0x00000007112bff80) 
thrown [s\open\src\hotspot\share\interpreter\linkResolver.cpp, line 759]
Event: 0.148 Thread 0x000002327d2ae9a0 Exception <a 'java/lang/NoSuchMethodError'{0x00000007112c7778}: 'void java.lang.invoke.DirectMethodHandle$Holder.invokeStaticInit(java.lang.Object, java.lang.Object, java.lang.Object)'> (0x00000007112c7778) 
thrown [s\open\src\hotspot\share\interpreter\linkResolver.cpp, line 759]
Event: 0.154 Thread 0x000002327d2ae9a0 Exception <a 'java/lang/NoSuchMethodError'{0x00000007113320a8}: 'java.lang.Object java.lang.invoke.DirectMethodHandle$Holder.newInvokeSpecial(java.lang.Object, java.lang.Object, java.lang.Object, java.lang.Object, java.lang.Object)'> (0x00000007113320a8) 
thrown [s\open\src\hotspot\share\interpreter\linkResolver.cpp, line 759]
Event: 0.176 Thread 0x000002327d2ae9a0 Exception <a 'java/lang/NoSuchMethodError'{0x000000071114b430}: 'java.lang.Object java.lang.invoke.DirectMethodHandle$Holder.invokeSpecialIFC(java.lang.Object, java.lang.Object, java.lang.Object, java.lang.Object)'> (0x000000071114b430) 
thrown [s\open\src\hotspot\share\interpreter\linkResolver.cpp, line 759]
Event: 0.177 Thread 0x000002327d2ae9a0 Exception <a 'java/lang/NoSuchMethodError'{0x0000000711166658}: 'java.lang.Object java.lang.invoke.DirectMethodHandle$Holder.invokeInterface(java.lang.Object, java.lang.Object, java.lang.Object)'> (0x0000000711166658) 
thrown [s\open\src\hotspot\share\interpreter\linkResolver.cpp, line 759]
Event: 0.178 Thread 0x000002327d2ae9a0 Exception <a 'java/lang/NoSuchMethodError'{0x000000071117e080}: 'void java.lang.invoke.DirectMethodHandle$Holder.invokeSpecial(java.lang.Object, java.lang.Object, java.lang.Object)'> (0x000000071117e080) 
thrown [s\open\src\hotspot\share\interpreter\linkResolver.cpp, line 759]
Event: 0.181 Thread 0x000002327d2ae9a0 Exception <a 'java/lang/NoSuchMethodError'{0x00000007111ba040}: 'void java.lang.invoke.DirectMethodHandle$Holder.invokeInterface(java.lang.Object, java.lang.Object, java.lang.Object)'> (0x00000007111ba040) 
thrown [s\open\src\hotspot\share\interpreter\linkResolver.cpp, line 759]
Event: 0.184 Thread 0x000002327d2ae9a0 Exception <a 'java/lang/NoSuchMethodError'{0x00000007111fe768}: 'java.lang.Object java.lang.invoke.DirectMethodHandle$Holder.newInvokeSpecial(java.lang.Object, java.lang.Object, java.lang.Object, java.lang.Object, java.lang.Object, java.lang.Object)'> (0x00000007111fe768) 
thrown [s\open\src\hotspot\share\interpreter\linkResolver.cpp, line 759]
Event: 0.187 Thread 0x000002327d2ae9a0 Exception <a 'java/lang/NoSuchMethodError'{0x0000000710e4a118}: 'void java.lang.invoke.DirectMethodHandle$Holder.invokeInterface(java.lang.Object, java.lang.Object, java.lang.Object, java.lang.Object, java.lang.Object)'> (0x0000000710e4a118) 
thrown [s\open\src\hotspot\share\interpreter\linkResolver.cpp, line 759]
Event: 0.187 Thread 0x000002327d2ae9a0 Exception <a 'java/lang/IncompatibleClassChangeError'{0x0000000710e4dde8}: Found class java.lang.Object, but interface was expected> (0x0000000710e4dde8) 
thrown [s\open\src\hotspot\share\interpreter\linkResolver.cpp, line 826]
Event: 0.189 Thread 0x000002327d2ae9a0 Exception <a 'java/lang/IncompatibleClassChangeError'{0x0000000710e7a328}: Found class java.lang.Object, but interface was expected> (0x0000000710e7a328) 
thrown [s\open\src\hotspot\share\interpreter\linkResolver.cpp, line 826]
Event: 0.191 Thread 0x000002327d2ae9a0 Exception <a 'java/lang/NoSuchMethodError'{0x0000000710e9cf70}: 'java.lang.Object java.lang.invoke.DirectMethodHandle$Holder.invokeStatic(java.lang.Object, java.lang.Object, int)'> (0x0000000710e9cf70) 
thrown [s\open\src\hotspot\share\interpreter\linkResolver.cpp, line 759]
Event: 0.195 Thread 0x000002327d2ae9a0 Exception <a 'java/lang/NoSuchMethodError'{0x0000000710ef31a0}: 'void java.lang.invoke.DirectMethodHandle$Holder.invokeSpecial(java.lang.Object, java.lang.Object, java.lang.Object, java.lang.Object, java.lang.Object)'> (0x0000000710ef31a0) 
thrown [s\open\src\hotspot\share\interpreter\linkResolver.cpp, line 759]

VM Operations (6 events):
Event: 0.060 Executing VM operation: HandshakeAllThreads
Event: 0.060 Executing VM operation: HandshakeAllThreads done
Event: 0.114 Executing VM operation: HandshakeAllThreads
Event: 0.114 Executing VM operation: HandshakeAllThreads done
Event: 0.149 Executing VM operation: HandshakeAllThreads
Event: 0.149 Executing VM operation: HandshakeAllThreads done

Events (20 events):
Event: 0.158 loading class java/lang/Class$AnnotationData done
Event: 0.169 loading class java/lang/annotation/Repeatable
Event: 0.169 loading class java/lang/annotation/Repeatable done
Event: 0.177 loading class java/lang/invoke/MethodHandle$1
Event: 0.177 loading class java/lang/invoke/MethodHandle$1 done
Event: 0.178 loading class java/util/Collections$2
Event: 0.178 loading class java/util/Collections$2 done
Event: 0.179 Thread 0x0000023267134430 Thread added: 0x0000023267134430
Event: 0.181 loading class java/util/stream/Streams$ConcatSpliterator$OfRef
Event: 0.181 loading class java/util/stream/Streams$ConcatSpliterator
Event: 0.181 loading class java/util/stream/Streams$ConcatSpliterator done
Event: 0.181 loading class java/util/stream/Streams$ConcatSpliterator$OfRef done
Event: 0.181 loading class java/util/stream/StreamSpliterators$WrappingSpliterator
Event: 0.181 loading class java/util/stream/StreamSpliterators$AbstractWrappingSpliterator
Event: 0.181 loading class java/util/stream/StreamSpliterators$AbstractWrappingSpliterator done
Event: 0.181 loading class java/util/stream/StreamSpliterators$WrappingSpliterator done
Event: 0.181 loading class java/util/stream/Streams$2
Event: 0.181 loading class java/util/stream/Streams$2 done
Event: 0.182 loading class java/util/stream/StreamSpliterators
Event: 0.182 loading class java/util/stream/StreamSpliterators done


Dynamic libraries:
0x00007ff644590000 - 0x00007ff6445a0000 	C:\Program Files\Java\jdk-17\bin\java.exe
0x00007fff65ef0000 - 0x00007fff660e8000 	C:\Windows\SYSTEM32\ntdll.dll
0x00007fff64d50000 - 0x00007fff64e0d000 	C:\Windows\System32\KERNEL32.DLL
0x00007fff63c30000 - 0x00007fff63f26000 	C:\Windows\System32\KERNELBASE.dll
0x00007fff63810000 - 0x00007fff63910000 	C:\Windows\System32\ucrtbase.dll
0x00007fff430a0000 - 0x00007fff430b9000 	C:\Program Files\Java\jdk-17\bin\jli.dll
0x00007fff43080000 - 0x00007fff4309b000 	C:\Program Files\Java\jdk-17\bin\VCRUNTIME140.dll
0x00007fff656a0000 - 0x00007fff65753000 	C:\Windows\System32\ADVAPI32.dll
0x00007fff65760000 - 0x00007fff657fe000 	C:\Windows\System32\msvcrt.dll
0x00007fff644d0000 - 0x00007fff6456f000 	C:\Windows\System32\sechost.dll
0x00007fff65d80000 - 0x00007fff65ea6000 	C:\Windows\System32\RPCRT4.dll
0x00007fff635e0000 - 0x00007fff63607000 	C:\Windows\System32\bcrypt.dll
0x00007fff65bc0000 - 0x00007fff65d5e000 	C:\Windows\System32\USER32.dll
0x00007fff635b0000 - 0x00007fff635d2000 	C:\Windows\System32\win32u.dll
0x00007fff64570000 - 0x00007fff6459b000 	C:\Windows\System32\GDI32.dll
0x00007fff583c0000 - 0x00007fff5865a000 	C:\Windows\WinSxS\amd64_microsoft.windows.common-controls_6595b64144ccf1df_6.0.19041.3636_none_60b6a03d71f818d5\COMCTL32.dll
0x00007fff639f0000 - 0x00007fff63b07000 	C:\Windows\System32\gdi32full.dll
0x00007fff63610000 - 0x00007fff636ad000 	C:\Windows\System32\msvcp_win.dll
0x00007fff5df50000 - 0x00007fff5df5a000 	C:\Windows\SYSTEM32\VERSION.dll
0x00007fff65310000 - 0x00007fff65342000 	C:\Windows\System32\IMM32.DLL
0x00007fff42cc0000 - 0x00007fff42ccc000 	C:\Program Files\Java\jdk-17\bin\vcruntime140_1.dll
0x00007fff40f00000 - 0x00007fff40f8e000 	C:\Program Files\Java\jdk-17\bin\msvcp140.dll
0x00007fff03090000 - 0x00007fff03c71000 	C:\Program Files\Java\jdk-17\bin\server\jvm.dll
0x00007fff65480000 - 0x00007fff65488000 	C:\Windows\System32\PSAPI.DLL
0x00007fff59400000 - 0x00007fff59427000 	C:\Windows\SYSTEM32\WINMM.dll
0x00007fff49940000 - 0x00007fff49949000 	C:\Windows\SYSTEM32\WSOCK32.dll
0x00007fff642b0000 - 0x00007fff6431b000 	C:\Windows\System32\WS2_32.dll
0x00007fff61480000 - 0x00007fff61492000 	C:\Windows\SYSTEM32\kernel.appcore.dll
0x00007fff42cb0000 - 0x00007fff42cba000 	C:\Program Files\Java\jdk-17\bin\jimage.dll
0x00007fff58ac0000 - 0x00007fff58ca4000 	C:\Windows\SYSTEM32\DBGHELP.DLL
0x00007fff4cca0000 - 0x00007fff4ccd4000 	C:\Windows\SYSTEM32\dbgcore.DLL
0x00007fff63960000 - 0x00007fff639e2000 	C:\Windows\System32\bcryptPrimitives.dll
0x00007fff55ff0000 - 0x00007fff55ffe000 	C:\Program Files\Java\jdk-17\bin\instrument.dll
0x00007fff42c80000 - 0x00007fff42ca5000 	C:\Program Files\Java\jdk-17\bin\java.dll
0x00007fff1da30000 - 0x00007fff1db07000 	C:\Program Files\Java\jdk-17\bin\jsvml.dll
0x00007fff64600000 - 0x00007fff64d45000 	C:\Windows\System32\SHELL32.dll
0x00007fff61680000 - 0x00007fff61e1c000 	C:\Windows\SYSTEM32\windows.storage.dll
0x00007fff65800000 - 0x00007fff65b54000 	C:\Windows\System32\combase.dll
0x00007fff62fe0000 - 0x00007fff6300e000 	C:\Windows\SYSTEM32\Wldp.dll
0x00007fff64400000 - 0x00007fff644cd000 	C:\Windows\System32\OLEAUT32.dll
0x00007fff640e0000 - 0x00007fff6418d000 	C:\Windows\System32\SHCORE.dll
0x00007fff645a0000 - 0x00007fff645f5000 	C:\Windows\System32\shlwapi.dll
0x00007fff634e0000 - 0x00007fff63505000 	C:\Windows\SYSTEM32\profapi.dll
0x00007fff38690000 - 0x00007fff386a8000 	C:\Program Files\Java\jdk-17\bin\zip.dll
0x00007fff40ee0000 - 0x00007fff40ef9000 	C:\Program Files\Java\jdk-17\bin\net.dll
0x00007fff5d680000 - 0x00007fff5d78a000 	C:\Windows\SYSTEM32\WINHTTP.dll
0x00007fff62d40000 - 0x00007fff62daa000 	C:\Windows\system32\mswsock.dll
0x00007fff40ec0000 - 0x00007fff40ed6000 	C:\Program Files\Java\jdk-17\bin\nio.dll
0x00007fff41420000 - 0x00007fff4143a000 	C:\Program Files\JetBrains\IntelliJ IDEA 2023.3.4\bin\breakgen64.dll

dbghelp: loaded successfully - version: 4.0.5 - missing functions: none
symbol engine: initialized successfully - sym options: 0x614 - pdb path: .;C:\Program Files\Java\jdk-17\bin;C:\Windows\SYSTEM32;C:\Windows\WinSxS\amd64_microsoft.windows.common-controls_6595b64144ccf1df_6.0.19041.3636_none_60b6a03d71f818d5;C:\Program Files\Java\jdk-17\bin\server;C:\Program Files\JetBrains\IntelliJ IDEA 2023.3.4\bin

VM Arguments:
jvm_args: -ea -Didea.test.cyclic.buffer.size=1048576 -javaagent:C:\Program Files\JetBrains\IntelliJ IDEA 2023.3.4\lib\idea_rt.jar=49792:C:\Program Files\JetBrains\IntelliJ IDEA 2023.3.4\bin -Dfile.encoding=UTF-8 
java_command: com.intellij.rt.junit.JUnitStarter -ideVersion5 -junit5 kr.co.ch07.repository.shop.ShopRepositoryTest
java_class_path (initial): C:\Users\java\.m2\repository\org\junit\platform\junit-platform-launcher\1.10.2\junit-platform-launcher-1.10.2.jar;C:\Users\java\.m2\repository\org\junit\platform\junit-platform-engine\1.10.2\junit-platform-engine-1.10.2.jar;C:\Users\java\.m2\repository\org\opentest4j\opentest4j\1.3.0\opentest4j-1.3.0.jar;C:\Users\java\.m2\repository\org\junit\platform\junit-platform-commons\1.10.2\junit-platform-commons-1.10.2.jar;C:\Users\java\.m2\repository\org\apiguardian\apiguardian-api\1.1.2\apiguardian-api-1.1.2.jar;C:\Program Files\JetBrains\IntelliJ IDEA 2023.3.4\lib\idea_rt.jar;C:\Program Files\JetBrains\IntelliJ IDEA 2023.3.4\plugins\junit\lib\junit5-rt.jar;C:\Program Files\JetBrains\IntelliJ IDEA 2023.3.4\plugins\junit\lib\junit-rt.jar;C:\Users\java\Desktop\Workspace\Spring\ch07\build\classes\java\test;C:\Users\java\Desktop\Workspace\Spring\ch07\build\classes\java\main;C:\Users\java\Desktop\Workspace\Spring\ch07\build\resources\main;C:\Users\java\.gradle\caches\modules-2\files-2.1\org.springframework.boot\spring-boot-starter-data-jpa\3.2.3\1fd0770b23c57627e5a37726fb4060f5bfa4da6f\spring-boot-starter-data-jpa-3.2.3.jar;C:\Users\java\.gradle\caches\modules-2\files-2.1\org.springframework.boot\spring-boot-starter-thymeleaf\3.2.3\dbb434ce42b99f0685963d0a5824cd8f3835a1ac\spring-boot-starter-thymeleaf-3.2.3.jar;C:\Users\java\.gradle\caches\modules-2\files-2.1\org.springframework.boot\spring-boot-starter-web\3.2.3\bf2b775d4f4e6349129c64de30939a5493779706\spring-boot-starter-web-3.2.3.jar;C:\Users\java\.gradle\caches\modules-2\files-2.1\org.projectlombok\lombok\1.18.30\f195ee86e6c896ea47a1d39defbe20eb59cd149d\lombok-1.18.30.jar;C:\Users\java\.gradle\caches\modules-2\files-2.1\org.springframework.boot\spring-boot-starter-test\3.2.3\edfce43fbd303d556f3951af65dfb6e335d8230e\spring-boot-starter-test-3.2.3.jar;C:\Users\java\.gradle\caches\modules-2\files-2.1\org.springframework.boot\spring-boot-starter-aop\3.2.3\db8d799efd6cacd3bd134d471c3f983cbc1a137\spri
Launcher Type: SUN_STANDARD

[Global flags]
     intx CICompilerCount                          = 12                                        {product} {ergonomic}
     uint ConcGCThreads                            = 4                                         {product} {ergonomic}
     uint G1ConcRefinementThreads                  = 15                                        {product} {ergonomic}
   size_t G1HeapRegionSize                         = 2097152                                   {product} {ergonomic}
    uintx GCDrainStackTargetSize                   = 64                                        {product} {ergonomic}
   size_t InitialHeapSize                          = 266338304                                 {product} {ergonomic}
   size_t MarkStackSize                            = 4194304                                   {product} {ergonomic}
   size_t MaxHeapSize                              = 4257218560                                {product} {ergonomic}
   size_t MaxNewSize                               = 2554331136                                {product} {ergonomic}
   size_t MinHeapDeltaBytes                        = 2097152                                   {product} {ergonomic}
   size_t MinHeapSize                              = 8388608                                   {product} {ergonomic}
    uintx NonNMethodCodeHeapSize                   = 7602480                                {pd product} {ergonomic}
    uintx NonProfiledCodeHeapSize                  = 122027880                              {pd product} {ergonomic}
    uintx ProfiledCodeHeapSize                     = 122027880                              {pd product} {ergonomic}
    uintx ReservedCodeCacheSize                    = 251658240                              {pd product} {ergonomic}
     bool SegmentedCodeCache                       = true                                      {product} {ergonomic}
   size_t SoftMaxHeapSize                          = 4257218560                             {manageable} {ergonomic}
     bool UseCompressedClassPointers               = true                           {product lp64_product} {ergonomic}
     bool UseCompressedOops                        = true                           {product lp64_product} {ergonomic}
     bool UseG1GC                                  = true                                      {product} {ergonomic}
     bool UseLargePagesIndividualAllocation        = false                                  {pd product} {ergonomic}

Logging:
Log output configuration:
 #0: stdout all=warning uptime,level,tags
 #1: stderr all=off uptime,level,tags

Environment Variables:
PATH=C:\WINDOWS.X64_193000_db_home\bin;C:\Program Files (x86)\VMware\VMware Player\bin\;C:\Program Files\Common Files\Oracle\Java\javapath;C:\Program Files (x86)\Common Files\Intel\Shared Libraries\redist\intel64\compiler;C:\Windows\system32;C:\Windows;C:\Windows\System32\Wbem;C:\Windows\System32\WindowsPowerShell\v1.0\;C:\Windows\System32\OpenSSH\;C:\Program Files (x86)\Common Files\Acronis\VirtualFile\;C:\Program Files (x86)\Common Files\Acronis\VirtualFile64\;C:\Program Files (x86)\Common Files\Acronis\SnapAPI\;C:\Program Files\Git\cmd;C:\Program Files\MySQL\MySQL Server 8.0\bin;C:\Program Files\Bandizip\;C:\Program Files\PuTTY\;C:\Program Files\MySQL\MySQL Shell 8.0\bin\;C:\Users\java\AppData\Local\Microsoft\WindowsApps;;C:\Users\java\AppData\Local\Programs\Microsoft VS Code\bin;C:\Program Files\JetBrains\IntelliJ IDEA 2023.3.4\bin;
USERNAME=java
OS=Windows_NT
PROCESSOR_IDENTIFIER=Intel64 Family 6 Model 151 Stepping 2, GenuineIntel



---------------  S Y S T E M  ---------------

OS:
 Windows 10 , 64 bit Build 19041 (10.0.19041.3636)
OS uptime: 0 days 8:52 hours

CPU: total 20 (initial active 20) (10 cores per cpu, 2 threads per core) family 6 model 151 stepping 2 microcode 0x2d, cx8, cmov, fxsr, ht, mmx, 3dnowpref, sse, sse2, sse3, ssse3, sse4.1, sse4.2, popcnt, lzcnt, tsc, tscinvbit, avx, avx2, aes, erms, clmul, bmi1, bmi2, adx, sha, fma, vzeroupper, clflush, clflushopt, clwb

Memory: 4k page, system-wide physical 16234M (2011M free)
TotalPageFile size 18282M (AvailPageFile size 5M)
current process WorkingSet (physical memory assigned to process): 73M, peak: 73M
current process commit charge ("private bytes"): 376M, peak: 378M

vm_info: Java HotSpot(TM) 64-Bit Server VM (17.0.9+11-LTS-201) for windows-amd64 JRE (17.0.9+11-LTS-201), built on Oct 10 2023 23:16:06 by "mach5one" with MS VC++ 17.1 (VS2022)

END.
