#
# There is insufficient memory for the Java Runtime Environment to continue.
# Native memory allocation (mmap) failed to map 65536 bytes for Failed to commit metaspace.
# Possible reasons:
#   The system is out of physical RAM or swap space
#   The process is running with CompressedOops enabled, and the Java Heap may be blocking the growth of the native heap
# Possible solutions:
#   Reduce memory load on the system
#   Increase physical memory or swap space
#   Check if swap backing store is full
#   Decrease Java heap size (-Xmx/-Xms)
#   Decrease number of Java threads
#   Decrease Java thread stack sizes (-Xss)
#   Set larger code cache with -XX:ReservedCodeCacheSize=
#   JVM is running with Zero Based Compressed Oops mode in which the Java heap is
#     placed in the first 32GB address space. The Java Heap base address is the
#     maximum limit for the native heap growth. Please use -XX:HeapBaseMinAddress
#     to set the Java Heap base and to place the Java Heap above 32GB virtual address.
# This output file may be truncated or incomplete.
#
#  Out of Memory Error (virtualSpaceNode.cpp:110), pid=14044, tid=1648
#
# JRE version: Java(TM) SE Runtime Environment (17.0.9+11) (build 17.0.9+11-LTS-201)
# Java VM: Java HotSpot(TM) 64-Bit Server VM (17.0.9+11-LTS-201, mixed mode, sharing, tiered, compressed oops, compressed class ptrs, g1 gc, windows-amd64)
# No core dump will be written. Minidumps are not enabled by default on client versions of Windows
#

---------------  S U M M A R Y ------------

Command Line: -ea -Didea.test.cyclic.buffer.size=1048576 -javaagent:C:\Program Files\JetBrains\IntelliJ IDEA 2023.3.4\lib\idea_rt.jar=50234:C:\Program Files\JetBrains\IntelliJ IDEA 2023.3.4\bin -Dfile.encoding=UTF-8 com.intellij.rt.junit.JUnitStarter -ideVersion5 -junit5 kr.co.ch07.repository.shop.ShopRepositoryTest

Host: 12th Gen Intel(R) Core(TM) i7-12700F, 20 cores, 15G,  Windows 10 , 64 bit Build 19041 (10.0.19041.3636)
Time: Tue Mar 12 17:25:47 2024  Windows 10 , 64 bit Build 19041 (10.0.19041.3636) elapsed time: 0.069450 seconds (0d 0h 0m 0s)

---------------  T H R E A D  ---------------

Current thread (0x000002818fc39390):  JavaThread "main" [_thread_in_vm, id=1648, stack(0x000000f294c00000,0x000000f294d00000)]

Stack: [0x000000f294c00000,0x000000f294d00000]
Native frames: (J=compiled Java code, j=interpreted, Vv=VM code, C=native code)
V  [jvm.dll+0x678a4a]
V  [jvm.dll+0x7d9cfd]
V  [jvm.dll+0x7db60e]
V  [jvm.dll+0x7dbc73]
V  [jvm.dll+0x245e1f]
V  [jvm.dll+0x7d5a0b]
V  [jvm.dll+0x61ebc6]
V  [jvm.dll+0x61ec2a]
V  [jvm.dll+0x62145d]
V  [jvm.dll+0x61f586]
V  [jvm.dll+0x36a3c2]
V  [jvm.dll+0x1e1b4b]
V  [jvm.dll+0x53eb15]
V  [jvm.dll+0x1f0caa]
V  [jvm.dll+0x75394d]
V  [jvm.dll+0x754d46]
V  [jvm.dll+0x755078]
V  [jvm.dll+0x23e1db]
V  [jvm.dll+0x37dd3e]
C  0x000002819e92b817

Java frames: (J=compiled Java code, j=interpreted, Vv=VM code)
j  java.util.Collections.singletonList(Ljava/lang/Object;)Ljava/util/List;+0 java.base@17.0.9
j  org.junit.platform.engine.UniqueId.<init>(Lorg/junit/platform/engine/UniqueIdFormat;Lorg/junit/platform/engine/UniqueId$Segment;)V+3
j  org.junit.platform.engine.UniqueId.root(Ljava/lang/String;Ljava/lang/String;)Lorg/junit/platform/engine/UniqueId;+16
j  org.junit.platform.engine.UniqueId.forEngine(Ljava/lang/String;)Lorg/junit/platform/engine/UniqueId;+10
j  com.intellij.junit5.JUnit5IdeaTestRunner.<clinit>()V+7
v  ~StubRoutines::call_stub
j  java.lang.Class.forName0(Ljava/lang/String;ZLjava/lang/ClassLoader;Ljava/lang/Class;)Ljava/lang/Class;+0 java.base@17.0.9
j  java.lang.Class.forName(Ljava/lang/String;)Ljava/lang/Class;+11 java.base@17.0.9
j  com.intellij.rt.junit.JUnitStarter.getAgentClass(Ljava/lang/String;)Ljava/lang/Class;+1
j  com.intellij.rt.junit.JUnitStarter.prepareStreamsAndStart([Ljava/lang/String;Ljava/lang/String;Ljava/util/ArrayList;Ljava/lang/String;)I+1
j  com.intellij.rt.junit.JUnitStarter.main([Ljava/lang/String;)V+97
v  ~StubRoutines::call_stub

---------------  P R O C E S S  ---------------

Threads class SMR info:
_java_thread_list=0x00000281b3b60c00, length=17, elements={
0x000002818fc39390, 0x00000281b39277f0, 0x00000281b3928670, 0x00000281b3942a00,
0x00000281b39474f0, 0x00000281b3947eb0, 0x00000281b3948870, 0x00000281b3949610,
0x00000281b394a0c0, 0x00000281b394d810, 0x00000281b3a7ea30, 0x00000281b36f10d0,
0x00000281b36f15f0, 0x00000281b3a83a00, 0x00000281b3a88500, 0x00000281b3a812b0,
0x00000281b3a817c0
}

Java Threads: ( => current thread )
=>0x000002818fc39390 JavaThread "main" [_thread_in_vm, id=1648, stack(0x000000f294c00000,0x000000f294d00000)]
  0x00000281b39277f0 JavaThread "Reference Handler" daemon [_thread_blocked, id=10048, stack(0x000000f295300000,0x000000f295400000)]
  0x00000281b3928670 JavaThread "Finalizer" daemon [_thread_blocked, id=10908, stack(0x000000f295400000,0x000000f295500000)]
  0x00000281b3942a00 JavaThread "Signal Dispatcher" daemon [_thread_blocked, id=7352, stack(0x000000f295500000,0x000000f295600000)]
  0x00000281b39474f0 JavaThread "Attach Listener" daemon [_thread_blocked, id=8812, stack(0x000000f295600000,0x000000f295700000)]
  0x00000281b3947eb0 JavaThread "Service Thread" daemon [_thread_blocked, id=5036, stack(0x000000f295700000,0x000000f295800000)]
  0x00000281b3948870 JavaThread "Monitor Deflation Thread" daemon [_thread_blocked, id=5388, stack(0x000000f295800000,0x000000f295900000)]
  0x00000281b3949610 JavaThread "C2 CompilerThread0" daemon [_thread_blocked, id=3768, stack(0x000000f295900000,0x000000f295a00000)]
  0x00000281b394a0c0 JavaThread "C1 CompilerThread0" daemon [_thread_blocked, id=4556, stack(0x000000f295a00000,0x000000f295b00000)]
  0x00000281b394d810 JavaThread "Sweeper thread" daemon [_thread_blocked, id=14260, stack(0x000000f295b00000,0x000000f295c00000)]
  0x00000281b3a7ea30 JavaThread "Common-Cleaner" daemon [_thread_blocked, id=13964, stack(0x000000f295c00000,0x000000f295d00000)]
  0x00000281b36f10d0 JavaThread "C1 CompilerThread1" daemon [_thread_blocked, id=3624, stack(0x000000f295d00000,0x000000f295e00000)]
  0x00000281b36f15f0 JavaThread "C1 CompilerThread2" daemon [_thread_blocked, id=13864, stack(0x000000f295e00000,0x000000f295f00000)]
  0x00000281b3a83a00 JavaThread "C1 CompilerThread3" daemon [_thread_blocked, id=10600, stack(0x000000f295f00000,0x000000f296000000)]
  0x00000281b3a88500 JavaThread "C2 CompilerThread1" daemon [_thread_blocked, id=8680, stack(0x000000f296000000,0x000000f296100000)]
  0x00000281b3a812b0 JavaThread "Monitor Ctrl-Break" daemon [_thread_in_native, id=6392, stack(0x000000f296100000,0x000000f296200000)]
  0x00000281b3a817c0 JavaThread "Notification Thread" daemon [_thread_blocked, id=11696, stack(0x000000f296200000,0x000000f296300000)]

Other Threads:
  0x00000281b36fd1b0 VMThread "VM Thread" [stack: 0x000000f295200000,0x000000f295300000] [id=6616]
  0x000002818fccb200 WatcherThread [stack: 0x000000f296300000,0x000000f296400000] [id=924]
  0x000002818fca5950 GCTaskThread "GC Thread#0" [stack: 0x000000f294d00000,0x000000f294e00000] [id=8960]
  0x000002818d9edf30 ConcurrentGCThread "G1 Main Marker" [stack: 0x000000f294e00000,0x000000f294f00000] [id=9000]
  0x000002818d9ee940 ConcurrentGCThread "G1 Conc#0" [stack: 0x000000f294f00000,0x000000f295000000] [id=5364]
  0x000002818fcee490 ConcurrentGCThread "G1 Refine#0" [stack: 0x000000f295000000,0x000000f295100000] [id=12008]
  0x00000281b35bf290 ConcurrentGCThread "G1 Service" [stack: 0x000000f295100000,0x000000f295200000] [id=7096]

Threads with active compile tasks:

VM state: not at safepoint (normal execution)

VM Mutex/Monitor currently owned by a thread:  ([mutex/lock_event])
[0x000002818fc31a90] Metaspace_lock - owner thread: 0x000002818fc39390

Heap address: 0x0000000702400000, size: 4060 MB, Compressed Oops mode: Zero based, Oop shift amount: 3

CDS archive(s) mapped at: [0x00000281b4000000-0x00000281b4bd0000-0x00000281b4bd0000), size 12386304, SharedBaseAddress: 0x00000281b4000000, ArchiveRelocationMode: 1.
Compressed class space mapped at: 0x00000281b5000000-0x00000281f5000000, reserved size: 1073741824
Narrow klass base: 0x00000281b4000000, Narrow klass shift: 0, Narrow klass range: 0x100000000

GC Precious Log:
 CPUs: 20 total, 20 available
 Memory: 16234M
 Large Page Support: Disabled
 NUMA Support: Disabled
 Compressed Oops: Enabled (Zero based)
 Heap Region Size: 2M
 Heap Min Capacity: 8M
 Heap Initial Capacity: 254M
 Heap Max Capacity: 4060M
 Pre-touch: Disabled
 Parallel Workers: 15
 Concurrent Workers: 4
 Concurrent Refinement Workers: 15
 Periodic GC: Disabled

Heap:
 garbage-first heap   total 260096K, used 2048K [0x0000000702400000, 0x0000000800000000)
  region size 2048K, 2 young (4096K), 0 survivors (0K)
 Metaspace       used 930K, committed 1024K, reserved 1114112K
  class space    used 80K, committed 128K, reserved 1048576K

Heap Regions: E=young(eden), S=young(survivor), O=old, HS=humongous(starts), HC=humongous(continues), CS=collection set, F=free, OA=open archive, CA=closed archive, TAMS=top-at-mark-start (previous, next)
|   0|0x0000000702400000, 0x0000000702400000, 0x0000000702600000|  0%| F|  |TAMS 0x0000000702400000, 0x0000000702400000| Untracked 
|   1|0x0000000702600000, 0x0000000702600000, 0x0000000702800000|  0%| F|  |TAMS 0x0000000702600000, 0x0000000702600000| Untracked 
|   2|0x0000000702800000, 0x0000000702800000, 0x0000000702a00000|  0%| F|  |TAMS 0x0000000702800000, 0x0000000702800000| Untracked 
|   3|0x0000000702a00000, 0x0000000702a00000, 0x0000000702c00000|  0%| F|  |TAMS 0x0000000702a00000, 0x0000000702a00000| Untracked 
|   4|0x0000000702c00000, 0x0000000702c00000, 0x0000000702e00000|  0%| F|  |TAMS 0x0000000702c00000, 0x0000000702c00000| Untracked 
|   5|0x0000000702e00000, 0x0000000702e00000, 0x0000000703000000|  0%| F|  |TAMS 0x0000000702e00000, 0x0000000702e00000| Untracked 
|   6|0x0000000703000000, 0x0000000703000000, 0x0000000703200000|  0%| F|  |TAMS 0x0000000703000000, 0x0000000703000000| Untracked 
|   7|0x0000000703200000, 0x0000000703200000, 0x0000000703400000|  0%| F|  |TAMS 0x0000000703200000, 0x0000000703200000| Untracked 
|   8|0x0000000703400000, 0x0000000703400000, 0x0000000703600000|  0%| F|  |TAMS 0x0000000703400000, 0x0000000703400000| Untracked 
|   9|0x0000000703600000, 0x0000000703600000, 0x0000000703800000|  0%| F|  |TAMS 0x0000000703600000, 0x0000000703600000| Untracked 
|  10|0x0000000703800000, 0x0000000703800000, 0x0000000703a00000|  0%| F|  |TAMS 0x0000000703800000, 0x0000000703800000| Untracked 
|  11|0x0000000703a00000, 0x0000000703a00000, 0x0000000703c00000|  0%| F|  |TAMS 0x0000000703a00000, 0x0000000703a00000| Untracked 
|  12|0x0000000703c00000, 0x0000000703c00000, 0x0000000703e00000|  0%| F|  |TAMS 0x0000000703c00000, 0x0000000703c00000| Untracked 
|  13|0x0000000703e00000, 0x0000000703e00000, 0x0000000704000000|  0%| F|  |TAMS 0x0000000703e00000, 0x0000000703e00000| Untracked 
|  14|0x0000000704000000, 0x0000000704000000, 0x0000000704200000|  0%| F|  |TAMS 0x0000000704000000, 0x0000000704000000| Untracked 
|  15|0x0000000704200000, 0x0000000704200000, 0x0000000704400000|  0%| F|  |TAMS 0x0000000704200000, 0x0000000704200000| Untracked 
|  16|0x0000000704400000, 0x0000000704400000, 0x0000000704600000|  0%| F|  |TAMS 0x0000000704400000, 0x0000000704400000| Untracked 
|  17|0x0000000704600000, 0x0000000704600000, 0x0000000704800000|  0%| F|  |TAMS 0x0000000704600000, 0x0000000704600000| Untracked 
|  18|0x0000000704800000, 0x0000000704800000, 0x0000000704a00000|  0%| F|  |TAMS 0x0000000704800000, 0x0000000704800000| Untracked 
|  19|0x0000000704a00000, 0x0000000704a00000, 0x0000000704c00000|  0%| F|  |TAMS 0x0000000704a00000, 0x0000000704a00000| Untracked 
|  20|0x0000000704c00000, 0x0000000704c00000, 0x0000000704e00000|  0%| F|  |TAMS 0x0000000704c00000, 0x0000000704c00000| Untracked 
|  21|0x0000000704e00000, 0x0000000704e00000, 0x0000000705000000|  0%| F|  |TAMS 0x0000000704e00000, 0x0000000704e00000| Untracked 
|  22|0x0000000705000000, 0x0000000705000000, 0x0000000705200000|  0%| F|  |TAMS 0x0000000705000000, 0x0000000705000000| Untracked 
|  23|0x0000000705200000, 0x0000000705200000, 0x0000000705400000|  0%| F|  |TAMS 0x0000000705200000, 0x0000000705200000| Untracked 
|  24|0x0000000705400000, 0x0000000705400000, 0x0000000705600000|  0%| F|  |TAMS 0x0000000705400000, 0x0000000705400000| Untracked 
|  25|0x0000000705600000, 0x0000000705600000, 0x0000000705800000|  0%| F|  |TAMS 0x0000000705600000, 0x0000000705600000| Untracked 
|  26|0x0000000705800000, 0x0000000705800000, 0x0000000705a00000|  0%| F|  |TAMS 0x0000000705800000, 0x0000000705800000| Untracked 
|  27|0x0000000705a00000, 0x0000000705a00000, 0x0000000705c00000|  0%| F|  |TAMS 0x0000000705a00000, 0x0000000705a00000| Untracked 
|  28|0x0000000705c00000, 0x0000000705c00000, 0x0000000705e00000|  0%| F|  |TAMS 0x0000000705c00000, 0x0000000705c00000| Untracked 
|  29|0x0000000705e00000, 0x0000000705e00000, 0x0000000706000000|  0%| F|  |TAMS 0x0000000705e00000, 0x0000000705e00000| Untracked 
|  30|0x0000000706000000, 0x0000000706000000, 0x0000000706200000|  0%| F|  |TAMS 0x0000000706000000, 0x0000000706000000| Untracked 
|  31|0x0000000706200000, 0x0000000706200000, 0x0000000706400000|  0%| F|  |TAMS 0x0000000706200000, 0x0000000706200000| Untracked 
|  32|0x0000000706400000, 0x0000000706400000, 0x0000000706600000|  0%| F|  |TAMS 0x0000000706400000, 0x0000000706400000| Untracked 
|  33|0x0000000706600000, 0x0000000706600000, 0x0000000706800000|  0%| F|  |TAMS 0x0000000706600000, 0x0000000706600000| Untracked 
|  34|0x0000000706800000, 0x0000000706800000, 0x0000000706a00000|  0%| F|  |TAMS 0x0000000706800000, 0x0000000706800000| Untracked 
|  35|0x0000000706a00000, 0x0000000706a00000, 0x0000000706c00000|  0%| F|  |TAMS 0x0000000706a00000, 0x0000000706a00000| Untracked 
|  36|0x0000000706c00000, 0x0000000706c00000, 0x0000000706e00000|  0%| F|  |TAMS 0x0000000706c00000, 0x0000000706c00000| Untracked 
|  37|0x0000000706e00000, 0x0000000706e00000, 0x0000000707000000|  0%| F|  |TAMS 0x0000000706e00000, 0x0000000706e00000| Untracked 
|  38|0x0000000707000000, 0x0000000707000000, 0x0000000707200000|  0%| F|  |TAMS 0x0000000707000000, 0x0000000707000000| Untracked 
|  39|0x0000000707200000, 0x0000000707200000, 0x0000000707400000|  0%| F|  |TAMS 0x0000000707200000, 0x0000000707200000| Untracked 
|  40|0x0000000707400000, 0x0000000707400000, 0x0000000707600000|  0%| F|  |TAMS 0x0000000707400000, 0x0000000707400000| Untracked 
|  41|0x0000000707600000, 0x0000000707600000, 0x0000000707800000|  0%| F|  |TAMS 0x0000000707600000, 0x0000000707600000| Untracked 
|  42|0x0000000707800000, 0x0000000707800000, 0x0000000707a00000|  0%| F|  |TAMS 0x0000000707800000, 0x0000000707800000| Untracked 
|  43|0x0000000707a00000, 0x0000000707a00000, 0x0000000707c00000|  0%| F|  |TAMS 0x0000000707a00000, 0x0000000707a00000| Untracked 
|  44|0x0000000707c00000, 0x0000000707c00000, 0x0000000707e00000|  0%| F|  |TAMS 0x0000000707c00000, 0x0000000707c00000| Untracked 
|  45|0x0000000707e00000, 0x0000000707e00000, 0x0000000708000000|  0%| F|  |TAMS 0x0000000707e00000, 0x0000000707e00000| Untracked 
|  46|0x0000000708000000, 0x0000000708000000, 0x0000000708200000|  0%| F|  |TAMS 0x0000000708000000, 0x0000000708000000| Untracked 
|  47|0x0000000708200000, 0x0000000708200000, 0x0000000708400000|  0%| F|  |TAMS 0x0000000708200000, 0x0000000708200000| Untracked 
|  48|0x0000000708400000, 0x0000000708400000, 0x0000000708600000|  0%| F|  |TAMS 0x0000000708400000, 0x0000000708400000| Untracked 
|  49|0x0000000708600000, 0x0000000708600000, 0x0000000708800000|  0%| F|  |TAMS 0x0000000708600000, 0x0000000708600000| Untracked 
|  50|0x0000000708800000, 0x0000000708800000, 0x0000000708a00000|  0%| F|  |TAMS 0x0000000708800000, 0x0000000708800000| Untracked 
|  51|0x0000000708a00000, 0x0000000708a00000, 0x0000000708c00000|  0%| F|  |TAMS 0x0000000708a00000, 0x0000000708a00000| Untracked 
|  52|0x0000000708c00000, 0x0000000708c00000, 0x0000000708e00000|  0%| F|  |TAMS 0x0000000708c00000, 0x0000000708c00000| Untracked 
|  53|0x0000000708e00000, 0x0000000708e00000, 0x0000000709000000|  0%| F|  |TAMS 0x0000000708e00000, 0x0000000708e00000| Untracked 
|  54|0x0000000709000000, 0x0000000709000000, 0x0000000709200000|  0%| F|  |TAMS 0x0000000709000000, 0x0000000709000000| Untracked 
|  55|0x0000000709200000, 0x0000000709200000, 0x0000000709400000|  0%| F|  |TAMS 0x0000000709200000, 0x0000000709200000| Untracked 
|  56|0x0000000709400000, 0x0000000709400000, 0x0000000709600000|  0%| F|  |TAMS 0x0000000709400000, 0x0000000709400000| Untracked 
|  57|0x0000000709600000, 0x0000000709600000, 0x0000000709800000|  0%| F|  |TAMS 0x0000000709600000, 0x0000000709600000| Untracked 
|  58|0x0000000709800000, 0x0000000709800000, 0x0000000709a00000|  0%| F|  |TAMS 0x0000000709800000, 0x0000000709800000| Untracked 
|  59|0x0000000709a00000, 0x0000000709a00000, 0x0000000709c00000|  0%| F|  |TAMS 0x0000000709a00000, 0x0000000709a00000| Untracked 
|  60|0x0000000709c00000, 0x0000000709c00000, 0x0000000709e00000|  0%| F|  |TAMS 0x0000000709c00000, 0x0000000709c00000| Untracked 
|  61|0x0000000709e00000, 0x0000000709e00000, 0x000000070a000000|  0%| F|  |TAMS 0x0000000709e00000, 0x0000000709e00000| Untracked 
|  62|0x000000070a000000, 0x000000070a000000, 0x000000070a200000|  0%| F|  |TAMS 0x000000070a000000, 0x000000070a000000| Untracked 
|  63|0x000000070a200000, 0x000000070a200000, 0x000000070a400000|  0%| F|  |TAMS 0x000000070a200000, 0x000000070a200000| Untracked 
|  64|0x000000070a400000, 0x000000070a400000, 0x000000070a600000|  0%| F|  |TAMS 0x000000070a400000, 0x000000070a400000| Untracked 
|  65|0x000000070a600000, 0x000000070a600000, 0x000000070a800000|  0%| F|  |TAMS 0x000000070a600000, 0x000000070a600000| Untracked 
|  66|0x000000070a800000, 0x000000070a800000, 0x000000070aa00000|  0%| F|  |TAMS 0x000000070a800000, 0x000000070a800000| Untracked 
|  67|0x000000070aa00000, 0x000000070aa00000, 0x000000070ac00000|  0%| F|  |TAMS 0x000000070aa00000, 0x000000070aa00000| Untracked 
|  68|0x000000070ac00000, 0x000000070ac00000, 0x000000070ae00000|  0%| F|  |TAMS 0x000000070ac00000, 0x000000070ac00000| Untracked 
|  69|0x000000070ae00000, 0x000000070ae00000, 0x000000070b000000|  0%| F|  |TAMS 0x000000070ae00000, 0x000000070ae00000| Untracked 
|  70|0x000000070b000000, 0x000000070b000000, 0x000000070b200000|  0%| F|  |TAMS 0x000000070b000000, 0x000000070b000000| Untracked 
|  71|0x000000070b200000, 0x000000070b200000, 0x000000070b400000|  0%| F|  |TAMS 0x000000070b200000, 0x000000070b200000| Untracked 
|  72|0x000000070b400000, 0x000000070b400000, 0x000000070b600000|  0%| F|  |TAMS 0x000000070b400000, 0x000000070b400000| Untracked 
|  73|0x000000070b600000, 0x000000070b600000, 0x000000070b800000|  0%| F|  |TAMS 0x000000070b600000, 0x000000070b600000| Untracked 
|  74|0x000000070b800000, 0x000000070b800000, 0x000000070ba00000|  0%| F|  |TAMS 0x000000070b800000, 0x000000070b800000| Untracked 
|  75|0x000000070ba00000, 0x000000070ba00000, 0x000000070bc00000|  0%| F|  |TAMS 0x000000070ba00000, 0x000000070ba00000| Untracked 
|  76|0x000000070bc00000, 0x000000070bc00000, 0x000000070be00000|  0%| F|  |TAMS 0x000000070bc00000, 0x000000070bc00000| Untracked 
|  77|0x000000070be00000, 0x000000070be00000, 0x000000070c000000|  0%| F|  |TAMS 0x000000070be00000, 0x000000070be00000| Untracked 
|  78|0x000000070c000000, 0x000000070c000000, 0x000000070c200000|  0%| F|  |TAMS 0x000000070c000000, 0x000000070c000000| Untracked 
|  79|0x000000070c200000, 0x000000070c200000, 0x000000070c400000|  0%| F|  |TAMS 0x000000070c200000, 0x000000070c200000| Untracked 
|  80|0x000000070c400000, 0x000000070c400000, 0x000000070c600000|  0%| F|  |TAMS 0x000000070c400000, 0x000000070c400000| Untracked 
|  81|0x000000070c600000, 0x000000070c600000, 0x000000070c800000|  0%| F|  |TAMS 0x000000070c600000, 0x000000070c600000| Untracked 
|  82|0x000000070c800000, 0x000000070c800000, 0x000000070ca00000|  0%| F|  |TAMS 0x000000070c800000, 0x000000070c800000| Untracked 
|  83|0x000000070ca00000, 0x000000070ca00000, 0x000000070cc00000|  0%| F|  |TAMS 0x000000070ca00000, 0x000000070ca00000| Untracked 
|  84|0x000000070cc00000, 0x000000070cc00000, 0x000000070ce00000|  0%| F|  |TAMS 0x000000070cc00000, 0x000000070cc00000| Untracked 
|  85|0x000000070ce00000, 0x000000070ce00000, 0x000000070d000000|  0%| F|  |TAMS 0x000000070ce00000, 0x000000070ce00000| Untracked 
|  86|0x000000070d000000, 0x000000070d000000, 0x000000070d200000|  0%| F|  |TAMS 0x000000070d000000, 0x000000070d000000| Untracked 
|  87|0x000000070d200000, 0x000000070d200000, 0x000000070d400000|  0%| F|  |TAMS 0x000000070d200000, 0x000000070d200000| Untracked 
|  88|0x000000070d400000, 0x000000070d400000, 0x000000070d600000|  0%| F|  |TAMS 0x000000070d400000, 0x000000070d400000| Untracked 
|  89|0x000000070d600000, 0x000000070d600000, 0x000000070d800000|  0%| F|  |TAMS 0x000000070d600000, 0x000000070d600000| Untracked 
|  90|0x000000070d800000, 0x000000070d800000, 0x000000070da00000|  0%| F|  |TAMS 0x000000070d800000, 0x000000070d800000| Untracked 
|  91|0x000000070da00000, 0x000000070da00000, 0x000000070dc00000|  0%| F|  |TAMS 0x000000070da00000, 0x000000070da00000| Untracked 
|  92|0x000000070dc00000, 0x000000070dc00000, 0x000000070de00000|  0%| F|  |TAMS 0x000000070dc00000, 0x000000070dc00000| Untracked 
|  93|0x000000070de00000, 0x000000070de00000, 0x000000070e000000|  0%| F|  |TAMS 0x000000070de00000, 0x000000070de00000| Untracked 
|  94|0x000000070e000000, 0x000000070e000000, 0x000000070e200000|  0%| F|  |TAMS 0x000000070e000000, 0x000000070e000000| Untracked 
|  95|0x000000070e200000, 0x000000070e200000, 0x000000070e400000|  0%| F|  |TAMS 0x000000070e200000, 0x000000070e200000| Untracked 
|  96|0x000000070e400000, 0x000000070e400000, 0x000000070e600000|  0%| F|  |TAMS 0x000000070e400000, 0x000000070e400000| Untracked 
|  97|0x000000070e600000, 0x000000070e600000, 0x000000070e800000|  0%| F|  |TAMS 0x000000070e600000, 0x000000070e600000| Untracked 
|  98|0x000000070e800000, 0x000000070e800000, 0x000000070ea00000|  0%| F|  |TAMS 0x000000070e800000, 0x000000070e800000| Untracked 
|  99|0x000000070ea00000, 0x000000070ea00000, 0x000000070ec00000|  0%| F|  |TAMS 0x000000070ea00000, 0x000000070ea00000| Untracked 
| 100|0x000000070ec00000, 0x000000070ec00000, 0x000000070ee00000|  0%| F|  |TAMS 0x000000070ec00000, 0x000000070ec00000| Untracked 
| 101|0x000000070ee00000, 0x000000070ee00000, 0x000000070f000000|  0%| F|  |TAMS 0x000000070ee00000, 0x000000070ee00000| Untracked 
| 102|0x000000070f000000, 0x000000070f000000, 0x000000070f200000|  0%| F|  |TAMS 0x000000070f000000, 0x000000070f000000| Untracked 
| 103|0x000000070f200000, 0x000000070f200000, 0x000000070f400000|  0%| F|  |TAMS 0x000000070f200000, 0x000000070f200000| Untracked 
| 104|0x000000070f400000, 0x000000070f400000, 0x000000070f600000|  0%| F|  |TAMS 0x000000070f400000, 0x000000070f400000| Untracked 
| 105|0x000000070f600000, 0x000000070f600000, 0x000000070f800000|  0%| F|  |TAMS 0x000000070f600000, 0x000000070f600000| Untracked 
| 106|0x000000070f800000, 0x000000070f800000, 0x000000070fa00000|  0%| F|  |TAMS 0x000000070f800000, 0x000000070f800000| Untracked 
| 107|0x000000070fa00000, 0x000000070fa00000, 0x000000070fc00000|  0%| F|  |TAMS 0x000000070fa00000, 0x000000070fa00000| Untracked 
| 108|0x000000070fc00000, 0x000000070fc00000, 0x000000070fe00000|  0%| F|  |TAMS 0x000000070fc00000, 0x000000070fc00000| Untracked 
| 109|0x000000070fe00000, 0x000000070fe00000, 0x0000000710000000|  0%| F|  |TAMS 0x000000070fe00000, 0x000000070fe00000| Untracked 
| 110|0x0000000710000000, 0x0000000710000000, 0x0000000710200000|  0%| F|  |TAMS 0x0000000710000000, 0x0000000710000000| Untracked 
| 111|0x0000000710200000, 0x0000000710200000, 0x0000000710400000|  0%| F|  |TAMS 0x0000000710200000, 0x0000000710200000| Untracked 
| 112|0x0000000710400000, 0x0000000710400000, 0x0000000710600000|  0%| F|  |TAMS 0x0000000710400000, 0x0000000710400000| Untracked 
| 113|0x0000000710600000, 0x0000000710600000, 0x0000000710800000|  0%| F|  |TAMS 0x0000000710600000, 0x0000000710600000| Untracked 
| 114|0x0000000710800000, 0x0000000710800000, 0x0000000710a00000|  0%| F|  |TAMS 0x0000000710800000, 0x0000000710800000| Untracked 
| 115|0x0000000710a00000, 0x0000000710a00000, 0x0000000710c00000|  0%| F|  |TAMS 0x0000000710a00000, 0x0000000710a00000| Untracked 
| 116|0x0000000710c00000, 0x0000000710c00000, 0x0000000710e00000|  0%| F|  |TAMS 0x0000000710c00000, 0x0000000710c00000| Untracked 
| 117|0x0000000710e00000, 0x0000000710e00000, 0x0000000711000000|  0%| F|  |TAMS 0x0000000710e00000, 0x0000000710e00000| Untracked 
| 118|0x0000000711000000, 0x0000000711000000, 0x0000000711200000|  0%| F|  |TAMS 0x0000000711000000, 0x0000000711000000| Untracked 
| 119|0x0000000711200000, 0x0000000711200000, 0x0000000711400000|  0%| F|  |TAMS 0x0000000711200000, 0x0000000711200000| Untracked 
| 120|0x0000000711400000, 0x0000000711400000, 0x0000000711600000|  0%| F|  |TAMS 0x0000000711400000, 0x0000000711400000| Untracked 
| 121|0x0000000711600000, 0x0000000711600000, 0x0000000711800000|  0%| F|  |TAMS 0x0000000711600000, 0x0000000711600000| Untracked 
| 122|0x0000000711800000, 0x0000000711800000, 0x0000000711a00000|  0%| F|  |TAMS 0x0000000711800000, 0x0000000711800000| Untracked 
| 123|0x0000000711a00000, 0x0000000711a00000, 0x0000000711c00000|  0%| F|  |TAMS 0x0000000711a00000, 0x0000000711a00000| Untracked 
| 124|0x0000000711c00000, 0x0000000711c00000, 0x0000000711e00000|  0%| F|  |TAMS 0x0000000711c00000, 0x0000000711c00000| Untracked 
| 125|0x0000000711e00000, 0x0000000712000000, 0x0000000712000000|100%| E|  |TAMS 0x0000000711e00000, 0x0000000711e00000| Complete 
| 126|0x0000000712000000, 0x0000000712200000, 0x0000000712200000|100%| E|CS|TAMS 0x0000000712000000, 0x0000000712000000| Complete 

Card table byte_map: [0x00000281a7750000,0x00000281a7f40000] _byte_map_base: 0x00000281a3f3e000

Marking Bits (Prev, Next): (CMBitMap*) 0x000002818fca5f70, (CMBitMap*) 0x000002818fca5fb0
 Prev Bits: [0x00000281a8730000, 0x00000281ac6a0000)
 Next Bits: [0x00000281ac6a0000, 0x00000281b0610000)

Polling page: 0x000002818d8d0000

Metaspace:

Usage:
  Non-class:    850.40 KB used.
      Class:     80.32 KB used.
       Both:    930.72 KB used.

Virtual space:
  Non-class space:       64.00 MB reserved,     896.00 KB (  1%) committed,  1 nodes.
      Class space:        1.00 GB reserved,     128.00 KB ( <1%) committed,  1 nodes.
             Both:        1.06 GB reserved,       1.00 MB ( <1%) committed. 

Chunk freelists:
   Non-Class:  11.89 MB
       Class:  15.72 MB
        Both:  27.61 MB

MaxMetaspaceSize: unlimited
CompressedClassSpaceSize: 1.00 GB
Initial GC threshold: 21.00 MB
Current GC threshold: 21.00 MB
CDS: on
MetaspaceReclaimPolicy: balanced
 - commit_granule_bytes: 65536.
 - commit_granule_words: 8192.
 - virtual_space_node_default_size: 8388608.
 - enlarge_chunks_in_place: 1.
 - new_chunks_are_fully_committed: 0.
 - uncommit_free_chunks: 1.
 - use_allocation_guard: 0.
 - handle_deallocations: 1.


Internal statistics:

num_allocs_failed_limit: 0.
num_arena_births: 12.
num_arena_deaths: 0.
num_vsnodes_births: 2.
num_vsnodes_deaths: 0.
num_space_committed: 16.
num_space_uncommitted: 0.
num_chunks_returned_to_freelist: 0.
num_chunks_taken_from_freelist: 26.
num_chunk_merges: 0.
num_chunk_splits: 13.
num_chunks_enlarged: 7.
num_inconsistent_stats: 0.

CodeHeap 'non-profiled nmethods': size=119168Kb used=90Kb max_used=90Kb free=119077Kb
 bounds [0x000002819f060000, 0x000002819f2d0000, 0x00000281a64c0000]
CodeHeap 'profiled nmethods': size=119104Kb used=327Kb max_used=327Kb free=118777Kb
 bounds [0x00000281974c0000, 0x0000028197730000, 0x000002819e910000]
CodeHeap 'non-nmethods': size=7488Kb used=2819Kb max_used=2835Kb free=4668Kb
 bounds [0x000002819e910000, 0x000002819ebe0000, 0x000002819f060000]
 total_blobs=698 nmethods=282 adapters=326
 compilation: enabled
              stopped_count=0, restarted_count=0
 full_count=0

Compilation events (20 events):
Event: 0.066 Thread 0x00000281b36f10d0  275       3       jdk.internal.org.objectweb.asm.ByteVector::putUTF8 (144 bytes)
Event: 0.066 Thread 0x00000281b3a83a00 nmethod 274 0x000002819750aa10 code [0x000002819750aba0, 0x000002819750acc8]
Event: 0.066 Thread 0x00000281b3a83a00  276       3       jdk.internal.org.objectweb.asm.Symbol::<init> (38 bytes)
Event: 0.066 Thread 0x00000281b36f15f0  277       3       jdk.internal.org.objectweb.asm.SymbolTable::put (150 bytes)
Event: 0.066 Thread 0x00000281b3a83a00 nmethod 276 0x000002819750ad90 code [0x000002819750af40, 0x000002819750b1f8]
Event: 0.066 Thread 0x00000281b3a83a00  278       3       jdk.internal.org.objectweb.asm.ByteVector::putShort (52 bytes)
Event: 0.066 Thread 0x00000281b394a0c0 nmethod 270 0x000002819750b310 code [0x000002819750b600, 0x000002819750cc18]
Event: 0.066 Thread 0x00000281b3a83a00 nmethod 278 0x000002819750d210 code [0x000002819750d3c0, 0x000002819750d5c8]
Event: 0.066 Thread 0x00000281b36f15f0 nmethod 277 0x000002819750d710 code [0x000002819750d900, 0x000002819750e1d8]
Event: 0.066 Thread 0x00000281b36f10d0 nmethod 275 0x000002819750e490 code [0x000002819750e700, 0x000002819750f228]
Event: 0.066 Thread 0x00000281b36f10d0  279       3       jdk.internal.org.objectweb.asm.SymbolTable$Entry::<init> (17 bytes)
Event: 0.066 Thread 0x00000281b36f10d0 nmethod 279 0x000002819750f710 code [0x000002819750f8c0, 0x000002819750fa48]
Event: 0.066 Thread 0x00000281b36f10d0  280       3       jdk.internal.org.objectweb.asm.SymbolTable::addConstantUtf8 (98 bytes)
Event: 0.066 Thread 0x00000281b36f15f0  281       3       jdk.internal.org.objectweb.asm.ByteVector::putByte (39 bytes)
Event: 0.066 Thread 0x00000281b36f15f0 nmethod 281 0x000002819750fb10 code [0x000002819750fcc0, 0x000002819750fea8]
Event: 0.066 Thread 0x00000281b36f15f0  282       3       jdk.internal.misc.Unsafe::allocateUninitializedArray0 (90 bytes)
Event: 0.067 Thread 0x00000281b36f10d0 nmethod 280 0x0000028197510010 code [0x0000028197510240, 0x0000028197510858]
Event: 0.067 Thread 0x00000281b36f15f0 nmethod 282 0x0000028197510b90 code [0x0000028197510da0, 0x0000028197511718]
Event: 0.067 Thread 0x00000281b36f15f0  283       3       java.lang.String::toString (2 bytes)
Event: 0.067 Thread 0x00000281b36f15f0 nmethod 283 0x0000028197511890 code [0x0000028197511a20, 0x0000028197511b38]

GC Heap History (0 events):
No events

Deoptimization events (20 events):
Event: 0.052 Thread 0x000002818fc39390 DEOPT PACKING pc=0x000002819f06965c sp=0x000000f294cfd440
Event: 0.052 Thread 0x000002818fc39390 DEOPT UNPACKING pc=0x000002819e9623a3 sp=0x000000f294cfd3d0 mode 2
Event: 0.053 Thread 0x000002818fc39390 DEOPT PACKING pc=0x00000281974c9de7 sp=0x000000f294cfe5a0
Event: 0.053 Thread 0x000002818fc39390 DEOPT UNPACKING pc=0x000002819e962b43 sp=0x000000f294cfd9c0 mode 0
Event: 0.057 Thread 0x000002818fc39390 Uncommon trap: trap_request=0xffffffde fr.pc=0x000002819f06f10c relative=0x000000000000082c
Event: 0.057 Thread 0x000002818fc39390 Uncommon trap: reason=class_check action=maybe_recompile pc=0x000002819f06f10c method=java.util.HashMap.putVal(ILjava/lang/Object;Ljava/lang/Object;ZZ)Ljava/lang/Object; @ 152 c2
Event: 0.057 Thread 0x000002818fc39390 DEOPT PACKING pc=0x000002819f06f10c sp=0x000000f294cfdf40
Event: 0.057 Thread 0x000002818fc39390 DEOPT UNPACKING pc=0x000002819e9623a3 sp=0x000000f294cfdec0 mode 2
Event: 0.057 Thread 0x000002818fc39390 Uncommon trap: trap_request=0xffffffde fr.pc=0x000002819f06f10c relative=0x000000000000082c
Event: 0.057 Thread 0x000002818fc39390 Uncommon trap: reason=class_check action=maybe_recompile pc=0x000002819f06f10c method=java.util.HashMap.putVal(ILjava/lang/Object;Ljava/lang/Object;ZZ)Ljava/lang/Object; @ 152 c2
Event: 0.057 Thread 0x000002818fc39390 DEOPT PACKING pc=0x000002819f06f10c sp=0x000000f294cfdf40
Event: 0.057 Thread 0x000002818fc39390 DEOPT UNPACKING pc=0x000002819e9623a3 sp=0x000000f294cfdec0 mode 2
Event: 0.057 Thread 0x000002818fc39390 Uncommon trap: trap_request=0xffffffde fr.pc=0x000002819f06f10c relative=0x000000000000082c
Event: 0.057 Thread 0x000002818fc39390 Uncommon trap: reason=class_check action=maybe_recompile pc=0x000002819f06f10c method=java.util.HashMap.putVal(ILjava/lang/Object;Ljava/lang/Object;ZZ)Ljava/lang/Object; @ 152 c2
Event: 0.057 Thread 0x000002818fc39390 DEOPT PACKING pc=0x000002819f06f10c sp=0x000000f294cfdf40
Event: 0.057 Thread 0x000002818fc39390 DEOPT UNPACKING pc=0x000002819e9623a3 sp=0x000000f294cfdec0 mode 2
Event: 0.057 Thread 0x000002818fc39390 Uncommon trap: trap_request=0xffffffde fr.pc=0x000002819f06f10c relative=0x000000000000082c
Event: 0.057 Thread 0x000002818fc39390 Uncommon trap: reason=class_check action=maybe_recompile pc=0x000002819f06f10c method=java.util.HashMap.putVal(ILjava/lang/Object;Ljava/lang/Object;ZZ)Ljava/lang/Object; @ 152 c2
Event: 0.057 Thread 0x000002818fc39390 DEOPT PACKING pc=0x000002819f06f10c sp=0x000000f294cfdf40
Event: 0.057 Thread 0x000002818fc39390 DEOPT UNPACKING pc=0x000002819e9623a3 sp=0x000000f294cfdec0 mode 2

Classes unloaded (0 events):
No events

Classes redefined (0 events):
No events

Internal exceptions (3 events):
Event: 0.061 Thread 0x00000281b3a812b0 Exception <a 'java/lang/NoSuchMethodError'{0x0000000711ee63a8}: 'java.lang.Object java.lang.invoke.DirectMethodHandle$Holder.invokeStaticInit(java.lang.Object)'> (0x0000000711ee63a8) 
thrown [s\open\src\hotspot\share\interpreter\linkResolver.cpp, line 759]
Event: 0.063 Thread 0x00000281b3a812b0 Exception <a 'java/lang/NoSuchMethodError'{0x0000000711ef4408}: 'void java.lang.invoke.DirectMethodHandle$Holder.invokeStatic(java.lang.Object, java.lang.Object)'> (0x0000000711ef4408) 
thrown [s\open\src\hotspot\share\interpreter\linkResolver.cpp, line 759]
Event: 0.065 Thread 0x000002818fc39390 Exception <a 'java/lang/NoSuchMethodError'{0x0000000711f7be58}: 'java.lang.Object java.lang.invoke.DirectMethodHandle$Holder.invokeStaticInit(java.lang.Object, int)'> (0x0000000711f7be58) 
thrown [s\open\src\hotspot\share\interpreter\linkResolver.cpp, line 759]

VM Operations (2 events):
Event: 0.060 Executing VM operation: HandshakeAllThreads
Event: 0.061 Executing VM operation: HandshakeAllThreads done

Events (20 events):
Event: 0.065 loading class java/util/Formatter$FixedString
Event: 0.065 loading class java/util/Formatter$FixedString done
Event: 0.065 loading class sun/nio/cs/StreamDecoder done
Event: 0.065 loading class sun/nio/cs/US_ASCII$Decoder
Event: 0.065 loading class sun/nio/cs/US_ASCII$Decoder done
Event: 0.065 loading class sun/nio/ch/Util
Event: 0.065 loading class sun/nio/ch/Util done
Event: 0.065 loading class sun/nio/ch/Util$1
Event: 0.065 loading class sun/nio/ch/Util$1 done
Event: 0.065 loading class sun/nio/ch/Util$BufferCache
Event: 0.065 loading class sun/nio/ch/Util$BufferCache done
Event: 0.065 loading class java/nio/DirectByteBuffer$Deallocator
Event: 0.065 loading class java/nio/DirectByteBuffer$Deallocator done
Event: 0.066 loading class java/net/URLEncoder
Event: 0.066 loading class java/net/URLEncoder done
Event: 0.066 loading class java/util/BitSet
Event: 0.066 loading class java/util/BitSet done
Event: 0.066 loading class java/io/CharArrayWriter
Event: 0.066 loading class java/io/CharArrayWriter done
Event: 0.067 loading class java/util/Collections$SingletonList


Dynamic libraries:
0x00007ff644590000 - 0x00007ff6445a0000 	C:\Program Files\Java\jdk-17\bin\java.exe
0x00007fff65ef0000 - 0x00007fff660e8000 	C:\Windows\SYSTEM32\ntdll.dll
0x00007fff64d50000 - 0x00007fff64e0d000 	C:\Windows\System32\KERNEL32.DLL
0x00007fff63c30000 - 0x00007fff63f26000 	C:\Windows\System32\KERNELBASE.dll
0x00007fff63810000 - 0x00007fff63910000 	C:\Windows\System32\ucrtbase.dll
0x00007fff43080000 - 0x00007fff4309b000 	C:\Program Files\Java\jdk-17\bin\VCRUNTIME140.dll
0x00007fff430a0000 - 0x00007fff430b9000 	C:\Program Files\Java\jdk-17\bin\jli.dll
0x00007fff656a0000 - 0x00007fff65753000 	C:\Windows\System32\ADVAPI32.dll
0x00007fff65760000 - 0x00007fff657fe000 	C:\Windows\System32\msvcrt.dll
0x00007fff644d0000 - 0x00007fff6456f000 	C:\Windows\System32\sechost.dll
0x00007fff65d80000 - 0x00007fff65ea6000 	C:\Windows\System32\RPCRT4.dll
0x00007fff635e0000 - 0x00007fff63607000 	C:\Windows\System32\bcrypt.dll
0x00007fff65bc0000 - 0x00007fff65d5e000 	C:\Windows\System32\USER32.dll
0x00007fff635b0000 - 0x00007fff635d2000 	C:\Windows\System32\win32u.dll
0x00007fff583c0000 - 0x00007fff5865a000 	C:\Windows\WinSxS\amd64_microsoft.windows.common-controls_6595b64144ccf1df_6.0.19041.3636_none_60b6a03d71f818d5\COMCTL32.dll
0x00007fff64570000 - 0x00007fff6459b000 	C:\Windows\System32\GDI32.dll
0x00007fff639f0000 - 0x00007fff63b07000 	C:\Windows\System32\gdi32full.dll
0x00007fff63610000 - 0x00007fff636ad000 	C:\Windows\System32\msvcp_win.dll
0x00007fff5df50000 - 0x00007fff5df5a000 	C:\Windows\SYSTEM32\VERSION.dll
0x00007fff65310000 - 0x00007fff65342000 	C:\Windows\System32\IMM32.DLL
0x00007fff42cc0000 - 0x00007fff42ccc000 	C:\Program Files\Java\jdk-17\bin\vcruntime140_1.dll
0x00007fff40f00000 - 0x00007fff40f8e000 	C:\Program Files\Java\jdk-17\bin\msvcp140.dll
0x00007fff03090000 - 0x00007fff03c71000 	C:\Program Files\Java\jdk-17\bin\server\jvm.dll
0x00007fff65480000 - 0x00007fff65488000 	C:\Windows\System32\PSAPI.DLL
0x00007fff59400000 - 0x00007fff59427000 	C:\Windows\SYSTEM32\WINMM.dll
0x00007fff49940000 - 0x00007fff49949000 	C:\Windows\SYSTEM32\WSOCK32.dll
0x00007fff642b0000 - 0x00007fff6431b000 	C:\Windows\System32\ws2_32.DLL
0x00007fff61480000 - 0x00007fff61492000 	C:\Windows\SYSTEM32\kernel.appcore.dll
0x00007fff42cb0000 - 0x00007fff42cba000 	C:\Program Files\Java\jdk-17\bin\jimage.dll
0x00007fff58ac0000 - 0x00007fff58ca4000 	C:\Windows\SYSTEM32\DBGHELP.DLL
0x00007fff4cca0000 - 0x00007fff4ccd4000 	C:\Windows\SYSTEM32\dbgcore.DLL
0x00007fff63960000 - 0x00007fff639e2000 	C:\Windows\System32\bcryptPrimitives.dll
0x00007fff55ff0000 - 0x00007fff55ffe000 	C:\Program Files\Java\jdk-17\bin\instrument.dll
0x00007fff42c80000 - 0x00007fff42ca5000 	C:\Program Files\Java\jdk-17\bin\java.dll
0x00007fff1da30000 - 0x00007fff1db07000 	C:\Program Files\Java\jdk-17\bin\jsvml.dll
0x00007fff64600000 - 0x00007fff64d45000 	C:\Windows\System32\SHELL32.dll
0x00007fff61680000 - 0x00007fff61e1c000 	C:\Windows\SYSTEM32\windows.storage.dll
0x00007fff65800000 - 0x00007fff65b54000 	C:\Windows\System32\combase.dll
0x00007fff62fe0000 - 0x00007fff6300e000 	C:\Windows\SYSTEM32\Wldp.dll
0x00007fff64400000 - 0x00007fff644cd000 	C:\Windows\System32\OLEAUT32.dll
0x00007fff640e0000 - 0x00007fff6418d000 	C:\Windows\System32\SHCORE.dll
0x00007fff645a0000 - 0x00007fff645f5000 	C:\Windows\System32\shlwapi.dll
0x00007fff634e0000 - 0x00007fff63505000 	C:\Windows\SYSTEM32\profapi.dll
0x00007fff38690000 - 0x00007fff386a8000 	C:\Program Files\Java\jdk-17\bin\zip.dll
0x00007fff40ee0000 - 0x00007fff40ef9000 	C:\Program Files\Java\jdk-17\bin\net.dll
0x00007fff5d680000 - 0x00007fff5d78a000 	C:\Windows\SYSTEM32\WINHTTP.dll
0x00007fff62d40000 - 0x00007fff62daa000 	C:\Windows\system32\mswsock.dll
0x00007fff40ec0000 - 0x00007fff40ed6000 	C:\Program Files\Java\jdk-17\bin\nio.dll
0x00007fff602c0000 - 0x00007fff602da000 	C:\Program Files\JetBrains\IntelliJ IDEA 2023.3.4\bin\breakgen64.dll

dbghelp: loaded successfully - version: 4.0.5 - missing functions: none
symbol engine: initialized successfully - sym options: 0x614 - pdb path: .;C:\Program Files\Java\jdk-17\bin;C:\Windows\SYSTEM32;C:\Windows\WinSxS\amd64_microsoft.windows.common-controls_6595b64144ccf1df_6.0.19041.3636_none_60b6a03d71f818d5;C:\Program Files\Java\jdk-17\bin\server;C:\Program Files\JetBrains\IntelliJ IDEA 2023.3.4\bin

VM Arguments:
jvm_args: -ea -Didea.test.cyclic.buffer.size=1048576 -javaagent:C:\Program Files\JetBrains\IntelliJ IDEA 2023.3.4\lib\idea_rt.jar=50234:C:\Program Files\JetBrains\IntelliJ IDEA 2023.3.4\bin -Dfile.encoding=UTF-8 
java_command: com.intellij.rt.junit.JUnitStarter -ideVersion5 -junit5 kr.co.ch07.repository.shop.ShopRepositoryTest
java_class_path (initial): C:\Users\java\.m2\repository\org\junit\platform\junit-platform-launcher\1.10.2\junit-platform-launcher-1.10.2.jar;C:\Users\java\.m2\repository\org\junit\platform\junit-platform-engine\1.10.2\junit-platform-engine-1.10.2.jar;C:\Users\java\.m2\repository\org\opentest4j\opentest4j\1.3.0\opentest4j-1.3.0.jar;C:\Users\java\.m2\repository\org\junit\platform\junit-platform-commons\1.10.2\junit-platform-commons-1.10.2.jar;C:\Users\java\.m2\repository\org\apiguardian\apiguardian-api\1.1.2\apiguardian-api-1.1.2.jar;C:\Program Files\JetBrains\IntelliJ IDEA 2023.3.4\lib\idea_rt.jar;C:\Program Files\JetBrains\IntelliJ IDEA 2023.3.4\plugins\junit\lib\junit5-rt.jar;C:\Program Files\JetBrains\IntelliJ IDEA 2023.3.4\plugins\junit\lib\junit-rt.jar;C:\Users\java\Desktop\Workspace\Spring\ch07\build\classes\java\test;C:\Users\java\Desktop\Workspace\Spring\ch07\build\classes\java\main;C:\Users\java\Desktop\Workspace\Spring\ch07\build\resources\main;C:\Users\java\.gradle\caches\modules-2\files-2.1\org.springframework.boot\spring-boot-starter-data-jpa\3.2.3\1fd0770b23c57627e5a37726fb4060f5bfa4da6f\spring-boot-starter-data-jpa-3.2.3.jar;C:\Users\java\.gradle\caches\modules-2\files-2.1\org.springframework.boot\spring-boot-starter-thymeleaf\3.2.3\dbb434ce42b99f0685963d0a5824cd8f3835a1ac\spring-boot-starter-thymeleaf-3.2.3.jar;C:\Users\java\.gradle\caches\modules-2\files-2.1\org.springframework.boot\spring-boot-starter-web\3.2.3\bf2b775d4f4e6349129c64de30939a5493779706\spring-boot-starter-web-3.2.3.jar;C:\Users\java\.gradle\caches\modules-2\files-2.1\org.projectlombok\lombok\1.18.30\f195ee86e6c896ea47a1d39defbe20eb59cd149d\lombok-1.18.30.jar;C:\Users\java\.gradle\caches\modules-2\files-2.1\org.springframework.boot\spring-boot-starter-test\3.2.3\edfce43fbd303d556f3951af65dfb6e335d8230e\spring-boot-starter-test-3.2.3.jar;C:\Users\java\.gradle\caches\modules-2\files-2.1\org.springframework.boot\spring-boot-starter-aop\3.2.3\db8d799efd6cacd3bd134d471c3f983cbc1a137\spri
Launcher Type: SUN_STANDARD

[Global flags]
     intx CICompilerCount                          = 12                                        {product} {ergonomic}
     uint ConcGCThreads                            = 4                                         {product} {ergonomic}
     uint G1ConcRefinementThreads                  = 15                                        {product} {ergonomic}
   size_t G1HeapRegionSize                         = 2097152                                   {product} {ergonomic}
    uintx GCDrainStackTargetSize                   = 64                                        {product} {ergonomic}
   size_t InitialHeapSize                          = 266338304                                 {product} {ergonomic}
   size_t MarkStackSize                            = 4194304                                   {product} {ergonomic}
   size_t MaxHeapSize                              = 4257218560                                {product} {ergonomic}
   size_t MaxNewSize                               = 2554331136                                {product} {ergonomic}
   size_t MinHeapDeltaBytes                        = 2097152                                   {product} {ergonomic}
   size_t MinHeapSize                              = 8388608                                   {product} {ergonomic}
    uintx NonNMethodCodeHeapSize                   = 7602480                                {pd product} {ergonomic}
    uintx NonProfiledCodeHeapSize                  = 122027880                              {pd product} {ergonomic}
    uintx ProfiledCodeHeapSize                     = 122027880                              {pd product} {ergonomic}
    uintx ReservedCodeCacheSize                    = 251658240                              {pd product} {ergonomic}
     bool SegmentedCodeCache                       = true                                      {product} {ergonomic}
   size_t SoftMaxHeapSize                          = 4257218560                             {manageable} {ergonomic}
     bool UseCompressedClassPointers               = true                           {product lp64_product} {ergonomic}
     bool UseCompressedOops                        = true                           {product lp64_product} {ergonomic}
     bool UseG1GC                                  = true                                      {product} {ergonomic}
     bool UseLargePagesIndividualAllocation        = false                                  {pd product} {ergonomic}

Logging:
Log output configuration:
 #0: stdout all=warning uptime,level,tags
 #1: stderr all=off uptime,level,tags

Environment Variables:
PATH=C:\WINDOWS.X64_193000_db_home\bin;C:\Program Files (x86)\VMware\VMware Player\bin\;C:\Program Files\Common Files\Oracle\Java\javapath;C:\Program Files (x86)\Common Files\Intel\Shared Libraries\redist\intel64\compiler;C:\Windows\system32;C:\Windows;C:\Windows\System32\Wbem;C:\Windows\System32\WindowsPowerShell\v1.0\;C:\Windows\System32\OpenSSH\;C:\Program Files (x86)\Common Files\Acronis\VirtualFile\;C:\Program Files (x86)\Common Files\Acronis\VirtualFile64\;C:\Program Files (x86)\Common Files\Acronis\SnapAPI\;C:\Program Files\Git\cmd;C:\Program Files\MySQL\MySQL Server 8.0\bin;C:\Program Files\Bandizip\;C:\Program Files\PuTTY\;C:\Program Files\MySQL\MySQL Shell 8.0\bin\;C:\Users\java\AppData\Local\Microsoft\WindowsApps;;C:\Users\java\AppData\Local\Programs\Microsoft VS Code\bin;C:\Program Files\JetBrains\IntelliJ IDEA 2023.3.4\bin;
USERNAME=java
OS=Windows_NT
PROCESSOR_IDENTIFIER=Intel64 Family 6 Model 151 Stepping 2, GenuineIntel



---------------  S Y S T E M  ---------------

OS:
 Windows 10 , 64 bit Build 19041 (10.0.19041.3636)
OS uptime: 0 days 9:07 hours

CPU: total 20 (initial active 20) (10 cores per cpu, 2 threads per core) family 6 model 151 stepping 2 microcode 0x2d, cx8, cmov, fxsr, ht, mmx, 3dnowpref, sse, sse2, sse3, ssse3, sse4.1, sse4.2, popcnt, lzcnt, tsc, tscinvbit, avx, avx2, aes, erms, clmul, bmi1, bmi2, adx, sha, fma, vzeroupper, clflush, clflushopt, clwb

Memory: 4k page, system-wide physical 16234M (1847M free)
TotalPageFile size 18282M (AvailPageFile size 4M)
current process WorkingSet (physical memory assigned to process): 40M, peak: 40M
current process commit charge ("private bytes"): 359M, peak: 359M

vm_info: Java HotSpot(TM) 64-Bit Server VM (17.0.9+11-LTS-201) for windows-amd64 JRE (17.0.9+11-LTS-201), built on Oct 10 2023 23:16:06 by "mach5one" with MS VC++ 17.1 (VS2022)

END.
