#
# There is insufficient memory for the Java Runtime Environment to continue.
# Native memory allocation (mmap) failed to map 102760448 bytes for G1 virtual space
# Possible reasons:
#   The system is out of physical RAM or swap space
#   The process is running with CompressedOops enabled, and the Java Heap may be blocking the growth of the native heap
# Possible solutions:
#   Reduce memory load on the system
#   Increase physical memory or swap space
#   Check if swap backing store is full
#   Decrease Java heap size (-Xmx/-Xms)
#   Decrease number of Java threads
#   Decrease Java thread stack sizes (-Xss)
#   Set larger code cache with -XX:ReservedCodeCacheSize=
#   JVM is running with Zero Based Compressed Oops mode in which the Java heap is
#     placed in the first 32GB address space. The Java Heap base address is the
#     maximum limit for the native heap growth. Please use -XX:HeapBaseMinAddress
#     to set the Java Heap base and to place the Java Heap above 32GB virtual address.
# This output file may be truncated or incomplete.
#
#  Out of Memory Error (os_windows.cpp:3552), pid=7008, tid=10976
#
# JRE version: Java(TM) SE Runtime Environment (17.0.9+11) (build 17.0.9+11-LTS-201)
# Java VM: Java HotSpot(TM) 64-Bit Server VM (17.0.9+11-LTS-201, mixed mode, sharing, tiered, compressed oops, compressed class ptrs, g1 gc, windows-amd64)
# No core dump will be written. Minidumps are not enabled by default on client versions of Windows
#

---------------  S U M M A R Y ------------

Command Line: -ea -Didea.test.cyclic.buffer.size=1048576 -javaagent:C:\Program Files\JetBrains\IntelliJ IDEA 2023.3.4\lib\idea_rt.jar=56878:C:\Program Files\JetBrains\IntelliJ IDEA 2023.3.4\bin -Dfile.encoding=UTF-8 com.intellij.rt.junit.JUnitStarter -ideVersion5 -junit5 kr.co.ch07.repository.User1RepositoryTest

Host: 12th Gen Intel(R) Core(TM) i7-12700F, 20 cores, 15G,  Windows 10 , 64 bit Build 19041 (10.0.19041.3636)
Time: Tue Mar 12 12:02:25 2024  Windows 10 , 64 bit Build 19041 (10.0.19041.3636) elapsed time: 1.583074 seconds (0d 0h 0m 1s)

---------------  T H R E A D  ---------------

Current thread (0x000002a9cf26d090):  VMThread "VM Thread" [stack: 0x000000fc44600000,0x000000fc44700000] [id=10976]

Stack: [0x000000fc44600000,0x000000fc44700000]
Native frames: (J=compiled Java code, j=interpreted, Vv=VM code, C=native code)
V  [jvm.dll+0x678a4a]
V  [jvm.dll+0x7d9cfd]
V  [jvm.dll+0x7db60e]
V  [jvm.dll+0x7dbc73]
V  [jvm.dll+0x245e1f]
V  [jvm.dll+0x6758f9]
V  [jvm.dll+0x66a2a2]
V  [jvm.dll+0x303686]
V  [jvm.dll+0x30ac06]
V  [jvm.dll+0x35a48e]
V  [jvm.dll+0x35a6bf]
V  [jvm.dll+0x2da678]
V  [jvm.dll+0x2d8a85]
V  [jvm.dll+0x2d808c]
V  [jvm.dll+0x31b97b]
V  [jvm.dll+0x7e048b]
V  [jvm.dll+0x7e11c4]
V  [jvm.dll+0x7e16dd]
V  [jvm.dll+0x7e1ab4]
V  [jvm.dll+0x7e1b80]
V  [jvm.dll+0x78998a]
V  [jvm.dll+0x677875]
C  [ucrtbase.dll+0x21bb2]
C  [KERNEL32.DLL+0x17344]
C  [ntdll.dll+0x526b1]

VM_Operation (0x000000fc440f9600): G1CollectForAllocation, mode: safepoint, requested by thread 0x000002a9ab670740


---------------  P R O C E S S  ---------------

Threads class SMR info:
_java_thread_list=0x000002aa17d8d5b0, length=21, elements={
0x000002a9ab670740, 0x000002a9cf3856c0, 0x000002a9cf386540, 0x000002a9cf39b4d0,
0x000002a9cf39eec0, 0x000002a9cf39f880, 0x000002a9cf3a0240, 0x000002a9cf3a1540,
0x000002a9cf3aa210, 0x000002a9cf3bba50, 0x000002a9cf4e7130, 0x000002a9cf4ed110,
0x000002a9cf4eb130, 0x000002a9cf4ed660, 0x000002a9cf4ebbd0, 0x000002a9cf5b15a0,
0x000002a9cf5cbe50, 0x000002a9cf4eb680, 0x000002a9cf4ecbc0, 0x000002aa15ebdde0,
0x000002aa16f8dd20
}

Java Threads: ( => current thread )
  0x000002a9ab670740 JavaThread "main" [_thread_blocked, id=1292, stack(0x000000fc44000000,0x000000fc44100000)]
  0x000002a9cf3856c0 JavaThread "Reference Handler" daemon [_thread_blocked, id=9060, stack(0x000000fc44700000,0x000000fc44800000)]
  0x000002a9cf386540 JavaThread "Finalizer" daemon [_thread_blocked, id=14144, stack(0x000000fc44800000,0x000000fc44900000)]
  0x000002a9cf39b4d0 JavaThread "Signal Dispatcher" daemon [_thread_blocked, id=10928, stack(0x000000fc44900000,0x000000fc44a00000)]
  0x000002a9cf39eec0 JavaThread "Attach Listener" daemon [_thread_blocked, id=9212, stack(0x000000fc44a00000,0x000000fc44b00000)]
  0x000002a9cf39f880 JavaThread "Service Thread" daemon [_thread_blocked, id=13168, stack(0x000000fc44b00000,0x000000fc44c00000)]
  0x000002a9cf3a0240 JavaThread "Monitor Deflation Thread" daemon [_thread_blocked, id=12504, stack(0x000000fc44c00000,0x000000fc44d00000)]
  0x000002a9cf3a1540 JavaThread "C2 CompilerThread0" daemon [_thread_blocked, id=9340, stack(0x000000fc44d00000,0x000000fc44e00000)]
  0x000002a9cf3aa210 JavaThread "C1 CompilerThread0" daemon [_thread_blocked, id=13952, stack(0x000000fc44e00000,0x000000fc44f00000)]
  0x000002a9cf3bba50 JavaThread "Sweeper thread" daemon [_thread_blocked, id=7532, stack(0x000000fc44f00000,0x000000fc45000000)]
  0x000002a9cf4e7130 JavaThread "Common-Cleaner" daemon [_thread_blocked, id=12476, stack(0x000000fc45000000,0x000000fc45100000)]
  0x000002a9cf4ed110 JavaThread "C1 CompilerThread1" daemon [_thread_blocked, id=9704, stack(0x000000fc45100000,0x000000fc45200000)]
  0x000002a9cf4eb130 JavaThread "C1 CompilerThread2" daemon [_thread_blocked, id=6564, stack(0x000000fc45200000,0x000000fc45300000)]
  0x000002a9cf4ed660 JavaThread "C1 CompilerThread3" daemon [_thread_blocked, id=8676, stack(0x000000fc45300000,0x000000fc45400000)]
  0x000002a9cf4ebbd0 JavaThread "C2 CompilerThread1" daemon [_thread_blocked, id=2884, stack(0x000000fc45400000,0x000000fc45500000)]
  0x000002a9cf5b15a0 JavaThread "Monitor Ctrl-Break" daemon [_thread_in_native, id=10396, stack(0x000000fc45500000,0x000000fc45600000)]
  0x000002a9cf5cbe50 JavaThread "Notification Thread" daemon [_thread_blocked, id=8412, stack(0x000000fc45600000,0x000000fc45700000)]
  0x000002a9cf4eb680 JavaThread "C2 CompilerThread2" daemon [_thread_blocked, id=2172, stack(0x000000fc45800000,0x000000fc45900000)]
  0x000002a9cf4ecbc0 JavaThread "C2 CompilerThread3" daemon [_thread_blocked, id=8184, stack(0x000000fc46100000,0x000000fc46200000)]
  0x000002aa15ebdde0 JavaThread "mysql-cj-abandoned-connection-cleanup" daemon [_thread_blocked, id=4188, stack(0x000000fc46000000,0x000000fc46100000)]
  0x000002aa16f8dd20 JavaThread "C2 CompilerThread4" daemon [_thread_blocked, id=12976, stack(0x000000fc46c00000,0x000000fc46d00000)]

Other Threads:
=>0x000002a9cf26d090 VMThread "VM Thread" [stack: 0x000000fc44600000,0x000000fc44700000] [id=10976]
  0x000002a9ab70a9d0 WatcherThread [stack: 0x000000fc45700000,0x000000fc45800000] [id=3784]
  0x000002a9ab6daab0 GCTaskThread "GC Thread#0" [stack: 0x000000fc44100000,0x000000fc44200000] [id=9952]
  0x000002a9cfc49ad0 GCTaskThread "GC Thread#1" [stack: 0x000000fc45900000,0x000000fc45a00000] [id=9356]
  0x000002a9cfc42b60 GCTaskThread "GC Thread#2" [stack: 0x000000fc45a00000,0x000000fc45b00000] [id=12136]
  0x000002a9cfc466d0 GCTaskThread "GC Thread#3" [stack: 0x000000fc45b00000,0x000000fc45c00000] [id=8532]
  0x000002a9cfc4a1f0 GCTaskThread "GC Thread#4" [stack: 0x000000fc45c00000,0x000000fc45d00000] [id=4816]
  0x000002aa15562dd0 GCTaskThread "GC Thread#5" [stack: 0x000000fc45d00000,0x000000fc45e00000] [id=12132]
  0x000002aa15ed4db0 GCTaskThread "GC Thread#6" [stack: 0x000000fc45e00000,0x000000fc45f00000] [id=6084]
  0x000002aa16303610 GCTaskThread "GC Thread#7" [stack: 0x000000fc45f00000,0x000000fc46000000] [id=2200]
  0x000002aa15a9d8c0 GCTaskThread "GC Thread#8" [stack: 0x000000fc46200000,0x000000fc46300000] [id=5632]
  0x000002aa1629a0c0 GCTaskThread "GC Thread#9" [stack: 0x000000fc46300000,0x000000fc46400000] [id=13740]
  0x000002aa16c72db0 GCTaskThread "GC Thread#10" [stack: 0x000000fc46400000,0x000000fc46500000] [id=9272]
  0x000002aa15d51c10 GCTaskThread "GC Thread#11" [stack: 0x000000fc46500000,0x000000fc46600000] [id=9808]
  0x000002aa15c97780 GCTaskThread "GC Thread#12" [stack: 0x000000fc46600000,0x000000fc46700000] [id=4556]
  0x000002aa15f15b00 GCTaskThread "GC Thread#13" [stack: 0x000000fc46700000,0x000000fc46800000] [id=3104]
  0x000002aa15e83460 GCTaskThread "GC Thread#14" [stack: 0x000000fc46800000,0x000000fc46900000] [id=8540]
  0x000002a9ab6ec7d0 ConcurrentGCThread "G1 Main Marker" [stack: 0x000000fc44200000,0x000000fc44300000] [id=3616]
  0x000002a9ab6ed1e0 ConcurrentGCThread "G1 Conc#0" [stack: 0x000000fc44300000,0x000000fc44400000] [id=13704]
  0x000002aa16c8e300 ConcurrentGCThread "G1 Conc#1" [stack: 0x000000fc46900000,0x000000fc46a00000] [id=12636]
  0x000002aa16c8eb40 ConcurrentGCThread "G1 Conc#2" [stack: 0x000000fc46a00000,0x000000fc46b00000] [id=3964]
  0x000002aa16c8e880 ConcurrentGCThread "G1 Conc#3" [stack: 0x000000fc46b00000,0x000000fc46c00000] [id=3108]
  0x000002a9ab72e850 ConcurrentGCThread "G1 Refine#0" [stack: 0x000000fc44400000,0x000000fc44500000] [id=756]
  0x000002a9cf12c5d0 ConcurrentGCThread "G1 Service" [stack: 0x000000fc44500000,0x000000fc44600000] [id=13380]

Threads with active compile tasks:
C2 CompilerThread1     1596 4139       4       java.net.URLStreamHandler::parseURL (1201 bytes)
C2 CompilerThread3     1596 4151       4       jdk.internal.org.objectweb.asm.MethodWriter::visitLabel (328 bytes)
C2 CompilerThread4     1596 4152       4       jdk.internal.org.objectweb.asm.SymbolTable::addConstantUtf8Reference (101 bytes)

VM state: at safepoint (normal execution)

VM Mutex/Monitor currently owned by a thread:  ([mutex/lock_event])
[0x000002a9ab66cd20] Threads_lock - owner thread: 0x000002a9cf26d090
[0x000002a9ab66c0c0] Heap_lock - owner thread: 0x000002a9ab670740

Heap address: 0x0000000702400000, size: 4060 MB, Compressed Oops mode: Zero based, Oop shift amount: 3

CDS archive(s) mapped at: [0x000002a9d0000000-0x000002a9d0bd0000-0x000002a9d0bd0000), size 12386304, SharedBaseAddress: 0x000002a9d0000000, ArchiveRelocationMode: 1.
Compressed class space mapped at: 0x000002a9d1000000-0x000002aa11000000, reserved size: 1073741824
Narrow klass base: 0x000002a9d0000000, Narrow klass shift: 0, Narrow klass range: 0x100000000

GC Precious Log:
 CPUs: 20 total, 20 available
 Memory: 16234M
 Large Page Support: Disabled
 NUMA Support: Disabled
 Compressed Oops: Enabled (Zero based)
 Heap Region Size: 2M
 Heap Min Capacity: 8M
 Heap Initial Capacity: 254M
 Heap Max Capacity: 4060M
 Pre-touch: Disabled
 Parallel Workers: 15
 Concurrent Workers: 4
 Concurrent Refinement Workers: 15
 Periodic GC: Disabled

Heap:
 garbage-first heap   total 61440K, used 17841K [0x0000000702400000, 0x0000000800000000)
  region size 2048K, 2 young (4096K), 2 survivors (4096K)
 Metaspace       used 33208K, committed 33664K, reserved 1114112K
  class space    used 4481K, committed 4672K, reserved 1048576K

Heap Regions: E=young(eden), S=young(survivor), O=old, HS=humongous(starts), HC=humongous(continues), CS=collection set, F=free, OA=open archive, CA=closed archive, TAMS=top-at-mark-start (previous, next)
|   0|0x0000000702400000, 0x0000000702600000, 0x0000000702600000|100%| O|  |TAMS 0x0000000702600000, 0x0000000702400000| Untracked 
|   1|0x0000000702600000, 0x0000000702800000, 0x0000000702800000|100%| O|  |TAMS 0x0000000702800000, 0x0000000702600000| Untracked 
|   2|0x0000000702800000, 0x0000000702a00000, 0x0000000702a00000|100%| O|  |TAMS 0x0000000702a00000, 0x0000000702800000| Untracked 
|   3|0x0000000702a00000, 0x0000000702a00000, 0x0000000702c00000|  0%| F|  |TAMS 0x0000000702a00000, 0x0000000702a00000| Untracked 
|   4|0x0000000702c00000, 0x0000000702e00000, 0x0000000702e00000|100%| O|  |TAMS 0x0000000702c00000, 0x0000000702c00000| Untracked 
|   5|0x0000000702e00000, 0x0000000702e00000, 0x0000000703000000|  0%| F|  |TAMS 0x0000000702e00000, 0x0000000702e00000| Untracked 
|   6|0x0000000703000000, 0x0000000703000000, 0x0000000703200000|  0%| F|  |TAMS 0x0000000703000000, 0x0000000703000000| Untracked 
|   7|0x0000000703200000, 0x0000000703200000, 0x0000000703400000|  0%| F|  |TAMS 0x0000000703200000, 0x0000000703200000| Untracked 
|   8|0x0000000703400000, 0x0000000703400000, 0x0000000703600000|  0%| F|  |TAMS 0x0000000703400000, 0x0000000703400000| Untracked 
|   9|0x0000000703600000, 0x0000000703600000, 0x0000000703800000|  0%| F|  |TAMS 0x0000000703600000, 0x0000000703600000| Untracked 
|  10|0x0000000703800000, 0x0000000703a00000, 0x0000000703a00000|100%| O|  |TAMS 0x0000000703800000, 0x0000000703800000| Untracked 
|  11|0x0000000703a00000, 0x0000000703c00000, 0x0000000703c00000|100%| O|  |TAMS 0x0000000703a00000, 0x0000000703a00000| Untracked 
|  12|0x0000000703c00000, 0x0000000703e00000, 0x0000000703e00000|100%| O|  |TAMS 0x0000000703c00000, 0x0000000703c00000| Untracked 
|  13|0x0000000703e00000, 0x0000000703e6cc00, 0x0000000704000000| 21%| O|  |TAMS 0x0000000703e00000, 0x0000000703e00000| Untracked 
|  14|0x0000000704000000, 0x0000000704000000, 0x0000000704200000|  0%| F|  |TAMS 0x0000000704000000, 0x0000000704000000| Untracked 
|  15|0x0000000704200000, 0x0000000704200000, 0x0000000704400000|  0%| F|  |TAMS 0x0000000704200000, 0x0000000704200000| Untracked 
|  16|0x0000000704400000, 0x0000000704400000, 0x0000000704600000|  0%| F|  |TAMS 0x0000000704400000, 0x0000000704400000| Untracked 
|  17|0x0000000704600000, 0x00000007046ff8c0, 0x0000000704800000| 49%| S|CS|TAMS 0x0000000704600000, 0x0000000704600000| Complete 
|  18|0x0000000704800000, 0x0000000704a00000, 0x0000000704a00000|100%| S|CS|TAMS 0x0000000704800000, 0x0000000704800000| Complete 
|  19|0x0000000704a00000, 0x0000000704a00000, 0x0000000704c00000|  0%| F|  |TAMS 0x0000000704a00000, 0x0000000704a00000| Untracked 
|  20|0x0000000704c00000, 0x0000000704c00000, 0x0000000704e00000|  0%| F|  |TAMS 0x0000000704c00000, 0x0000000704c00000| Untracked 
|  21|0x0000000704e00000, 0x0000000704e00000, 0x0000000705000000|  0%| F|  |TAMS 0x0000000704e00000, 0x0000000704e00000| Untracked 
|  22|0x0000000705000000, 0x0000000705000000, 0x0000000705200000|  0%| F|  |TAMS 0x0000000705000000, 0x0000000705000000| Untracked 
|  23|0x0000000705200000, 0x0000000705200000, 0x0000000705400000|  0%| F|  |TAMS 0x0000000705200000, 0x0000000705200000| Untracked 
|  24|0x0000000705400000, 0x0000000705400000, 0x0000000705600000|  0%| F|  |TAMS 0x0000000705400000, 0x0000000705400000| Untracked 
|  93|0x000000070de00000, 0x000000070de00000, 0x000000070e000000|  0%| F|  |TAMS 0x000000070de00000, 0x000000070de00000| Untracked 
|  94|0x000000070e000000, 0x000000070e000000, 0x000000070e200000|  0%| F|  |TAMS 0x000000070e000000, 0x000000070e000000| Untracked 
|  95|0x000000070e200000, 0x000000070e200000, 0x000000070e400000|  0%| F|  |TAMS 0x000000070e200000, 0x000000070e200000| Untracked 
|  96|0x000000070e400000, 0x000000070e400000, 0x000000070e600000|  0%| F|  |TAMS 0x000000070e400000, 0x000000070e400000| Untracked 
| 126|0x0000000712000000, 0x0000000712000000, 0x0000000712200000|  0%| F|  |TAMS 0x0000000712000000, 0x0000000712000000| Untracked 

Card table byte_map: [0x000002a9c3190000,0x000002a9c3980000] _byte_map_base: 0x000002a9bf97e000

Marking Bits (Prev, Next): (CMBitMap*) 0x000002a9ab6db110, (CMBitMap*) 0x000002a9ab6db0d0
 Prev Bits: [0x000002a9c80e0000, 0x000002a9cc050000)
 Next Bits: [0x000002a9c4170000, 0x000002a9c80e0000)

Polling page: 0x000002a9a9320000

Metaspace:

Usage:
  Non-class:     28.05 MB used.
      Class:      4.38 MB used.
       Both:     32.43 MB used.

Virtual space:
  Non-class space:       64.00 MB reserved,      28.31 MB ( 44%) committed,  1 nodes.
      Class space:        1.00 GB reserved,       4.56 MB ( <1%) committed,  1 nodes.
             Both:        1.06 GB reserved,      32.88 MB (  3%) committed. 

Chunk freelists:
   Non-Class:  3.61 MB
       Class:  11.34 MB
        Both:  14.95 MB

MaxMetaspaceSize: unlimited
CompressedClassSpaceSize: 1.00 GB
Initial GC threshold: 21.00 MB
Current GC threshold: 35.12 MB
CDS: on
MetaspaceReclaimPolicy: balanced
 - commit_granule_bytes: 65536.
 - commit_granule_words: 8192.
 - virtual_space_node_default_size: 8388608.
 - enlarge_chunks_in_place: 1.
 - new_chunks_are_fully_committed: 0.
 - uncommit_free_chunks: 1.
 - use_allocation_guard: 0.
 - handle_deallocations: 1.


Internal statistics:

num_allocs_failed_limit: 3.
num_arena_births: 478.
num_arena_deaths: 0.
num_vsnodes_births: 2.
num_vsnodes_deaths: 0.
num_space_committed: 526.
num_space_uncommitted: 0.
num_chunks_returned_to_freelist: 3.
num_chunks_taken_from_freelist: 1707.
num_chunk_merges: 3.
num_chunk_splits: 1185.
num_chunks_enlarged: 890.
num_inconsistent_stats: 0.

CodeHeap 'non-profiled nmethods': size=119168Kb used=2520Kb max_used=2520Kb free=116647Kb
 bounds [0x000002a9baaa0000, 0x000002a9bad20000, 0x000002a9c1f00000]
CodeHeap 'profiled nmethods': size=119104Kb used=9067Kb max_used=9067Kb free=110037Kb
 bounds [0x000002a9b2f00000, 0x000002a9b37e0000, 0x000002a9ba350000]
CodeHeap 'non-nmethods': size=7488Kb used=2904Kb max_used=2982Kb free=4583Kb
 bounds [0x000002a9ba350000, 0x000002a9ba650000, 0x000002a9baaa0000]
 total_blobs=4669 nmethods=4148 adapters=430
 compilation: enabled
              stopped_count=0, restarted_count=0
 full_count=0

Compilation events (20 events):
Event: 1.536 Thread 0x000002a9cf4eb130 4142       3       net.bytebuddy.matcher.ElementMatcher$Junction$AbstractBase::<init> (5 bytes)
Event: 1.536 Thread 0x000002a9cf4eb130 nmethod 4142 0x000002a9b37d9990 code [0x000002a9b37d9b20, 0x000002a9b37d9c78]
Event: 1.542 Thread 0x000002a9cf4ed110 4143       3       java.util.AbstractList$Itr::hasNext (20 bytes)
Event: 1.542 Thread 0x000002a9cf4ed110 nmethod 4143 0x000002a9b37d9d10 code [0x000002a9b37d9ec0, 0x000002a9b37da108]
Event: 1.544 Thread 0x000002a9cf4ecbc0 4144       4       java.util.ArrayDeque::addLast (51 bytes)
Event: 1.546 Thread 0x000002a9cf4ecbc0 nmethod 4144 0x000002a9bad14e90 code [0x000002a9bad15020, 0x000002a9bad15238]
Event: 1.547 Thread 0x000002aa16f8dd20 4145       4       java.lang.ref.Cleaner::register (25 bytes)
Event: 1.549 Thread 0x000002aa16f8dd20 nmethod 4145 0x000002a9bad15390 code [0x000002a9bad15520, 0x000002a9bad15748]
Event: 1.554 Thread 0x000002aa16f8dd20 4146       4       jdk.internal.misc.VM::isModuleSystemInited (13 bytes)
Event: 1.555 Thread 0x000002aa16f8dd20 nmethod 4146 0x000002a9bad15890 code [0x000002a9bad15a00, 0x000002a9bad15a78]
Event: 1.563 Thread 0x000002a9cf4eb680 4147       4       java.lang.ClassLoader::createOrGetClassLoaderValueMap (37 bytes)
Event: 1.563 Thread 0x000002a9cf4ed660 4148       3       java.lang.reflect.ProxyGenerator$$Lambda$121/0x000002a9d1068100::apply (8 bytes)
Event: 1.563 Thread 0x000002a9cf4eb130 4149       3       java.lang.reflect.ProxyGenerator::lambda$addProxyMethod$0 (9 bytes)
Event: 1.563 Thread 0x000002aa16f8dd20 4150       4       jdk.internal.org.objectweb.asm.Frame::getLocal (46 bytes)
Event: 1.563 Thread 0x000002a9cf4eb130 nmethod 4149 0x000002a9b37da210 code [0x000002a9b37da3c0, 0x000002a9b37da548]
Event: 1.563 Thread 0x000002a9cf4ed660 nmethod 4148 0x000002a9b37da610 code [0x000002a9b37da7c0, 0x000002a9b37daac8]
Event: 1.563 Thread 0x000002a9cf4ecbc0 4151       4       jdk.internal.org.objectweb.asm.MethodWriter::visitLabel (328 bytes)
Event: 1.564 Thread 0x000002aa16f8dd20 nmethod 4150 0x000002a9bad15b90 code [0x000002a9bad15d00, 0x000002a9bad15dd8]
Event: 1.564 Thread 0x000002aa16f8dd20 4152       4       jdk.internal.org.objectweb.asm.SymbolTable::addConstantUtf8Reference (101 bytes)
Event: 1.564 Thread 0x000002a9cf4eb680 nmethod 4147 0x000002a9bad15e90 code [0x000002a9bad16020, 0x000002a9bad16168]

GC Heap History (13 events):
Event: 0.234 GC heap before
{Heap before GC invocations=0 (full 0):
 garbage-first heap   total 260096K, used 20480K [0x0000000702400000, 0x0000000800000000)
  region size 2048K, 11 young (22528K), 0 survivors (0K)
 Metaspace       used 4320K, committed 4480K, reserved 1114112K
  class space    used 508K, committed 576K, reserved 1048576K
}
Event: 0.236 GC heap after
{Heap after GC invocations=1 (full 0):
 garbage-first heap   total 260096K, used 6598K [0x0000000702400000, 0x0000000800000000)
  region size 2048K, 2 young (4096K), 2 survivors (4096K)
 Metaspace       used 4320K, committed 4480K, reserved 1114112K
  class space    used 508K, committed 576K, reserved 1048576K
}
Event: 0.468 GC heap before
{Heap before GC invocations=1 (full 0):
 garbage-first heap   total 260096K, used 31174K [0x0000000702400000, 0x0000000800000000)
  region size 2048K, 14 young (28672K), 2 survivors (4096K)
 Metaspace       used 10243K, committed 10496K, reserved 1114112K
  class space    used 1286K, committed 1408K, reserved 1048576K
}
Event: 0.470 GC heap after
{Heap after GC invocations=2 (full 0):
 garbage-first heap   total 260096K, used 8654K [0x0000000702400000, 0x0000000800000000)
  region size 2048K, 2 young (4096K), 2 survivors (4096K)
 Metaspace       used 10243K, committed 10496K, reserved 1114112K
  class space    used 1286K, committed 1408K, reserved 1048576K
}
Event: 0.776 GC heap before
{Heap before GC invocations=2 (full 0):
 garbage-first heap   total 260096K, used 63950K [0x0000000702400000, 0x0000000800000000)
  region size 2048K, 30 young (61440K), 2 survivors (4096K)
 Metaspace       used 21208K, committed 21568K, reserved 1114112K
  class space    used 2728K, committed 2880K, reserved 1048576K
}
Event: 0.779 GC heap after
{Heap after GC invocations=3 (full 0):
 garbage-first heap   total 260096K, used 13190K [0x0000000702400000, 0x0000000800000000)
  region size 2048K, 4 young (8192K), 4 survivors (8192K)
 Metaspace       used 21208K, committed 21568K, reserved 1114112K
  class space    used 2728K, committed 2880K, reserved 1048576K
}
Event: 1.046 GC heap before
{Heap before GC invocations=4 (full 0):
 garbage-first heap   total 61440K, used 43910K [0x0000000702400000, 0x0000000800000000)
  region size 2048K, 20 young (40960K), 4 survivors (8192K)
 Metaspace       used 24506K, committed 24768K, reserved 1114112K
  class space    used 3173K, committed 3328K, reserved 1048576K
}
Event: 1.050 GC heap after
{Heap after GC invocations=5 (full 0):
 garbage-first heap   total 61440K, used 14996K [0x0000000702400000, 0x0000000800000000)
  region size 2048K, 5 young (10240K), 5 survivors (10240K)
 Metaspace       used 24506K, committed 24768K, reserved 1114112K
  class space    used 3173K, committed 3328K, reserved 1048576K
}
Event: 1.073 GC heap before
{Heap before GC invocations=5 (full 0):
 garbage-first heap   total 61440K, used 17044K [0x0000000702400000, 0x0000000800000000)
  region size 2048K, 6 young (12288K), 5 survivors (10240K)
 Metaspace       used 24725K, committed 25024K, reserved 1114112K
  class space    used 3203K, committed 3328K, reserved 1048576K
}
Event: 1.077 GC heap after
{Heap after GC invocations=6 (full 0):
 garbage-first heap   total 61440K, used 15938K [0x0000000702400000, 0x0000000800000000)
  region size 2048K, 1 young (2048K), 1 survivors (2048K)
 Metaspace       used 24725K, committed 25024K, reserved 1114112K
  class space    used 3203K, committed 3328K, reserved 1048576K
}
Event: 1.339 GC heap before
{Heap before GC invocations=6 (full 0):
 garbage-first heap   total 61440K, used 40514K [0x0000000702400000, 0x0000000800000000)
  region size 2048K, 13 young (26624K), 1 survivors (2048K)
 Metaspace       used 28605K, committed 28992K, reserved 1114112K
  class space    used 3743K, committed 3904K, reserved 1048576K
}
Event: 1.342 GC heap after
{Heap after GC invocations=7 (full 0):
 garbage-first heap   total 61440K, used 16723K [0x0000000702400000, 0x0000000800000000)
  region size 2048K, 2 young (4096K), 2 survivors (4096K)
 Metaspace       used 28605K, committed 28992K, reserved 1114112K
  class space    used 3743K, committed 3904K, reserved 1048576K
}
Event: 1.577 GC heap before
{Heap before GC invocations=7 (full 0):
 garbage-first heap   total 61440K, used 39251K [0x0000000702400000, 0x0000000800000000)
  region size 2048K, 13 young (26624K), 2 survivors (4096K)
 Metaspace       used 33208K, committed 33664K, reserved 1114112K
  class space    used 4481K, committed 4672K, reserved 1048576K
}

Deoptimization events (20 events):
Event: 1.389 Thread 0x000002a9ab670740 Uncommon trap: trap_request=0xffffffc6 fr.pc=0x000002a9bac44dd0 relative=0x00000000000004f0
Event: 1.389 Thread 0x000002a9ab670740 Uncommon trap: reason=bimorphic_or_optimized_type_check action=maybe_recompile pc=0x000002a9bac44dd0 method=java.util.HashMap.getNode(Ljava/lang/Object;)Ljava/util/HashMap$Node; @ 128 c2
Event: 1.389 Thread 0x000002a9ab670740 DEOPT PACKING pc=0x000002a9bac44dd0 sp=0x000000fc440faf70
Event: 1.390 Thread 0x000002a9ab670740 DEOPT UNPACKING pc=0x000002a9ba3a23a3 sp=0x000000fc440fae88 mode 2
Event: 1.398 Thread 0x000002a9ab670740 Uncommon trap: trap_request=0xffffffc6 fr.pc=0x000002a9bac44dd0 relative=0x00000000000004f0
Event: 1.398 Thread 0x000002a9ab670740 Uncommon trap: reason=bimorphic_or_optimized_type_check action=maybe_recompile pc=0x000002a9bac44dd0 method=java.util.HashMap.getNode(Ljava/lang/Object;)Ljava/util/HashMap$Node; @ 128 c2
Event: 1.398 Thread 0x000002a9ab670740 DEOPT PACKING pc=0x000002a9bac44dd0 sp=0x000000fc440fb3a0
Event: 1.398 Thread 0x000002a9ab670740 DEOPT UNPACKING pc=0x000002a9ba3a23a3 sp=0x000000fc440fb2b8 mode 2
Event: 1.405 Thread 0x000002a9ab670740 Uncommon trap: trap_request=0xffffff45 fr.pc=0x000002a9bac0a800 relative=0x00000000000000e0
Event: 1.405 Thread 0x000002a9ab670740 Uncommon trap: reason=unstable_if action=reinterpret pc=0x000002a9bac0a800 method=java.lang.ClassLoader.getClassLoadingLock(Ljava/lang/String;)Ljava/lang/Object; @ 6 c2
Event: 1.405 Thread 0x000002a9ab670740 DEOPT PACKING pc=0x000002a9bac0a800 sp=0x000000fc440fab10
Event: 1.405 Thread 0x000002a9ab670740 DEOPT UNPACKING pc=0x000002a9ba3a23a3 sp=0x000000fc440faab0 mode 2
Event: 1.493 Thread 0x000002a9ab670740 Uncommon trap: trap_request=0xffffff45 fr.pc=0x000002a9bab9a5fc relative=0x00000000000013dc
Event: 1.493 Thread 0x000002a9ab670740 Uncommon trap: reason=unstable_if action=reinterpret pc=0x000002a9bab9a5fc method=java.net.URL.<init>(Ljava/net/URL;Ljava/lang/String;Ljava/net/URLStreamHandler;)V @ 347 c2
Event: 1.493 Thread 0x000002a9ab670740 DEOPT PACKING pc=0x000002a9bab9a5fc sp=0x000000fc440fb660
Event: 1.493 Thread 0x000002a9ab670740 DEOPT UNPACKING pc=0x000002a9ba3a23a3 sp=0x000000fc440fb5e0 mode 2
Event: 1.495 Thread 0x000002a9ab670740 Uncommon trap: trap_request=0xffffff45 fr.pc=0x000002a9babb25d4 relative=0x0000000000001234
Event: 1.495 Thread 0x000002a9ab670740 Uncommon trap: reason=unstable_if action=reinterpret pc=0x000002a9babb25d4 method=java.util.zip.InflaterInputStream.read([BII)I @ 41 c2
Event: 1.495 Thread 0x000002a9ab670740 DEOPT PACKING pc=0x000002a9babb25d4 sp=0x000000fc440faf80
Event: 1.495 Thread 0x000002a9ab670740 DEOPT UNPACKING pc=0x000002a9ba3a23a3 sp=0x000000fc440fafd0 mode 2

Classes unloaded (0 events):
No events

Classes redefined (0 events):
No events

Internal exceptions (20 events):
Event: 1.112 Thread 0x000002a9ab670740 Exception <a 'java/lang/NoSuchMethodError'{0x000000070e3e2c30}: 'int java.lang.invoke.DirectMethodHandle$Holder.invokeSpecial(java.lang.Object, java.lang.Object, int)'> (0x000000070e3e2c30) 
thrown [s\open\src\hotspot\share\interpreter\linkResolver.cpp, line 759]
Event: 1.112 Thread 0x000002a9ab670740 Exception <a 'java/lang/NoSuchMethodError'{0x000000070e3ead20}: 'int java.lang.invoke.Invokers$Holder.linkToTargetMethod(java.lang.Object, java.lang.Object)'> (0x000000070e3ead20) 
thrown [s\open\src\hotspot\share\interpreter\linkResolver.cpp, line 759]
Event: 1.117 Thread 0x000002a9ab670740 Exception <a 'java/lang/NoSuchMethodError'{0x000000070e08bea8}: 'java.lang.Object java.lang.invoke.DirectMethodHandle$Holder.invokeSpecial(java.lang.Object, java.lang.Object, java.lang.Object, java.lang.Object, java.lang.Object, java.lang.Object, java.lang.Object, java.lang.Object, java.lang.Object, java.lang.Object)'> (0x000000070e08bea8) 
thrown [s\open\src\hotspot\share\interpreter\linkResolver.cpp, line 759]
Event: 1.118 Thread 0x000002a9ab670740 Exception <a 'java/lang/NoSuchMethodError'{0x000000070e090c88}: 'java.lang.Object java.lang.invoke.Invokers$Holder.invoke_MT(java.lang.Object, java.lang.Object, java.lang.Object, java.lang.Object, java.lang.Object, java.lang.Object, java.lang.Object, java.lang.Object, java.lang.Object, java.lang.Object)'> (0x000000070e090c88) 
thrown [s\open\src\hotspot\share\interpreter\linkResolver.cpp, line 759]
Event: 1.120 Thread 0x000002a9ab670740 Exception <a 'java/lang/NoSuchMethodError'{0x000000070e0d1f70}: 'java.lang.Object java.lang.invoke.DirectMethodHandle$Holder.invokeSpecial(java.lang.Object, java.lang.Object, int, java.lang.Object, java.lang.Object)'> (0x000000070e0d1f70) 
thrown [s\open\src\hotspot\share\interpreter\linkResolver.cpp, line 759]
Event: 1.120 Thread 0x000002a9ab670740 Exception <a 'java/lang/NoSuchMethodError'{0x000000070e0d6168}: 'java.lang.Object java.lang.invoke.DelegatingMethodHandle$Holder.delegate(java.lang.Object, int, java.lang.Object, java.lang.Object)'> (0x000000070e0d6168) 
thrown [s\open\src\hotspot\share\interpreter\linkResolver.cpp, line 759]
Event: 1.121 Thread 0x000002a9ab670740 Exception <a 'java/lang/NoSuchMethodError'{0x000000070e0e77e8}: 'int java.lang.invoke.Invokers$Holder.linkToTargetMethod(java.lang.Object, java.lang.Object, java.lang.Object)'> (0x000000070e0e77e8) 
thrown [s\open\src\hotspot\share\interpreter\linkResolver.cpp, line 759]
Event: 1.134 Thread 0x000002a9ab670740 Exception <a 'java/lang/NoClassDefFoundError'{0x000000070de3c518}: org/flywaydb/core/Flyway> (0x000000070de3c518) 
thrown [s\open\src\hotspot\share\classfile\systemDictionary.cpp, line 245]
Event: 1.135 Thread 0x000002a9ab670740 Exception <a 'java/lang/NoClassDefFoundError'{0x000000070de3f588}: liquibase/integration/spring/SpringLiquibase> (0x000000070de3f588) 
thrown [s\open\src\hotspot\share\classfile\systemDictionary.cpp, line 245]
Event: 1.137 Thread 0x000002a9ab670740 Exception <a 'java/lang/NoClassDefFoundError'{0x000000070de83170}: org/springframework/batch/core/repository/JobRepository> (0x000000070de83170) 
thrown [s\open\src\hotspot\share\classfile\systemDictionary.cpp, line 245]
Event: 1.137 Thread 0x000002a9ab670740 Exception <a 'java/lang/NoClassDefFoundError'{0x000000070de85de0}: org/quartz/Scheduler> (0x000000070de85de0) 
thrown [s\open\src\hotspot\share\classfile\systemDictionary.cpp, line 245]
Event: 1.137 Thread 0x000002a9ab670740 Exception <a 'java/lang/NoClassDefFoundError'{0x000000070de890a0}: org/springframework/session/jdbc/JdbcIndexedSessionRepository> (0x000000070de890a0) 
thrown [s\open\src\hotspot\share\classfile\systemDictionary.cpp, line 245]
Event: 1.147 Thread 0x000002a9ab670740 Exception <a 'java/lang/NoClassDefFoundError'{0x0000000705443758}: org/jooq/DSLContext> (0x0000000705443758) 
thrown [s\open\src\hotspot\share\classfile\systemDictionary.cpp, line 245]
Event: 1.199 Thread 0x000002a9ab670740 Exception <a 'java/lang/NoSuchMethodError'{0x0000000705151828}: 'java.lang.Object java.lang.invoke.DirectMethodHandle$Holder.invokeSpecialIFC(java.lang.Object, java.lang.Object, java.lang.Object)'> (0x0000000705151828) 
thrown [s\open\src\hotspot\share\interpreter\linkResolver.cpp, line 759]
Event: 1.211 Thread 0x000002a9ab670740 Implicit null exception at 0x000002a9bac7ad6c to 0x000002a9bac7b764
Event: 1.271 Thread 0x000002a9ab670740 Implicit null exception at 0x000002a9bac470eb to 0x000002a9bac47418
Event: 1.274 Thread 0x000002a9ab670740 Exception <a 'sun/nio/fs/WindowsException'{0x000000070483eb68}> (0x000000070483eb68) 
thrown [s\open\src\hotspot\share\prims\jni.cpp, line 516]
Event: 1.275 Thread 0x000002a9ab670740 Exception <a 'sun/nio/fs/WindowsException'{0x00000007048447f0}> (0x00000007048447f0) 
thrown [s\open\src\hotspot\share\prims\jni.cpp, line 516]
Event: 1.425 Thread 0x000002a9ab670740 Exception <a 'java/lang/NoSuchMethodError'{0x000000070e1c01e8}: 'java.lang.Object java.lang.invoke.DirectMethodHandle$Holder.invokeStaticInit(java.lang.Object, int, int, int, int)'> (0x000000070e1c01e8) 
thrown [s\open\src\hotspot\share\interpreter\linkResolver.cpp, line 759]
Event: 1.445 Thread 0x000002a9ab670740 Exception <a 'java/lang/NoSuchMethodError'{0x000000070de62990}: 'java.lang.Object java.lang.invoke.DirectMethodHandle$Holder.invokeStaticInit(java.lang.Object, java.lang.Object, int, int, int, int)'> (0x000000070de62990) 
thrown [s\open\src\hotspot\share\interpreter\linkResolver.cpp, line 759]

VM Operations (20 events):
Event: 1.002 Executing VM operation: HandshakeAllThreads done
Event: 1.003 Executing VM operation: HandshakeAllThreads
Event: 1.003 Executing VM operation: HandshakeAllThreads done
Event: 1.029 Executing VM operation: HandshakeAllThreads
Event: 1.029 Executing VM operation: HandshakeAllThreads done
Event: 1.046 Executing VM operation: G1CollectForAllocation
Event: 1.050 Executing VM operation: G1CollectForAllocation done
Event: 1.073 Executing VM operation: G1CollectForAllocation
Event: 1.077 Executing VM operation: G1CollectForAllocation done
Event: 1.113 Executing VM operation: HandshakeAllThreads
Event: 1.113 Executing VM operation: HandshakeAllThreads done
Event: 1.168 Executing VM operation: ICBufferFull
Event: 1.168 Executing VM operation: ICBufferFull done
Event: 1.225 Executing VM operation: HandshakeAllThreads
Event: 1.225 Executing VM operation: HandshakeAllThreads done
Event: 1.272 Executing VM operation: ICBufferFull
Event: 1.272 Executing VM operation: ICBufferFull done
Event: 1.339 Executing VM operation: G1CollectForAllocation
Event: 1.342 Executing VM operation: G1CollectForAllocation done
Event: 1.576 Executing VM operation: G1CollectForAllocation

Events (20 events):
Event: 1.446 loading class sun/security/provider/SHA2$SHA256 done
Event: 1.489 loading class javax/xml/stream/XMLStreamException
Event: 1.489 loading class javax/xml/stream/XMLStreamException done
Event: 1.489 loading class javax/xml/stream/XMLResolver
Event: 1.489 loading class javax/xml/stream/XMLResolver done
Event: 1.489 loading class javax/xml/stream/XMLEventReader
Event: 1.489 loading class javax/xml/stream/XMLEventReader done
Event: 1.491 loading class javax/xml/stream/XMLEventFactory
Event: 1.491 loading class javax/xml/stream/XMLEventFactory done
Event: 1.491 loading class javax/xml/stream/FactoryFinder
Event: 1.491 loading class javax/xml/stream/FactoryFinder done
Event: 1.492 loading class javax/xml/stream/FactoryFinder$1
Event: 1.492 loading class javax/xml/stream/FactoryFinder$1 done
Event: 1.492 loading class com/sun/xml/internal/stream/events/XMLEventFactoryImpl
Event: 1.492 loading class com/sun/xml/internal/stream/events/XMLEventFactoryImpl done
Event: 1.500 Loaded shared library C:\Program Files\Java\jdk-17\bin\verify.dll
Event: 1.504 loading class java/lang/Process
Event: 1.504 loading class java/lang/Process done
Event: 1.510 loading class java/lang/reflect/GenericSignatureFormatError
Event: 1.510 loading class java/lang/reflect/GenericSignatureFormatError done


Dynamic libraries:
0x00007ff644590000 - 0x00007ff6445a0000 	C:\Program Files\Java\jdk-17\bin\java.exe
0x00007fff65ef0000 - 0x00007fff660e8000 	C:\Windows\SYSTEM32\ntdll.dll
0x00007fff64d50000 - 0x00007fff64e0d000 	C:\Windows\System32\KERNEL32.DLL
0x00007fff63c30000 - 0x00007fff63f26000 	C:\Windows\System32\KERNELBASE.dll
0x00007fff63810000 - 0x00007fff63910000 	C:\Windows\System32\ucrtbase.dll
0x00007fff430a0000 - 0x00007fff430b9000 	C:\Program Files\Java\jdk-17\bin\jli.dll
0x00007fff43080000 - 0x00007fff4309b000 	C:\Program Files\Java\jdk-17\bin\VCRUNTIME140.dll
0x00007fff656a0000 - 0x00007fff65753000 	C:\Windows\System32\ADVAPI32.dll
0x00007fff65760000 - 0x00007fff657fe000 	C:\Windows\System32\msvcrt.dll
0x00007fff644d0000 - 0x00007fff6456f000 	C:\Windows\System32\sechost.dll
0x00007fff65d80000 - 0x00007fff65ea6000 	C:\Windows\System32\RPCRT4.dll
0x00007fff635e0000 - 0x00007fff63607000 	C:\Windows\System32\bcrypt.dll
0x00007fff65bc0000 - 0x00007fff65d5e000 	C:\Windows\System32\USER32.dll
0x00007fff583c0000 - 0x00007fff5865a000 	C:\Windows\WinSxS\amd64_microsoft.windows.common-controls_6595b64144ccf1df_6.0.19041.3636_none_60b6a03d71f818d5\COMCTL32.dll
0x00007fff635b0000 - 0x00007fff635d2000 	C:\Windows\System32\win32u.dll
0x00007fff64570000 - 0x00007fff6459b000 	C:\Windows\System32\GDI32.dll
0x00007fff639f0000 - 0x00007fff63b07000 	C:\Windows\System32\gdi32full.dll
0x00007fff63610000 - 0x00007fff636ad000 	C:\Windows\System32\msvcp_win.dll
0x00007fff5df50000 - 0x00007fff5df5a000 	C:\Windows\SYSTEM32\VERSION.dll
0x00007fff65310000 - 0x00007fff65342000 	C:\Windows\System32\IMM32.DLL
0x00007fff42cc0000 - 0x00007fff42ccc000 	C:\Program Files\Java\jdk-17\bin\vcruntime140_1.dll
0x00007fff40f00000 - 0x00007fff40f8e000 	C:\Program Files\Java\jdk-17\bin\msvcp140.dll
0x00007fff03090000 - 0x00007fff03c71000 	C:\Program Files\Java\jdk-17\bin\server\jvm.dll
0x00007fff65480000 - 0x00007fff65488000 	C:\Windows\System32\PSAPI.DLL
0x00007fff49940000 - 0x00007fff49949000 	C:\Windows\SYSTEM32\WSOCK32.dll
0x00007fff59400000 - 0x00007fff59427000 	C:\Windows\SYSTEM32\WINMM.dll
0x00007fff642b0000 - 0x00007fff6431b000 	C:\Windows\System32\WS2_32.dll
0x00007fff61480000 - 0x00007fff61492000 	C:\Windows\SYSTEM32\kernel.appcore.dll
0x00007fff42cb0000 - 0x00007fff42cba000 	C:\Program Files\Java\jdk-17\bin\jimage.dll
0x00007fff58ac0000 - 0x00007fff58ca4000 	C:\Windows\SYSTEM32\DBGHELP.DLL
0x00007fff4cca0000 - 0x00007fff4ccd4000 	C:\Windows\SYSTEM32\dbgcore.DLL
0x00007fff63960000 - 0x00007fff639e2000 	C:\Windows\System32\bcryptPrimitives.dll
0x00007fff5e920000 - 0x00007fff5e92e000 	C:\Program Files\Java\jdk-17\bin\instrument.dll
0x00007fff42c80000 - 0x00007fff42ca5000 	C:\Program Files\Java\jdk-17\bin\java.dll
0x00007fff1da30000 - 0x00007fff1db07000 	C:\Program Files\Java\jdk-17\bin\jsvml.dll
0x00007fff64600000 - 0x00007fff64d45000 	C:\Windows\System32\SHELL32.dll
0x00007fff61680000 - 0x00007fff61e1c000 	C:\Windows\SYSTEM32\windows.storage.dll
0x00007fff65800000 - 0x00007fff65b54000 	C:\Windows\System32\combase.dll
0x00007fff62fe0000 - 0x00007fff6300e000 	C:\Windows\SYSTEM32\Wldp.dll
0x00007fff64400000 - 0x00007fff644cd000 	C:\Windows\System32\OLEAUT32.dll
0x00007fff640e0000 - 0x00007fff6418d000 	C:\Windows\System32\SHCORE.dll
0x00007fff645a0000 - 0x00007fff645f5000 	C:\Windows\System32\shlwapi.dll
0x00007fff634e0000 - 0x00007fff63505000 	C:\Windows\SYSTEM32\profapi.dll
0x00007fff38690000 - 0x00007fff386a8000 	C:\Program Files\Java\jdk-17\bin\zip.dll
0x00007fff40ee0000 - 0x00007fff40ef9000 	C:\Program Files\Java\jdk-17\bin\net.dll
0x00007fff5d680000 - 0x00007fff5d78a000 	C:\Windows\SYSTEM32\WINHTTP.dll
0x00007fff62d40000 - 0x00007fff62daa000 	C:\Windows\system32\mswsock.dll
0x00007fff40ec0000 - 0x00007fff40ed6000 	C:\Program Files\Java\jdk-17\bin\nio.dll
0x00007fff60310000 - 0x00007fff6032a000 	C:\Program Files\JetBrains\IntelliJ IDEA 2023.3.4\bin\breakgen64.dll
0x00007fff60db0000 - 0x00007fff60dbe000 	C:\Program Files\Java\jdk-17\bin\sunmscapi.dll
0x00007fff636b0000 - 0x00007fff6380d000 	C:\Windows\System32\CRYPT32.dll
0x00007fff63050000 - 0x00007fff63078000 	C:\Windows\SYSTEM32\ncrypt.dll
0x00007fff63010000 - 0x00007fff6304b000 	C:\Windows\SYSTEM32\NTASN1.dll
0x00007fff62f40000 - 0x00007fff62f58000 	C:\Windows\SYSTEM32\CRYPTSP.dll
0x00007fff62600000 - 0x00007fff62634000 	C:\Windows\system32\rsaenh.dll
0x00007fff63460000 - 0x00007fff6348e000 	C:\Windows\SYSTEM32\USERENV.dll
0x00007fff62f30000 - 0x00007fff62f3c000 	C:\Windows\SYSTEM32\CRYPTBASE.dll
0x00007fff629e0000 - 0x00007fff62a1b000 	C:\Windows\SYSTEM32\IPHLPAPI.DLL
0x00007fff65550000 - 0x00007fff65558000 	C:\Windows\System32\NSI.dll
0x00007fff5e260000 - 0x00007fff5e277000 	C:\Windows\SYSTEM32\dhcpcsvc6.DLL
0x00007fff5e240000 - 0x00007fff5e25d000 	C:\Windows\SYSTEM32\dhcpcsvc.DLL
0x00007fff62a30000 - 0x00007fff62afb000 	C:\Windows\SYSTEM32\DNSAPI.dll
0x00007fff40eb0000 - 0x00007fff40ec0000 	C:\Program Files\Java\jdk-17\bin\verify.dll

dbghelp: loaded successfully - version: 4.0.5 - missing functions: none
symbol engine: initialized successfully - sym options: 0x614 - pdb path: .;C:\Program Files\Java\jdk-17\bin;C:\Windows\SYSTEM32;C:\Windows\WinSxS\amd64_microsoft.windows.common-controls_6595b64144ccf1df_6.0.19041.3636_none_60b6a03d71f818d5;C:\Program Files\Java\jdk-17\bin\server;C:\Program Files\JetBrains\IntelliJ IDEA 2023.3.4\bin

VM Arguments:
jvm_args: -ea -Didea.test.cyclic.buffer.size=1048576 -javaagent:C:\Program Files\JetBrains\IntelliJ IDEA 2023.3.4\lib\idea_rt.jar=56878:C:\Program Files\JetBrains\IntelliJ IDEA 2023.3.4\bin -Dfile.encoding=UTF-8 
java_command: com.intellij.rt.junit.JUnitStarter -ideVersion5 -junit5 kr.co.ch07.repository.User1RepositoryTest
java_class_path (initial): C:\Users\java\.m2\repository\org\junit\platform\junit-platform-launcher\1.10.2\junit-platform-launcher-1.10.2.jar;C:\Users\java\.m2\repository\org\junit\platform\junit-platform-engine\1.10.2\junit-platform-engine-1.10.2.jar;C:\Users\java\.m2\repository\org\opentest4j\opentest4j\1.3.0\opentest4j-1.3.0.jar;C:\Users\java\.m2\repository\org\junit\platform\junit-platform-commons\1.10.2\junit-platform-commons-1.10.2.jar;C:\Users\java\.m2\repository\org\apiguardian\apiguardian-api\1.1.2\apiguardian-api-1.1.2.jar;C:\Program Files\JetBrains\IntelliJ IDEA 2023.3.4\lib\idea_rt.jar;C:\Program Files\JetBrains\IntelliJ IDEA 2023.3.4\plugins\junit\lib\junit5-rt.jar;C:\Program Files\JetBrains\IntelliJ IDEA 2023.3.4\plugins\junit\lib\junit-rt.jar;C:\Users\java\Desktop\Workspace\Spring\ch07\build\classes\java\test;C:\Users\java\Desktop\Workspace\Spring\ch07\build\classes\java\main;C:\Users\java\Desktop\Workspace\Spring\ch07\build\resources\main;C:\Users\java\.gradle\caches\modules-2\files-2.1\org.springframework.boot\spring-boot-starter-data-jpa\3.2.3\1fd0770b23c57627e5a37726fb4060f5bfa4da6f\spring-boot-starter-data-jpa-3.2.3.jar;C:\Users\java\.gradle\caches\modules-2\files-2.1\org.springframework.boot\spring-boot-starter-thymeleaf\3.2.3\dbb434ce42b99f0685963d0a5824cd8f3835a1ac\spring-boot-starter-thymeleaf-3.2.3.jar;C:\Users\java\.gradle\caches\modules-2\files-2.1\org.springframework.boot\spring-boot-starter-web\3.2.3\bf2b775d4f4e6349129c64de30939a5493779706\spring-boot-starter-web-3.2.3.jar;C:\Users\java\.gradle\caches\modules-2\files-2.1\org.projectlombok\lombok\1.18.30\f195ee86e6c896ea47a1d39defbe20eb59cd149d\lombok-1.18.30.jar;C:\Users\java\.gradle\caches\modules-2\files-2.1\org.springframework.boot\spring-boot-starter-test\3.2.3\edfce43fbd303d556f3951af65dfb6e335d8230e\spring-boot-starter-test-3.2.3.jar;C:\Users\java\.gradle\caches\modules-2\files-2.1\org.springframework.boot\spring-boot-starter-aop\3.2.3\db8d799efd6cacd3bd134d471c3f983cbc1a137\spri
Launcher Type: SUN_STANDARD

[Global flags]
     intx CICompilerCount                          = 12                                        {product} {ergonomic}
     uint ConcGCThreads                            = 4                                         {product} {ergonomic}
     uint G1ConcRefinementThreads                  = 15                                        {product} {ergonomic}
   size_t G1HeapRegionSize                         = 2097152                                   {product} {ergonomic}
    uintx GCDrainStackTargetSize                   = 64                                        {product} {ergonomic}
   size_t InitialHeapSize                          = 266338304                                 {product} {ergonomic}
   size_t MarkStackSize                            = 4194304                                   {product} {ergonomic}
   size_t MaxHeapSize                              = 4257218560                                {product} {ergonomic}
   size_t MaxNewSize                               = 2554331136                                {product} {ergonomic}
   size_t MinHeapDeltaBytes                        = 2097152                                   {product} {ergonomic}
   size_t MinHeapSize                              = 8388608                                   {product} {ergonomic}
    uintx NonNMethodCodeHeapSize                   = 7602480                                {pd product} {ergonomic}
    uintx NonProfiledCodeHeapSize                  = 122027880                              {pd product} {ergonomic}
    uintx ProfiledCodeHeapSize                     = 122027880                              {pd product} {ergonomic}
    uintx ReservedCodeCacheSize                    = 251658240                              {pd product} {ergonomic}
     bool SegmentedCodeCache                       = true                                      {product} {ergonomic}
   size_t SoftMaxHeapSize                          = 4257218560                             {manageable} {ergonomic}
     bool UseCompressedClassPointers               = true                           {product lp64_product} {ergonomic}
     bool UseCompressedOops                        = true                           {product lp64_product} {ergonomic}
     bool UseG1GC                                  = true                                      {product} {ergonomic}
     bool UseLargePagesIndividualAllocation        = false                                  {pd product} {ergonomic}

Logging:
Log output configuration:
 #0: stdout all=warning uptime,level,tags
 #1: stderr all=off uptime,level,tags

Environment Variables:
PATH=C:\WINDOWS.X64_193000_db_home\bin;C:\Program Files (x86)\VMware\VMware Player\bin\;C:\Program Files\Common Files\Oracle\Java\javapath;C:\Program Files (x86)\Common Files\Intel\Shared Libraries\redist\intel64\compiler;C:\Windows\system32;C:\Windows;C:\Windows\System32\Wbem;C:\Windows\System32\WindowsPowerShell\v1.0\;C:\Windows\System32\OpenSSH\;C:\Program Files (x86)\Common Files\Acronis\VirtualFile\;C:\Program Files (x86)\Common Files\Acronis\VirtualFile64\;C:\Program Files (x86)\Common Files\Acronis\SnapAPI\;C:\Program Files\Git\cmd;C:\Program Files\MySQL\MySQL Server 8.0\bin;C:\Program Files\Bandizip\;C:\Program Files\PuTTY\;C:\Program Files\MySQL\MySQL Shell 8.0\bin\;C:\Users\java\AppData\Local\Microsoft\WindowsApps;;C:\Users\java\AppData\Local\Programs\Microsoft VS Code\bin;C:\Program Files\JetBrains\IntelliJ IDEA 2023.3.4\bin;
USERNAME=java
OS=Windows_NT
PROCESSOR_IDENTIFIER=Intel64 Family 6 Model 151 Stepping 2, GenuineIntel



---------------  S Y S T E M  ---------------

OS:
 Windows 10 , 64 bit Build 19041 (10.0.19041.3636)
OS uptime: 0 days 3:44 hours

CPU: total 20 (initial active 20) (10 cores per cpu, 2 threads per core) family 6 model 151 stepping 2 microcode 0x2d, cx8, cmov, fxsr, ht, mmx, 3dnowpref, sse, sse2, sse3, ssse3, sse4.1, sse4.2, popcnt, lzcnt, tsc, tscinvbit, avx, avx2, aes, erms, clmul, bmi1, bmi2, adx, sha, fma, vzeroupper, clflush, clflushopt, clwb

Memory: 4k page, system-wide physical 16234M (1110M free)
TotalPageFile size 18282M (AvailPageFile size 86M)
current process WorkingSet (physical memory assigned to process): 260M, peak: 275M
current process commit charge ("private bytes"): 320M, peak: 421M

vm_info: Java HotSpot(TM) 64-Bit Server VM (17.0.9+11-LTS-201) for windows-amd64 JRE (17.0.9+11-LTS-201), built on Oct 10 2023 23:16:06 by "mach5one" with MS VC++ 17.1 (VS2022)

END.
